 ******* Program HYDRUS
 ******* 
 Welcome to HYDRUS-1D                                                    
 Date:   3. 5.    Time:  12:37: 6
 Units: L = cm   , T = days , M = mg   

----------------------------------------------------------
 Time       [T]        0.0000
----------------------------------------------------------
 Sub-region num.                     1
----------------------------------------------------------
 Area     [L]        0.12000E+02  0.12000E+02
 W-volume [L]        0.42000E+01  0.42000E+01
 In-flow  [L/T]      0.00000E+00  0.00000E+00
 h Mean   [L]        0.00000E+00  0.00000E+00
 ConcVol  [M/L2] 1   0.34654E-01  0.34654E-01
 cMean    [M/L3] 1   0.10000E-03  0.10000E-03
 Top Flux [L/T]     -0.30000E+02
 Bot Flux [L/T]     -0.30000E+02
----------------------------------------------------------

----------------------------------------------------------
 Time       [T]       10.0000
----------------------------------------------------------
 Sub-region num.                     1
----------------------------------------------------------
 Area     [L]        0.12000E+02  0.12000E+02
 W-volume [L]        0.42000E+01  0.42000E+01
 In-flow  [L/T]      0.00000E+00  0.00000E+00
 h Mean   [L]        0.00000E+00  0.00000E+00
 ConcVol  [M/L2] 1   0.63125E-02  0.63125E-02
 cMean    [M/L3] 1   0.13927E-04  0.13927E-04
 Top Flux [L/T]     -0.30000E+02
 Bot Flux [L/T]     -0.30000E+02
 WatBalT  [L]        0.00000E+00
 WatBalR  [%]              0.000
 CncBalT  [M]    1  -0.13957E-03
 CncBalR  [%]    1         0.492
----------------------------------------------------------

----------------------------------------------------------
 Time       [T]       20.0000
----------------------------------------------------------
 Sub-region num.                     1
----------------------------------------------------------
 Area     [L]        0.12000E+02  0.12000E+02
 W-volume [L]        0.42000E+01  0.42000E+01
 In-flow  [L/T]      0.00000E+00  0.00000E+00
 h Mean   [L]        0.00000E+00  0.00000E+00
 ConcVol  [M/L2] 1   0.69711E-03  0.69711E-03
 cMean    [M/L3] 1   0.90712E-06  0.90712E-06
 Top Flux [L/T]     -0.30000E+02
 Bot Flux [L/T]     -0.30000E+02
 WatBalT  [L]        0.00000E+00
 WatBalR  [%]              0.000
 CncBalT  [M]    1  -0.23441E-03
 CncBalR  [%]    1         0.690
----------------------------------------------------------

----------------------------------------------------------
 Time       [T]       30.0000
----------------------------------------------------------
 Sub-region num.                     1
----------------------------------------------------------
 Area     [L]        0.12000E+02  0.12000E+02
 W-volume [L]        0.42000E+01  0.42000E+01
 In-flow  [L/T]      0.00000E+00  0.00000E+00
 h Mean   [L]        0.00000E+00  0.00000E+00
 ConcVol  [M/L2] 1   0.15866E-03  0.15866E-03
 cMean    [M/L3] 1   0.14311E-06  0.14311E-06
 Top Flux [L/T]     -0.30000E+02
 Bot Flux [L/T]     -0.30000E+02
 WatBalT  [L]        0.00000E+00
 WatBalR  [%]              0.000
 CncBalT  [M]    1  -0.24482E-03
 CncBalR  [%]    1         0.710
----------------------------------------------------------

----------------------------------------------------------
 Time       [T]       40.0000
----------------------------------------------------------
 Sub-region num.                     1
----------------------------------------------------------
 Area     [L]        0.12000E+02  0.12000E+02
 W-volume [L]        0.42000E+01  0.42000E+01
 In-flow  [L/T]      0.00000E+00  0.00000E+00
 h Mean   [L]        0.00000E+00  0.00000E+00
 ConcVol  [M/L2] 1   0.53629E-04  0.53629E-04
 cMean    [M/L3] 1   0.36935E-07  0.36935E-07
 Top Flux [L/T]     -0.30000E+02
 Bot Flux [L/T]     -0.30000E+02
 WatBalT  [L]        0.00000E+00
 WatBalR  [%]              0.000
 CncBalT  [M]    1  -0.24687E-03
 CncBalR  [%]    1         0.713
----------------------------------------------------------

----------------------------------------------------------
 Time       [T]       50.0000
----------------------------------------------------------
 Sub-region num.                     1
----------------------------------------------------------
 Area     [L]        0.12000E+02  0.12000E+02
 W-volume [L]        0.42000E+01  0.42000E+01
 In-flow  [L/T]      0.00000E+00  0.00000E+00
 h Mean   [L]        0.00000E+00  0.00000E+00
 ConcVol  [M/L2] 1   0.22832E-04  0.22832E-04
 cMean    [M/L3] 1   0.12711E-07  0.12711E-07
 Top Flux [L/T]     -0.30000E+02
 Bot Flux [L/T]     -0.30000E+02
 WatBalT  [L]        0.00000E+00
 WatBalR  [%]              0.000
 CncBalT  [M]    1  -0.24747E-03
 CncBalR  [%]    1         0.715
----------------------------------------------------------
 
 Calculation time [sec]   1.50000000000000     
