 ******* Program HYDRUS
 ******* 
 Welcome to HYDRUS-1D                                                    
 Date:   3. 5.    Time:  12:37: 6
 Units: L = cm   , T = days , M = mg   
 
 CosAlf,MaxIt,TolTh,  TolH
 1.000   10   0.001 1.00000
 
 TopInF,BotInF,AtmBC,SinkF,WLayer,qGWLF,FreeD,SeepF,lWat,lChem,lTemp,lRoot,lWDep
     F     F     F     F     F     F     F     F     T     T     F     F     F

Nodal point information

node      x         hOld    MatN LayN  Beta      Ah       AK      ATh     Temp    Conc(1...NS)         Sorb(1...NS)

   1      0.000      0.000    1    1   0.000    1.000    1.000    1.000   20.00  0.1000E-03
   2     -0.120      0.000    1    1   0.000    1.000    1.000    1.000   20.00  0.1000E-03
   3     -0.240      0.000    1    1   0.000    1.000    1.000    1.000   20.00  0.1000E-03
   4     -0.360      0.000    1    1   0.000    1.000    1.000    1.000   20.00  0.1000E-03
   5     -0.480      0.000    1    1   0.000    1.000    1.000    1.000   20.00  0.1000E-03
   6     -0.600      0.000    1    1   0.000    1.000    1.000    1.000   20.00  0.1000E-03
   7     -0.720      0.000    1    1   0.000    1.000    1.000    1.000   20.00  0.1000E-03
   8     -0.840      0.000    1    1   0.000    1.000    1.000    1.000   20.00  0.1000E-03
   9     -0.960      0.000    1    1   0.000    1.000    1.000    1.000   20.00  0.1000E-03
  10     -1.080      0.000    1    1   0.000    1.000    1.000    1.000   20.00  0.1000E-03
  11     -1.200      0.000    1    1   0.000    1.000    1.000    1.000   20.00  0.1000E-03
  12     -1.320      0.000    1    1   0.000    1.000    1.000    1.000   20.00  0.1000E-03
  13     -1.440      0.000    1    1   0.000    1.000    1.000    1.000   20.00  0.1000E-03
  14     -1.560      0.000    1    1   0.000    1.000    1.000    1.000   20.00  0.1000E-03
  15     -1.680      0.000    1    1   0.000    1.000    1.000    1.000   20.00  0.1000E-03
  16     -1.800      0.000    1    1   0.000    1.000    1.000    1.000   20.00  0.1000E-03
  17     -1.920      0.000    1    1   0.000    1.000    1.000    1.000   20.00  0.1000E-03
  18     -2.040      0.000    1    1   0.000    1.000    1.000    1.000   20.00  0.1000E-03
  19     -2.160      0.000    1    1   0.000    1.000    1.000    1.000   20.00  0.1000E-03
  20     -2.280      0.000    1    1   0.000    1.000    1.000    1.000   20.00  0.1000E-03
  21     -2.400      0.000    1    1   0.000    1.000    1.000    1.000   20.00  0.1000E-03
  22     -2.520      0.000    1    1   0.000    1.000    1.000    1.000   20.00  0.1000E-03
  23     -2.640      0.000    1    1   0.000    1.000    1.000    1.000   20.00  0.1000E-03
  24     -2.760      0.000    1    1   0.000    1.000    1.000    1.000   20.00  0.1000E-03
  25     -2.880      0.000    1    1   0.000    1.000    1.000    1.000   20.00  0.1000E-03
  26     -3.000      0.000    1    1   0.000    1.000    1.000    1.000   20.00  0.1000E-03
  27     -3.120      0.000    1    1   0.000    1.000    1.000    1.000   20.00  0.1000E-03
  28     -3.240      0.000    1    1   0.000    1.000    1.000    1.000   20.00  0.1000E-03
  29     -3.360      0.000    1    1   0.000    1.000    1.000    1.000   20.00  0.1000E-03
  30     -3.480      0.000    1    1   0.000    1.000    1.000    1.000   20.00  0.1000E-03
  31     -3.600      0.000    1    1   0.000    1.000    1.000    1.000   20.00  0.1000E-03
  32     -3.720      0.000    1    1   0.000    1.000    1.000    1.000   20.00  0.1000E-03
  33     -3.840      0.000    1    1   0.000    1.000    1.000    1.000   20.00  0.1000E-03
  34     -3.960      0.000    1    1   0.000    1.000    1.000    1.000   20.00  0.1000E-03
  35     -4.080      0.000    1    1   0.000    1.000    1.000    1.000   20.00  0.1000E-03
  36     -4.200      0.000    1    1   0.000    1.000    1.000    1.000   20.00  0.1000E-03
  37     -4.320      0.000    1    1   0.000    1.000    1.000    1.000   20.00  0.1000E-03
  38     -4.440      0.000    1    1   0.000    1.000    1.000    1.000   20.00  0.1000E-03
  39     -4.560      0.000    1    1   0.000    1.000    1.000    1.000   20.00  0.1000E-03
  40     -4.680      0.000    1    1   0.000    1.000    1.000    1.000   20.00  0.1000E-03
  41     -4.800      0.000    1    1   0.000    1.000    1.000    1.000   20.00  0.1000E-03
  42     -4.920      0.000    1    1   0.000    1.000    1.000    1.000   20.00  0.1000E-03
  43     -5.040      0.000    1    1   0.000    1.000    1.000    1.000   20.00  0.1000E-03
  44     -5.160      0.000    1    1   0.000    1.000    1.000    1.000   20.00  0.1000E-03
  45     -5.280      0.000    1    1   0.000    1.000    1.000    1.000   20.00  0.1000E-03
  46     -5.400      0.000    1    1   0.000    1.000    1.000    1.000   20.00  0.1000E-03
  47     -5.520      0.000    1    1   0.000    1.000    1.000    1.000   20.00  0.1000E-03
  48     -5.640      0.000    1    1   0.000    1.000    1.000    1.000   20.00  0.1000E-03
  49     -5.760      0.000    1    1   0.000    1.000    1.000    1.000   20.00  0.1000E-03
  50     -5.880      0.000    1    1   0.000    1.000    1.000    1.000   20.00  0.1000E-03
  51     -6.000      0.000    1    1   0.000    1.000    1.000    1.000   20.00  0.1000E-03
  52     -6.120      0.000    1    1   0.000    1.000    1.000    1.000   20.00  0.1000E-03
  53     -6.240      0.000    1    1   0.000    1.000    1.000    1.000   20.00  0.1000E-03
  54     -6.360      0.000    1    1   0.000    1.000    1.000    1.000   20.00  0.1000E-03
  55     -6.480      0.000    1    1   0.000    1.000    1.000    1.000   20.00  0.1000E-03
  56     -6.600      0.000    1    1   0.000    1.000    1.000    1.000   20.00  0.1000E-03
  57     -6.720      0.000    1    1   0.000    1.000    1.000    1.000   20.00  0.1000E-03
  58     -6.840      0.000    1    1   0.000    1.000    1.000    1.000   20.00  0.1000E-03
  59     -6.960      0.000    1    1   0.000    1.000    1.000    1.000   20.00  0.1000E-03
  60     -7.080      0.000    1    1   0.000    1.000    1.000    1.000   20.00  0.1000E-03
  61     -7.200      0.000    1    1   0.000    1.000    1.000    1.000   20.00  0.1000E-03
  62     -7.320      0.000    1    1   0.000    1.000    1.000    1.000   20.00  0.1000E-03
  63     -7.440      0.000    1    1   0.000    1.000    1.000    1.000   20.00  0.1000E-03
  64     -7.560      0.000    1    1   0.000    1.000    1.000    1.000   20.00  0.1000E-03
  65     -7.680      0.000    1    1   0.000    1.000    1.000    1.000   20.00  0.1000E-03
  66     -7.800      0.000    1    1   0.000    1.000    1.000    1.000   20.00  0.1000E-03
  67     -7.920      0.000    1    1   0.000    1.000    1.000    1.000   20.00  0.1000E-03
  68     -8.040      0.000    1    1   0.000    1.000    1.000    1.000   20.00  0.1000E-03
  69     -8.160      0.000    1    1   0.000    1.000    1.000    1.000   20.00  0.1000E-03
  70     -8.280      0.000    1    1   0.000    1.000    1.000    1.000   20.00  0.1000E-03
  71     -8.400      0.000    1    1   0.000    1.000    1.000    1.000   20.00  0.1000E-03
  72     -8.520      0.000    1    1   0.000    1.000    1.000    1.000   20.00  0.1000E-03
  73     -8.640      0.000    1    1   0.000    1.000    1.000    1.000   20.00  0.1000E-03
  74     -8.760      0.000    1    1   0.000    1.000    1.000    1.000   20.00  0.1000E-03
  75     -8.880      0.000    1    1   0.000    1.000    1.000    1.000   20.00  0.1000E-03
  76     -9.000      0.000    1    1   0.000    1.000    1.000    1.000   20.00  0.1000E-03
  77     -9.120      0.000    1    1   0.000    1.000    1.000    1.000   20.00  0.1000E-03
  78     -9.240      0.000    1    1   0.000    1.000    1.000    1.000   20.00  0.1000E-03
  79     -9.360      0.000    1    1   0.000    1.000    1.000    1.000   20.00  0.1000E-03
  80     -9.480      0.000    1    1   0.000    1.000    1.000    1.000   20.00  0.1000E-03
  81     -9.600      0.000    1    1   0.000    1.000    1.000    1.000   20.00  0.1000E-03
  82     -9.720      0.000    1    1   0.000    1.000    1.000    1.000   20.00  0.1000E-03
  83     -9.840      0.000    1    1   0.000    1.000    1.000    1.000   20.00  0.1000E-03
  84     -9.960      0.000    1    1   0.000    1.000    1.000    1.000   20.00  0.1000E-03
  85    -10.080      0.000    1    1   0.000    1.000    1.000    1.000   20.00  0.1000E-03
  86    -10.200      0.000    1    1   0.000    1.000    1.000    1.000   20.00  0.1000E-03
  87    -10.320      0.000    1    1   0.000    1.000    1.000    1.000   20.00  0.1000E-03
  88    -10.440      0.000    1    1   0.000    1.000    1.000    1.000   20.00  0.1000E-03
  89    -10.560      0.000    1    1   0.000    1.000    1.000    1.000   20.00  0.1000E-03
  90    -10.680      0.000    1    1   0.000    1.000    1.000    1.000   20.00  0.1000E-03
  91    -10.800      0.000    1    1   0.000    1.000    1.000    1.000   20.00  0.1000E-03
  92    -10.920      0.000    1    1   0.000    1.000    1.000    1.000   20.00  0.1000E-03
  93    -11.040      0.000    1    1   0.000    1.000    1.000    1.000   20.00  0.1000E-03
  94    -11.160      0.000    1    1   0.000    1.000    1.000    1.000   20.00  0.1000E-03
  95    -11.280      0.000    1    1   0.000    1.000    1.000    1.000   20.00  0.1000E-03
  96    -11.400      0.000    1    1   0.000    1.000    1.000    1.000   20.00  0.1000E-03
  97    -11.520      0.000    1    1   0.000    1.000    1.000    1.000   20.00  0.1000E-03
  98    -11.640      0.000    1    1   0.000    1.000    1.000    1.000   20.00  0.1000E-03
  99    -11.760      0.000    1    1   0.000    1.000    1.000    1.000   20.00  0.1000E-03
 100    -11.880      0.000    1    1   0.000    1.000    1.000    1.000   20.00  0.1000E-03
 101    -12.000      0.000    1    1   0.000    1.000    1.000    1.000   20.00  0.1000E-03
end

 Number of species in the chain :   1


MatNum, Param. array:

   Mat     Qr     Qs        Alfa         n          Ks      l

    1    0.078  0.350   0.360E-01   0.156E+01   0.300E+02  0.500

       Table of Hydraulic Properties which are interpolated in simulation
       =================================================================

  theta         h        log h        C             K        log K          S          Kv
 
  0.3500  -0.100E-05 -0.6000E+01  0.3720E-06  0.3000E+02  0.1477E+01    1.0000  0.0000E+00
  0.3500  -0.126E-05 -0.5899E+01  0.4238E-06  0.3000E+02  0.1477E+01    1.0000  0.0000E+00
  0.3500  -0.159E-05 -0.5798E+01  0.4827E-06  0.2999E+02  0.1477E+01    1.0000  0.0000E+00
  0.3500  -0.201E-05 -0.5697E+01  0.5499E-06  0.2999E+02  0.1477E+01    1.0000  0.0000E+00
  0.3500  -0.254E-05 -0.5596E+01  0.6264E-06  0.2999E+02  0.1477E+01    1.0000  0.0000E+00
  0.3500  -0.320E-05 -0.5495E+01  0.7135E-06  0.2999E+02  0.1477E+01    1.0000  0.0000E+00
  0.3500  -0.404E-05 -0.5394E+01  0.8128E-06  0.2999E+02  0.1477E+01    1.0000  0.0000E+00
  0.3500  -0.509E-05 -0.5293E+01  0.9259E-06  0.2999E+02  0.1477E+01    1.0000  0.0000E+00
  0.3500  -0.643E-05 -0.5192E+01  0.1055E-05  0.2999E+02  0.1477E+01    1.0000  0.0000E+00
  0.3500  -0.811E-05 -0.5091E+01  0.1201E-05  0.2999E+02  0.1477E+01    1.0000  0.0000E+00
  0.3500  -0.102E-04 -0.4990E+01  0.1369E-05  0.2999E+02  0.1477E+01    1.0000  0.0000E+00
  0.3500  -0.129E-04 -0.4889E+01  0.1559E-05  0.2998E+02  0.1477E+01    1.0000  0.0000E+00
  0.3500  -0.163E-04 -0.4788E+01  0.1776E-05  0.2998E+02  0.1477E+01    1.0000  0.0000E+00
  0.3500  -0.206E-04 -0.4687E+01  0.2023E-05  0.2998E+02  0.1477E+01    1.0000  0.0000E+00
  0.3500  -0.260E-04 -0.4586E+01  0.2304E-05  0.2997E+02  0.1477E+01    1.0000  0.0000E+00
  0.3500  -0.327E-04 -0.4485E+01  0.2625E-05  0.2997E+02  0.1477E+01    1.0000  0.0000E+00
  0.3500  -0.413E-04 -0.4384E+01  0.2990E-05  0.2997E+02  0.1477E+01    1.0000  0.0000E+00
  0.3500  -0.521E-04 -0.4283E+01  0.3406E-05  0.2996E+02  0.1477E+01    1.0000  0.0000E+00
  0.3500  -0.658E-04 -0.4182E+01  0.3879E-05  0.2996E+02  0.1477E+01    1.0000  0.0000E+00
  0.3500  -0.830E-04 -0.4081E+01  0.4419E-05  0.2995E+02  0.1476E+01    1.0000  0.0000E+00
  0.3500  -0.105E-03 -0.3980E+01  0.5034E-05  0.2994E+02  0.1476E+01    1.0000  0.0000E+00
  0.3500  -0.132E-03 -0.3879E+01  0.5734E-05  0.2994E+02  0.1476E+01    1.0000  0.0000E+00
  0.3500  -0.167E-03 -0.3778E+01  0.6532E-05  0.2993E+02  0.1476E+01    1.0000  0.0000E+00
  0.3500  -0.210E-03 -0.3677E+01  0.7440E-05  0.2992E+02  0.1476E+01    1.0000  0.0000E+00
  0.3500  -0.266E-03 -0.3576E+01  0.8475E-05  0.2991E+02  0.1476E+01    1.0000  0.0000E+00
  0.3500  -0.335E-03 -0.3475E+01  0.9655E-05  0.2989E+02  0.1476E+01    1.0000  0.0000E+00
  0.3500  -0.423E-03 -0.3374E+01  0.1100E-04  0.2988E+02  0.1475E+01    1.0000  0.0000E+00
  0.3500  -0.534E-03 -0.3273E+01  0.1253E-04  0.2986E+02  0.1475E+01    1.0000  0.0000E+00
  0.3500  -0.673E-03 -0.3172E+01  0.1427E-04  0.2984E+02  0.1475E+01    1.0000  0.0000E+00
  0.3500  -0.850E-03 -0.3071E+01  0.1626E-04  0.2982E+02  0.1475E+01    1.0000  0.0000E+00
  0.3500  -0.107E-02 -0.2970E+01  0.1852E-04  0.2980E+02  0.1474E+01    1.0000  0.0000E+00
  0.3500  -0.135E-02 -0.2869E+01  0.2109E-04  0.2977E+02  0.1474E+01    1.0000  0.1775E-30
  0.3500  -0.171E-02 -0.2768E+01  0.2403E-04  0.2974E+02  0.1473E+01    1.0000  0.1775E-30
  0.3500  -0.215E-02 -0.2667E+01  0.2737E-04  0.2970E+02  0.1473E+01    1.0000  0.1775E-30
  0.3500  -0.272E-02 -0.2566E+01  0.3118E-04  0.2966E+02  0.1472E+01    1.0000  0.1789E-29
  0.3500  -0.343E-02 -0.2465E+01  0.3551E-04  0.2961E+02  0.1471E+01    1.0000  0.6911E-29
  0.3500  -0.433E-02 -0.2364E+01  0.4045E-04  0.2956E+02  0.1471E+01    1.0000  0.1803E-28
  0.3500  -0.546E-02 -0.2263E+01  0.4608E-04  0.2950E+02  0.1470E+01    1.0000  0.3793E-28
  0.3500  -0.689E-02 -0.2162E+01  0.5249E-04  0.2943E+02  0.1469E+01    1.0000  0.1817E-27
  0.3500  -0.870E-02 -0.2061E+01  0.5979E-04  0.2935E+02  0.1468E+01    1.0000  0.5253E-27
  0.3500  -0.110E-01 -0.1960E+01  0.6811E-04  0.2926E+02  0.1466E+01    1.0000  0.1832E-26
  0.3500  -0.138E-01 -0.1859E+01  0.7758E-04  0.2916E+02  0.1465E+01    1.0000  0.6141E-26
  0.3500  -0.175E-01 -0.1758E+01  0.8838E-04  0.2904E+02  0.1463E+01    1.0000  0.2046E-25
  0.3500  -0.221E-01 -0.1657E+01  0.1007E-03  0.2891E+02  0.1461E+01    1.0000  0.7133E-25
  0.3500  -0.278E-01 -0.1556E+01  0.1147E-03  0.2876E+02  0.1459E+01    1.0000  0.2391E-24
  0.3500  -0.351E-01 -0.1455E+01  0.1306E-03  0.2859E+02  0.1456E+01    1.0000  0.7966E-24
  0.3500  -0.443E-01 -0.1354E+01  0.1488E-03  0.2839E+02  0.1453E+01    1.0000  0.2651E-23
  0.3500  -0.559E-01 -0.1253E+01  0.1695E-03  0.2817E+02  0.1450E+01    1.0000  0.8869E-23
  0.3500  -0.705E-01 -0.1152E+01  0.1931E-03  0.2792E+02  0.1446E+01    1.0000  0.2965E-22
  0.3500  -0.890E-01 -0.1051E+01  0.2199E-03  0.2764E+02  0.1442E+01    1.0000  0.9925E-22
  0.3500  -0.112E+00 -0.9495E+00  0.2505E-03  0.2732E+02  0.1436E+01    0.9999  0.3324E-21
  0.3500  -0.142E+00 -0.8485E+00  0.2853E-03  0.2696E+02  0.1431E+01    0.9999  0.1116E-20
  0.3500  -0.179E+00 -0.7475E+00  0.3249E-03  0.2655E+02  0.1424E+01    0.9999  0.3734E-20
  0.3499  -0.226E+00 -0.6465E+00  0.3700E-03  0.2608E+02  0.1416E+01    0.9998  0.1252E-19
  0.3499  -0.285E+00 -0.5455E+00  0.4214E-03  0.2556E+02  0.1408E+01    0.9997  0.4196E-19
  0.3499  -0.359E+00 -0.4444E+00  0.4798E-03  0.2497E+02  0.1397E+01    0.9996  0.1404E-18
  0.3498  -0.453E+00 -0.3434E+00  0.5461E-03  0.2431E+02  0.1386E+01    0.9994  0.4703E-18
  0.3498  -0.572E+00 -0.2424E+00  0.6215E-03  0.2356E+02  0.1372E+01    0.9992  0.1574E-17
  0.3497  -0.722E+00 -0.1414E+00  0.7070E-03  0.2273E+02  0.1357E+01    0.9988  0.5263E-17
  0.3495  -0.911E+00 -0.4040E-01  0.8037E-03  0.2179E+02  0.1338E+01    0.9983  0.1758E-16
  0.3493  -0.115E+01  0.6061E-01  0.9129E-03  0.2076E+02  0.1317E+01    0.9975  0.5864E-16
  0.3490  -0.145E+01  0.1616E+00  0.1036E-02  0.1961E+02  0.1293E+01    0.9964  0.1952E-15
  0.3486  -0.183E+01  0.2626E+00  0.1173E-02  0.1835E+02  0.1264E+01    0.9949  0.6478E-15
  0.3480  -0.231E+01  0.3636E+00  0.1325E-02  0.1697E+02  0.1230E+01    0.9927  0.2141E-14
  0.3472  -0.292E+01  0.4646E+00  0.1491E-02  0.1547E+02  0.1189E+01    0.9896  0.7033E-14
  0.3459  -0.368E+01  0.5657E+00  0.1670E-02  0.1387E+02  0.1142E+01    0.9851  0.2291E-13
  0.3442  -0.464E+01  0.6667E+00  0.1857E-02  0.1218E+02  0.1086E+01    0.9789  0.7375E-13
  0.3419  -0.586E+01  0.7677E+00  0.2045E-02  0.1043E+02  0.1018E+01    0.9701  0.2335E-12
  0.3386  -0.739E+01  0.8687E+00  0.2221E-02  0.8676E+01  0.9383E+00    0.9581  0.7225E-12
  0.3341  -0.933E+01  0.9697E+00  0.2370E-02  0.6960E+01  0.8426E+00    0.9417  0.2168E-11
  0.3282  -0.118E+02  0.1071E+01  0.2471E-02  0.5353E+01  0.7286E+00    0.9199  0.6250E-11
  0.3205  -0.148E+02  0.1172E+01  0.2501E-02  0.3923E+01  0.5936E+00    0.8916  0.1710E-10
  0.3109  -0.187E+02  0.1273E+01  0.2444E-02  0.2723E+01  0.4351E+00    0.8562  0.4393E-10
  0.2992  -0.236E+02  0.1374E+01  0.2292E-02  0.1784E+01  0.2514E+00    0.8134  0.1047E-09
  0.2858  -0.298E+02  0.1475E+01  0.2058E-02  0.1101E+01  0.4196E-01    0.7638  0.2295E-09
  0.2708  -0.376E+02  0.1576E+01  0.1768E-02  0.6421E+00 -0.1924E+00    0.7090  0.4607E-09
  0.2550  -0.475E+02  0.1677E+01  0.1456E-02  0.3551E+00 -0.4496E+00    0.6507  0.8460E-09
  0.2389  -0.599E+02  0.1778E+01  0.1155E-02  0.1876E+00 -0.7267E+00    0.5914  0.1427E-08
  0.2230  -0.756E+02  0.1879E+01  0.8872E-03  0.9543E-01 -0.1020E+01    0.5330  0.2229E-08
  0.2078  -0.955E+02  0.1980E+01  0.6644E-03  0.4710E-01 -0.1327E+01    0.4771  0.3248E-08
  0.1935  -0.120E+03  0.2081E+01  0.4877E-03  0.2271E-01 -0.1644E+01    0.4248  0.4463E-08
  0.1805  -0.152E+03  0.2182E+01  0.3527E-03  0.1076E-01 -0.1968E+01    0.3767  0.5831E-08
  0.1686  -0.192E+03  0.2283E+01  0.2522E-03  0.5036E-02 -0.2298E+01    0.3331  0.7304E-08
  0.1580  -0.242E+03  0.2384E+01  0.1789E-03  0.2335E-02 -0.2632E+01    0.2940  0.8835E-08
  0.1484  -0.305E+03  0.2485E+01  0.1262E-03  0.1076E-02 -0.2968E+01    0.2590  0.1038E-07
  0.1400  -0.385E+03  0.2586E+01  0.8864E-04  0.4931E-03 -0.3307E+01    0.2279  0.1190E-07
  0.1325  -0.486E+03  0.2687E+01  0.6208E-04  0.2253E-03 -0.3647E+01    0.2005  0.1337E-07
  0.1259  -0.614E+03  0.2788E+01  0.4339E-04  0.1027E-03 -0.3988E+01    0.1762  0.1477E-07
  0.1201  -0.774E+03  0.2889E+01  0.3029E-04  0.4676E-04 -0.4330E+01    0.1548  0.1609E-07
  0.1150  -0.977E+03  0.2990E+01  0.2112E-04  0.2126E-04 -0.4672E+01    0.1360  0.1731E-07
  0.1105  -0.123E+04  0.3091E+01  0.1472E-04  0.9659E-05 -0.5015E+01    0.1194  0.1844E-07
  0.1065  -0.156E+04  0.3192E+01  0.1025E-04  0.4386E-05 -0.5358E+01    0.1049  0.1947E-07
  0.1030  -0.196E+04  0.3293E+01  0.7137E-05  0.1991E-05 -0.5701E+01    0.0921  0.2040E-07
  0.1000  -0.248E+04  0.3394E+01  0.4968E-05  0.9033E-06 -0.6044E+01    0.0809  0.2125E-07
  0.0973  -0.313E+04  0.3495E+01  0.3457E-05  0.4098E-06 -0.6387E+01    0.0710  0.2201E-07
  0.0950  -0.394E+04  0.3596E+01  0.2406E-05  0.1859E-06 -0.6731E+01    0.0623  0.2269E-07
  0.0929  -0.498E+04  0.3697E+01  0.1674E-05  0.8432E-07 -0.7074E+01    0.0547  0.2329E-07
  0.0911  -0.628E+04  0.3798E+01  0.1165E-05  0.3824E-07 -0.7417E+01    0.0480  0.2382E-07
  0.0895  -0.792E+04  0.3899E+01  0.8104E-06  0.1734E-07 -0.7761E+01    0.0422  0.2428E-07
  0.0881  -0.100E+05  0.4000E+01  0.5639E-06  0.7866E-08 -0.8104E+01    0.0370  0.2468E-07
end


 Solute transport information
 ============================

 Galerkin finite-element method


 lTDep     lWDep     cTolA     cTolR   MaxItC
  F        0    0.100E-02    0.0100      5


 Mat.     Bulk.D.    DispL    Fraction  Immobile WC
  1       0.0015    0.2000    1.0000    0.0000

    Dif.w.      Dif.g.   -------------------------------------------------- ( 1.solute)
  0.8600E-01  0.0000E+00
 Mat.     KS         Nu         Beta      Henry  SinkL1     SinkS1     SinkG1     SinkL1`    SinkS1`    SinkG1`  SinkL0     SinkS0     SinkG0      Alfa
   1 0.3014E+04 0.0000E+00 0.8000E+00 0.0000E+00 0.0000E+00 0.0000E+00 0.0000E+00 0.0000E+00 0.0000E+00 0.0000E+00 0.0000E+00 0.0000E+00 0.0000E+00 0.0000E+00

 Freundlich nonlinear adsorption isotherm for material  1

 kTopCh      cTop(1...NS)
   1        0.000E+00

 kBotCh      cBot(1...NS)
   0        0.000E+00

 tPulse =             0.010
