 ******* Program HYDRUS
 ******* 
 Welcome to HYDRUS-1D                                                    
 Date:   3. 5.    Time:  12:37: 6
 Units: L = cm   , T = days , M = mg   


 Time:        0.0000


 Node      Depth      Head Moisture       K          C         Flux        Sink         Kappa   v/KsTop   Temp   Conc(1..NS) Sorb(1...NS)   ConcL       ConcS       ConcG       ConcT
           [L]        [L]    [-]        [L/T]      [1/L]      [L/T]        [1/T]         [-]      [-]      [C]      [M/L*3]                [M/L*3]      [M/M]      [M/L*3]     [M/L*3]

   1     0.0000       0.000 0.3500   0.3000E+02  0.0000E+00 -0.3000E+02  0.0000E+00      -1  -0.100E+01   20.00  0.1000E-03  0.0000E+00
   2    -0.1200       0.000 0.3500   0.3000E+02  0.0000E+00 -0.3000E+02  0.0000E+00      -1  -0.100E+01   20.00  0.1000E-03  0.0000E+00
   3    -0.2400       0.000 0.3500   0.3000E+02  0.0000E+00 -0.3000E+02  0.0000E+00      -1  -0.100E+01   20.00  0.1000E-03  0.0000E+00
   4    -0.3600       0.000 0.3500   0.3000E+02  0.0000E+00 -0.3000E+02  0.0000E+00      -1  -0.100E+01   20.00  0.1000E-03  0.0000E+00
   5    -0.4800       0.000 0.3500   0.3000E+02  0.0000E+00 -0.3000E+02  0.0000E+00      -1  -0.100E+01   20.00  0.1000E-03  0.0000E+00
   6    -0.6000       0.000 0.3500   0.3000E+02  0.0000E+00 -0.3000E+02  0.0000E+00      -1  -0.100E+01   20.00  0.1000E-03  0.0000E+00
   7    -0.7200       0.000 0.3500   0.3000E+02  0.0000E+00 -0.3000E+02  0.0000E+00      -1  -0.100E+01   20.00  0.1000E-03  0.0000E+00
   8    -0.8400       0.000 0.3500   0.3000E+02  0.0000E+00 -0.3000E+02  0.0000E+00      -1  -0.100E+01   20.00  0.1000E-03  0.0000E+00
   9    -0.9600       0.000 0.3500   0.3000E+02  0.0000E+00 -0.3000E+02  0.0000E+00      -1  -0.100E+01   20.00  0.1000E-03  0.0000E+00
  10    -1.0800       0.000 0.3500   0.3000E+02  0.0000E+00 -0.3000E+02  0.0000E+00      -1  -0.100E+01   20.00  0.1000E-03  0.0000E+00
  11    -1.2000       0.000 0.3500   0.3000E+02  0.0000E+00 -0.3000E+02  0.0000E+00      -1  -0.100E+01   20.00  0.1000E-03  0.0000E+00
  12    -1.3200       0.000 0.3500   0.3000E+02  0.0000E+00 -0.3000E+02  0.0000E+00      -1  -0.100E+01   20.00  0.1000E-03  0.0000E+00
  13    -1.4400       0.000 0.3500   0.3000E+02  0.0000E+00 -0.3000E+02  0.0000E+00      -1  -0.100E+01   20.00  0.1000E-03  0.0000E+00
  14    -1.5600       0.000 0.3500   0.3000E+02  0.0000E+00 -0.3000E+02  0.0000E+00      -1  -0.100E+01   20.00  0.1000E-03  0.0000E+00
  15    -1.6800       0.000 0.3500   0.3000E+02  0.0000E+00 -0.3000E+02  0.0000E+00      -1  -0.100E+01   20.00  0.1000E-03  0.0000E+00
  16    -1.8000       0.000 0.3500   0.3000E+02  0.0000E+00 -0.3000E+02  0.0000E+00      -1  -0.100E+01   20.00  0.1000E-03  0.0000E+00
  17    -1.9200       0.000 0.3500   0.3000E+02  0.0000E+00 -0.3000E+02  0.0000E+00      -1  -0.100E+01   20.00  0.1000E-03  0.0000E+00
  18    -2.0400       0.000 0.3500   0.3000E+02  0.0000E+00 -0.3000E+02  0.0000E+00      -1  -0.100E+01   20.00  0.1000E-03  0.0000E+00
  19    -2.1600       0.000 0.3500   0.3000E+02  0.0000E+00 -0.3000E+02  0.0000E+00      -1  -0.100E+01   20.00  0.1000E-03  0.0000E+00
  20    -2.2800       0.000 0.3500   0.3000E+02  0.0000E+00 -0.3000E+02  0.0000E+00      -1  -0.100E+01   20.00  0.1000E-03  0.0000E+00
  21    -2.4000       0.000 0.3500   0.3000E+02  0.0000E+00 -0.3000E+02  0.0000E+00      -1  -0.100E+01   20.00  0.1000E-03  0.0000E+00
  22    -2.5200       0.000 0.3500   0.3000E+02  0.0000E+00 -0.3000E+02  0.0000E+00      -1  -0.100E+01   20.00  0.1000E-03  0.0000E+00
  23    -2.6400       0.000 0.3500   0.3000E+02  0.0000E+00 -0.3000E+02  0.0000E+00      -1  -0.100E+01   20.00  0.1000E-03  0.0000E+00
  24    -2.7600       0.000 0.3500   0.3000E+02  0.0000E+00 -0.3000E+02  0.0000E+00      -1  -0.100E+01   20.00  0.1000E-03  0.0000E+00
  25    -2.8800       0.000 0.3500   0.3000E+02  0.0000E+00 -0.3000E+02  0.0000E+00      -1  -0.100E+01   20.00  0.1000E-03  0.0000E+00
  26    -3.0000       0.000 0.3500   0.3000E+02  0.0000E+00 -0.3000E+02  0.0000E+00      -1  -0.100E+01   20.00  0.1000E-03  0.0000E+00
  27    -3.1200       0.000 0.3500   0.3000E+02  0.0000E+00 -0.3000E+02  0.0000E+00      -1  -0.100E+01   20.00  0.1000E-03  0.0000E+00
  28    -3.2400       0.000 0.3500   0.3000E+02  0.0000E+00 -0.3000E+02  0.0000E+00      -1  -0.100E+01   20.00  0.1000E-03  0.0000E+00
  29    -3.3600       0.000 0.3500   0.3000E+02  0.0000E+00 -0.3000E+02  0.0000E+00      -1  -0.100E+01   20.00  0.1000E-03  0.0000E+00
  30    -3.4800       0.000 0.3500   0.3000E+02  0.0000E+00 -0.3000E+02  0.0000E+00      -1  -0.100E+01   20.00  0.1000E-03  0.0000E+00
  31    -3.6000       0.000 0.3500   0.3000E+02  0.0000E+00 -0.3000E+02  0.0000E+00      -1  -0.100E+01   20.00  0.1000E-03  0.0000E+00
  32    -3.7200       0.000 0.3500   0.3000E+02  0.0000E+00 -0.3000E+02  0.0000E+00      -1  -0.100E+01   20.00  0.1000E-03  0.0000E+00
  33    -3.8400       0.000 0.3500   0.3000E+02  0.0000E+00 -0.3000E+02  0.0000E+00      -1  -0.100E+01   20.00  0.1000E-03  0.0000E+00
  34    -3.9600       0.000 0.3500   0.3000E+02  0.0000E+00 -0.3000E+02  0.0000E+00      -1  -0.100E+01   20.00  0.1000E-03  0.0000E+00
  35    -4.0800       0.000 0.3500   0.3000E+02  0.0000E+00 -0.3000E+02  0.0000E+00      -1  -0.100E+01   20.00  0.1000E-03  0.0000E+00
  36    -4.2000       0.000 0.3500   0.3000E+02  0.0000E+00 -0.3000E+02  0.0000E+00      -1  -0.100E+01   20.00  0.1000E-03  0.0000E+00
  37    -4.3200       0.000 0.3500   0.3000E+02  0.0000E+00 -0.3000E+02  0.0000E+00      -1  -0.100E+01   20.00  0.1000E-03  0.0000E+00
  38    -4.4400       0.000 0.3500   0.3000E+02  0.0000E+00 -0.3000E+02  0.0000E+00      -1  -0.100E+01   20.00  0.1000E-03  0.0000E+00
  39    -4.5600       0.000 0.3500   0.3000E+02  0.0000E+00 -0.3000E+02  0.0000E+00      -1  -0.100E+01   20.00  0.1000E-03  0.0000E+00
  40    -4.6800       0.000 0.3500   0.3000E+02  0.0000E+00 -0.3000E+02  0.0000E+00      -1  -0.100E+01   20.00  0.1000E-03  0.0000E+00
  41    -4.8000       0.000 0.3500   0.3000E+02  0.0000E+00 -0.3000E+02  0.0000E+00      -1  -0.100E+01   20.00  0.1000E-03  0.0000E+00
  42    -4.9200       0.000 0.3500   0.3000E+02  0.0000E+00 -0.3000E+02  0.0000E+00      -1  -0.100E+01   20.00  0.1000E-03  0.0000E+00
  43    -5.0400       0.000 0.3500   0.3000E+02  0.0000E+00 -0.3000E+02  0.0000E+00      -1  -0.100E+01   20.00  0.1000E-03  0.0000E+00
  44    -5.1600       0.000 0.3500   0.3000E+02  0.0000E+00 -0.3000E+02  0.0000E+00      -1  -0.100E+01   20.00  0.1000E-03  0.0000E+00
  45    -5.2800       0.000 0.3500   0.3000E+02  0.0000E+00 -0.3000E+02  0.0000E+00      -1  -0.100E+01   20.00  0.1000E-03  0.0000E+00
  46    -5.4000       0.000 0.3500   0.3000E+02  0.0000E+00 -0.3000E+02  0.0000E+00      -1  -0.100E+01   20.00  0.1000E-03  0.0000E+00
  47    -5.5200       0.000 0.3500   0.3000E+02  0.0000E+00 -0.3000E+02  0.0000E+00      -1  -0.100E+01   20.00  0.1000E-03  0.0000E+00
  48    -5.6400       0.000 0.3500   0.3000E+02  0.0000E+00 -0.3000E+02  0.0000E+00      -1  -0.100E+01   20.00  0.1000E-03  0.0000E+00
  49    -5.7600       0.000 0.3500   0.3000E+02  0.0000E+00 -0.3000E+02  0.0000E+00      -1  -0.100E+01   20.00  0.1000E-03  0.0000E+00
  50    -5.8800       0.000 0.3500   0.3000E+02  0.0000E+00 -0.3000E+02  0.0000E+00      -1  -0.100E+01   20.00  0.1000E-03  0.0000E+00
  51    -6.0000       0.000 0.3500   0.3000E+02  0.0000E+00 -0.3000E+02  0.0000E+00      -1  -0.100E+01   20.00  0.1000E-03  0.0000E+00
  52    -6.1200       0.000 0.3500   0.3000E+02  0.0000E+00 -0.3000E+02  0.0000E+00      -1  -0.100E+01   20.00  0.1000E-03  0.0000E+00
  53    -6.2400       0.000 0.3500   0.3000E+02  0.0000E+00 -0.3000E+02  0.0000E+00      -1  -0.100E+01   20.00  0.1000E-03  0.0000E+00
  54    -6.3600       0.000 0.3500   0.3000E+02  0.0000E+00 -0.3000E+02  0.0000E+00      -1  -0.100E+01   20.00  0.1000E-03  0.0000E+00
  55    -6.4800       0.000 0.3500   0.3000E+02  0.0000E+00 -0.3000E+02  0.0000E+00      -1  -0.100E+01   20.00  0.1000E-03  0.0000E+00
  56    -6.6000       0.000 0.3500   0.3000E+02  0.0000E+00 -0.3000E+02  0.0000E+00      -1  -0.100E+01   20.00  0.1000E-03  0.0000E+00
  57    -6.7200       0.000 0.3500   0.3000E+02  0.0000E+00 -0.3000E+02  0.0000E+00      -1  -0.100E+01   20.00  0.1000E-03  0.0000E+00
  58    -6.8400       0.000 0.3500   0.3000E+02  0.0000E+00 -0.3000E+02  0.0000E+00      -1  -0.100E+01   20.00  0.1000E-03  0.0000E+00
  59    -6.9600       0.000 0.3500   0.3000E+02  0.0000E+00 -0.3000E+02  0.0000E+00      -1  -0.100E+01   20.00  0.1000E-03  0.0000E+00
  60    -7.0800       0.000 0.3500   0.3000E+02  0.0000E+00 -0.3000E+02  0.0000E+00      -1  -0.100E+01   20.00  0.1000E-03  0.0000E+00
  61    -7.2000       0.000 0.3500   0.3000E+02  0.0000E+00 -0.3000E+02  0.0000E+00      -1  -0.100E+01   20.00  0.1000E-03  0.0000E+00
  62    -7.3200       0.000 0.3500   0.3000E+02  0.0000E+00 -0.3000E+02  0.0000E+00      -1  -0.100E+01   20.00  0.1000E-03  0.0000E+00
  63    -7.4400       0.000 0.3500   0.3000E+02  0.0000E+00 -0.3000E+02  0.0000E+00      -1  -0.100E+01   20.00  0.1000E-03  0.0000E+00
  64    -7.5600       0.000 0.3500   0.3000E+02  0.0000E+00 -0.3000E+02  0.0000E+00      -1  -0.100E+01   20.00  0.1000E-03  0.0000E+00
  65    -7.6800       0.000 0.3500   0.3000E+02  0.0000E+00 -0.3000E+02  0.0000E+00      -1  -0.100E+01   20.00  0.1000E-03  0.0000E+00
  66    -7.8000       0.000 0.3500   0.3000E+02  0.0000E+00 -0.3000E+02  0.0000E+00      -1  -0.100E+01   20.00  0.1000E-03  0.0000E+00
  67    -7.9200       0.000 0.3500   0.3000E+02  0.0000E+00 -0.3000E+02  0.0000E+00      -1  -0.100E+01   20.00  0.1000E-03  0.0000E+00
  68    -8.0400       0.000 0.3500   0.3000E+02  0.0000E+00 -0.3000E+02  0.0000E+00      -1  -0.100E+01   20.00  0.1000E-03  0.0000E+00
  69    -8.1600       0.000 0.3500   0.3000E+02  0.0000E+00 -0.3000E+02  0.0000E+00      -1  -0.100E+01   20.00  0.1000E-03  0.0000E+00
  70    -8.2800       0.000 0.3500   0.3000E+02  0.0000E+00 -0.3000E+02  0.0000E+00      -1  -0.100E+01   20.00  0.1000E-03  0.0000E+00
  71    -8.4000       0.000 0.3500   0.3000E+02  0.0000E+00 -0.3000E+02  0.0000E+00      -1  -0.100E+01   20.00  0.1000E-03  0.0000E+00
  72    -8.5200       0.000 0.3500   0.3000E+02  0.0000E+00 -0.3000E+02  0.0000E+00      -1  -0.100E+01   20.00  0.1000E-03  0.0000E+00
  73    -8.6400       0.000 0.3500   0.3000E+02  0.0000E+00 -0.3000E+02  0.0000E+00      -1  -0.100E+01   20.00  0.1000E-03  0.0000E+00
  74    -8.7600       0.000 0.3500   0.3000E+02  0.0000E+00 -0.3000E+02  0.0000E+00      -1  -0.100E+01   20.00  0.1000E-03  0.0000E+00
  75    -8.8800       0.000 0.3500   0.3000E+02  0.0000E+00 -0.3000E+02  0.0000E+00      -1  -0.100E+01   20.00  0.1000E-03  0.0000E+00
  76    -9.0000       0.000 0.3500   0.3000E+02  0.0000E+00 -0.3000E+02  0.0000E+00      -1  -0.100E+01   20.00  0.1000E-03  0.0000E+00
  77    -9.1200       0.000 0.3500   0.3000E+02  0.0000E+00 -0.3000E+02  0.0000E+00      -1  -0.100E+01   20.00  0.1000E-03  0.0000E+00
  78    -9.2400       0.000 0.3500   0.3000E+02  0.0000E+00 -0.3000E+02  0.0000E+00      -1  -0.100E+01   20.00  0.1000E-03  0.0000E+00
  79    -9.3600       0.000 0.3500   0.3000E+02  0.0000E+00 -0.3000E+02  0.0000E+00      -1  -0.100E+01   20.00  0.1000E-03  0.0000E+00
  80    -9.4800       0.000 0.3500   0.3000E+02  0.0000E+00 -0.3000E+02  0.0000E+00      -1  -0.100E+01   20.00  0.1000E-03  0.0000E+00
  81    -9.6000       0.000 0.3500   0.3000E+02  0.0000E+00 -0.3000E+02  0.0000E+00      -1  -0.100E+01   20.00  0.1000E-03  0.0000E+00
  82    -9.7200       0.000 0.3500   0.3000E+02  0.0000E+00 -0.3000E+02  0.0000E+00      -1  -0.100E+01   20.00  0.1000E-03  0.0000E+00
  83    -9.8400       0.000 0.3500   0.3000E+02  0.0000E+00 -0.3000E+02  0.0000E+00      -1  -0.100E+01   20.00  0.1000E-03  0.0000E+00
  84    -9.9600       0.000 0.3500   0.3000E+02  0.0000E+00 -0.3000E+02  0.0000E+00      -1  -0.100E+01   20.00  0.1000E-03  0.0000E+00
  85   -10.0800       0.000 0.3500   0.3000E+02  0.0000E+00 -0.3000E+02  0.0000E+00      -1  -0.100E+01   20.00  0.1000E-03  0.0000E+00
  86   -10.2000       0.000 0.3500   0.3000E+02  0.0000E+00 -0.3000E+02  0.0000E+00      -1  -0.100E+01   20.00  0.1000E-03  0.0000E+00
  87   -10.3200       0.000 0.3500   0.3000E+02  0.0000E+00 -0.3000E+02  0.0000E+00      -1  -0.100E+01   20.00  0.1000E-03  0.0000E+00
  88   -10.4400       0.000 0.3500   0.3000E+02  0.0000E+00 -0.3000E+02  0.0000E+00      -1  -0.100E+01   20.00  0.1000E-03  0.0000E+00
  89   -10.5600       0.000 0.3500   0.3000E+02  0.0000E+00 -0.3000E+02  0.0000E+00      -1  -0.100E+01   20.00  0.1000E-03  0.0000E+00
  90   -10.6800       0.000 0.3500   0.3000E+02  0.0000E+00 -0.3000E+02  0.0000E+00      -1  -0.100E+01   20.00  0.1000E-03  0.0000E+00
  91   -10.8000       0.000 0.3500   0.3000E+02  0.0000E+00 -0.3000E+02  0.0000E+00      -1  -0.100E+01   20.00  0.1000E-03  0.0000E+00
  92   -10.9200       0.000 0.3500   0.3000E+02  0.0000E+00 -0.3000E+02  0.0000E+00      -1  -0.100E+01   20.00  0.1000E-03  0.0000E+00
  93   -11.0400       0.000 0.3500   0.3000E+02  0.0000E+00 -0.3000E+02  0.0000E+00      -1  -0.100E+01   20.00  0.1000E-03  0.0000E+00
  94   -11.1600       0.000 0.3500   0.3000E+02  0.0000E+00 -0.3000E+02  0.0000E+00      -1  -0.100E+01   20.00  0.1000E-03  0.0000E+00
  95   -11.2800       0.000 0.3500   0.3000E+02  0.0000E+00 -0.3000E+02  0.0000E+00      -1  -0.100E+01   20.00  0.1000E-03  0.0000E+00
  96   -11.4000       0.000 0.3500   0.3000E+02  0.0000E+00 -0.3000E+02  0.0000E+00      -1  -0.100E+01   20.00  0.1000E-03  0.0000E+00
  97   -11.5200       0.000 0.3500   0.3000E+02  0.0000E+00 -0.3000E+02  0.0000E+00      -1  -0.100E+01   20.00  0.1000E-03  0.0000E+00
  98   -11.6400       0.000 0.3500   0.3000E+02  0.0000E+00 -0.3000E+02  0.0000E+00      -1  -0.100E+01   20.00  0.1000E-03  0.0000E+00
  99   -11.7600       0.000 0.3500   0.3000E+02  0.0000E+00 -0.3000E+02  0.0000E+00      -1  -0.100E+01   20.00  0.1000E-03  0.0000E+00
 100   -11.8800       0.000 0.3500   0.3000E+02  0.0000E+00 -0.3000E+02  0.0000E+00      -1  -0.100E+01   20.00  0.1000E-03  0.0000E+00
 101   -12.0000       0.000 0.3500   0.3000E+02  0.0000E+00 -0.3000E+02  0.0000E+00      -1  -0.100E+01   20.00  0.1000E-03  0.0000E+00
end


 Time:       10.0000


 Node      Depth      Head Moisture       K          C         Flux        Sink         Kappa   v/KsTop   Temp   Conc(1..NS) Sorb(1...NS)   ConcL       ConcS       ConcG       ConcT
           [L]        [L]    [-]        [L/T]      [1/L]      [L/T]        [1/T]         [-]      [-]      [C]      [M/L*3]                [M/L*3]      [M/M]      [M/L*3]     [M/L*3]

   1     0.0000       0.000 0.3500   0.3000E+02  0.0000E+00 -0.3000E+02  0.0000E+00      -1  -0.100E+01   20.00  0.0000E+00  0.0000E+00
   2    -0.1200       0.000 0.3500   0.3000E+02  0.0000E+00 -0.3000E+02  0.0000E+00      -1  -0.100E+01   20.00  0.1106E-08  0.0000E+00
   3    -0.2400       0.000 0.3500   0.3000E+02  0.0000E+00 -0.3000E+02  0.0000E+00      -1  -0.100E+01   20.00  0.2806E-08  0.0000E+00
   4    -0.3600       0.000 0.3500   0.3000E+02  0.0000E+00 -0.3000E+02  0.0000E+00      -1  -0.100E+01   20.00  0.5218E-08  0.0000E+00
   5    -0.4800       0.000 0.3500   0.3000E+02  0.0000E+00 -0.3000E+02  0.0000E+00      -1  -0.100E+01   20.00  0.8472E-08  0.0000E+00
   6    -0.6000       0.000 0.3500   0.3000E+02  0.0000E+00 -0.3000E+02  0.0000E+00      -1  -0.100E+01   20.00  0.1272E-07  0.0000E+00
   7    -0.7200       0.000 0.3500   0.3000E+02  0.0000E+00 -0.3000E+02  0.0000E+00      -1  -0.100E+01   20.00  0.1811E-07  0.0000E+00
   8    -0.8400       0.000 0.3500   0.3000E+02  0.0000E+00 -0.3000E+02  0.0000E+00      -1  -0.100E+01   20.00  0.2481E-07  0.0000E+00
   9    -0.9600       0.000 0.3500   0.3000E+02  0.0000E+00 -0.3000E+02  0.0000E+00      -1  -0.100E+01   20.00  0.3301E-07  0.0000E+00
  10    -1.0800       0.000 0.3500   0.3000E+02  0.0000E+00 -0.3000E+02  0.0000E+00      -1  -0.100E+01   20.00  0.4291E-07  0.0000E+00
  11    -1.2000       0.000 0.3500   0.3000E+02  0.0000E+00 -0.3000E+02  0.0000E+00      -1  -0.100E+01   20.00  0.5470E-07  0.0000E+00
  12    -1.3200       0.000 0.3500   0.3000E+02  0.0000E+00 -0.3000E+02  0.0000E+00      -1  -0.100E+01   20.00  0.6862E-07  0.0000E+00
  13    -1.4400       0.000 0.3500   0.3000E+02  0.0000E+00 -0.3000E+02  0.0000E+00      -1  -0.100E+01   20.00  0.8489E-07  0.0000E+00
  14    -1.5600       0.000 0.3500   0.3000E+02  0.0000E+00 -0.3000E+02  0.0000E+00      -1  -0.100E+01   20.00  0.1038E-06  0.0000E+00
  15    -1.6800       0.000 0.3500   0.3000E+02  0.0000E+00 -0.3000E+02  0.0000E+00      -1  -0.100E+01   20.00  0.1255E-06  0.0000E+00
  16    -1.8000       0.000 0.3500   0.3000E+02  0.0000E+00 -0.3000E+02  0.0000E+00      -1  -0.100E+01   20.00  0.1504E-06  0.0000E+00
  17    -1.9200       0.000 0.3500   0.3000E+02  0.0000E+00 -0.3000E+02  0.0000E+00      -1  -0.100E+01   20.00  0.1787E-06  0.0000E+00
  18    -2.0400       0.000 0.3500   0.3000E+02  0.0000E+00 -0.3000E+02  0.0000E+00      -1  -0.100E+01   20.00  0.2107E-06  0.0000E+00
  19    -2.1600       0.000 0.3500   0.3000E+02  0.0000E+00 -0.3000E+02  0.0000E+00      -1  -0.100E+01   20.00  0.2467E-06  0.0000E+00
  20    -2.2800       0.000 0.3500   0.3000E+02  0.0000E+00 -0.3000E+02  0.0000E+00      -1  -0.100E+01   20.00  0.2871E-06  0.0000E+00
  21    -2.4000       0.000 0.3500   0.3000E+02  0.0000E+00 -0.3000E+02  0.0000E+00      -1  -0.100E+01   20.00  0.3323E-06  0.0000E+00
  22    -2.5200       0.000 0.3500   0.3000E+02  0.0000E+00 -0.3000E+02  0.0000E+00      -1  -0.100E+01   20.00  0.3825E-06  0.0000E+00
  23    -2.6400       0.000 0.3500   0.3000E+02  0.0000E+00 -0.3000E+02  0.0000E+00      -1  -0.100E+01   20.00  0.4381E-06  0.0000E+00
  24    -2.7600       0.000 0.3500   0.3000E+02  0.0000E+00 -0.3000E+02  0.0000E+00      -1  -0.100E+01   20.00  0.4995E-06  0.0000E+00
  25    -2.8800       0.000 0.3500   0.3000E+02  0.0000E+00 -0.3000E+02  0.0000E+00      -1  -0.100E+01   20.00  0.5672E-06  0.0000E+00
  26    -3.0000       0.000 0.3500   0.3000E+02  0.0000E+00 -0.3000E+02  0.0000E+00      -1  -0.100E+01   20.00  0.6415E-06  0.0000E+00
  27    -3.1200       0.000 0.3500   0.3000E+02  0.0000E+00 -0.3000E+02  0.0000E+00      -1  -0.100E+01   20.00  0.7228E-06  0.0000E+00
  28    -3.2400       0.000 0.3500   0.3000E+02  0.0000E+00 -0.3000E+02  0.0000E+00      -1  -0.100E+01   20.00  0.8115E-06  0.0000E+00
  29    -3.3600       0.000 0.3500   0.3000E+02  0.0000E+00 -0.3000E+02  0.0000E+00      -1  -0.100E+01   20.00  0.9083E-06  0.0000E+00
  30    -3.4800       0.000 0.3500   0.3000E+02  0.0000E+00 -0.3000E+02  0.0000E+00      -1  -0.100E+01   20.00  0.1013E-05  0.0000E+00
  31    -3.6000       0.000 0.3500   0.3000E+02  0.0000E+00 -0.3000E+02  0.0000E+00      -1  -0.100E+01   20.00  0.1127E-05  0.0000E+00
  32    -3.7200       0.000 0.3500   0.3000E+02  0.0000E+00 -0.3000E+02  0.0000E+00      -1  -0.100E+01   20.00  0.1251E-05  0.0000E+00
  33    -3.8400       0.000 0.3500   0.3000E+02  0.0000E+00 -0.3000E+02  0.0000E+00      -1  -0.100E+01   20.00  0.1384E-05  0.0000E+00
  34    -3.9600       0.000 0.3500   0.3000E+02  0.0000E+00 -0.3000E+02  0.0000E+00      -1  -0.100E+01   20.00  0.1527E-05  0.0000E+00
  35    -4.0800       0.000 0.3500   0.3000E+02  0.0000E+00 -0.3000E+02  0.0000E+00      -1  -0.100E+01   20.00  0.1681E-05  0.0000E+00
  36    -4.2000       0.000 0.3500   0.3000E+02  0.0000E+00 -0.3000E+02  0.0000E+00      -1  -0.100E+01   20.00  0.1847E-05  0.0000E+00
  37    -4.3200       0.000 0.3500   0.3000E+02  0.0000E+00 -0.3000E+02  0.0000E+00      -1  -0.100E+01   20.00  0.2024E-05  0.0000E+00
  38    -4.4400       0.000 0.3500   0.3000E+02  0.0000E+00 -0.3000E+02  0.0000E+00      -1  -0.100E+01   20.00  0.2214E-05  0.0000E+00
  39    -4.5600       0.000 0.3500   0.3000E+02  0.0000E+00 -0.3000E+02  0.0000E+00      -1  -0.100E+01   20.00  0.2417E-05  0.0000E+00
  40    -4.6800       0.000 0.3500   0.3000E+02  0.0000E+00 -0.3000E+02  0.0000E+00      -1  -0.100E+01   20.00  0.2634E-05  0.0000E+00
  41    -4.8000       0.000 0.3500   0.3000E+02  0.0000E+00 -0.3000E+02  0.0000E+00      -1  -0.100E+01   20.00  0.2864E-05  0.0000E+00
  42    -4.9200       0.000 0.3500   0.3000E+02  0.0000E+00 -0.3000E+02  0.0000E+00      -1  -0.100E+01   20.00  0.3110E-05  0.0000E+00
  43    -5.0400       0.000 0.3500   0.3000E+02  0.0000E+00 -0.3000E+02  0.0000E+00      -1  -0.100E+01   20.00  0.3370E-05  0.0000E+00
  44    -5.1600       0.000 0.3500   0.3000E+02  0.0000E+00 -0.3000E+02  0.0000E+00      -1  -0.100E+01   20.00  0.3646E-05  0.0000E+00
  45    -5.2800       0.000 0.3500   0.3000E+02  0.0000E+00 -0.3000E+02  0.0000E+00      -1  -0.100E+01   20.00  0.3939E-05  0.0000E+00
  46    -5.4000       0.000 0.3500   0.3000E+02  0.0000E+00 -0.3000E+02  0.0000E+00      -1  -0.100E+01   20.00  0.4249E-05  0.0000E+00
  47    -5.5200       0.000 0.3500   0.3000E+02  0.0000E+00 -0.3000E+02  0.0000E+00      -1  -0.100E+01   20.00  0.4576E-05  0.0000E+00
  48    -5.6400       0.000 0.3500   0.3000E+02  0.0000E+00 -0.3000E+02  0.0000E+00      -1  -0.100E+01   20.00  0.4921E-05  0.0000E+00
  49    -5.7600       0.000 0.3500   0.3000E+02  0.0000E+00 -0.3000E+02  0.0000E+00      -1  -0.100E+01   20.00  0.5285E-05  0.0000E+00
  50    -5.8800       0.000 0.3500   0.3000E+02  0.0000E+00 -0.3000E+02  0.0000E+00      -1  -0.100E+01   20.00  0.5668E-05  0.0000E+00
  51    -6.0000       0.000 0.3500   0.3000E+02  0.0000E+00 -0.3000E+02  0.0000E+00      -1  -0.100E+01   20.00  0.6071E-05  0.0000E+00
  52    -6.1200       0.000 0.3500   0.3000E+02  0.0000E+00 -0.3000E+02  0.0000E+00      -1  -0.100E+01   20.00  0.6494E-05  0.0000E+00
  53    -6.2400       0.000 0.3500   0.3000E+02  0.0000E+00 -0.3000E+02  0.0000E+00      -1  -0.100E+01   20.00  0.6939E-05  0.0000E+00
  54    -6.3600       0.000 0.3500   0.3000E+02  0.0000E+00 -0.3000E+02  0.0000E+00      -1  -0.100E+01   20.00  0.7404E-05  0.0000E+00
  55    -6.4800       0.000 0.3500   0.3000E+02  0.0000E+00 -0.3000E+02  0.0000E+00      -1  -0.100E+01   20.00  0.7892E-05  0.0000E+00
  56    -6.6000       0.000 0.3500   0.3000E+02  0.0000E+00 -0.3000E+02  0.0000E+00      -1  -0.100E+01   20.00  0.8402E-05  0.0000E+00
  57    -6.7200       0.000 0.3500   0.3000E+02  0.0000E+00 -0.3000E+02  0.0000E+00      -1  -0.100E+01   20.00  0.8936E-05  0.0000E+00
  58    -6.8400       0.000 0.3500   0.3000E+02  0.0000E+00 -0.3000E+02  0.0000E+00      -1  -0.100E+01   20.00  0.9493E-05  0.0000E+00
  59    -6.9600       0.000 0.3500   0.3000E+02  0.0000E+00 -0.3000E+02  0.0000E+00      -1  -0.100E+01   20.00  0.1007E-04  0.0000E+00
  60    -7.0800       0.000 0.3500   0.3000E+02  0.0000E+00 -0.3000E+02  0.0000E+00      -1  -0.100E+01   20.00  0.1068E-04  0.0000E+00
  61    -7.2000       0.000 0.3500   0.3000E+02  0.0000E+00 -0.3000E+02  0.0000E+00      -1  -0.100E+01   20.00  0.1131E-04  0.0000E+00
  62    -7.3200       0.000 0.3500   0.3000E+02  0.0000E+00 -0.3000E+02  0.0000E+00      -1  -0.100E+01   20.00  0.1196E-04  0.0000E+00
  63    -7.4400       0.000 0.3500   0.3000E+02  0.0000E+00 -0.3000E+02  0.0000E+00      -1  -0.100E+01   20.00  0.1264E-04  0.0000E+00
  64    -7.5600       0.000 0.3500   0.3000E+02  0.0000E+00 -0.3000E+02  0.0000E+00      -1  -0.100E+01   20.00  0.1335E-04  0.0000E+00
  65    -7.6800       0.000 0.3500   0.3000E+02  0.0000E+00 -0.3000E+02  0.0000E+00      -1  -0.100E+01   20.00  0.1408E-04  0.0000E+00
  66    -7.8000       0.000 0.3500   0.3000E+02  0.0000E+00 -0.3000E+02  0.0000E+00      -1  -0.100E+01   20.00  0.1484E-04  0.0000E+00
  67    -7.9200       0.000 0.3500   0.3000E+02  0.0000E+00 -0.3000E+02  0.0000E+00      -1  -0.100E+01   20.00  0.1563E-04  0.0000E+00
  68    -8.0400       0.000 0.3500   0.3000E+02  0.0000E+00 -0.3000E+02  0.0000E+00      -1  -0.100E+01   20.00  0.1644E-04  0.0000E+00
  69    -8.1600       0.000 0.3500   0.3000E+02  0.0000E+00 -0.3000E+02  0.0000E+00      -1  -0.100E+01   20.00  0.1729E-04  0.0000E+00
  70    -8.2800       0.000 0.3500   0.3000E+02  0.0000E+00 -0.3000E+02  0.0000E+00      -1  -0.100E+01   20.00  0.1815E-04  0.0000E+00
  71    -8.4000       0.000 0.3500   0.3000E+02  0.0000E+00 -0.3000E+02  0.0000E+00      -1  -0.100E+01   20.00  0.1905E-04  0.0000E+00
  72    -8.5200       0.000 0.3500   0.3000E+02  0.0000E+00 -0.3000E+02  0.0000E+00      -1  -0.100E+01   20.00  0.1997E-04  0.0000E+00
  73    -8.6400       0.000 0.3500   0.3000E+02  0.0000E+00 -0.3000E+02  0.0000E+00      -1  -0.100E+01   20.00  0.2092E-04  0.0000E+00
  74    -8.7600       0.000 0.3500   0.3000E+02  0.0000E+00 -0.3000E+02  0.0000E+00      -1  -0.100E+01   20.00  0.2190E-04  0.0000E+00
  75    -8.8800       0.000 0.3500   0.3000E+02  0.0000E+00 -0.3000E+02  0.0000E+00      -1  -0.100E+01   20.00  0.2291E-04  0.0000E+00
  76    -9.0000       0.000 0.3500   0.3000E+02  0.0000E+00 -0.3000E+02  0.0000E+00      -1  -0.100E+01   20.00  0.2394E-04  0.0000E+00
  77    -9.1200       0.000 0.3500   0.3000E+02  0.0000E+00 -0.3000E+02  0.0000E+00      -1  -0.100E+01   20.00  0.2500E-04  0.0000E+00
  78    -9.2400       0.000 0.3500   0.3000E+02  0.0000E+00 -0.3000E+02  0.0000E+00      -1  -0.100E+01   20.00  0.2608E-04  0.0000E+00
  79    -9.3600       0.000 0.3500   0.3000E+02  0.0000E+00 -0.3000E+02  0.0000E+00      -1  -0.100E+01   20.00  0.2719E-04  0.0000E+00
  80    -9.4800       0.000 0.3500   0.3000E+02  0.0000E+00 -0.3000E+02  0.0000E+00      -1  -0.100E+01   20.00  0.2833E-04  0.0000E+00
  81    -9.6000       0.000 0.3500   0.3000E+02  0.0000E+00 -0.3000E+02  0.0000E+00      -1  -0.100E+01   20.00  0.2949E-04  0.0000E+00
  82    -9.7200       0.000 0.3500   0.3000E+02  0.0000E+00 -0.3000E+02  0.0000E+00      -1  -0.100E+01   20.00  0.3068E-04  0.0000E+00
  83    -9.8400       0.000 0.3500   0.3000E+02  0.0000E+00 -0.3000E+02  0.0000E+00      -1  -0.100E+01   20.00  0.3189E-04  0.0000E+00
  84    -9.9600       0.000 0.3500   0.3000E+02  0.0000E+00 -0.3000E+02  0.0000E+00      -1  -0.100E+01   20.00  0.3313E-04  0.0000E+00
  85   -10.0800       0.000 0.3500   0.3000E+02  0.0000E+00 -0.3000E+02  0.0000E+00      -1  -0.100E+01   20.00  0.3439E-04  0.0000E+00
  86   -10.2000       0.000 0.3500   0.3000E+02  0.0000E+00 -0.3000E+02  0.0000E+00      -1  -0.100E+01   20.00  0.3567E-04  0.0000E+00
  87   -10.3200       0.000 0.3500   0.3000E+02  0.0000E+00 -0.3000E+02  0.0000E+00      -1  -0.100E+01   20.00  0.3697E-04  0.0000E+00
  88   -10.4400       0.000 0.3500   0.3000E+02  0.0000E+00 -0.3000E+02  0.0000E+00      -1  -0.100E+01   20.00  0.3829E-04  0.0000E+00
  89   -10.5600       0.000 0.3500   0.3000E+02  0.0000E+00 -0.3000E+02  0.0000E+00      -1  -0.100E+01   20.00  0.3962E-04  0.0000E+00
  90   -10.6800       0.000 0.3500   0.3000E+02  0.0000E+00 -0.3000E+02  0.0000E+00      -1  -0.100E+01   20.00  0.4098E-04  0.0000E+00
  91   -10.8000       0.000 0.3500   0.3000E+02  0.0000E+00 -0.3000E+02  0.0000E+00      -1  -0.100E+01   20.00  0.4235E-04  0.0000E+00
  92   -10.9200       0.000 0.3500   0.3000E+02  0.0000E+00 -0.3000E+02  0.0000E+00      -1  -0.100E+01   20.00  0.4373E-04  0.0000E+00
  93   -11.0400       0.000 0.3500   0.3000E+02  0.0000E+00 -0.3000E+02  0.0000E+00      -1  -0.100E+01   20.00  0.4512E-04  0.0000E+00
  94   -11.1600       0.000 0.3500   0.3000E+02  0.0000E+00 -0.3000E+02  0.0000E+00      -1  -0.100E+01   20.00  0.4652E-04  0.0000E+00
  95   -11.2800       0.000 0.3500   0.3000E+02  0.0000E+00 -0.3000E+02  0.0000E+00      -1  -0.100E+01   20.00  0.4791E-04  0.0000E+00
  96   -11.4000       0.000 0.3500   0.3000E+02  0.0000E+00 -0.3000E+02  0.0000E+00      -1  -0.100E+01   20.00  0.4928E-04  0.0000E+00
  97   -11.5200       0.000 0.3500   0.3000E+02  0.0000E+00 -0.3000E+02  0.0000E+00      -1  -0.100E+01   20.00  0.5060E-04  0.0000E+00
  98   -11.6400       0.000 0.3500   0.3000E+02  0.0000E+00 -0.3000E+02  0.0000E+00      -1  -0.100E+01   20.00  0.5182E-04  0.0000E+00
  99   -11.7600       0.000 0.3500   0.3000E+02  0.0000E+00 -0.3000E+02  0.0000E+00      -1  -0.100E+01   20.00  0.5285E-04  0.0000E+00
 100   -11.8800       0.000 0.3500   0.3000E+02  0.0000E+00 -0.3000E+02  0.0000E+00      -1  -0.100E+01   20.00  0.5352E-04  0.0000E+00
 101   -12.0000       0.000 0.3500   0.3000E+02  0.0000E+00 -0.3000E+02  0.0000E+00      -1  -0.100E+01   20.00  0.5352E-04  0.0000E+00
end


 Time:       20.0000


 Node      Depth      Head Moisture       K          C         Flux        Sink         Kappa   v/KsTop   Temp   Conc(1..NS) Sorb(1...NS)   ConcL       ConcS       ConcG       ConcT
           [L]        [L]    [-]        [L/T]      [1/L]      [L/T]        [1/T]         [-]      [-]      [C]      [M/L*3]                [M/L*3]      [M/M]      [M/L*3]     [M/L*3]

   1     0.0000       0.000 0.3500   0.3000E+02  0.0000E+00 -0.3000E+02  0.0000E+00      -1  -0.100E+01   20.00  0.0000E+00  0.0000E+00
   2    -0.1200       0.000 0.3500   0.3000E+02  0.0000E+00 -0.3000E+02  0.0000E+00      -1  -0.100E+01   20.00  0.5397E-10  0.0000E+00
   3    -0.2400       0.000 0.3500   0.3000E+02  0.0000E+00 -0.3000E+02  0.0000E+00      -1  -0.100E+01   20.00  0.1369E-09  0.0000E+00
   4    -0.3600       0.000 0.3500   0.3000E+02  0.0000E+00 -0.3000E+02  0.0000E+00      -1  -0.100E+01   20.00  0.2545E-09  0.0000E+00
   5    -0.4800       0.000 0.3500   0.3000E+02  0.0000E+00 -0.3000E+02  0.0000E+00      -1  -0.100E+01   20.00  0.4134E-09  0.0000E+00
   6    -0.6000       0.000 0.3500   0.3000E+02  0.0000E+00 -0.3000E+02  0.0000E+00      -1  -0.100E+01   20.00  0.6206E-09  0.0000E+00
   7    -0.7200       0.000 0.3500   0.3000E+02  0.0000E+00 -0.3000E+02  0.0000E+00      -1  -0.100E+01   20.00  0.8840E-09  0.0000E+00
   8    -0.8400       0.000 0.3500   0.3000E+02  0.0000E+00 -0.3000E+02  0.0000E+00      -1  -0.100E+01   20.00  0.1212E-08  0.0000E+00
   9    -0.9600       0.000 0.3500   0.3000E+02  0.0000E+00 -0.3000E+02  0.0000E+00      -1  -0.100E+01   20.00  0.1613E-08  0.0000E+00
  10    -1.0800       0.000 0.3500   0.3000E+02  0.0000E+00 -0.3000E+02  0.0000E+00      -1  -0.100E+01   20.00  0.2098E-08  0.0000E+00
  11    -1.2000       0.000 0.3500   0.3000E+02  0.0000E+00 -0.3000E+02  0.0000E+00      -1  -0.100E+01   20.00  0.2676E-08  0.0000E+00
  12    -1.3200       0.000 0.3500   0.3000E+02  0.0000E+00 -0.3000E+02  0.0000E+00      -1  -0.100E+01   20.00  0.3358E-08  0.0000E+00
  13    -1.4400       0.000 0.3500   0.3000E+02  0.0000E+00 -0.3000E+02  0.0000E+00      -1  -0.100E+01   20.00  0.4157E-08  0.0000E+00
  14    -1.5600       0.000 0.3500   0.3000E+02  0.0000E+00 -0.3000E+02  0.0000E+00      -1  -0.100E+01   20.00  0.5085E-08  0.0000E+00
  15    -1.6800       0.000 0.3500   0.3000E+02  0.0000E+00 -0.3000E+02  0.0000E+00      -1  -0.100E+01   20.00  0.6155E-08  0.0000E+00
  16    -1.8000       0.000 0.3500   0.3000E+02  0.0000E+00 -0.3000E+02  0.0000E+00      -1  -0.100E+01   20.00  0.7381E-08  0.0000E+00
  17    -1.9200       0.000 0.3500   0.3000E+02  0.0000E+00 -0.3000E+02  0.0000E+00      -1  -0.100E+01   20.00  0.8778E-08  0.0000E+00
  18    -2.0400       0.000 0.3500   0.3000E+02  0.0000E+00 -0.3000E+02  0.0000E+00      -1  -0.100E+01   20.00  0.1036E-07  0.0000E+00
  19    -2.1600       0.000 0.3500   0.3000E+02  0.0000E+00 -0.3000E+02  0.0000E+00      -1  -0.100E+01   20.00  0.1215E-07  0.0000E+00
  20    -2.2800       0.000 0.3500   0.3000E+02  0.0000E+00 -0.3000E+02  0.0000E+00      -1  -0.100E+01   20.00  0.1415E-07  0.0000E+00
  21    -2.4000       0.000 0.3500   0.3000E+02  0.0000E+00 -0.3000E+02  0.0000E+00      -1  -0.100E+01   20.00  0.1639E-07  0.0000E+00
  22    -2.5200       0.000 0.3500   0.3000E+02  0.0000E+00 -0.3000E+02  0.0000E+00      -1  -0.100E+01   20.00  0.1889E-07  0.0000E+00
  23    -2.6400       0.000 0.3500   0.3000E+02  0.0000E+00 -0.3000E+02  0.0000E+00      -1  -0.100E+01   20.00  0.2167E-07  0.0000E+00
  24    -2.7600       0.000 0.3500   0.3000E+02  0.0000E+00 -0.3000E+02  0.0000E+00      -1  -0.100E+01   20.00  0.2474E-07  0.0000E+00
  25    -2.8800       0.000 0.3500   0.3000E+02  0.0000E+00 -0.3000E+02  0.0000E+00      -1  -0.100E+01   20.00  0.2813E-07  0.0000E+00
  26    -3.0000       0.000 0.3500   0.3000E+02  0.0000E+00 -0.3000E+02  0.0000E+00      -1  -0.100E+01   20.00  0.3186E-07  0.0000E+00
  27    -3.1200       0.000 0.3500   0.3000E+02  0.0000E+00 -0.3000E+02  0.0000E+00      -1  -0.100E+01   20.00  0.3596E-07  0.0000E+00
  28    -3.2400       0.000 0.3500   0.3000E+02  0.0000E+00 -0.3000E+02  0.0000E+00      -1  -0.100E+01   20.00  0.4044E-07  0.0000E+00
  29    -3.3600       0.000 0.3500   0.3000E+02  0.0000E+00 -0.3000E+02  0.0000E+00      -1  -0.100E+01   20.00  0.4533E-07  0.0000E+00
  30    -3.4800       0.000 0.3500   0.3000E+02  0.0000E+00 -0.3000E+02  0.0000E+00      -1  -0.100E+01   20.00  0.5067E-07  0.0000E+00
  31    -3.6000       0.000 0.3500   0.3000E+02  0.0000E+00 -0.3000E+02  0.0000E+00      -1  -0.100E+01   20.00  0.5647E-07  0.0000E+00
  32    -3.7200       0.000 0.3500   0.3000E+02  0.0000E+00 -0.3000E+02  0.0000E+00      -1  -0.100E+01   20.00  0.6276E-07  0.0000E+00
  33    -3.8400       0.000 0.3500   0.3000E+02  0.0000E+00 -0.3000E+02  0.0000E+00      -1  -0.100E+01   20.00  0.6958E-07  0.0000E+00
  34    -3.9600       0.000 0.3500   0.3000E+02  0.0000E+00 -0.3000E+02  0.0000E+00      -1  -0.100E+01   20.00  0.7695E-07  0.0000E+00
  35    -4.0800       0.000 0.3500   0.3000E+02  0.0000E+00 -0.3000E+02  0.0000E+00      -1  -0.100E+01   20.00  0.8490E-07  0.0000E+00
  36    -4.2000       0.000 0.3500   0.3000E+02  0.0000E+00 -0.3000E+02  0.0000E+00      -1  -0.100E+01   20.00  0.9347E-07  0.0000E+00
  37    -4.3200       0.000 0.3500   0.3000E+02  0.0000E+00 -0.3000E+02  0.0000E+00      -1  -0.100E+01   20.00  0.1027E-06  0.0000E+00
  38    -4.4400       0.000 0.3500   0.3000E+02  0.0000E+00 -0.3000E+02  0.0000E+00      -1  -0.100E+01   20.00  0.1126E-06  0.0000E+00
  39    -4.5600       0.000 0.3500   0.3000E+02  0.0000E+00 -0.3000E+02  0.0000E+00      -1  -0.100E+01   20.00  0.1232E-06  0.0000E+00
  40    -4.6800       0.000 0.3500   0.3000E+02  0.0000E+00 -0.3000E+02  0.0000E+00      -1  -0.100E+01   20.00  0.1346E-06  0.0000E+00
  41    -4.8000       0.000 0.3500   0.3000E+02  0.0000E+00 -0.3000E+02  0.0000E+00      -1  -0.100E+01   20.00  0.1468E-06  0.0000E+00
  42    -4.9200       0.000 0.3500   0.3000E+02  0.0000E+00 -0.3000E+02  0.0000E+00      -1  -0.100E+01   20.00  0.1598E-06  0.0000E+00
  43    -5.0400       0.000 0.3500   0.3000E+02  0.0000E+00 -0.3000E+02  0.0000E+00      -1  -0.100E+01   20.00  0.1736E-06  0.0000E+00
  44    -5.1600       0.000 0.3500   0.3000E+02  0.0000E+00 -0.3000E+02  0.0000E+00      -1  -0.100E+01   20.00  0.1884E-06  0.0000E+00
  45    -5.2800       0.000 0.3500   0.3000E+02  0.0000E+00 -0.3000E+02  0.0000E+00      -1  -0.100E+01   20.00  0.2042E-06  0.0000E+00
  46    -5.4000       0.000 0.3500   0.3000E+02  0.0000E+00 -0.3000E+02  0.0000E+00      -1  -0.100E+01   20.00  0.2209E-06  0.0000E+00
  47    -5.5200       0.000 0.3500   0.3000E+02  0.0000E+00 -0.3000E+02  0.0000E+00      -1  -0.100E+01   20.00  0.2387E-06  0.0000E+00
  48    -5.6400       0.000 0.3500   0.3000E+02  0.0000E+00 -0.3000E+02  0.0000E+00      -1  -0.100E+01   20.00  0.2575E-06  0.0000E+00
  49    -5.7600       0.000 0.3500   0.3000E+02  0.0000E+00 -0.3000E+02  0.0000E+00      -1  -0.100E+01   20.00  0.2775E-06  0.0000E+00
  50    -5.8800       0.000 0.3500   0.3000E+02  0.0000E+00 -0.3000E+02  0.0000E+00      -1  -0.100E+01   20.00  0.2987E-06  0.0000E+00
  51    -6.0000       0.000 0.3500   0.3000E+02  0.0000E+00 -0.3000E+02  0.0000E+00      -1  -0.100E+01   20.00  0.3211E-06  0.0000E+00
  52    -6.1200       0.000 0.3500   0.3000E+02  0.0000E+00 -0.3000E+02  0.0000E+00      -1  -0.100E+01   20.00  0.3447E-06  0.0000E+00
  53    -6.2400       0.000 0.3500   0.3000E+02  0.0000E+00 -0.3000E+02  0.0000E+00      -1  -0.100E+01   20.00  0.3697E-06  0.0000E+00
  54    -6.3600       0.000 0.3500   0.3000E+02  0.0000E+00 -0.3000E+02  0.0000E+00      -1  -0.100E+01   20.00  0.3961E-06  0.0000E+00
  55    -6.4800       0.000 0.3500   0.3000E+02  0.0000E+00 -0.3000E+02  0.0000E+00      -1  -0.100E+01   20.00  0.4239E-06  0.0000E+00
  56    -6.6000       0.000 0.3500   0.3000E+02  0.0000E+00 -0.3000E+02  0.0000E+00      -1  -0.100E+01   20.00  0.4533E-06  0.0000E+00
  57    -6.7200       0.000 0.3500   0.3000E+02  0.0000E+00 -0.3000E+02  0.0000E+00      -1  -0.100E+01   20.00  0.4841E-06  0.0000E+00
  58    -6.8400       0.000 0.3500   0.3000E+02  0.0000E+00 -0.3000E+02  0.0000E+00      -1  -0.100E+01   20.00  0.5166E-06  0.0000E+00
  59    -6.9600       0.000 0.3500   0.3000E+02  0.0000E+00 -0.3000E+02  0.0000E+00      -1  -0.100E+01   20.00  0.5507E-06  0.0000E+00
  60    -7.0800       0.000 0.3500   0.3000E+02  0.0000E+00 -0.3000E+02  0.0000E+00      -1  -0.100E+01   20.00  0.5865E-06  0.0000E+00
  61    -7.2000       0.000 0.3500   0.3000E+02  0.0000E+00 -0.3000E+02  0.0000E+00      -1  -0.100E+01   20.00  0.6242E-06  0.0000E+00
  62    -7.3200       0.000 0.3500   0.3000E+02  0.0000E+00 -0.3000E+02  0.0000E+00      -1  -0.100E+01   20.00  0.6636E-06  0.0000E+00
  63    -7.4400       0.000 0.3500   0.3000E+02  0.0000E+00 -0.3000E+02  0.0000E+00      -1  -0.100E+01   20.00  0.7050E-06  0.0000E+00
  64    -7.5600       0.000 0.3500   0.3000E+02  0.0000E+00 -0.3000E+02  0.0000E+00      -1  -0.100E+01   20.00  0.7483E-06  0.0000E+00
  65    -7.6800       0.000 0.3500   0.3000E+02  0.0000E+00 -0.3000E+02  0.0000E+00      -1  -0.100E+01   20.00  0.7937E-06  0.0000E+00
  66    -7.8000       0.000 0.3500   0.3000E+02  0.0000E+00 -0.3000E+02  0.0000E+00      -1  -0.100E+01   20.00  0.8412E-06  0.0000E+00
  67    -7.9200       0.000 0.3500   0.3000E+02  0.0000E+00 -0.3000E+02  0.0000E+00      -1  -0.100E+01   20.00  0.8908E-06  0.0000E+00
  68    -8.0400       0.000 0.3500   0.3000E+02  0.0000E+00 -0.3000E+02  0.0000E+00      -1  -0.100E+01   20.00  0.9427E-06  0.0000E+00
  69    -8.1600       0.000 0.3500   0.3000E+02  0.0000E+00 -0.3000E+02  0.0000E+00      -1  -0.100E+01   20.00  0.9969E-06  0.0000E+00
  70    -8.2800       0.000 0.3500   0.3000E+02  0.0000E+00 -0.3000E+02  0.0000E+00      -1  -0.100E+01   20.00  0.1054E-05  0.0000E+00
  71    -8.4000       0.000 0.3500   0.3000E+02  0.0000E+00 -0.3000E+02  0.0000E+00      -1  -0.100E+01   20.00  0.1113E-05  0.0000E+00
  72    -8.5200       0.000 0.3500   0.3000E+02  0.0000E+00 -0.3000E+02  0.0000E+00      -1  -0.100E+01   20.00  0.1174E-05  0.0000E+00
  73    -8.6400       0.000 0.3500   0.3000E+02  0.0000E+00 -0.3000E+02  0.0000E+00      -1  -0.100E+01   20.00  0.1238E-05  0.0000E+00
  74    -8.7600       0.000 0.3500   0.3000E+02  0.0000E+00 -0.3000E+02  0.0000E+00      -1  -0.100E+01   20.00  0.1305E-05  0.0000E+00
  75    -8.8800       0.000 0.3500   0.3000E+02  0.0000E+00 -0.3000E+02  0.0000E+00      -1  -0.100E+01   20.00  0.1375E-05  0.0000E+00
  76    -9.0000       0.000 0.3500   0.3000E+02  0.0000E+00 -0.3000E+02  0.0000E+00      -1  -0.100E+01   20.00  0.1447E-05  0.0000E+00
  77    -9.1200       0.000 0.3500   0.3000E+02  0.0000E+00 -0.3000E+02  0.0000E+00      -1  -0.100E+01   20.00  0.1523E-05  0.0000E+00
  78    -9.2400       0.000 0.3500   0.3000E+02  0.0000E+00 -0.3000E+02  0.0000E+00      -1  -0.100E+01   20.00  0.1601E-05  0.0000E+00
  79    -9.3600       0.000 0.3500   0.3000E+02  0.0000E+00 -0.3000E+02  0.0000E+00      -1  -0.100E+01   20.00  0.1682E-05  0.0000E+00
  80    -9.4800       0.000 0.3500   0.3000E+02  0.0000E+00 -0.3000E+02  0.0000E+00      -1  -0.100E+01   20.00  0.1767E-05  0.0000E+00
  81    -9.6000       0.000 0.3500   0.3000E+02  0.0000E+00 -0.3000E+02  0.0000E+00      -1  -0.100E+01   20.00  0.1855E-05  0.0000E+00
  82    -9.7200       0.000 0.3500   0.3000E+02  0.0000E+00 -0.3000E+02  0.0000E+00      -1  -0.100E+01   20.00  0.1946E-05  0.0000E+00
  83    -9.8400       0.000 0.3500   0.3000E+02  0.0000E+00 -0.3000E+02  0.0000E+00      -1  -0.100E+01   20.00  0.2041E-05  0.0000E+00
  84    -9.9600       0.000 0.3500   0.3000E+02  0.0000E+00 -0.3000E+02  0.0000E+00      -1  -0.100E+01   20.00  0.2139E-05  0.0000E+00
  85   -10.0800       0.000 0.3500   0.3000E+02  0.0000E+00 -0.3000E+02  0.0000E+00      -1  -0.100E+01   20.00  0.2241E-05  0.0000E+00
  86   -10.2000       0.000 0.3500   0.3000E+02  0.0000E+00 -0.3000E+02  0.0000E+00      -1  -0.100E+01   20.00  0.2346E-05  0.0000E+00
  87   -10.3200       0.000 0.3500   0.3000E+02  0.0000E+00 -0.3000E+02  0.0000E+00      -1  -0.100E+01   20.00  0.2455E-05  0.0000E+00
  88   -10.4400       0.000 0.3500   0.3000E+02  0.0000E+00 -0.3000E+02  0.0000E+00      -1  -0.100E+01   20.00  0.2568E-05  0.0000E+00
  89   -10.5600       0.000 0.3500   0.3000E+02  0.0000E+00 -0.3000E+02  0.0000E+00      -1  -0.100E+01   20.00  0.2685E-05  0.0000E+00
  90   -10.6800       0.000 0.3500   0.3000E+02  0.0000E+00 -0.3000E+02  0.0000E+00      -1  -0.100E+01   20.00  0.2806E-05  0.0000E+00
  91   -10.8000       0.000 0.3500   0.3000E+02  0.0000E+00 -0.3000E+02  0.0000E+00      -1  -0.100E+01   20.00  0.2930E-05  0.0000E+00
  92   -10.9200       0.000 0.3500   0.3000E+02  0.0000E+00 -0.3000E+02  0.0000E+00      -1  -0.100E+01   20.00  0.3059E-05  0.0000E+00
  93   -11.0400       0.000 0.3500   0.3000E+02  0.0000E+00 -0.3000E+02  0.0000E+00      -1  -0.100E+01   20.00  0.3191E-05  0.0000E+00
  94   -11.1600       0.000 0.3500   0.3000E+02  0.0000E+00 -0.3000E+02  0.0000E+00      -1  -0.100E+01   20.00  0.3327E-05  0.0000E+00
  95   -11.2800       0.000 0.3500   0.3000E+02  0.0000E+00 -0.3000E+02  0.0000E+00      -1  -0.100E+01   20.00  0.3464E-05  0.0000E+00
  96   -11.4000       0.000 0.3500   0.3000E+02  0.0000E+00 -0.3000E+02  0.0000E+00      -1  -0.100E+01   20.00  0.3603E-05  0.0000E+00
  97   -11.5200       0.000 0.3500   0.3000E+02  0.0000E+00 -0.3000E+02  0.0000E+00      -1  -0.100E+01   20.00  0.3738E-05  0.0000E+00
  98   -11.6400       0.000 0.3500   0.3000E+02  0.0000E+00 -0.3000E+02  0.0000E+00      -1  -0.100E+01   20.00  0.3865E-05  0.0000E+00
  99   -11.7600       0.000 0.3500   0.3000E+02  0.0000E+00 -0.3000E+02  0.0000E+00      -1  -0.100E+01   20.00  0.3974E-05  0.0000E+00
 100   -11.8800       0.000 0.3500   0.3000E+02  0.0000E+00 -0.3000E+02  0.0000E+00      -1  -0.100E+01   20.00  0.4045E-05  0.0000E+00
 101   -12.0000       0.000 0.3500   0.3000E+02  0.0000E+00 -0.3000E+02  0.0000E+00      -1  -0.100E+01   20.00  0.4045E-05  0.0000E+00
end


 Time:       30.0000


 Node      Depth      Head Moisture       K          C         Flux        Sink         Kappa   v/KsTop   Temp   Conc(1..NS) Sorb(1...NS)   ConcL       ConcS       ConcG       ConcT
           [L]        [L]    [-]        [L/T]      [1/L]      [L/T]        [1/T]         [-]      [-]      [C]      [M/L*3]                [M/L*3]      [M/M]      [M/L*3]     [M/L*3]

   1     0.0000       0.000 0.3500   0.3000E+02  0.0000E+00 -0.3000E+02  0.0000E+00      -1  -0.100E+01   20.00  0.0000E+00  0.0000E+00
   2    -0.1200       0.000 0.3500   0.3000E+02  0.0000E+00 -0.3000E+02  0.0000E+00      -1  -0.100E+01   20.00  0.8320E-11  0.0000E+00
   3    -0.2400       0.000 0.3500   0.3000E+02  0.0000E+00 -0.3000E+02  0.0000E+00      -1  -0.100E+01   20.00  0.2110E-10  0.0000E+00
   4    -0.3600       0.000 0.3500   0.3000E+02  0.0000E+00 -0.3000E+02  0.0000E+00      -1  -0.100E+01   20.00  0.3924E-10  0.0000E+00
   5    -0.4800       0.000 0.3500   0.3000E+02  0.0000E+00 -0.3000E+02  0.0000E+00      -1  -0.100E+01   20.00  0.6373E-10  0.0000E+00
   6    -0.6000       0.000 0.3500   0.3000E+02  0.0000E+00 -0.3000E+02  0.0000E+00      -1  -0.100E+01   20.00  0.9567E-10  0.0000E+00
   7    -0.7200       0.000 0.3500   0.3000E+02  0.0000E+00 -0.3000E+02  0.0000E+00      -1  -0.100E+01   20.00  0.1363E-09  0.0000E+00
   8    -0.8400       0.000 0.3500   0.3000E+02  0.0000E+00 -0.3000E+02  0.0000E+00      -1  -0.100E+01   20.00  0.1868E-09  0.0000E+00
   9    -0.9600       0.000 0.3500   0.3000E+02  0.0000E+00 -0.3000E+02  0.0000E+00      -1  -0.100E+01   20.00  0.2487E-09  0.0000E+00
  10    -1.0800       0.000 0.3500   0.3000E+02  0.0000E+00 -0.3000E+02  0.0000E+00      -1  -0.100E+01   20.00  0.3234E-09  0.0000E+00
  11    -1.2000       0.000 0.3500   0.3000E+02  0.0000E+00 -0.3000E+02  0.0000E+00      -1  -0.100E+01   20.00  0.4125E-09  0.0000E+00
  12    -1.3200       0.000 0.3500   0.3000E+02  0.0000E+00 -0.3000E+02  0.0000E+00      -1  -0.100E+01   20.00  0.5177E-09  0.0000E+00
  13    -1.4400       0.000 0.3500   0.3000E+02  0.0000E+00 -0.3000E+02  0.0000E+00      -1  -0.100E+01   20.00  0.6409E-09  0.0000E+00
  14    -1.5600       0.000 0.3500   0.3000E+02  0.0000E+00 -0.3000E+02  0.0000E+00      -1  -0.100E+01   20.00  0.7840E-09  0.0000E+00
  15    -1.6800       0.000 0.3500   0.3000E+02  0.0000E+00 -0.3000E+02  0.0000E+00      -1  -0.100E+01   20.00  0.9490E-09  0.0000E+00
  16    -1.8000       0.000 0.3500   0.3000E+02  0.0000E+00 -0.3000E+02  0.0000E+00      -1  -0.100E+01   20.00  0.1138E-08  0.0000E+00
  17    -1.9200       0.000 0.3500   0.3000E+02  0.0000E+00 -0.3000E+02  0.0000E+00      -1  -0.100E+01   20.00  0.1353E-08  0.0000E+00
  18    -2.0400       0.000 0.3500   0.3000E+02  0.0000E+00 -0.3000E+02  0.0000E+00      -1  -0.100E+01   20.00  0.1598E-08  0.0000E+00
  19    -2.1600       0.000 0.3500   0.3000E+02  0.0000E+00 -0.3000E+02  0.0000E+00      -1  -0.100E+01   20.00  0.1873E-08  0.0000E+00
  20    -2.2800       0.000 0.3500   0.3000E+02  0.0000E+00 -0.3000E+02  0.0000E+00      -1  -0.100E+01   20.00  0.2182E-08  0.0000E+00
  21    -2.4000       0.000 0.3500   0.3000E+02  0.0000E+00 -0.3000E+02  0.0000E+00      -1  -0.100E+01   20.00  0.2529E-08  0.0000E+00
  22    -2.5200       0.000 0.3500   0.3000E+02  0.0000E+00 -0.3000E+02  0.0000E+00      -1  -0.100E+01   20.00  0.2914E-08  0.0000E+00
  23    -2.6400       0.000 0.3500   0.3000E+02  0.0000E+00 -0.3000E+02  0.0000E+00      -1  -0.100E+01   20.00  0.3343E-08  0.0000E+00
  24    -2.7600       0.000 0.3500   0.3000E+02  0.0000E+00 -0.3000E+02  0.0000E+00      -1  -0.100E+01   20.00  0.3817E-08  0.0000E+00
  25    -2.8800       0.000 0.3500   0.3000E+02  0.0000E+00 -0.3000E+02  0.0000E+00      -1  -0.100E+01   20.00  0.4340E-08  0.0000E+00
  26    -3.0000       0.000 0.3500   0.3000E+02  0.0000E+00 -0.3000E+02  0.0000E+00      -1  -0.100E+01   20.00  0.4917E-08  0.0000E+00
  27    -3.1200       0.000 0.3500   0.3000E+02  0.0000E+00 -0.3000E+02  0.0000E+00      -1  -0.100E+01   20.00  0.5549E-08  0.0000E+00
  28    -3.2400       0.000 0.3500   0.3000E+02  0.0000E+00 -0.3000E+02  0.0000E+00      -1  -0.100E+01   20.00  0.6241E-08  0.0000E+00
  29    -3.3600       0.000 0.3500   0.3000E+02  0.0000E+00 -0.3000E+02  0.0000E+00      -1  -0.100E+01   20.00  0.6998E-08  0.0000E+00
  30    -3.4800       0.000 0.3500   0.3000E+02  0.0000E+00 -0.3000E+02  0.0000E+00      -1  -0.100E+01   20.00  0.7822E-08  0.0000E+00
  31    -3.6000       0.000 0.3500   0.3000E+02  0.0000E+00 -0.3000E+02  0.0000E+00      -1  -0.100E+01   20.00  0.8719E-08  0.0000E+00
  32    -3.7200       0.000 0.3500   0.3000E+02  0.0000E+00 -0.3000E+02  0.0000E+00      -1  -0.100E+01   20.00  0.9692E-08  0.0000E+00
  33    -3.8400       0.000 0.3500   0.3000E+02  0.0000E+00 -0.3000E+02  0.0000E+00      -1  -0.100E+01   20.00  0.1075E-07  0.0000E+00
  34    -3.9600       0.000 0.3500   0.3000E+02  0.0000E+00 -0.3000E+02  0.0000E+00      -1  -0.100E+01   20.00  0.1189E-07  0.0000E+00
  35    -4.0800       0.000 0.3500   0.3000E+02  0.0000E+00 -0.3000E+02  0.0000E+00      -1  -0.100E+01   20.00  0.1312E-07  0.0000E+00
  36    -4.2000       0.000 0.3500   0.3000E+02  0.0000E+00 -0.3000E+02  0.0000E+00      -1  -0.100E+01   20.00  0.1445E-07  0.0000E+00
  37    -4.3200       0.000 0.3500   0.3000E+02  0.0000E+00 -0.3000E+02  0.0000E+00      -1  -0.100E+01   20.00  0.1587E-07  0.0000E+00
  38    -4.4400       0.000 0.3500   0.3000E+02  0.0000E+00 -0.3000E+02  0.0000E+00      -1  -0.100E+01   20.00  0.1741E-07  0.0000E+00
  39    -4.5600       0.000 0.3500   0.3000E+02  0.0000E+00 -0.3000E+02  0.0000E+00      -1  -0.100E+01   20.00  0.1905E-07  0.0000E+00
  40    -4.6800       0.000 0.3500   0.3000E+02  0.0000E+00 -0.3000E+02  0.0000E+00      -1  -0.100E+01   20.00  0.2082E-07  0.0000E+00
  41    -4.8000       0.000 0.3500   0.3000E+02  0.0000E+00 -0.3000E+02  0.0000E+00      -1  -0.100E+01   20.00  0.2270E-07  0.0000E+00
  42    -4.9200       0.000 0.3500   0.3000E+02  0.0000E+00 -0.3000E+02  0.0000E+00      -1  -0.100E+01   20.00  0.2472E-07  0.0000E+00
  43    -5.0400       0.000 0.3500   0.3000E+02  0.0000E+00 -0.3000E+02  0.0000E+00      -1  -0.100E+01   20.00  0.2687E-07  0.0000E+00
  44    -5.1600       0.000 0.3500   0.3000E+02  0.0000E+00 -0.3000E+02  0.0000E+00      -1  -0.100E+01   20.00  0.2917E-07  0.0000E+00
  45    -5.2800       0.000 0.3500   0.3000E+02  0.0000E+00 -0.3000E+02  0.0000E+00      -1  -0.100E+01   20.00  0.3161E-07  0.0000E+00
  46    -5.4000       0.000 0.3500   0.3000E+02  0.0000E+00 -0.3000E+02  0.0000E+00      -1  -0.100E+01   20.00  0.3421E-07  0.0000E+00
  47    -5.5200       0.000 0.3500   0.3000E+02  0.0000E+00 -0.3000E+02  0.0000E+00      -1  -0.100E+01   20.00  0.3698E-07  0.0000E+00
  48    -5.6400       0.000 0.3500   0.3000E+02  0.0000E+00 -0.3000E+02  0.0000E+00      -1  -0.100E+01   20.00  0.3991E-07  0.0000E+00
  49    -5.7600       0.000 0.3500   0.3000E+02  0.0000E+00 -0.3000E+02  0.0000E+00      -1  -0.100E+01   20.00  0.4302E-07  0.0000E+00
  50    -5.8800       0.000 0.3500   0.3000E+02  0.0000E+00 -0.3000E+02  0.0000E+00      -1  -0.100E+01   20.00  0.4631E-07  0.0000E+00
  51    -6.0000       0.000 0.3500   0.3000E+02  0.0000E+00 -0.3000E+02  0.0000E+00      -1  -0.100E+01   20.00  0.4980E-07  0.0000E+00
  52    -6.1200       0.000 0.3500   0.3000E+02  0.0000E+00 -0.3000E+02  0.0000E+00      -1  -0.100E+01   20.00  0.5349E-07  0.0000E+00
  53    -6.2400       0.000 0.3500   0.3000E+02  0.0000E+00 -0.3000E+02  0.0000E+00      -1  -0.100E+01   20.00  0.5739E-07  0.0000E+00
  54    -6.3600       0.000 0.3500   0.3000E+02  0.0000E+00 -0.3000E+02  0.0000E+00      -1  -0.100E+01   20.00  0.6151E-07  0.0000E+00
  55    -6.4800       0.000 0.3500   0.3000E+02  0.0000E+00 -0.3000E+02  0.0000E+00      -1  -0.100E+01   20.00  0.6585E-07  0.0000E+00
  56    -6.6000       0.000 0.3500   0.3000E+02  0.0000E+00 -0.3000E+02  0.0000E+00      -1  -0.100E+01   20.00  0.7043E-07  0.0000E+00
  57    -6.7200       0.000 0.3500   0.3000E+02  0.0000E+00 -0.3000E+02  0.0000E+00      -1  -0.100E+01   20.00  0.7525E-07  0.0000E+00
  58    -6.8400       0.000 0.3500   0.3000E+02  0.0000E+00 -0.3000E+02  0.0000E+00      -1  -0.100E+01   20.00  0.8032E-07  0.0000E+00
  59    -6.9600       0.000 0.3500   0.3000E+02  0.0000E+00 -0.3000E+02  0.0000E+00      -1  -0.100E+01   20.00  0.8566E-07  0.0000E+00
  60    -7.0800       0.000 0.3500   0.3000E+02  0.0000E+00 -0.3000E+02  0.0000E+00      -1  -0.100E+01   20.00  0.9127E-07  0.0000E+00
  61    -7.2000       0.000 0.3500   0.3000E+02  0.0000E+00 -0.3000E+02  0.0000E+00      -1  -0.100E+01   20.00  0.9717E-07  0.0000E+00
  62    -7.3200       0.000 0.3500   0.3000E+02  0.0000E+00 -0.3000E+02  0.0000E+00      -1  -0.100E+01   20.00  0.1034E-06  0.0000E+00
  63    -7.4400       0.000 0.3500   0.3000E+02  0.0000E+00 -0.3000E+02  0.0000E+00      -1  -0.100E+01   20.00  0.1098E-06  0.0000E+00
  64    -7.5600       0.000 0.3500   0.3000E+02  0.0000E+00 -0.3000E+02  0.0000E+00      -1  -0.100E+01   20.00  0.1166E-06  0.0000E+00
  65    -7.6800       0.000 0.3500   0.3000E+02  0.0000E+00 -0.3000E+02  0.0000E+00      -1  -0.100E+01   20.00  0.1238E-06  0.0000E+00
  66    -7.8000       0.000 0.3500   0.3000E+02  0.0000E+00 -0.3000E+02  0.0000E+00      -1  -0.100E+01   20.00  0.1312E-06  0.0000E+00
  67    -7.9200       0.000 0.3500   0.3000E+02  0.0000E+00 -0.3000E+02  0.0000E+00      -1  -0.100E+01   20.00  0.1391E-06  0.0000E+00
  68    -8.0400       0.000 0.3500   0.3000E+02  0.0000E+00 -0.3000E+02  0.0000E+00      -1  -0.100E+01   20.00  0.1472E-06  0.0000E+00
  69    -8.1600       0.000 0.3500   0.3000E+02  0.0000E+00 -0.3000E+02  0.0000E+00      -1  -0.100E+01   20.00  0.1558E-06  0.0000E+00
  70    -8.2800       0.000 0.3500   0.3000E+02  0.0000E+00 -0.3000E+02  0.0000E+00      -1  -0.100E+01   20.00  0.1647E-06  0.0000E+00
  71    -8.4000       0.000 0.3500   0.3000E+02  0.0000E+00 -0.3000E+02  0.0000E+00      -1  -0.100E+01   20.00  0.1740E-06  0.0000E+00
  72    -8.5200       0.000 0.3500   0.3000E+02  0.0000E+00 -0.3000E+02  0.0000E+00      -1  -0.100E+01   20.00  0.1837E-06  0.0000E+00
  73    -8.6400       0.000 0.3500   0.3000E+02  0.0000E+00 -0.3000E+02  0.0000E+00      -1  -0.100E+01   20.00  0.1939E-06  0.0000E+00
  74    -8.7600       0.000 0.3500   0.3000E+02  0.0000E+00 -0.3000E+02  0.0000E+00      -1  -0.100E+01   20.00  0.2045E-06  0.0000E+00
  75    -8.8800       0.000 0.3500   0.3000E+02  0.0000E+00 -0.3000E+02  0.0000E+00      -1  -0.100E+01   20.00  0.2155E-06  0.0000E+00
  76    -9.0000       0.000 0.3500   0.3000E+02  0.0000E+00 -0.3000E+02  0.0000E+00      -1  -0.100E+01   20.00  0.2270E-06  0.0000E+00
  77    -9.1200       0.000 0.3500   0.3000E+02  0.0000E+00 -0.3000E+02  0.0000E+00      -1  -0.100E+01   20.00  0.2389E-06  0.0000E+00
  78    -9.2400       0.000 0.3500   0.3000E+02  0.0000E+00 -0.3000E+02  0.0000E+00      -1  -0.100E+01   20.00  0.2514E-06  0.0000E+00
  79    -9.3600       0.000 0.3500   0.3000E+02  0.0000E+00 -0.3000E+02  0.0000E+00      -1  -0.100E+01   20.00  0.2643E-06  0.0000E+00
  80    -9.4800       0.000 0.3500   0.3000E+02  0.0000E+00 -0.3000E+02  0.0000E+00      -1  -0.100E+01   20.00  0.2778E-06  0.0000E+00
  81    -9.6000       0.000 0.3500   0.3000E+02  0.0000E+00 -0.3000E+02  0.0000E+00      -1  -0.100E+01   20.00  0.2918E-06  0.0000E+00
  82    -9.7200       0.000 0.3500   0.3000E+02  0.0000E+00 -0.3000E+02  0.0000E+00      -1  -0.100E+01   20.00  0.3063E-06  0.0000E+00
  83    -9.8400       0.000 0.3500   0.3000E+02  0.0000E+00 -0.3000E+02  0.0000E+00      -1  -0.100E+01   20.00  0.3214E-06  0.0000E+00
  84    -9.9600       0.000 0.3500   0.3000E+02  0.0000E+00 -0.3000E+02  0.0000E+00      -1  -0.100E+01   20.00  0.3371E-06  0.0000E+00
  85   -10.0800       0.000 0.3500   0.3000E+02  0.0000E+00 -0.3000E+02  0.0000E+00      -1  -0.100E+01   20.00  0.3534E-06  0.0000E+00
  86   -10.2000       0.000 0.3500   0.3000E+02  0.0000E+00 -0.3000E+02  0.0000E+00      -1  -0.100E+01   20.00  0.3703E-06  0.0000E+00
  87   -10.3200       0.000 0.3500   0.3000E+02  0.0000E+00 -0.3000E+02  0.0000E+00      -1  -0.100E+01   20.00  0.3878E-06  0.0000E+00
  88   -10.4400       0.000 0.3500   0.3000E+02  0.0000E+00 -0.3000E+02  0.0000E+00      -1  -0.100E+01   20.00  0.4059E-06  0.0000E+00
  89   -10.5600       0.000 0.3500   0.3000E+02  0.0000E+00 -0.3000E+02  0.0000E+00      -1  -0.100E+01   20.00  0.4247E-06  0.0000E+00
  90   -10.6800       0.000 0.3500   0.3000E+02  0.0000E+00 -0.3000E+02  0.0000E+00      -1  -0.100E+01   20.00  0.4442E-06  0.0000E+00
  91   -10.8000       0.000 0.3500   0.3000E+02  0.0000E+00 -0.3000E+02  0.0000E+00      -1  -0.100E+01   20.00  0.4643E-06  0.0000E+00
  92   -10.9200       0.000 0.3500   0.3000E+02  0.0000E+00 -0.3000E+02  0.0000E+00      -1  -0.100E+01   20.00  0.4850E-06  0.0000E+00
  93   -11.0400       0.000 0.3500   0.3000E+02  0.0000E+00 -0.3000E+02  0.0000E+00      -1  -0.100E+01   20.00  0.5064E-06  0.0000E+00
  94   -11.1600       0.000 0.3500   0.3000E+02  0.0000E+00 -0.3000E+02  0.0000E+00      -1  -0.100E+01   20.00  0.5283E-06  0.0000E+00
  95   -11.2800       0.000 0.3500   0.3000E+02  0.0000E+00 -0.3000E+02  0.0000E+00      -1  -0.100E+01   20.00  0.5506E-06  0.0000E+00
  96   -11.4000       0.000 0.3500   0.3000E+02  0.0000E+00 -0.3000E+02  0.0000E+00      -1  -0.100E+01   20.00  0.5730E-06  0.0000E+00
  97   -11.5200       0.000 0.3500   0.3000E+02  0.0000E+00 -0.3000E+02  0.0000E+00      -1  -0.100E+01   20.00  0.5950E-06  0.0000E+00
  98   -11.6400       0.000 0.3500   0.3000E+02  0.0000E+00 -0.3000E+02  0.0000E+00      -1  -0.100E+01   20.00  0.6157E-06  0.0000E+00
  99   -11.7600       0.000 0.3500   0.3000E+02  0.0000E+00 -0.3000E+02  0.0000E+00      -1  -0.100E+01   20.00  0.6333E-06  0.0000E+00
 100   -11.8800       0.000 0.3500   0.3000E+02  0.0000E+00 -0.3000E+02  0.0000E+00      -1  -0.100E+01   20.00  0.6449E-06  0.0000E+00
 101   -12.0000       0.000 0.3500   0.3000E+02  0.0000E+00 -0.3000E+02  0.0000E+00      -1  -0.100E+01   20.00  0.6449E-06  0.0000E+00
end


 Time:       40.0000


 Node      Depth      Head Moisture       K          C         Flux        Sink         Kappa   v/KsTop   Temp   Conc(1..NS) Sorb(1...NS)   ConcL       ConcS       ConcG       ConcT
           [L]        [L]    [-]        [L/T]      [1/L]      [L/T]        [1/T]         [-]      [-]      [C]      [M/L*3]                [M/L*3]      [M/M]      [M/L*3]     [M/L*3]

   1     0.0000       0.000 0.3500   0.3000E+02  0.0000E+00 -0.3000E+02  0.0000E+00      -1  -0.100E+01   20.00  0.0000E+00  0.0000E+00
   2    -0.1200       0.000 0.3500   0.3000E+02  0.0000E+00 -0.3000E+02  0.0000E+00      -1  -0.100E+01   20.00  0.2140E-11  0.0000E+00
   3    -0.2400       0.000 0.3500   0.3000E+02  0.0000E+00 -0.3000E+02  0.0000E+00      -1  -0.100E+01   20.00  0.5427E-11  0.0000E+00
   4    -0.3600       0.000 0.3500   0.3000E+02  0.0000E+00 -0.3000E+02  0.0000E+00      -1  -0.100E+01   20.00  0.1009E-10  0.0000E+00
   5    -0.4800       0.000 0.3500   0.3000E+02  0.0000E+00 -0.3000E+02  0.0000E+00      -1  -0.100E+01   20.00  0.1639E-10  0.0000E+00
   6    -0.6000       0.000 0.3500   0.3000E+02  0.0000E+00 -0.3000E+02  0.0000E+00      -1  -0.100E+01   20.00  0.2460E-10  0.0000E+00
   7    -0.7200       0.000 0.3500   0.3000E+02  0.0000E+00 -0.3000E+02  0.0000E+00      -1  -0.100E+01   20.00  0.3504E-10  0.0000E+00
   8    -0.8400       0.000 0.3500   0.3000E+02  0.0000E+00 -0.3000E+02  0.0000E+00      -1  -0.100E+01   20.00  0.4804E-10  0.0000E+00
   9    -0.9600       0.000 0.3500   0.3000E+02  0.0000E+00 -0.3000E+02  0.0000E+00      -1  -0.100E+01   20.00  0.6395E-10  0.0000E+00
  10    -1.0800       0.000 0.3500   0.3000E+02  0.0000E+00 -0.3000E+02  0.0000E+00      -1  -0.100E+01   20.00  0.8315E-10  0.0000E+00
  11    -1.2000       0.000 0.3500   0.3000E+02  0.0000E+00 -0.3000E+02  0.0000E+00      -1  -0.100E+01   20.00  0.1061E-09  0.0000E+00
  12    -1.3200       0.000 0.3500   0.3000E+02  0.0000E+00 -0.3000E+02  0.0000E+00      -1  -0.100E+01   20.00  0.1331E-09  0.0000E+00
  13    -1.4400       0.000 0.3500   0.3000E+02  0.0000E+00 -0.3000E+02  0.0000E+00      -1  -0.100E+01   20.00  0.1648E-09  0.0000E+00
  14    -1.5600       0.000 0.3500   0.3000E+02  0.0000E+00 -0.3000E+02  0.0000E+00      -1  -0.100E+01   20.00  0.2016E-09  0.0000E+00
  15    -1.6800       0.000 0.3500   0.3000E+02  0.0000E+00 -0.3000E+02  0.0000E+00      -1  -0.100E+01   20.00  0.2440E-09  0.0000E+00
  16    -1.8000       0.000 0.3500   0.3000E+02  0.0000E+00 -0.3000E+02  0.0000E+00      -1  -0.100E+01   20.00  0.2926E-09  0.0000E+00
  17    -1.9200       0.000 0.3500   0.3000E+02  0.0000E+00 -0.3000E+02  0.0000E+00      -1  -0.100E+01   20.00  0.3480E-09  0.0000E+00
  18    -2.0400       0.000 0.3500   0.3000E+02  0.0000E+00 -0.3000E+02  0.0000E+00      -1  -0.100E+01   20.00  0.4108E-09  0.0000E+00
  19    -2.1600       0.000 0.3500   0.3000E+02  0.0000E+00 -0.3000E+02  0.0000E+00      -1  -0.100E+01   20.00  0.4816E-09  0.0000E+00
  20    -2.2800       0.000 0.3500   0.3000E+02  0.0000E+00 -0.3000E+02  0.0000E+00      -1  -0.100E+01   20.00  0.5612E-09  0.0000E+00
  21    -2.4000       0.000 0.3500   0.3000E+02  0.0000E+00 -0.3000E+02  0.0000E+00      -1  -0.100E+01   20.00  0.6502E-09  0.0000E+00
  22    -2.5200       0.000 0.3500   0.3000E+02  0.0000E+00 -0.3000E+02  0.0000E+00      -1  -0.100E+01   20.00  0.7494E-09  0.0000E+00
  23    -2.6400       0.000 0.3500   0.3000E+02  0.0000E+00 -0.3000E+02  0.0000E+00      -1  -0.100E+01   20.00  0.8595E-09  0.0000E+00
  24    -2.7600       0.000 0.3500   0.3000E+02  0.0000E+00 -0.3000E+02  0.0000E+00      -1  -0.100E+01   20.00  0.9815E-09  0.0000E+00
  25    -2.8800       0.000 0.3500   0.3000E+02  0.0000E+00 -0.3000E+02  0.0000E+00      -1  -0.100E+01   20.00  0.1116E-08  0.0000E+00
  26    -3.0000       0.000 0.3500   0.3000E+02  0.0000E+00 -0.3000E+02  0.0000E+00      -1  -0.100E+01   20.00  0.1264E-08  0.0000E+00
  27    -3.1200       0.000 0.3500   0.3000E+02  0.0000E+00 -0.3000E+02  0.0000E+00      -1  -0.100E+01   20.00  0.1427E-08  0.0000E+00
  28    -3.2400       0.000 0.3500   0.3000E+02  0.0000E+00 -0.3000E+02  0.0000E+00      -1  -0.100E+01   20.00  0.1605E-08  0.0000E+00
  29    -3.3600       0.000 0.3500   0.3000E+02  0.0000E+00 -0.3000E+02  0.0000E+00      -1  -0.100E+01   20.00  0.1799E-08  0.0000E+00
  30    -3.4800       0.000 0.3500   0.3000E+02  0.0000E+00 -0.3000E+02  0.0000E+00      -1  -0.100E+01   20.00  0.2011E-08  0.0000E+00
  31    -3.6000       0.000 0.3500   0.3000E+02  0.0000E+00 -0.3000E+02  0.0000E+00      -1  -0.100E+01   20.00  0.2242E-08  0.0000E+00
  32    -3.7200       0.000 0.3500   0.3000E+02  0.0000E+00 -0.3000E+02  0.0000E+00      -1  -0.100E+01   20.00  0.2492E-08  0.0000E+00
  33    -3.8400       0.000 0.3500   0.3000E+02  0.0000E+00 -0.3000E+02  0.0000E+00      -1  -0.100E+01   20.00  0.2764E-08  0.0000E+00
  34    -3.9600       0.000 0.3500   0.3000E+02  0.0000E+00 -0.3000E+02  0.0000E+00      -1  -0.100E+01   20.00  0.3057E-08  0.0000E+00
  35    -4.0800       0.000 0.3500   0.3000E+02  0.0000E+00 -0.3000E+02  0.0000E+00      -1  -0.100E+01   20.00  0.3374E-08  0.0000E+00
  36    -4.2000       0.000 0.3500   0.3000E+02  0.0000E+00 -0.3000E+02  0.0000E+00      -1  -0.100E+01   20.00  0.3715E-08  0.0000E+00
  37    -4.3200       0.000 0.3500   0.3000E+02  0.0000E+00 -0.3000E+02  0.0000E+00      -1  -0.100E+01   20.00  0.4082E-08  0.0000E+00
  38    -4.4400       0.000 0.3500   0.3000E+02  0.0000E+00 -0.3000E+02  0.0000E+00      -1  -0.100E+01   20.00  0.4477E-08  0.0000E+00
  39    -4.5600       0.000 0.3500   0.3000E+02  0.0000E+00 -0.3000E+02  0.0000E+00      -1  -0.100E+01   20.00  0.4900E-08  0.0000E+00
  40    -4.6800       0.000 0.3500   0.3000E+02  0.0000E+00 -0.3000E+02  0.0000E+00      -1  -0.100E+01   20.00  0.5354E-08  0.0000E+00
  41    -4.8000       0.000 0.3500   0.3000E+02  0.0000E+00 -0.3000E+02  0.0000E+00      -1  -0.100E+01   20.00  0.5840E-08  0.0000E+00
  42    -4.9200       0.000 0.3500   0.3000E+02  0.0000E+00 -0.3000E+02  0.0000E+00      -1  -0.100E+01   20.00  0.6359E-08  0.0000E+00
  43    -5.0400       0.000 0.3500   0.3000E+02  0.0000E+00 -0.3000E+02  0.0000E+00      -1  -0.100E+01   20.00  0.6913E-08  0.0000E+00
  44    -5.1600       0.000 0.3500   0.3000E+02  0.0000E+00 -0.3000E+02  0.0000E+00      -1  -0.100E+01   20.00  0.7503E-08  0.0000E+00
  45    -5.2800       0.000 0.3500   0.3000E+02  0.0000E+00 -0.3000E+02  0.0000E+00      -1  -0.100E+01   20.00  0.8132E-08  0.0000E+00
  46    -5.4000       0.000 0.3500   0.3000E+02  0.0000E+00 -0.3000E+02  0.0000E+00      -1  -0.100E+01   20.00  0.8801E-08  0.0000E+00
  47    -5.5200       0.000 0.3500   0.3000E+02  0.0000E+00 -0.3000E+02  0.0000E+00      -1  -0.100E+01   20.00  0.9513E-08  0.0000E+00
  48    -5.6400       0.000 0.3500   0.3000E+02  0.0000E+00 -0.3000E+02  0.0000E+00      -1  -0.100E+01   20.00  0.1027E-07  0.0000E+00
  49    -5.7600       0.000 0.3500   0.3000E+02  0.0000E+00 -0.3000E+02  0.0000E+00      -1  -0.100E+01   20.00  0.1107E-07  0.0000E+00
  50    -5.8800       0.000 0.3500   0.3000E+02  0.0000E+00 -0.3000E+02  0.0000E+00      -1  -0.100E+01   20.00  0.1192E-07  0.0000E+00
  51    -6.0000       0.000 0.3500   0.3000E+02  0.0000E+00 -0.3000E+02  0.0000E+00      -1  -0.100E+01   20.00  0.1281E-07  0.0000E+00
  52    -6.1200       0.000 0.3500   0.3000E+02  0.0000E+00 -0.3000E+02  0.0000E+00      -1  -0.100E+01   20.00  0.1376E-07  0.0000E+00
  53    -6.2400       0.000 0.3500   0.3000E+02  0.0000E+00 -0.3000E+02  0.0000E+00      -1  -0.100E+01   20.00  0.1477E-07  0.0000E+00
  54    -6.3600       0.000 0.3500   0.3000E+02  0.0000E+00 -0.3000E+02  0.0000E+00      -1  -0.100E+01   20.00  0.1583E-07  0.0000E+00
  55    -6.4800       0.000 0.3500   0.3000E+02  0.0000E+00 -0.3000E+02  0.0000E+00      -1  -0.100E+01   20.00  0.1695E-07  0.0000E+00
  56    -6.6000       0.000 0.3500   0.3000E+02  0.0000E+00 -0.3000E+02  0.0000E+00      -1  -0.100E+01   20.00  0.1813E-07  0.0000E+00
  57    -6.7200       0.000 0.3500   0.3000E+02  0.0000E+00 -0.3000E+02  0.0000E+00      -1  -0.100E+01   20.00  0.1937E-07  0.0000E+00
  58    -6.8400       0.000 0.3500   0.3000E+02  0.0000E+00 -0.3000E+02  0.0000E+00      -1  -0.100E+01   20.00  0.2068E-07  0.0000E+00
  59    -6.9600       0.000 0.3500   0.3000E+02  0.0000E+00 -0.3000E+02  0.0000E+00      -1  -0.100E+01   20.00  0.2205E-07  0.0000E+00
  60    -7.0800       0.000 0.3500   0.3000E+02  0.0000E+00 -0.3000E+02  0.0000E+00      -1  -0.100E+01   20.00  0.2350E-07  0.0000E+00
  61    -7.2000       0.000 0.3500   0.3000E+02  0.0000E+00 -0.3000E+02  0.0000E+00      -1  -0.100E+01   20.00  0.2502E-07  0.0000E+00
  62    -7.3200       0.000 0.3500   0.3000E+02  0.0000E+00 -0.3000E+02  0.0000E+00      -1  -0.100E+01   20.00  0.2661E-07  0.0000E+00
  63    -7.4400       0.000 0.3500   0.3000E+02  0.0000E+00 -0.3000E+02  0.0000E+00      -1  -0.100E+01   20.00  0.2828E-07  0.0000E+00
  64    -7.5600       0.000 0.3500   0.3000E+02  0.0000E+00 -0.3000E+02  0.0000E+00      -1  -0.100E+01   20.00  0.3004E-07  0.0000E+00
  65    -7.6800       0.000 0.3500   0.3000E+02  0.0000E+00 -0.3000E+02  0.0000E+00      -1  -0.100E+01   20.00  0.3188E-07  0.0000E+00
  66    -7.8000       0.000 0.3500   0.3000E+02  0.0000E+00 -0.3000E+02  0.0000E+00      -1  -0.100E+01   20.00  0.3380E-07  0.0000E+00
  67    -7.9200       0.000 0.3500   0.3000E+02  0.0000E+00 -0.3000E+02  0.0000E+00      -1  -0.100E+01   20.00  0.3582E-07  0.0000E+00
  68    -8.0400       0.000 0.3500   0.3000E+02  0.0000E+00 -0.3000E+02  0.0000E+00      -1  -0.100E+01   20.00  0.3793E-07  0.0000E+00
  69    -8.1600       0.000 0.3500   0.3000E+02  0.0000E+00 -0.3000E+02  0.0000E+00      -1  -0.100E+01   20.00  0.4013E-07  0.0000E+00
  70    -8.2800       0.000 0.3500   0.3000E+02  0.0000E+00 -0.3000E+02  0.0000E+00      -1  -0.100E+01   20.00  0.4243E-07  0.0000E+00
  71    -8.4000       0.000 0.3500   0.3000E+02  0.0000E+00 -0.3000E+02  0.0000E+00      -1  -0.100E+01   20.00  0.4484E-07  0.0000E+00
  72    -8.5200       0.000 0.3500   0.3000E+02  0.0000E+00 -0.3000E+02  0.0000E+00      -1  -0.100E+01   20.00  0.4735E-07  0.0000E+00
  73    -8.6400       0.000 0.3500   0.3000E+02  0.0000E+00 -0.3000E+02  0.0000E+00      -1  -0.100E+01   20.00  0.4997E-07  0.0000E+00
  74    -8.7600       0.000 0.3500   0.3000E+02  0.0000E+00 -0.3000E+02  0.0000E+00      -1  -0.100E+01   20.00  0.5270E-07  0.0000E+00
  75    -8.8800       0.000 0.3500   0.3000E+02  0.0000E+00 -0.3000E+02  0.0000E+00      -1  -0.100E+01   20.00  0.5555E-07  0.0000E+00
  76    -9.0000       0.000 0.3500   0.3000E+02  0.0000E+00 -0.3000E+02  0.0000E+00      -1  -0.100E+01   20.00  0.5851E-07  0.0000E+00
  77    -9.1200       0.000 0.3500   0.3000E+02  0.0000E+00 -0.3000E+02  0.0000E+00      -1  -0.100E+01   20.00  0.6160E-07  0.0000E+00
  78    -9.2400       0.000 0.3500   0.3000E+02  0.0000E+00 -0.3000E+02  0.0000E+00      -1  -0.100E+01   20.00  0.6482E-07  0.0000E+00
  79    -9.3600       0.000 0.3500   0.3000E+02  0.0000E+00 -0.3000E+02  0.0000E+00      -1  -0.100E+01   20.00  0.6817E-07  0.0000E+00
  80    -9.4800       0.000 0.3500   0.3000E+02  0.0000E+00 -0.3000E+02  0.0000E+00      -1  -0.100E+01   20.00  0.7165E-07  0.0000E+00
  81    -9.6000       0.000 0.3500   0.3000E+02  0.0000E+00 -0.3000E+02  0.0000E+00      -1  -0.100E+01   20.00  0.7527E-07  0.0000E+00
  82    -9.7200       0.000 0.3500   0.3000E+02  0.0000E+00 -0.3000E+02  0.0000E+00      -1  -0.100E+01   20.00  0.7903E-07  0.0000E+00
  83    -9.8400       0.000 0.3500   0.3000E+02  0.0000E+00 -0.3000E+02  0.0000E+00      -1  -0.100E+01   20.00  0.8294E-07  0.0000E+00
  84    -9.9600       0.000 0.3500   0.3000E+02  0.0000E+00 -0.3000E+02  0.0000E+00      -1  -0.100E+01   20.00  0.8699E-07  0.0000E+00
  85   -10.0800       0.000 0.3500   0.3000E+02  0.0000E+00 -0.3000E+02  0.0000E+00      -1  -0.100E+01   20.00  0.9120E-07  0.0000E+00
  86   -10.2000       0.000 0.3500   0.3000E+02  0.0000E+00 -0.3000E+02  0.0000E+00      -1  -0.100E+01   20.00  0.9557E-07  0.0000E+00
  87   -10.3200       0.000 0.3500   0.3000E+02  0.0000E+00 -0.3000E+02  0.0000E+00      -1  -0.100E+01   20.00  0.1001E-06  0.0000E+00
  88   -10.4400       0.000 0.3500   0.3000E+02  0.0000E+00 -0.3000E+02  0.0000E+00      -1  -0.100E+01   20.00  0.1048E-06  0.0000E+00
  89   -10.5600       0.000 0.3500   0.3000E+02  0.0000E+00 -0.3000E+02  0.0000E+00      -1  -0.100E+01   20.00  0.1097E-06  0.0000E+00
  90   -10.6800       0.000 0.3500   0.3000E+02  0.0000E+00 -0.3000E+02  0.0000E+00      -1  -0.100E+01   20.00  0.1147E-06  0.0000E+00
  91   -10.8000       0.000 0.3500   0.3000E+02  0.0000E+00 -0.3000E+02  0.0000E+00      -1  -0.100E+01   20.00  0.1199E-06  0.0000E+00
  92   -10.9200       0.000 0.3500   0.3000E+02  0.0000E+00 -0.3000E+02  0.0000E+00      -1  -0.100E+01   20.00  0.1253E-06  0.0000E+00
  93   -11.0400       0.000 0.3500   0.3000E+02  0.0000E+00 -0.3000E+02  0.0000E+00      -1  -0.100E+01   20.00  0.1308E-06  0.0000E+00
  94   -11.1600       0.000 0.3500   0.3000E+02  0.0000E+00 -0.3000E+02  0.0000E+00      -1  -0.100E+01   20.00  0.1365E-06  0.0000E+00
  95   -11.2800       0.000 0.3500   0.3000E+02  0.0000E+00 -0.3000E+02  0.0000E+00      -1  -0.100E+01   20.00  0.1423E-06  0.0000E+00
  96   -11.4000       0.000 0.3500   0.3000E+02  0.0000E+00 -0.3000E+02  0.0000E+00      -1  -0.100E+01   20.00  0.1481E-06  0.0000E+00
  97   -11.5200       0.000 0.3500   0.3000E+02  0.0000E+00 -0.3000E+02  0.0000E+00      -1  -0.100E+01   20.00  0.1538E-06  0.0000E+00
  98   -11.6400       0.000 0.3500   0.3000E+02  0.0000E+00 -0.3000E+02  0.0000E+00      -1  -0.100E+01   20.00  0.1592E-06  0.0000E+00
  99   -11.7600       0.000 0.3500   0.3000E+02  0.0000E+00 -0.3000E+02  0.0000E+00      -1  -0.100E+01   20.00  0.1638E-06  0.0000E+00
 100   -11.8800       0.000 0.3500   0.3000E+02  0.0000E+00 -0.3000E+02  0.0000E+00      -1  -0.100E+01   20.00  0.1668E-06  0.0000E+00
 101   -12.0000       0.000 0.3500   0.3000E+02  0.0000E+00 -0.3000E+02  0.0000E+00      -1  -0.100E+01   20.00  0.1668E-06  0.0000E+00
end


 Time:       50.0000


 Node      Depth      Head Moisture       K          C         Flux        Sink         Kappa   v/KsTop   Temp   Conc(1..NS) Sorb(1...NS)   ConcL       ConcS       ConcG       ConcT
           [L]        [L]    [-]        [L/T]      [1/L]      [L/T]        [1/T]         [-]      [-]      [C]      [M/L*3]                [M/L*3]      [M/M]      [M/L*3]     [M/L*3]

   1     0.0000       0.000 0.3500   0.3000E+02  0.0000E+00 -0.3000E+02  0.0000E+00      -1  -0.100E+01   20.00  0.0000E+00  0.0000E+00
   2    -0.1200       0.000 0.3500   0.3000E+02  0.0000E+00 -0.3000E+02  0.0000E+00      -1  -0.100E+01   20.00  0.7362E-12  0.0000E+00
   3    -0.2400       0.000 0.3500   0.3000E+02  0.0000E+00 -0.3000E+02  0.0000E+00      -1  -0.100E+01   20.00  0.1867E-11  0.0000E+00
   4    -0.3600       0.000 0.3500   0.3000E+02  0.0000E+00 -0.3000E+02  0.0000E+00      -1  -0.100E+01   20.00  0.3472E-11  0.0000E+00
   5    -0.4800       0.000 0.3500   0.3000E+02  0.0000E+00 -0.3000E+02  0.0000E+00      -1  -0.100E+01   20.00  0.5639E-11  0.0000E+00
   6    -0.6000       0.000 0.3500   0.3000E+02  0.0000E+00 -0.3000E+02  0.0000E+00      -1  -0.100E+01   20.00  0.8465E-11  0.0000E+00
   7    -0.7200       0.000 0.3500   0.3000E+02  0.0000E+00 -0.3000E+02  0.0000E+00      -1  -0.100E+01   20.00  0.1206E-10  0.0000E+00
   8    -0.8400       0.000 0.3500   0.3000E+02  0.0000E+00 -0.3000E+02  0.0000E+00      -1  -0.100E+01   20.00  0.1653E-10  0.0000E+00
   9    -0.9600       0.000 0.3500   0.3000E+02  0.0000E+00 -0.3000E+02  0.0000E+00      -1  -0.100E+01   20.00  0.2200E-10  0.0000E+00
  10    -1.0800       0.000 0.3500   0.3000E+02  0.0000E+00 -0.3000E+02  0.0000E+00      -1  -0.100E+01   20.00  0.2861E-10  0.0000E+00
  11    -1.2000       0.000 0.3500   0.3000E+02  0.0000E+00 -0.3000E+02  0.0000E+00      -1  -0.100E+01   20.00  0.3649E-10  0.0000E+00
  12    -1.3200       0.000 0.3500   0.3000E+02  0.0000E+00 -0.3000E+02  0.0000E+00      -1  -0.100E+01   20.00  0.4580E-10  0.0000E+00
  13    -1.4400       0.000 0.3500   0.3000E+02  0.0000E+00 -0.3000E+02  0.0000E+00      -1  -0.100E+01   20.00  0.5670E-10  0.0000E+00
  14    -1.5600       0.000 0.3500   0.3000E+02  0.0000E+00 -0.3000E+02  0.0000E+00      -1  -0.100E+01   20.00  0.6935E-10  0.0000E+00
  15    -1.6800       0.000 0.3500   0.3000E+02  0.0000E+00 -0.3000E+02  0.0000E+00      -1  -0.100E+01   20.00  0.8394E-10  0.0000E+00
  16    -1.8000       0.000 0.3500   0.3000E+02  0.0000E+00 -0.3000E+02  0.0000E+00      -1  -0.100E+01   20.00  0.1007E-09  0.0000E+00
  17    -1.9200       0.000 0.3500   0.3000E+02  0.0000E+00 -0.3000E+02  0.0000E+00      -1  -0.100E+01   20.00  0.1197E-09  0.0000E+00
  18    -2.0400       0.000 0.3500   0.3000E+02  0.0000E+00 -0.3000E+02  0.0000E+00      -1  -0.100E+01   20.00  0.1413E-09  0.0000E+00
  19    -2.1600       0.000 0.3500   0.3000E+02  0.0000E+00 -0.3000E+02  0.0000E+00      -1  -0.100E+01   20.00  0.1657E-09  0.0000E+00
  20    -2.2800       0.000 0.3500   0.3000E+02  0.0000E+00 -0.3000E+02  0.0000E+00      -1  -0.100E+01   20.00  0.1930E-09  0.0000E+00
  21    -2.4000       0.000 0.3500   0.3000E+02  0.0000E+00 -0.3000E+02  0.0000E+00      -1  -0.100E+01   20.00  0.2236E-09  0.0000E+00
  22    -2.5200       0.000 0.3500   0.3000E+02  0.0000E+00 -0.3000E+02  0.0000E+00      -1  -0.100E+01   20.00  0.2578E-09  0.0000E+00
  23    -2.6400       0.000 0.3500   0.3000E+02  0.0000E+00 -0.3000E+02  0.0000E+00      -1  -0.100E+01   20.00  0.2956E-09  0.0000E+00
  24    -2.7600       0.000 0.3500   0.3000E+02  0.0000E+00 -0.3000E+02  0.0000E+00      -1  -0.100E+01   20.00  0.3376E-09  0.0000E+00
  25    -2.8800       0.000 0.3500   0.3000E+02  0.0000E+00 -0.3000E+02  0.0000E+00      -1  -0.100E+01   20.00  0.3839E-09  0.0000E+00
  26    -3.0000       0.000 0.3500   0.3000E+02  0.0000E+00 -0.3000E+02  0.0000E+00      -1  -0.100E+01   20.00  0.4348E-09  0.0000E+00
  27    -3.1200       0.000 0.3500   0.3000E+02  0.0000E+00 -0.3000E+02  0.0000E+00      -1  -0.100E+01   20.00  0.4908E-09  0.0000E+00
  28    -3.2400       0.000 0.3500   0.3000E+02  0.0000E+00 -0.3000E+02  0.0000E+00      -1  -0.100E+01   20.00  0.5520E-09  0.0000E+00
  29    -3.3600       0.000 0.3500   0.3000E+02  0.0000E+00 -0.3000E+02  0.0000E+00      -1  -0.100E+01   20.00  0.6189E-09  0.0000E+00
  30    -3.4800       0.000 0.3500   0.3000E+02  0.0000E+00 -0.3000E+02  0.0000E+00      -1  -0.100E+01   20.00  0.6918E-09  0.0000E+00
  31    -3.6000       0.000 0.3500   0.3000E+02  0.0000E+00 -0.3000E+02  0.0000E+00      -1  -0.100E+01   20.00  0.7712E-09  0.0000E+00
  32    -3.7200       0.000 0.3500   0.3000E+02  0.0000E+00 -0.3000E+02  0.0000E+00      -1  -0.100E+01   20.00  0.8573E-09  0.0000E+00
  33    -3.8400       0.000 0.3500   0.3000E+02  0.0000E+00 -0.3000E+02  0.0000E+00      -1  -0.100E+01   20.00  0.9505E-09  0.0000E+00
  34    -3.9600       0.000 0.3500   0.3000E+02  0.0000E+00 -0.3000E+02  0.0000E+00      -1  -0.100E+01   20.00  0.1051E-08  0.0000E+00
  35    -4.0800       0.000 0.3500   0.3000E+02  0.0000E+00 -0.3000E+02  0.0000E+00      -1  -0.100E+01   20.00  0.1160E-08  0.0000E+00
  36    -4.2000       0.000 0.3500   0.3000E+02  0.0000E+00 -0.3000E+02  0.0000E+00      -1  -0.100E+01   20.00  0.1278E-08  0.0000E+00
  37    -4.3200       0.000 0.3500   0.3000E+02  0.0000E+00 -0.3000E+02  0.0000E+00      -1  -0.100E+01   20.00  0.1404E-08  0.0000E+00
  38    -4.4400       0.000 0.3500   0.3000E+02  0.0000E+00 -0.3000E+02  0.0000E+00      -1  -0.100E+01   20.00  0.1540E-08  0.0000E+00
  39    -4.5600       0.000 0.3500   0.3000E+02  0.0000E+00 -0.3000E+02  0.0000E+00      -1  -0.100E+01   20.00  0.1685E-08  0.0000E+00
  40    -4.6800       0.000 0.3500   0.3000E+02  0.0000E+00 -0.3000E+02  0.0000E+00      -1  -0.100E+01   20.00  0.1841E-08  0.0000E+00
  41    -4.8000       0.000 0.3500   0.3000E+02  0.0000E+00 -0.3000E+02  0.0000E+00      -1  -0.100E+01   20.00  0.2008E-08  0.0000E+00
  42    -4.9200       0.000 0.3500   0.3000E+02  0.0000E+00 -0.3000E+02  0.0000E+00      -1  -0.100E+01   20.00  0.2187E-08  0.0000E+00
  43    -5.0400       0.000 0.3500   0.3000E+02  0.0000E+00 -0.3000E+02  0.0000E+00      -1  -0.100E+01   20.00  0.2378E-08  0.0000E+00
  44    -5.1600       0.000 0.3500   0.3000E+02  0.0000E+00 -0.3000E+02  0.0000E+00      -1  -0.100E+01   20.00  0.2581E-08  0.0000E+00
  45    -5.2800       0.000 0.3500   0.3000E+02  0.0000E+00 -0.3000E+02  0.0000E+00      -1  -0.100E+01   20.00  0.2797E-08  0.0000E+00
  46    -5.4000       0.000 0.3500   0.3000E+02  0.0000E+00 -0.3000E+02  0.0000E+00      -1  -0.100E+01   20.00  0.3027E-08  0.0000E+00
  47    -5.5200       0.000 0.3500   0.3000E+02  0.0000E+00 -0.3000E+02  0.0000E+00      -1  -0.100E+01   20.00  0.3272E-08  0.0000E+00
  48    -5.6400       0.000 0.3500   0.3000E+02  0.0000E+00 -0.3000E+02  0.0000E+00      -1  -0.100E+01   20.00  0.3531E-08  0.0000E+00
  49    -5.7600       0.000 0.3500   0.3000E+02  0.0000E+00 -0.3000E+02  0.0000E+00      -1  -0.100E+01   20.00  0.3807E-08  0.0000E+00
  50    -5.8800       0.000 0.3500   0.3000E+02  0.0000E+00 -0.3000E+02  0.0000E+00      -1  -0.100E+01   20.00  0.4099E-08  0.0000E+00
  51    -6.0000       0.000 0.3500   0.3000E+02  0.0000E+00 -0.3000E+02  0.0000E+00      -1  -0.100E+01   20.00  0.4408E-08  0.0000E+00
  52    -6.1200       0.000 0.3500   0.3000E+02  0.0000E+00 -0.3000E+02  0.0000E+00      -1  -0.100E+01   20.00  0.4734E-08  0.0000E+00
  53    -6.2400       0.000 0.3500   0.3000E+02  0.0000E+00 -0.3000E+02  0.0000E+00      -1  -0.100E+01   20.00  0.5080E-08  0.0000E+00
  54    -6.3600       0.000 0.3500   0.3000E+02  0.0000E+00 -0.3000E+02  0.0000E+00      -1  -0.100E+01   20.00  0.5444E-08  0.0000E+00
  55    -6.4800       0.000 0.3500   0.3000E+02  0.0000E+00 -0.3000E+02  0.0000E+00      -1  -0.100E+01   20.00  0.5829E-08  0.0000E+00
  56    -6.6000       0.000 0.3500   0.3000E+02  0.0000E+00 -0.3000E+02  0.0000E+00      -1  -0.100E+01   20.00  0.6235E-08  0.0000E+00
  57    -6.7200       0.000 0.3500   0.3000E+02  0.0000E+00 -0.3000E+02  0.0000E+00      -1  -0.100E+01   20.00  0.6662E-08  0.0000E+00
  58    -6.8400       0.000 0.3500   0.3000E+02  0.0000E+00 -0.3000E+02  0.0000E+00      -1  -0.100E+01   20.00  0.7112E-08  0.0000E+00
  59    -6.9600       0.000 0.3500   0.3000E+02  0.0000E+00 -0.3000E+02  0.0000E+00      -1  -0.100E+01   20.00  0.7585E-08  0.0000E+00
  60    -7.0800       0.000 0.3500   0.3000E+02  0.0000E+00 -0.3000E+02  0.0000E+00      -1  -0.100E+01   20.00  0.8083E-08  0.0000E+00
  61    -7.2000       0.000 0.3500   0.3000E+02  0.0000E+00 -0.3000E+02  0.0000E+00      -1  -0.100E+01   20.00  0.8605E-08  0.0000E+00
  62    -7.3200       0.000 0.3500   0.3000E+02  0.0000E+00 -0.3000E+02  0.0000E+00      -1  -0.100E+01   20.00  0.9154E-08  0.0000E+00
  63    -7.4400       0.000 0.3500   0.3000E+02  0.0000E+00 -0.3000E+02  0.0000E+00      -1  -0.100E+01   20.00  0.9729E-08  0.0000E+00
  64    -7.5600       0.000 0.3500   0.3000E+02  0.0000E+00 -0.3000E+02  0.0000E+00      -1  -0.100E+01   20.00  0.1033E-07  0.0000E+00
  65    -7.6800       0.000 0.3500   0.3000E+02  0.0000E+00 -0.3000E+02  0.0000E+00      -1  -0.100E+01   20.00  0.1097E-07  0.0000E+00
  66    -7.8000       0.000 0.3500   0.3000E+02  0.0000E+00 -0.3000E+02  0.0000E+00      -1  -0.100E+01   20.00  0.1163E-07  0.0000E+00
  67    -7.9200       0.000 0.3500   0.3000E+02  0.0000E+00 -0.3000E+02  0.0000E+00      -1  -0.100E+01   20.00  0.1232E-07  0.0000E+00
  68    -8.0400       0.000 0.3500   0.3000E+02  0.0000E+00 -0.3000E+02  0.0000E+00      -1  -0.100E+01   20.00  0.1305E-07  0.0000E+00
  69    -8.1600       0.000 0.3500   0.3000E+02  0.0000E+00 -0.3000E+02  0.0000E+00      -1  -0.100E+01   20.00  0.1380E-07  0.0000E+00
  70    -8.2800       0.000 0.3500   0.3000E+02  0.0000E+00 -0.3000E+02  0.0000E+00      -1  -0.100E+01   20.00  0.1460E-07  0.0000E+00
  71    -8.4000       0.000 0.3500   0.3000E+02  0.0000E+00 -0.3000E+02  0.0000E+00      -1  -0.100E+01   20.00  0.1542E-07  0.0000E+00
  72    -8.5200       0.000 0.3500   0.3000E+02  0.0000E+00 -0.3000E+02  0.0000E+00      -1  -0.100E+01   20.00  0.1629E-07  0.0000E+00
  73    -8.6400       0.000 0.3500   0.3000E+02  0.0000E+00 -0.3000E+02  0.0000E+00      -1  -0.100E+01   20.00  0.1719E-07  0.0000E+00
  74    -8.7600       0.000 0.3500   0.3000E+02  0.0000E+00 -0.3000E+02  0.0000E+00      -1  -0.100E+01   20.00  0.1813E-07  0.0000E+00
  75    -8.8800       0.000 0.3500   0.3000E+02  0.0000E+00 -0.3000E+02  0.0000E+00      -1  -0.100E+01   20.00  0.1911E-07  0.0000E+00
  76    -9.0000       0.000 0.3500   0.3000E+02  0.0000E+00 -0.3000E+02  0.0000E+00      -1  -0.100E+01   20.00  0.2013E-07  0.0000E+00
  77    -9.1200       0.000 0.3500   0.3000E+02  0.0000E+00 -0.3000E+02  0.0000E+00      -1  -0.100E+01   20.00  0.2120E-07  0.0000E+00
  78    -9.2400       0.000 0.3500   0.3000E+02  0.0000E+00 -0.3000E+02  0.0000E+00      -1  -0.100E+01   20.00  0.2230E-07  0.0000E+00
  79    -9.3600       0.000 0.3500   0.3000E+02  0.0000E+00 -0.3000E+02  0.0000E+00      -1  -0.100E+01   20.00  0.2346E-07  0.0000E+00
  80    -9.4800       0.000 0.3500   0.3000E+02  0.0000E+00 -0.3000E+02  0.0000E+00      -1  -0.100E+01   20.00  0.2465E-07  0.0000E+00
  81    -9.6000       0.000 0.3500   0.3000E+02  0.0000E+00 -0.3000E+02  0.0000E+00      -1  -0.100E+01   20.00  0.2590E-07  0.0000E+00
  82    -9.7200       0.000 0.3500   0.3000E+02  0.0000E+00 -0.3000E+02  0.0000E+00      -1  -0.100E+01   20.00  0.2719E-07  0.0000E+00
  83    -9.8400       0.000 0.3500   0.3000E+02  0.0000E+00 -0.3000E+02  0.0000E+00      -1  -0.100E+01   20.00  0.2854E-07  0.0000E+00
  84    -9.9600       0.000 0.3500   0.3000E+02  0.0000E+00 -0.3000E+02  0.0000E+00      -1  -0.100E+01   20.00  0.2994E-07  0.0000E+00
  85   -10.0800       0.000 0.3500   0.3000E+02  0.0000E+00 -0.3000E+02  0.0000E+00      -1  -0.100E+01   20.00  0.3139E-07  0.0000E+00
  86   -10.2000       0.000 0.3500   0.3000E+02  0.0000E+00 -0.3000E+02  0.0000E+00      -1  -0.100E+01   20.00  0.3289E-07  0.0000E+00
  87   -10.3200       0.000 0.3500   0.3000E+02  0.0000E+00 -0.3000E+02  0.0000E+00      -1  -0.100E+01   20.00  0.3445E-07  0.0000E+00
  88   -10.4400       0.000 0.3500   0.3000E+02  0.0000E+00 -0.3000E+02  0.0000E+00      -1  -0.100E+01   20.00  0.3607E-07  0.0000E+00
  89   -10.5600       0.000 0.3500   0.3000E+02  0.0000E+00 -0.3000E+02  0.0000E+00      -1  -0.100E+01   20.00  0.3775E-07  0.0000E+00
  90   -10.6800       0.000 0.3500   0.3000E+02  0.0000E+00 -0.3000E+02  0.0000E+00      -1  -0.100E+01   20.00  0.3948E-07  0.0000E+00
  91   -10.8000       0.000 0.3500   0.3000E+02  0.0000E+00 -0.3000E+02  0.0000E+00      -1  -0.100E+01   20.00  0.4128E-07  0.0000E+00
  92   -10.9200       0.000 0.3500   0.3000E+02  0.0000E+00 -0.3000E+02  0.0000E+00      -1  -0.100E+01   20.00  0.4313E-07  0.0000E+00
  93   -11.0400       0.000 0.3500   0.3000E+02  0.0000E+00 -0.3000E+02  0.0000E+00      -1  -0.100E+01   20.00  0.4504E-07  0.0000E+00
  94   -11.1600       0.000 0.3500   0.3000E+02  0.0000E+00 -0.3000E+02  0.0000E+00      -1  -0.100E+01   20.00  0.4699E-07  0.0000E+00
  95   -11.2800       0.000 0.3500   0.3000E+02  0.0000E+00 -0.3000E+02  0.0000E+00      -1  -0.100E+01   20.00  0.4898E-07  0.0000E+00
  96   -11.4000       0.000 0.3500   0.3000E+02  0.0000E+00 -0.3000E+02  0.0000E+00      -1  -0.100E+01   20.00  0.5099E-07  0.0000E+00
  97   -11.5200       0.000 0.3500   0.3000E+02  0.0000E+00 -0.3000E+02  0.0000E+00      -1  -0.100E+01   20.00  0.5295E-07  0.0000E+00
  98   -11.6400       0.000 0.3500   0.3000E+02  0.0000E+00 -0.3000E+02  0.0000E+00      -1  -0.100E+01   20.00  0.5480E-07  0.0000E+00
  99   -11.7600       0.000 0.3500   0.3000E+02  0.0000E+00 -0.3000E+02  0.0000E+00      -1  -0.100E+01   20.00  0.5638E-07  0.0000E+00
 100   -11.8800       0.000 0.3500   0.3000E+02  0.0000E+00 -0.3000E+02  0.0000E+00      -1  -0.100E+01   20.00  0.5741E-07  0.0000E+00
 101   -12.0000       0.000 0.3500   0.3000E+02  0.0000E+00 -0.3000E+02  0.0000E+00      -1  -0.100E+01   20.00  0.5741E-07  0.0000E+00
end
