 ******* Program HYDRUS
 ******* 
 Oefening 1                                                              
 Date:   3. 5.    Time:   9:11:49
 Units: L = cm   , T = days , M = mmol 

----------------------------------------------------------
 Time       [T]        0.0000
----------------------------------------------------------
 Sub-region num.                     1
----------------------------------------------------------
 Area     [L]        0.10000E+03  0.10000E+03
 W-volume [L]        0.43000E+02  0.43000E+02
 In-flow  [L/T]      0.00000E+00  0.00000E+00
 h Mean   [L]        0.50000E+01  0.50000E+01
 Top Flux [L/T]     -0.88000E+01
 Bot Flux [L/T]     -0.88000E+01
----------------------------------------------------------

----------------------------------------------------------
 Time       [T]      100.0000
----------------------------------------------------------
 Sub-region num.                     1
----------------------------------------------------------
 Area     [L]        0.10000E+03  0.10000E+03
 W-volume [L]        0.43000E+02  0.43000E+02
 In-flow  [L/T]      0.00000E+00  0.00000E+00
 h Mean   [L]        0.50000E+01  0.50000E+01
 Top Flux [L/T]     -0.88000E+01
 Bot Flux [L/T]     -0.88000E+01
 WatBalT  [L]       -0.38147E-03
 WatBalR  [%]              0.000
----------------------------------------------------------
 
 Calculation time [sec]  0.000000000000000E+000
