 ******* Program HYDRUS
 ******* 
 Oefening 1                                                              
 Date:   3. 5.    Time:   9:11:49
 Units: L = cm   , T = days , M = mmol 



                               Node(101)

         time         h        theta    Temp   
          0.0010        0.00  0.4300 -0.880E+01
          0.0020        0.00  0.4300 -0.880E+01
          0.0033        0.00  0.4300 -0.880E+01
          0.0050        0.00  0.4300 -0.880E+01
          0.0072        0.00  0.4300 -0.880E+01
          0.0100        0.00  0.4300 -0.880E+01
          0.0138        0.00  0.4300 -0.880E+01
          0.0186        0.00  0.4300 -0.880E+01
          0.0249        0.00  0.4300 -0.880E+01
          0.0330        0.00  0.4300 -0.880E+01
          0.0436        0.00  0.4300 -0.880E+01
          0.0574        0.00  0.4300 -0.880E+01
          0.0753        0.00  0.4300 -0.880E+01
          0.0986        0.00  0.4300 -0.880E+01
          0.1289        0.00  0.4300 -0.880E+01
          0.1683        0.00  0.4300 -0.880E+01
          0.2195        0.00  0.4300 -0.880E+01
          0.2860        0.00  0.4300 -0.880E+01
          0.3725        0.00  0.4300 -0.880E+01
          0.4850        0.00  0.4300 -0.880E+01
          0.6312        0.00  0.4300 -0.880E+01
          0.8212        0.00  0.4300 -0.880E+01
          1.0683        0.00  0.4300 -0.880E+01
          1.3895        0.00  0.4300 -0.880E+01
          1.8070        0.00  0.4300 -0.880E+01
          2.3498        0.00  0.4300 -0.880E+01
          3.0554        0.00  0.4300 -0.880E+01
          3.9728        0.00  0.4300 -0.880E+01
          5.1653        0.00  0.4300 -0.880E+01
          6.7156        0.00  0.4300 -0.880E+01
          8.7310        0.00  0.4300 -0.880E+01
         11.3510        0.00  0.4300 -0.880E+01
         14.7570        0.00  0.4300 -0.880E+01
         19.1847        0.00  0.4300 -0.880E+01
         24.1847        0.00  0.4300 -0.880E+01
         29.1847        0.00  0.4300 -0.880E+01
         34.1847        0.00  0.4300 -0.880E+01
         39.1847        0.00  0.4300 -0.880E+01
         44.1847        0.00  0.4300 -0.880E+01
         49.1847        0.00  0.4300 -0.880E+01
         54.1847        0.00  0.4300 -0.880E+01
         59.1847        0.00  0.4300 -0.880E+01
         64.1847        0.00  0.4300 -0.880E+01
         69.1847        0.00  0.4300 -0.880E+01
         74.1847        0.00  0.4300 -0.880E+01
         79.1847        0.00  0.4300 -0.880E+01
         84.1847        0.00  0.4300 -0.880E+01
         89.1847        0.00  0.4300 -0.880E+01
         94.1847        0.00  0.4300 -0.880E+01
         97.0924        0.00  0.4300 -0.880E+01
        100.0000        0.00  0.4300 -0.880E+01
end
