 ******* Program HYDRUS
 ******* 
 Oefening 1                                                              
 Date:   3. 5.    Time:   9:57:55
 Units: L = cm   , T = days , M = mmol 

----------------------------------------------------------
 Time       [T]        0.0000
----------------------------------------------------------
 Sub-region num.                     1
----------------------------------------------------------
 Area     [L]        0.10000E+03  0.10000E+03
 W-volume [L]        0.43000E+02  0.43000E+02
 In-flow  [L/T]      0.00000E+00  0.00000E+00
 h Mean   [L]        0.00000E+00  0.00000E+00
 Top Flux [L/T]     -0.80000E+01
 Bot Flux [L/T]     -0.80000E+01
----------------------------------------------------------

----------------------------------------------------------
 Time       [T]      100.0000
----------------------------------------------------------
 Sub-region num.                     1
----------------------------------------------------------
 Area     [L]        0.10000E+03  0.10000E+03
 W-volume [L]        0.42956E+02  0.42956E+02
 In-flow  [L/T]      0.68083E-04  0.68083E-04
 h Mean   [L]       -0.73742E+00 -0.73742E+00
 Top Flux [L/T]     -0.60000E+01
 Bot Flux [L/T]     -0.59999E+01
 WatBalT  [L]       -0.58439E-04
 WatBalR  [%]              0.000
----------------------------------------------------------
 
 Calculation time [sec]   3.75000000000000     
