 ******* Program HYDRUS
 ******* 
 Welcome to HYDRUS-1D                                                    
 Date:   3. 5.    Time:  12:21:56
 Units: L = cm   , T = days , M = mg   

----------------------------------------------------------
 Time       [T]        0.0000
----------------------------------------------------------
 Sub-region num.                     1
----------------------------------------------------------
 Area     [L]        0.12000E+02  0.12000E+02
 W-volume [L]        0.42000E+01  0.42000E+01
 In-flow  [L/T]      0.00000E+00  0.00000E+00
 h Mean   [L]        0.00000E+00  0.00000E+00
 ConcVol  [M/L2] 1   0.00000E+00  0.00000E+00
 cMean    [M/L3] 1   0.00000E+00  0.00000E+00
 Top Flux [L/T]     -0.30000E+02
 Bot Flux [L/T]     -0.30000E+02
----------------------------------------------------------

----------------------------------------------------------
 Time       [T]       10.0000
----------------------------------------------------------
 Sub-region num.                     1
----------------------------------------------------------
 Area     [L]        0.12000E+02  0.12000E+02
 W-volume [L]        0.42000E+01  0.42000E+01
 In-flow  [L/T]      0.00000E+00  0.00000E+00
 h Mean   [L]        0.00000E+00  0.00000E+00
 ConcVol  [M/L2] 1   0.37508E-05  0.37508E-05
 cMean    [M/L3] 1   0.17034E-07  0.17034E-07
 Top Flux [L/T]     -0.30000E+02
 Bot Flux [L/T]     -0.30000E+02
 WatBalT  [L]        0.00000E+00
 WatBalR  [%]              0.000
 CncBalT  [M]    1   0.16568E-06
 CncBalR  [%]    1         0.078
----------------------------------------------------------

----------------------------------------------------------
 Time       [T]       20.0000
----------------------------------------------------------
 Sub-region num.                     1
----------------------------------------------------------
 Area     [L]        0.12000E+02  0.12000E+02
 W-volume [L]        0.42000E+01  0.42000E+01
 In-flow  [L/T]      0.00000E+00  0.00000E+00
 h Mean   [L]        0.00000E+00  0.00000E+00
 ConcVol  [M/L2] 1   0.19036E-12  0.19036E-12
 cMean    [M/L3] 1   0.86449E-15  0.86449E-15
 Top Flux [L/T]     -0.30000E+02
 Bot Flux [L/T]     -0.30000E+02
 WatBalT  [L]        0.00000E+00
 WatBalR  [%]              0.000
 CncBalT  [M]    1   0.94087E-09
 CncBalR  [%]    1         0.000
----------------------------------------------------------

----------------------------------------------------------
 Time       [T]       30.0000
----------------------------------------------------------
 Sub-region num.                     1
----------------------------------------------------------
 Area     [L]        0.12000E+02  0.12000E+02
 W-volume [L]        0.42000E+01  0.42000E+01
 In-flow  [L/T]      0.00000E+00  0.00000E+00
 h Mean   [L]        0.00000E+00  0.00000E+00
 ConcVol  [M/L2] 1   0.50020E-21  0.50020E-21
 cMean    [M/L3] 1   0.22716E-23  0.22716E-23
 Top Flux [L/T]     -0.30000E+02
 Bot Flux [L/T]     -0.30000E+02
 WatBalT  [L]        0.00000E+00
 WatBalR  [%]              0.000
 CncBalT  [M]    1   0.94086E-09
 CncBalR  [%]    1         0.000
----------------------------------------------------------

----------------------------------------------------------
 Time       [T]       40.0000
----------------------------------------------------------
 Sub-region num.                     1
----------------------------------------------------------
 Area     [L]        0.12000E+02  0.12000E+02
 W-volume [L]        0.42000E+01  0.42000E+01
 In-flow  [L/T]      0.00000E+00  0.00000E+00
 h Mean   [L]        0.00000E+00  0.00000E+00
 ConcVol  [M/L2] 1   0.00000E+00  0.00000E+00
 cMean    [M/L3] 1   0.00000E+00  0.00000E+00
 Top Flux [L/T]     -0.30000E+02
 Bot Flux [L/T]     -0.30000E+02
 WatBalT  [L]        0.00000E+00
 WatBalR  [%]              0.000
 CncBalT  [M]    1   0.94086E-09
 CncBalR  [%]    1         0.000
----------------------------------------------------------

----------------------------------------------------------
 Time       [T]       50.0000
----------------------------------------------------------
 Sub-region num.                     1
----------------------------------------------------------
 Area     [L]        0.12000E+02  0.12000E+02
 W-volume [L]        0.42000E+01  0.42000E+01
 In-flow  [L/T]      0.00000E+00  0.00000E+00
 h Mean   [L]        0.00000E+00  0.00000E+00
 ConcVol  [M/L2] 1   0.00000E+00  0.00000E+00
 cMean    [M/L3] 1   0.00000E+00  0.00000E+00
 Top Flux [L/T]     -0.30000E+02
 Bot Flux [L/T]     -0.30000E+02
 WatBalT  [L]        0.00000E+00
 WatBalR  [%]              0.000
 CncBalT  [M]    1   0.94086E-09
 CncBalR  [%]    1         0.000
----------------------------------------------------------
 
 Calculation time [sec]  0.500000000000000     
