 ******* Program HYDRUS
 ******* 
 Welcome to HYDRUS-1D                                                    
 Date:   3. 5.    Time:  12:21:56
 Units: L = cm   , T = days , M = mg   


 Time:        0.0000


 Node      Depth      Head Moisture       K          C         Flux        Sink         Kappa   v/KsTop   Temp   Conc(1..NS) Sorb(1...NS)   ConcL       ConcS       ConcG       ConcT
           [L]        [L]    [-]        [L/T]      [1/L]      [L/T]        [1/T]         [-]      [-]      [C]      [M/L*3]                [M/L*3]      [M/M]      [M/L*3]     [M/L*3]

   1     0.0000       0.000 0.3500   0.3000E+02  0.0000E+00 -0.3000E+02  0.0000E+00      -1  -0.100E+01   20.00  0.0000E+00  0.0000E+00
   2    -0.1200       0.000 0.3500   0.3000E+02  0.0000E+00 -0.3000E+02  0.0000E+00      -1  -0.100E+01   20.00  0.0000E+00  0.0000E+00
   3    -0.2400       0.000 0.3500   0.3000E+02  0.0000E+00 -0.3000E+02  0.0000E+00      -1  -0.100E+01   20.00  0.0000E+00  0.0000E+00
   4    -0.3600       0.000 0.3500   0.3000E+02  0.0000E+00 -0.3000E+02  0.0000E+00      -1  -0.100E+01   20.00  0.0000E+00  0.0000E+00
   5    -0.4800       0.000 0.3500   0.3000E+02  0.0000E+00 -0.3000E+02  0.0000E+00      -1  -0.100E+01   20.00  0.0000E+00  0.0000E+00
   6    -0.6000       0.000 0.3500   0.3000E+02  0.0000E+00 -0.3000E+02  0.0000E+00      -1  -0.100E+01   20.00  0.0000E+00  0.0000E+00
   7    -0.7200       0.000 0.3500   0.3000E+02  0.0000E+00 -0.3000E+02  0.0000E+00      -1  -0.100E+01   20.00  0.0000E+00  0.0000E+00
   8    -0.8400       0.000 0.3500   0.3000E+02  0.0000E+00 -0.3000E+02  0.0000E+00      -1  -0.100E+01   20.00  0.0000E+00  0.0000E+00
   9    -0.9600       0.000 0.3500   0.3000E+02  0.0000E+00 -0.3000E+02  0.0000E+00      -1  -0.100E+01   20.00  0.0000E+00  0.0000E+00
  10    -1.0800       0.000 0.3500   0.3000E+02  0.0000E+00 -0.3000E+02  0.0000E+00      -1  -0.100E+01   20.00  0.0000E+00  0.0000E+00
  11    -1.2000       0.000 0.3500   0.3000E+02  0.0000E+00 -0.3000E+02  0.0000E+00      -1  -0.100E+01   20.00  0.0000E+00  0.0000E+00
  12    -1.3200       0.000 0.3500   0.3000E+02  0.0000E+00 -0.3000E+02  0.0000E+00      -1  -0.100E+01   20.00  0.0000E+00  0.0000E+00
  13    -1.4400       0.000 0.3500   0.3000E+02  0.0000E+00 -0.3000E+02  0.0000E+00      -1  -0.100E+01   20.00  0.0000E+00  0.0000E+00
  14    -1.5600       0.000 0.3500   0.3000E+02  0.0000E+00 -0.3000E+02  0.0000E+00      -1  -0.100E+01   20.00  0.0000E+00  0.0000E+00
  15    -1.6800       0.000 0.3500   0.3000E+02  0.0000E+00 -0.3000E+02  0.0000E+00      -1  -0.100E+01   20.00  0.0000E+00  0.0000E+00
  16    -1.8000       0.000 0.3500   0.3000E+02  0.0000E+00 -0.3000E+02  0.0000E+00      -1  -0.100E+01   20.00  0.0000E+00  0.0000E+00
  17    -1.9200       0.000 0.3500   0.3000E+02  0.0000E+00 -0.3000E+02  0.0000E+00      -1  -0.100E+01   20.00  0.0000E+00  0.0000E+00
  18    -2.0400       0.000 0.3500   0.3000E+02  0.0000E+00 -0.3000E+02  0.0000E+00      -1  -0.100E+01   20.00  0.0000E+00  0.0000E+00
  19    -2.1600       0.000 0.3500   0.3000E+02  0.0000E+00 -0.3000E+02  0.0000E+00      -1  -0.100E+01   20.00  0.0000E+00  0.0000E+00
  20    -2.2800       0.000 0.3500   0.3000E+02  0.0000E+00 -0.3000E+02  0.0000E+00      -1  -0.100E+01   20.00  0.0000E+00  0.0000E+00
  21    -2.4000       0.000 0.3500   0.3000E+02  0.0000E+00 -0.3000E+02  0.0000E+00      -1  -0.100E+01   20.00  0.0000E+00  0.0000E+00
  22    -2.5200       0.000 0.3500   0.3000E+02  0.0000E+00 -0.3000E+02  0.0000E+00      -1  -0.100E+01   20.00  0.0000E+00  0.0000E+00
  23    -2.6400       0.000 0.3500   0.3000E+02  0.0000E+00 -0.3000E+02  0.0000E+00      -1  -0.100E+01   20.00  0.0000E+00  0.0000E+00
  24    -2.7600       0.000 0.3500   0.3000E+02  0.0000E+00 -0.3000E+02  0.0000E+00      -1  -0.100E+01   20.00  0.0000E+00  0.0000E+00
  25    -2.8800       0.000 0.3500   0.3000E+02  0.0000E+00 -0.3000E+02  0.0000E+00      -1  -0.100E+01   20.00  0.0000E+00  0.0000E+00
  26    -3.0000       0.000 0.3500   0.3000E+02  0.0000E+00 -0.3000E+02  0.0000E+00      -1  -0.100E+01   20.00  0.0000E+00  0.0000E+00
  27    -3.1200       0.000 0.3500   0.3000E+02  0.0000E+00 -0.3000E+02  0.0000E+00      -1  -0.100E+01   20.00  0.0000E+00  0.0000E+00
  28    -3.2400       0.000 0.3500   0.3000E+02  0.0000E+00 -0.3000E+02  0.0000E+00      -1  -0.100E+01   20.00  0.0000E+00  0.0000E+00
  29    -3.3600       0.000 0.3500   0.3000E+02  0.0000E+00 -0.3000E+02  0.0000E+00      -1  -0.100E+01   20.00  0.0000E+00  0.0000E+00
  30    -3.4800       0.000 0.3500   0.3000E+02  0.0000E+00 -0.3000E+02  0.0000E+00      -1  -0.100E+01   20.00  0.0000E+00  0.0000E+00
  31    -3.6000       0.000 0.3500   0.3000E+02  0.0000E+00 -0.3000E+02  0.0000E+00      -1  -0.100E+01   20.00  0.0000E+00  0.0000E+00
  32    -3.7200       0.000 0.3500   0.3000E+02  0.0000E+00 -0.3000E+02  0.0000E+00      -1  -0.100E+01   20.00  0.0000E+00  0.0000E+00
  33    -3.8400       0.000 0.3500   0.3000E+02  0.0000E+00 -0.3000E+02  0.0000E+00      -1  -0.100E+01   20.00  0.0000E+00  0.0000E+00
  34    -3.9600       0.000 0.3500   0.3000E+02  0.0000E+00 -0.3000E+02  0.0000E+00      -1  -0.100E+01   20.00  0.0000E+00  0.0000E+00
  35    -4.0800       0.000 0.3500   0.3000E+02  0.0000E+00 -0.3000E+02  0.0000E+00      -1  -0.100E+01   20.00  0.0000E+00  0.0000E+00
  36    -4.2000       0.000 0.3500   0.3000E+02  0.0000E+00 -0.3000E+02  0.0000E+00      -1  -0.100E+01   20.00  0.0000E+00  0.0000E+00
  37    -4.3200       0.000 0.3500   0.3000E+02  0.0000E+00 -0.3000E+02  0.0000E+00      -1  -0.100E+01   20.00  0.0000E+00  0.0000E+00
  38    -4.4400       0.000 0.3500   0.3000E+02  0.0000E+00 -0.3000E+02  0.0000E+00      -1  -0.100E+01   20.00  0.0000E+00  0.0000E+00
  39    -4.5600       0.000 0.3500   0.3000E+02  0.0000E+00 -0.3000E+02  0.0000E+00      -1  -0.100E+01   20.00  0.0000E+00  0.0000E+00
  40    -4.6800       0.000 0.3500   0.3000E+02  0.0000E+00 -0.3000E+02  0.0000E+00      -1  -0.100E+01   20.00  0.0000E+00  0.0000E+00
  41    -4.8000       0.000 0.3500   0.3000E+02  0.0000E+00 -0.3000E+02  0.0000E+00      -1  -0.100E+01   20.00  0.0000E+00  0.0000E+00
  42    -4.9200       0.000 0.3500   0.3000E+02  0.0000E+00 -0.3000E+02  0.0000E+00      -1  -0.100E+01   20.00  0.0000E+00  0.0000E+00
  43    -5.0400       0.000 0.3500   0.3000E+02  0.0000E+00 -0.3000E+02  0.0000E+00      -1  -0.100E+01   20.00  0.0000E+00  0.0000E+00
  44    -5.1600       0.000 0.3500   0.3000E+02  0.0000E+00 -0.3000E+02  0.0000E+00      -1  -0.100E+01   20.00  0.0000E+00  0.0000E+00
  45    -5.2800       0.000 0.3500   0.3000E+02  0.0000E+00 -0.3000E+02  0.0000E+00      -1  -0.100E+01   20.00  0.0000E+00  0.0000E+00
  46    -5.4000       0.000 0.3500   0.3000E+02  0.0000E+00 -0.3000E+02  0.0000E+00      -1  -0.100E+01   20.00  0.0000E+00  0.0000E+00
  47    -5.5200       0.000 0.3500   0.3000E+02  0.0000E+00 -0.3000E+02  0.0000E+00      -1  -0.100E+01   20.00  0.0000E+00  0.0000E+00
  48    -5.6400       0.000 0.3500   0.3000E+02  0.0000E+00 -0.3000E+02  0.0000E+00      -1  -0.100E+01   20.00  0.0000E+00  0.0000E+00
  49    -5.7600       0.000 0.3500   0.3000E+02  0.0000E+00 -0.3000E+02  0.0000E+00      -1  -0.100E+01   20.00  0.0000E+00  0.0000E+00
  50    -5.8800       0.000 0.3500   0.3000E+02  0.0000E+00 -0.3000E+02  0.0000E+00      -1  -0.100E+01   20.00  0.0000E+00  0.0000E+00
  51    -6.0000       0.000 0.3500   0.3000E+02  0.0000E+00 -0.3000E+02  0.0000E+00      -1  -0.100E+01   20.00  0.0000E+00  0.0000E+00
  52    -6.1200       0.000 0.3500   0.3000E+02  0.0000E+00 -0.3000E+02  0.0000E+00      -1  -0.100E+01   20.00  0.0000E+00  0.0000E+00
  53    -6.2400       0.000 0.3500   0.3000E+02  0.0000E+00 -0.3000E+02  0.0000E+00      -1  -0.100E+01   20.00  0.0000E+00  0.0000E+00
  54    -6.3600       0.000 0.3500   0.3000E+02  0.0000E+00 -0.3000E+02  0.0000E+00      -1  -0.100E+01   20.00  0.0000E+00  0.0000E+00
  55    -6.4800       0.000 0.3500   0.3000E+02  0.0000E+00 -0.3000E+02  0.0000E+00      -1  -0.100E+01   20.00  0.0000E+00  0.0000E+00
  56    -6.6000       0.000 0.3500   0.3000E+02  0.0000E+00 -0.3000E+02  0.0000E+00      -1  -0.100E+01   20.00  0.0000E+00  0.0000E+00
  57    -6.7200       0.000 0.3500   0.3000E+02  0.0000E+00 -0.3000E+02  0.0000E+00      -1  -0.100E+01   20.00  0.0000E+00  0.0000E+00
  58    -6.8400       0.000 0.3500   0.3000E+02  0.0000E+00 -0.3000E+02  0.0000E+00      -1  -0.100E+01   20.00  0.0000E+00  0.0000E+00
  59    -6.9600       0.000 0.3500   0.3000E+02  0.0000E+00 -0.3000E+02  0.0000E+00      -1  -0.100E+01   20.00  0.0000E+00  0.0000E+00
  60    -7.0800       0.000 0.3500   0.3000E+02  0.0000E+00 -0.3000E+02  0.0000E+00      -1  -0.100E+01   20.00  0.0000E+00  0.0000E+00
  61    -7.2000       0.000 0.3500   0.3000E+02  0.0000E+00 -0.3000E+02  0.0000E+00      -1  -0.100E+01   20.00  0.0000E+00  0.0000E+00
  62    -7.3200       0.000 0.3500   0.3000E+02  0.0000E+00 -0.3000E+02  0.0000E+00      -1  -0.100E+01   20.00  0.0000E+00  0.0000E+00
  63    -7.4400       0.000 0.3500   0.3000E+02  0.0000E+00 -0.3000E+02  0.0000E+00      -1  -0.100E+01   20.00  0.0000E+00  0.0000E+00
  64    -7.5600       0.000 0.3500   0.3000E+02  0.0000E+00 -0.3000E+02  0.0000E+00      -1  -0.100E+01   20.00  0.0000E+00  0.0000E+00
  65    -7.6800       0.000 0.3500   0.3000E+02  0.0000E+00 -0.3000E+02  0.0000E+00      -1  -0.100E+01   20.00  0.0000E+00  0.0000E+00
  66    -7.8000       0.000 0.3500   0.3000E+02  0.0000E+00 -0.3000E+02  0.0000E+00      -1  -0.100E+01   20.00  0.0000E+00  0.0000E+00
  67    -7.9200       0.000 0.3500   0.3000E+02  0.0000E+00 -0.3000E+02  0.0000E+00      -1  -0.100E+01   20.00  0.0000E+00  0.0000E+00
  68    -8.0400       0.000 0.3500   0.3000E+02  0.0000E+00 -0.3000E+02  0.0000E+00      -1  -0.100E+01   20.00  0.0000E+00  0.0000E+00
  69    -8.1600       0.000 0.3500   0.3000E+02  0.0000E+00 -0.3000E+02  0.0000E+00      -1  -0.100E+01   20.00  0.0000E+00  0.0000E+00
  70    -8.2800       0.000 0.3500   0.3000E+02  0.0000E+00 -0.3000E+02  0.0000E+00      -1  -0.100E+01   20.00  0.0000E+00  0.0000E+00
  71    -8.4000       0.000 0.3500   0.3000E+02  0.0000E+00 -0.3000E+02  0.0000E+00      -1  -0.100E+01   20.00  0.0000E+00  0.0000E+00
  72    -8.5200       0.000 0.3500   0.3000E+02  0.0000E+00 -0.3000E+02  0.0000E+00      -1  -0.100E+01   20.00  0.0000E+00  0.0000E+00
  73    -8.6400       0.000 0.3500   0.3000E+02  0.0000E+00 -0.3000E+02  0.0000E+00      -1  -0.100E+01   20.00  0.0000E+00  0.0000E+00
  74    -8.7600       0.000 0.3500   0.3000E+02  0.0000E+00 -0.3000E+02  0.0000E+00      -1  -0.100E+01   20.00  0.0000E+00  0.0000E+00
  75    -8.8800       0.000 0.3500   0.3000E+02  0.0000E+00 -0.3000E+02  0.0000E+00      -1  -0.100E+01   20.00  0.0000E+00  0.0000E+00
  76    -9.0000       0.000 0.3500   0.3000E+02  0.0000E+00 -0.3000E+02  0.0000E+00      -1  -0.100E+01   20.00  0.0000E+00  0.0000E+00
  77    -9.1200       0.000 0.3500   0.3000E+02  0.0000E+00 -0.3000E+02  0.0000E+00      -1  -0.100E+01   20.00  0.0000E+00  0.0000E+00
  78    -9.2400       0.000 0.3500   0.3000E+02  0.0000E+00 -0.3000E+02  0.0000E+00      -1  -0.100E+01   20.00  0.0000E+00  0.0000E+00
  79    -9.3600       0.000 0.3500   0.3000E+02  0.0000E+00 -0.3000E+02  0.0000E+00      -1  -0.100E+01   20.00  0.0000E+00  0.0000E+00
  80    -9.4800       0.000 0.3500   0.3000E+02  0.0000E+00 -0.3000E+02  0.0000E+00      -1  -0.100E+01   20.00  0.0000E+00  0.0000E+00
  81    -9.6000       0.000 0.3500   0.3000E+02  0.0000E+00 -0.3000E+02  0.0000E+00      -1  -0.100E+01   20.00  0.0000E+00  0.0000E+00
  82    -9.7200       0.000 0.3500   0.3000E+02  0.0000E+00 -0.3000E+02  0.0000E+00      -1  -0.100E+01   20.00  0.0000E+00  0.0000E+00
  83    -9.8400       0.000 0.3500   0.3000E+02  0.0000E+00 -0.3000E+02  0.0000E+00      -1  -0.100E+01   20.00  0.0000E+00  0.0000E+00
  84    -9.9600       0.000 0.3500   0.3000E+02  0.0000E+00 -0.3000E+02  0.0000E+00      -1  -0.100E+01   20.00  0.0000E+00  0.0000E+00
  85   -10.0800       0.000 0.3500   0.3000E+02  0.0000E+00 -0.3000E+02  0.0000E+00      -1  -0.100E+01   20.00  0.0000E+00  0.0000E+00
  86   -10.2000       0.000 0.3500   0.3000E+02  0.0000E+00 -0.3000E+02  0.0000E+00      -1  -0.100E+01   20.00  0.0000E+00  0.0000E+00
  87   -10.3200       0.000 0.3500   0.3000E+02  0.0000E+00 -0.3000E+02  0.0000E+00      -1  -0.100E+01   20.00  0.0000E+00  0.0000E+00
  88   -10.4400       0.000 0.3500   0.3000E+02  0.0000E+00 -0.3000E+02  0.0000E+00      -1  -0.100E+01   20.00  0.0000E+00  0.0000E+00
  89   -10.5600       0.000 0.3500   0.3000E+02  0.0000E+00 -0.3000E+02  0.0000E+00      -1  -0.100E+01   20.00  0.0000E+00  0.0000E+00
  90   -10.6800       0.000 0.3500   0.3000E+02  0.0000E+00 -0.3000E+02  0.0000E+00      -1  -0.100E+01   20.00  0.0000E+00  0.0000E+00
  91   -10.8000       0.000 0.3500   0.3000E+02  0.0000E+00 -0.3000E+02  0.0000E+00      -1  -0.100E+01   20.00  0.0000E+00  0.0000E+00
  92   -10.9200       0.000 0.3500   0.3000E+02  0.0000E+00 -0.3000E+02  0.0000E+00      -1  -0.100E+01   20.00  0.0000E+00  0.0000E+00
  93   -11.0400       0.000 0.3500   0.3000E+02  0.0000E+00 -0.3000E+02  0.0000E+00      -1  -0.100E+01   20.00  0.0000E+00  0.0000E+00
  94   -11.1600       0.000 0.3500   0.3000E+02  0.0000E+00 -0.3000E+02  0.0000E+00      -1  -0.100E+01   20.00  0.0000E+00  0.0000E+00
  95   -11.2800       0.000 0.3500   0.3000E+02  0.0000E+00 -0.3000E+02  0.0000E+00      -1  -0.100E+01   20.00  0.0000E+00  0.0000E+00
  96   -11.4000       0.000 0.3500   0.3000E+02  0.0000E+00 -0.3000E+02  0.0000E+00      -1  -0.100E+01   20.00  0.0000E+00  0.0000E+00
  97   -11.5200       0.000 0.3500   0.3000E+02  0.0000E+00 -0.3000E+02  0.0000E+00      -1  -0.100E+01   20.00  0.0000E+00  0.0000E+00
  98   -11.6400       0.000 0.3500   0.3000E+02  0.0000E+00 -0.3000E+02  0.0000E+00      -1  -0.100E+01   20.00  0.0000E+00  0.0000E+00
  99   -11.7600       0.000 0.3500   0.3000E+02  0.0000E+00 -0.3000E+02  0.0000E+00      -1  -0.100E+01   20.00  0.0000E+00  0.0000E+00
 100   -11.8800       0.000 0.3500   0.3000E+02  0.0000E+00 -0.3000E+02  0.0000E+00      -1  -0.100E+01   20.00  0.0000E+00  0.0000E+00
 101   -12.0000       0.000 0.3500   0.3000E+02  0.0000E+00 -0.3000E+02  0.0000E+00      -1  -0.100E+01   20.00  0.0000E+00  0.0000E+00
end


 Time:       10.0000


 Node      Depth      Head Moisture       K          C         Flux        Sink         Kappa   v/KsTop   Temp   Conc(1..NS) Sorb(1...NS)   ConcL       ConcS       ConcG       ConcT
           [L]        [L]    [-]        [L/T]      [1/L]      [L/T]        [1/T]         [-]      [-]      [C]      [M/L*3]                [M/L*3]      [M/M]      [M/L*3]     [M/L*3]

   1     0.0000       0.000 0.3500   0.3000E+02  0.0000E+00 -0.3000E+02  0.0000E+00      -1  -0.100E+01   20.00  0.4143E-16  0.0000E+00
   2    -0.1200       0.000 0.3500   0.3000E+02  0.0000E+00 -0.3000E+02  0.0000E+00      -1  -0.100E+01   20.00  0.7366E-16  0.0000E+00
   3    -0.2400       0.000 0.3500   0.3000E+02  0.0000E+00 -0.3000E+02  0.0000E+00      -1  -0.100E+01   20.00  0.1230E-15  0.0000E+00
   4    -0.3600       0.000 0.3500   0.3000E+02  0.0000E+00 -0.3000E+02  0.0000E+00      -1  -0.100E+01   20.00  0.1971E-15  0.0000E+00
   5    -0.4800       0.000 0.3500   0.3000E+02  0.0000E+00 -0.3000E+02  0.0000E+00      -1  -0.100E+01   20.00  0.3066E-15  0.0000E+00
   6    -0.6000       0.000 0.3500   0.3000E+02  0.0000E+00 -0.3000E+02  0.0000E+00      -1  -0.100E+01   20.00  0.4665E-15  0.0000E+00
   7    -0.7200       0.000 0.3500   0.3000E+02  0.0000E+00 -0.3000E+02  0.0000E+00      -1  -0.100E+01   20.00  0.6977E-15  0.0000E+00
   8    -0.8400       0.000 0.3500   0.3000E+02  0.0000E+00 -0.3000E+02  0.0000E+00      -1  -0.100E+01   20.00  0.1029E-14  0.0000E+00
   9    -0.9600       0.000 0.3500   0.3000E+02  0.0000E+00 -0.3000E+02  0.0000E+00      -1  -0.100E+01   20.00  0.1498E-14  0.0000E+00
  10    -1.0800       0.000 0.3500   0.3000E+02  0.0000E+00 -0.3000E+02  0.0000E+00      -1  -0.100E+01   20.00  0.2160E-14  0.0000E+00
  11    -1.2000       0.000 0.3500   0.3000E+02  0.0000E+00 -0.3000E+02  0.0000E+00      -1  -0.100E+01   20.00  0.3086E-14  0.0000E+00
  12    -1.3200       0.000 0.3500   0.3000E+02  0.0000E+00 -0.3000E+02  0.0000E+00      -1  -0.100E+01   20.00  0.4374E-14  0.0000E+00
  13    -1.4400       0.000 0.3500   0.3000E+02  0.0000E+00 -0.3000E+02  0.0000E+00      -1  -0.100E+01   20.00  0.6154E-14  0.0000E+00
  14    -1.5600       0.000 0.3500   0.3000E+02  0.0000E+00 -0.3000E+02  0.0000E+00      -1  -0.100E+01   20.00  0.8601E-14  0.0000E+00
  15    -1.6800       0.000 0.3500   0.3000E+02  0.0000E+00 -0.3000E+02  0.0000E+00      -1  -0.100E+01   20.00  0.1195E-13  0.0000E+00
  16    -1.8000       0.000 0.3500   0.3000E+02  0.0000E+00 -0.3000E+02  0.0000E+00      -1  -0.100E+01   20.00  0.1651E-13  0.0000E+00
  17    -1.9200       0.000 0.3500   0.3000E+02  0.0000E+00 -0.3000E+02  0.0000E+00      -1  -0.100E+01   20.00  0.2269E-13  0.0000E+00
  18    -2.0400       0.000 0.3500   0.3000E+02  0.0000E+00 -0.3000E+02  0.0000E+00      -1  -0.100E+01   20.00  0.3102E-13  0.0000E+00
  19    -2.1600       0.000 0.3500   0.3000E+02  0.0000E+00 -0.3000E+02  0.0000E+00      -1  -0.100E+01   20.00  0.4222E-13  0.0000E+00
  20    -2.2800       0.000 0.3500   0.3000E+02  0.0000E+00 -0.3000E+02  0.0000E+00      -1  -0.100E+01   20.00  0.5720E-13  0.0000E+00
  21    -2.4000       0.000 0.3500   0.3000E+02  0.0000E+00 -0.3000E+02  0.0000E+00      -1  -0.100E+01   20.00  0.7717E-13  0.0000E+00
  22    -2.5200       0.000 0.3500   0.3000E+02  0.0000E+00 -0.3000E+02  0.0000E+00      -1  -0.100E+01   20.00  0.1037E-12  0.0000E+00
  23    -2.6400       0.000 0.3500   0.3000E+02  0.0000E+00 -0.3000E+02  0.0000E+00      -1  -0.100E+01   20.00  0.1388E-12  0.0000E+00
  24    -2.7600       0.000 0.3500   0.3000E+02  0.0000E+00 -0.3000E+02  0.0000E+00      -1  -0.100E+01   20.00  0.1850E-12  0.0000E+00
  25    -2.8800       0.000 0.3500   0.3000E+02  0.0000E+00 -0.3000E+02  0.0000E+00      -1  -0.100E+01   20.00  0.2457E-12  0.0000E+00
  26    -3.0000       0.000 0.3500   0.3000E+02  0.0000E+00 -0.3000E+02  0.0000E+00      -1  -0.100E+01   20.00  0.3252E-12  0.0000E+00
  27    -3.1200       0.000 0.3500   0.3000E+02  0.0000E+00 -0.3000E+02  0.0000E+00      -1  -0.100E+01   20.00  0.4289E-12  0.0000E+00
  28    -3.2400       0.000 0.3500   0.3000E+02  0.0000E+00 -0.3000E+02  0.0000E+00      -1  -0.100E+01   20.00  0.5638E-12  0.0000E+00
  29    -3.3600       0.000 0.3500   0.3000E+02  0.0000E+00 -0.3000E+02  0.0000E+00      -1  -0.100E+01   20.00  0.7386E-12  0.0000E+00
  30    -3.4800       0.000 0.3500   0.3000E+02  0.0000E+00 -0.3000E+02  0.0000E+00      -1  -0.100E+01   20.00  0.9645E-12  0.0000E+00
  31    -3.6000       0.000 0.3500   0.3000E+02  0.0000E+00 -0.3000E+02  0.0000E+00      -1  -0.100E+01   20.00  0.1255E-11  0.0000E+00
  32    -3.7200       0.000 0.3500   0.3000E+02  0.0000E+00 -0.3000E+02  0.0000E+00      -1  -0.100E+01   20.00  0.1629E-11  0.0000E+00
  33    -3.8400       0.000 0.3500   0.3000E+02  0.0000E+00 -0.3000E+02  0.0000E+00      -1  -0.100E+01   20.00  0.2107E-11  0.0000E+00
  34    -3.9600       0.000 0.3500   0.3000E+02  0.0000E+00 -0.3000E+02  0.0000E+00      -1  -0.100E+01   20.00  0.2717E-11  0.0000E+00
  35    -4.0800       0.000 0.3500   0.3000E+02  0.0000E+00 -0.3000E+02  0.0000E+00      -1  -0.100E+01   20.00  0.3493E-11  0.0000E+00
  36    -4.2000       0.000 0.3500   0.3000E+02  0.0000E+00 -0.3000E+02  0.0000E+00      -1  -0.100E+01   20.00  0.4478E-11  0.0000E+00
  37    -4.3200       0.000 0.3500   0.3000E+02  0.0000E+00 -0.3000E+02  0.0000E+00      -1  -0.100E+01   20.00  0.5724E-11  0.0000E+00
  38    -4.4400       0.000 0.3500   0.3000E+02  0.0000E+00 -0.3000E+02  0.0000E+00      -1  -0.100E+01   20.00  0.7295E-11  0.0000E+00
  39    -4.5600       0.000 0.3500   0.3000E+02  0.0000E+00 -0.3000E+02  0.0000E+00      -1  -0.100E+01   20.00  0.9271E-11  0.0000E+00
  40    -4.6800       0.000 0.3500   0.3000E+02  0.0000E+00 -0.3000E+02  0.0000E+00      -1  -0.100E+01   20.00  0.1175E-10  0.0000E+00
  41    -4.8000       0.000 0.3500   0.3000E+02  0.0000E+00 -0.3000E+02  0.0000E+00      -1  -0.100E+01   20.00  0.1485E-10  0.0000E+00
  42    -4.9200       0.000 0.3500   0.3000E+02  0.0000E+00 -0.3000E+02  0.0000E+00      -1  -0.100E+01   20.00  0.1871E-10  0.0000E+00
  43    -5.0400       0.000 0.3500   0.3000E+02  0.0000E+00 -0.3000E+02  0.0000E+00      -1  -0.100E+01   20.00  0.2352E-10  0.0000E+00
  44    -5.1600       0.000 0.3500   0.3000E+02  0.0000E+00 -0.3000E+02  0.0000E+00      -1  -0.100E+01   20.00  0.2948E-10  0.0000E+00
  45    -5.2800       0.000 0.3500   0.3000E+02  0.0000E+00 -0.3000E+02  0.0000E+00      -1  -0.100E+01   20.00  0.3685E-10  0.0000E+00
  46    -5.4000       0.000 0.3500   0.3000E+02  0.0000E+00 -0.3000E+02  0.0000E+00      -1  -0.100E+01   20.00  0.4594E-10  0.0000E+00
  47    -5.5200       0.000 0.3500   0.3000E+02  0.0000E+00 -0.3000E+02  0.0000E+00      -1  -0.100E+01   20.00  0.5712E-10  0.0000E+00
  48    -5.6400       0.000 0.3500   0.3000E+02  0.0000E+00 -0.3000E+02  0.0000E+00      -1  -0.100E+01   20.00  0.7083E-10  0.0000E+00
  49    -5.7600       0.000 0.3500   0.3000E+02  0.0000E+00 -0.3000E+02  0.0000E+00      -1  -0.100E+01   20.00  0.8761E-10  0.0000E+00
  50    -5.8800       0.000 0.3500   0.3000E+02  0.0000E+00 -0.3000E+02  0.0000E+00      -1  -0.100E+01   20.00  0.1081E-09  0.0000E+00
  51    -6.0000       0.000 0.3500   0.3000E+02  0.0000E+00 -0.3000E+02  0.0000E+00      -1  -0.100E+01   20.00  0.1330E-09  0.0000E+00
  52    -6.1200       0.000 0.3500   0.3000E+02  0.0000E+00 -0.3000E+02  0.0000E+00      -1  -0.100E+01   20.00  0.1632E-09  0.0000E+00
  53    -6.2400       0.000 0.3500   0.3000E+02  0.0000E+00 -0.3000E+02  0.0000E+00      -1  -0.100E+01   20.00  0.1998E-09  0.0000E+00
  54    -6.3600       0.000 0.3500   0.3000E+02  0.0000E+00 -0.3000E+02  0.0000E+00      -1  -0.100E+01   20.00  0.2439E-09  0.0000E+00
  55    -6.4800       0.000 0.3500   0.3000E+02  0.0000E+00 -0.3000E+02  0.0000E+00      -1  -0.100E+01   20.00  0.2970E-09  0.0000E+00
  56    -6.6000       0.000 0.3500   0.3000E+02  0.0000E+00 -0.3000E+02  0.0000E+00      -1  -0.100E+01   20.00  0.3608E-09  0.0000E+00
  57    -6.7200       0.000 0.3500   0.3000E+02  0.0000E+00 -0.3000E+02  0.0000E+00      -1  -0.100E+01   20.00  0.4372E-09  0.0000E+00
  58    -6.8400       0.000 0.3500   0.3000E+02  0.0000E+00 -0.3000E+02  0.0000E+00      -1  -0.100E+01   20.00  0.5284E-09  0.0000E+00
  59    -6.9600       0.000 0.3500   0.3000E+02  0.0000E+00 -0.3000E+02  0.0000E+00      -1  -0.100E+01   20.00  0.6371E-09  0.0000E+00
  60    -7.0800       0.000 0.3500   0.3000E+02  0.0000E+00 -0.3000E+02  0.0000E+00      -1  -0.100E+01   20.00  0.7662E-09  0.0000E+00
  61    -7.2000       0.000 0.3500   0.3000E+02  0.0000E+00 -0.3000E+02  0.0000E+00      -1  -0.100E+01   20.00  0.9191E-09  0.0000E+00
  62    -7.3200       0.000 0.3500   0.3000E+02  0.0000E+00 -0.3000E+02  0.0000E+00      -1  -0.100E+01   20.00  0.1100E-08  0.0000E+00
  63    -7.4400       0.000 0.3500   0.3000E+02  0.0000E+00 -0.3000E+02  0.0000E+00      -1  -0.100E+01   20.00  0.1313E-08  0.0000E+00
  64    -7.5600       0.000 0.3500   0.3000E+02  0.0000E+00 -0.3000E+02  0.0000E+00      -1  -0.100E+01   20.00  0.1563E-08  0.0000E+00
  65    -7.6800       0.000 0.3500   0.3000E+02  0.0000E+00 -0.3000E+02  0.0000E+00      -1  -0.100E+01   20.00  0.1857E-08  0.0000E+00
  66    -7.8000       0.000 0.3500   0.3000E+02  0.0000E+00 -0.3000E+02  0.0000E+00      -1  -0.100E+01   20.00  0.2201E-08  0.0000E+00
  67    -7.9200       0.000 0.3500   0.3000E+02  0.0000E+00 -0.3000E+02  0.0000E+00      -1  -0.100E+01   20.00  0.2601E-08  0.0000E+00
  68    -8.0400       0.000 0.3500   0.3000E+02  0.0000E+00 -0.3000E+02  0.0000E+00      -1  -0.100E+01   20.00  0.3067E-08  0.0000E+00
  69    -8.1600       0.000 0.3500   0.3000E+02  0.0000E+00 -0.3000E+02  0.0000E+00      -1  -0.100E+01   20.00  0.3608E-08  0.0000E+00
  70    -8.2800       0.000 0.3500   0.3000E+02  0.0000E+00 -0.3000E+02  0.0000E+00      -1  -0.100E+01   20.00  0.4234E-08  0.0000E+00
  71    -8.4000       0.000 0.3500   0.3000E+02  0.0000E+00 -0.3000E+02  0.0000E+00      -1  -0.100E+01   20.00  0.4957E-08  0.0000E+00
  72    -8.5200       0.000 0.3500   0.3000E+02  0.0000E+00 -0.3000E+02  0.0000E+00      -1  -0.100E+01   20.00  0.5789E-08  0.0000E+00
  73    -8.6400       0.000 0.3500   0.3000E+02  0.0000E+00 -0.3000E+02  0.0000E+00      -1  -0.100E+01   20.00  0.6744E-08  0.0000E+00
  74    -8.7600       0.000 0.3500   0.3000E+02  0.0000E+00 -0.3000E+02  0.0000E+00      -1  -0.100E+01   20.00  0.7838E-08  0.0000E+00
  75    -8.8800       0.000 0.3500   0.3000E+02  0.0000E+00 -0.3000E+02  0.0000E+00      -1  -0.100E+01   20.00  0.9087E-08  0.0000E+00
  76    -9.0000       0.000 0.3500   0.3000E+02  0.0000E+00 -0.3000E+02  0.0000E+00      -1  -0.100E+01   20.00  0.1051E-07  0.0000E+00
  77    -9.1200       0.000 0.3500   0.3000E+02  0.0000E+00 -0.3000E+02  0.0000E+00      -1  -0.100E+01   20.00  0.1213E-07  0.0000E+00
  78    -9.2400       0.000 0.3500   0.3000E+02  0.0000E+00 -0.3000E+02  0.0000E+00      -1  -0.100E+01   20.00  0.1396E-07  0.0000E+00
  79    -9.3600       0.000 0.3500   0.3000E+02  0.0000E+00 -0.3000E+02  0.0000E+00      -1  -0.100E+01   20.00  0.1603E-07  0.0000E+00
  80    -9.4800       0.000 0.3500   0.3000E+02  0.0000E+00 -0.3000E+02  0.0000E+00      -1  -0.100E+01   20.00  0.1837E-07  0.0000E+00
  81    -9.6000       0.000 0.3500   0.3000E+02  0.0000E+00 -0.3000E+02  0.0000E+00      -1  -0.100E+01   20.00  0.2099E-07  0.0000E+00
  82    -9.7200       0.000 0.3500   0.3000E+02  0.0000E+00 -0.3000E+02  0.0000E+00      -1  -0.100E+01   20.00  0.2394E-07  0.0000E+00
  83    -9.8400       0.000 0.3500   0.3000E+02  0.0000E+00 -0.3000E+02  0.0000E+00      -1  -0.100E+01   20.00  0.2723E-07  0.0000E+00
  84    -9.9600       0.000 0.3500   0.3000E+02  0.0000E+00 -0.3000E+02  0.0000E+00      -1  -0.100E+01   20.00  0.3090E-07  0.0000E+00
  85   -10.0800       0.000 0.3500   0.3000E+02  0.0000E+00 -0.3000E+02  0.0000E+00      -1  -0.100E+01   20.00  0.3499E-07  0.0000E+00
  86   -10.2000       0.000 0.3500   0.3000E+02  0.0000E+00 -0.3000E+02  0.0000E+00      -1  -0.100E+01   20.00  0.3952E-07  0.0000E+00
  87   -10.3200       0.000 0.3500   0.3000E+02  0.0000E+00 -0.3000E+02  0.0000E+00      -1  -0.100E+01   20.00  0.4453E-07  0.0000E+00
  88   -10.4400       0.000 0.3500   0.3000E+02  0.0000E+00 -0.3000E+02  0.0000E+00      -1  -0.100E+01   20.00  0.5006E-07  0.0000E+00
  89   -10.5600       0.000 0.3500   0.3000E+02  0.0000E+00 -0.3000E+02  0.0000E+00      -1  -0.100E+01   20.00  0.5613E-07  0.0000E+00
  90   -10.6800       0.000 0.3500   0.3000E+02  0.0000E+00 -0.3000E+02  0.0000E+00      -1  -0.100E+01   20.00  0.6279E-07  0.0000E+00
  91   -10.8000       0.000 0.3500   0.3000E+02  0.0000E+00 -0.3000E+02  0.0000E+00      -1  -0.100E+01   20.00  0.7005E-07  0.0000E+00
  92   -10.9200       0.000 0.3500   0.3000E+02  0.0000E+00 -0.3000E+02  0.0000E+00      -1  -0.100E+01   20.00  0.7794E-07  0.0000E+00
  93   -11.0400       0.000 0.3500   0.3000E+02  0.0000E+00 -0.3000E+02  0.0000E+00      -1  -0.100E+01   20.00  0.8646E-07  0.0000E+00
  94   -11.1600       0.000 0.3500   0.3000E+02  0.0000E+00 -0.3000E+02  0.0000E+00      -1  -0.100E+01   20.00  0.9560E-07  0.0000E+00
  95   -11.2800       0.000 0.3500   0.3000E+02  0.0000E+00 -0.3000E+02  0.0000E+00      -1  -0.100E+01   20.00  0.1053E-06  0.0000E+00
  96   -11.4000       0.000 0.3500   0.3000E+02  0.0000E+00 -0.3000E+02  0.0000E+00      -1  -0.100E+01   20.00  0.1154E-06  0.0000E+00
  97   -11.5200       0.000 0.3500   0.3000E+02  0.0000E+00 -0.3000E+02  0.0000E+00      -1  -0.100E+01   20.00  0.1256E-06  0.0000E+00
  98   -11.6400       0.000 0.3500   0.3000E+02  0.0000E+00 -0.3000E+02  0.0000E+00      -1  -0.100E+01   20.00  0.1354E-06  0.0000E+00
  99   -11.7600       0.000 0.3500   0.3000E+02  0.0000E+00 -0.3000E+02  0.0000E+00      -1  -0.100E+01   20.00  0.1440E-06  0.0000E+00
 100   -11.8800       0.000 0.3500   0.3000E+02  0.0000E+00 -0.3000E+02  0.0000E+00      -1  -0.100E+01   20.00  0.1496E-06  0.0000E+00
 101   -12.0000       0.000 0.3500   0.3000E+02  0.0000E+00 -0.3000E+02  0.0000E+00      -1  -0.100E+01   20.00  0.1496E-06  0.0000E+00
end


 Time:       20.0000


 Node      Depth      Head Moisture       K          C         Flux        Sink         Kappa   v/KsTop   Temp   Conc(1..NS) Sorb(1...NS)   ConcL       ConcS       ConcG       ConcT
           [L]        [L]    [-]        [L/T]      [1/L]      [L/T]        [1/T]         [-]      [-]      [C]      [M/L*3]                [M/L*3]      [M/M]      [M/L*3]     [M/L*3]

   1     0.0000       0.000 0.3500   0.3000E+02  0.0000E+00 -0.3000E+02  0.0000E+00      -1  -0.100E+01   20.00  0.1521E-25  0.0000E+00
   2    -0.1200       0.000 0.3500   0.3000E+02  0.0000E+00 -0.3000E+02  0.0000E+00      -1  -0.100E+01   20.00  0.2709E-25  0.0000E+00
   3    -0.2400       0.000 0.3500   0.3000E+02  0.0000E+00 -0.3000E+02  0.0000E+00      -1  -0.100E+01   20.00  0.4540E-25  0.0000E+00
   4    -0.3600       0.000 0.3500   0.3000E+02  0.0000E+00 -0.3000E+02  0.0000E+00      -1  -0.100E+01   20.00  0.7310E-25  0.0000E+00
   5    -0.4800       0.000 0.3500   0.3000E+02  0.0000E+00 -0.3000E+02  0.0000E+00      -1  -0.100E+01   20.00  0.1145E-24  0.0000E+00
   6    -0.6000       0.000 0.3500   0.3000E+02  0.0000E+00 -0.3000E+02  0.0000E+00      -1  -0.100E+01   20.00  0.1756E-24  0.0000E+00
   7    -0.7200       0.000 0.3500   0.3000E+02  0.0000E+00 -0.3000E+02  0.0000E+00      -1  -0.100E+01   20.00  0.2649E-24  0.0000E+00
   8    -0.8400       0.000 0.3500   0.3000E+02  0.0000E+00 -0.3000E+02  0.0000E+00      -1  -0.100E+01   20.00  0.3946E-24  0.0000E+00
   9    -0.9600       0.000 0.3500   0.3000E+02  0.0000E+00 -0.3000E+02  0.0000E+00      -1  -0.100E+01   20.00  0.5814E-24  0.0000E+00
  10    -1.0800       0.000 0.3500   0.3000E+02  0.0000E+00 -0.3000E+02  0.0000E+00      -1  -0.100E+01   20.00  0.8488E-24  0.0000E+00
  11    -1.2000       0.000 0.3500   0.3000E+02  0.0000E+00 -0.3000E+02  0.0000E+00      -1  -0.100E+01   20.00  0.1229E-23  0.0000E+00
  12    -1.3200       0.000 0.3500   0.3000E+02  0.0000E+00 -0.3000E+02  0.0000E+00      -1  -0.100E+01   20.00  0.1768E-23  0.0000E+00
  13    -1.4400       0.000 0.3500   0.3000E+02  0.0000E+00 -0.3000E+02  0.0000E+00      -1  -0.100E+01   20.00  0.2528E-23  0.0000E+00
  14    -1.5600       0.000 0.3500   0.3000E+02  0.0000E+00 -0.3000E+02  0.0000E+00      -1  -0.100E+01   20.00  0.3595E-23  0.0000E+00
  15    -1.6800       0.000 0.3500   0.3000E+02  0.0000E+00 -0.3000E+02  0.0000E+00      -1  -0.100E+01   20.00  0.5086E-23  0.0000E+00
  16    -1.8000       0.000 0.3500   0.3000E+02  0.0000E+00 -0.3000E+02  0.0000E+00      -1  -0.100E+01   20.00  0.7164E-23  0.0000E+00
  17    -1.9200       0.000 0.3500   0.3000E+02  0.0000E+00 -0.3000E+02  0.0000E+00      -1  -0.100E+01   20.00  0.1005E-22  0.0000E+00
  18    -2.0400       0.000 0.3500   0.3000E+02  0.0000E+00 -0.3000E+02  0.0000E+00      -1  -0.100E+01   20.00  0.1404E-22  0.0000E+00
  19    -2.1600       0.000 0.3500   0.3000E+02  0.0000E+00 -0.3000E+02  0.0000E+00      -1  -0.100E+01   20.00  0.1955E-22  0.0000E+00
  20    -2.2800       0.000 0.3500   0.3000E+02  0.0000E+00 -0.3000E+02  0.0000E+00      -1  -0.100E+01   20.00  0.2712E-22  0.0000E+00
  21    -2.4000       0.000 0.3500   0.3000E+02  0.0000E+00 -0.3000E+02  0.0000E+00      -1  -0.100E+01   20.00  0.3751E-22  0.0000E+00
  22    -2.5200       0.000 0.3500   0.3000E+02  0.0000E+00 -0.3000E+02  0.0000E+00      -1  -0.100E+01   20.00  0.5173E-22  0.0000E+00
  23    -2.6400       0.000 0.3500   0.3000E+02  0.0000E+00 -0.3000E+02  0.0000E+00      -1  -0.100E+01   20.00  0.7114E-22  0.0000E+00
  24    -2.7600       0.000 0.3500   0.3000E+02  0.0000E+00 -0.3000E+02  0.0000E+00      -1  -0.100E+01   20.00  0.9756E-22  0.0000E+00
  25    -2.8800       0.000 0.3500   0.3000E+02  0.0000E+00 -0.3000E+02  0.0000E+00      -1  -0.100E+01   20.00  0.1334E-21  0.0000E+00
  26    -3.0000       0.000 0.3500   0.3000E+02  0.0000E+00 -0.3000E+02  0.0000E+00      -1  -0.100E+01   20.00  0.1821E-21  0.0000E+00
  27    -3.1200       0.000 0.3500   0.3000E+02  0.0000E+00 -0.3000E+02  0.0000E+00      -1  -0.100E+01   20.00  0.2479E-21  0.0000E+00
  28    -3.2400       0.000 0.3500   0.3000E+02  0.0000E+00 -0.3000E+02  0.0000E+00      -1  -0.100E+01   20.00  0.3366E-21  0.0000E+00
  29    -3.3600       0.000 0.3500   0.3000E+02  0.0000E+00 -0.3000E+02  0.0000E+00      -1  -0.100E+01   20.00  0.4561E-21  0.0000E+00
  30    -3.4800       0.000 0.3500   0.3000E+02  0.0000E+00 -0.3000E+02  0.0000E+00      -1  -0.100E+01   20.00  0.6168E-21  0.0000E+00
  31    -3.6000       0.000 0.3500   0.3000E+02  0.0000E+00 -0.3000E+02  0.0000E+00      -1  -0.100E+01   20.00  0.8322E-21  0.0000E+00
  32    -3.7200       0.000 0.3500   0.3000E+02  0.0000E+00 -0.3000E+02  0.0000E+00      -1  -0.100E+01   20.00  0.1121E-20  0.0000E+00
  33    -3.8400       0.000 0.3500   0.3000E+02  0.0000E+00 -0.3000E+02  0.0000E+00      -1  -0.100E+01   20.00  0.1506E-20  0.0000E+00
  34    -3.9600       0.000 0.3500   0.3000E+02  0.0000E+00 -0.3000E+02  0.0000E+00      -1  -0.100E+01   20.00  0.2020E-20  0.0000E+00
  35    -4.0800       0.000 0.3500   0.3000E+02  0.0000E+00 -0.3000E+02  0.0000E+00      -1  -0.100E+01   20.00  0.2704E-20  0.0000E+00
  36    -4.2000       0.000 0.3500   0.3000E+02  0.0000E+00 -0.3000E+02  0.0000E+00      -1  -0.100E+01   20.00  0.3614E-20  0.0000E+00
  37    -4.3200       0.000 0.3500   0.3000E+02  0.0000E+00 -0.3000E+02  0.0000E+00      -1  -0.100E+01   20.00  0.4821E-20  0.0000E+00
  38    -4.4400       0.000 0.3500   0.3000E+02  0.0000E+00 -0.3000E+02  0.0000E+00      -1  -0.100E+01   20.00  0.6419E-20  0.0000E+00
  39    -4.5600       0.000 0.3500   0.3000E+02  0.0000E+00 -0.3000E+02  0.0000E+00      -1  -0.100E+01   20.00  0.8532E-20  0.0000E+00
  40    -4.6800       0.000 0.3500   0.3000E+02  0.0000E+00 -0.3000E+02  0.0000E+00      -1  -0.100E+01   20.00  0.1132E-19  0.0000E+00
  41    -4.8000       0.000 0.3500   0.3000E+02  0.0000E+00 -0.3000E+02  0.0000E+00      -1  -0.100E+01   20.00  0.1500E-19  0.0000E+00
  42    -4.9200       0.000 0.3500   0.3000E+02  0.0000E+00 -0.3000E+02  0.0000E+00      -1  -0.100E+01   20.00  0.1983E-19  0.0000E+00
  43    -5.0400       0.000 0.3500   0.3000E+02  0.0000E+00 -0.3000E+02  0.0000E+00      -1  -0.100E+01   20.00  0.2619E-19  0.0000E+00
  44    -5.1600       0.000 0.3500   0.3000E+02  0.0000E+00 -0.3000E+02  0.0000E+00      -1  -0.100E+01   20.00  0.3452E-19  0.0000E+00
  45    -5.2800       0.000 0.3500   0.3000E+02  0.0000E+00 -0.3000E+02  0.0000E+00      -1  -0.100E+01   20.00  0.4543E-19  0.0000E+00
  46    -5.4000       0.000 0.3500   0.3000E+02  0.0000E+00 -0.3000E+02  0.0000E+00      -1  -0.100E+01   20.00  0.5970E-19  0.0000E+00
  47    -5.5200       0.000 0.3500   0.3000E+02  0.0000E+00 -0.3000E+02  0.0000E+00      -1  -0.100E+01   20.00  0.7832E-19  0.0000E+00
  48    -5.6400       0.000 0.3500   0.3000E+02  0.0000E+00 -0.3000E+02  0.0000E+00      -1  -0.100E+01   20.00  0.1026E-18  0.0000E+00
  49    -5.7600       0.000 0.3500   0.3000E+02  0.0000E+00 -0.3000E+02  0.0000E+00      -1  -0.100E+01   20.00  0.1342E-18  0.0000E+00
  50    -5.8800       0.000 0.3500   0.3000E+02  0.0000E+00 -0.3000E+02  0.0000E+00      -1  -0.100E+01   20.00  0.1753E-18  0.0000E+00
  51    -6.0000       0.000 0.3500   0.3000E+02  0.0000E+00 -0.3000E+02  0.0000E+00      -1  -0.100E+01   20.00  0.2285E-18  0.0000E+00
  52    -6.1200       0.000 0.3500   0.3000E+02  0.0000E+00 -0.3000E+02  0.0000E+00      -1  -0.100E+01   20.00  0.2976E-18  0.0000E+00
  53    -6.2400       0.000 0.3500   0.3000E+02  0.0000E+00 -0.3000E+02  0.0000E+00      -1  -0.100E+01   20.00  0.3869E-18  0.0000E+00
  54    -6.3600       0.000 0.3500   0.3000E+02  0.0000E+00 -0.3000E+02  0.0000E+00      -1  -0.100E+01   20.00  0.5024E-18  0.0000E+00
  55    -6.4800       0.000 0.3500   0.3000E+02  0.0000E+00 -0.3000E+02  0.0000E+00      -1  -0.100E+01   20.00  0.6513E-18  0.0000E+00
  56    -6.6000       0.000 0.3500   0.3000E+02  0.0000E+00 -0.3000E+02  0.0000E+00      -1  -0.100E+01   20.00  0.8432E-18  0.0000E+00
  57    -6.7200       0.000 0.3500   0.3000E+02  0.0000E+00 -0.3000E+02  0.0000E+00      -1  -0.100E+01   20.00  0.1090E-17  0.0000E+00
  58    -6.8400       0.000 0.3500   0.3000E+02  0.0000E+00 -0.3000E+02  0.0000E+00      -1  -0.100E+01   20.00  0.1407E-17  0.0000E+00
  59    -6.9600       0.000 0.3500   0.3000E+02  0.0000E+00 -0.3000E+02  0.0000E+00      -1  -0.100E+01   20.00  0.1814E-17  0.0000E+00
  60    -7.0800       0.000 0.3500   0.3000E+02  0.0000E+00 -0.3000E+02  0.0000E+00      -1  -0.100E+01   20.00  0.2335E-17  0.0000E+00
  61    -7.2000       0.000 0.3500   0.3000E+02  0.0000E+00 -0.3000E+02  0.0000E+00      -1  -0.100E+01   20.00  0.3002E-17  0.0000E+00
  62    -7.3200       0.000 0.3500   0.3000E+02  0.0000E+00 -0.3000E+02  0.0000E+00      -1  -0.100E+01   20.00  0.3854E-17  0.0000E+00
  63    -7.4400       0.000 0.3500   0.3000E+02  0.0000E+00 -0.3000E+02  0.0000E+00      -1  -0.100E+01   20.00  0.4941E-17  0.0000E+00
  64    -7.5600       0.000 0.3500   0.3000E+02  0.0000E+00 -0.3000E+02  0.0000E+00      -1  -0.100E+01   20.00  0.6326E-17  0.0000E+00
  65    -7.6800       0.000 0.3500   0.3000E+02  0.0000E+00 -0.3000E+02  0.0000E+00      -1  -0.100E+01   20.00  0.8088E-17  0.0000E+00
  66    -7.8000       0.000 0.3500   0.3000E+02  0.0000E+00 -0.3000E+02  0.0000E+00      -1  -0.100E+01   20.00  0.1033E-16  0.0000E+00
  67    -7.9200       0.000 0.3500   0.3000E+02  0.0000E+00 -0.3000E+02  0.0000E+00      -1  -0.100E+01   20.00  0.1317E-16  0.0000E+00
  68    -8.0400       0.000 0.3500   0.3000E+02  0.0000E+00 -0.3000E+02  0.0000E+00      -1  -0.100E+01   20.00  0.1677E-16  0.0000E+00
  69    -8.1600       0.000 0.3500   0.3000E+02  0.0000E+00 -0.3000E+02  0.0000E+00      -1  -0.100E+01   20.00  0.2132E-16  0.0000E+00
  70    -8.2800       0.000 0.3500   0.3000E+02  0.0000E+00 -0.3000E+02  0.0000E+00      -1  -0.100E+01   20.00  0.2708E-16  0.0000E+00
  71    -8.4000       0.000 0.3500   0.3000E+02  0.0000E+00 -0.3000E+02  0.0000E+00      -1  -0.100E+01   20.00  0.3434E-16  0.0000E+00
  72    -8.5200       0.000 0.3500   0.3000E+02  0.0000E+00 -0.3000E+02  0.0000E+00      -1  -0.100E+01   20.00  0.4349E-16  0.0000E+00
  73    -8.6400       0.000 0.3500   0.3000E+02  0.0000E+00 -0.3000E+02  0.0000E+00      -1  -0.100E+01   20.00  0.5501E-16  0.0000E+00
  74    -8.7600       0.000 0.3500   0.3000E+02  0.0000E+00 -0.3000E+02  0.0000E+00      -1  -0.100E+01   20.00  0.6949E-16  0.0000E+00
  75    -8.8800       0.000 0.3500   0.3000E+02  0.0000E+00 -0.3000E+02  0.0000E+00      -1  -0.100E+01   20.00  0.8766E-16  0.0000E+00
  76    -9.0000       0.000 0.3500   0.3000E+02  0.0000E+00 -0.3000E+02  0.0000E+00      -1  -0.100E+01   20.00  0.1104E-15  0.0000E+00
  77    -9.1200       0.000 0.3500   0.3000E+02  0.0000E+00 -0.3000E+02  0.0000E+00      -1  -0.100E+01   20.00  0.1389E-15  0.0000E+00
  78    -9.2400       0.000 0.3500   0.3000E+02  0.0000E+00 -0.3000E+02  0.0000E+00      -1  -0.100E+01   20.00  0.1745E-15  0.0000E+00
  79    -9.3600       0.000 0.3500   0.3000E+02  0.0000E+00 -0.3000E+02  0.0000E+00      -1  -0.100E+01   20.00  0.2189E-15  0.0000E+00
  80    -9.4800       0.000 0.3500   0.3000E+02  0.0000E+00 -0.3000E+02  0.0000E+00      -1  -0.100E+01   20.00  0.2741E-15  0.0000E+00
  81    -9.6000       0.000 0.3500   0.3000E+02  0.0000E+00 -0.3000E+02  0.0000E+00      -1  -0.100E+01   20.00  0.3428E-15  0.0000E+00
  82    -9.7200       0.000 0.3500   0.3000E+02  0.0000E+00 -0.3000E+02  0.0000E+00      -1  -0.100E+01   20.00  0.4281E-15  0.0000E+00
  83    -9.8400       0.000 0.3500   0.3000E+02  0.0000E+00 -0.3000E+02  0.0000E+00      -1  -0.100E+01   20.00  0.5336E-15  0.0000E+00
  84    -9.9600       0.000 0.3500   0.3000E+02  0.0000E+00 -0.3000E+02  0.0000E+00      -1  -0.100E+01   20.00  0.6640E-15  0.0000E+00
  85   -10.0800       0.000 0.3500   0.3000E+02  0.0000E+00 -0.3000E+02  0.0000E+00      -1  -0.100E+01   20.00  0.8248E-15  0.0000E+00
  86   -10.2000       0.000 0.3500   0.3000E+02  0.0000E+00 -0.3000E+02  0.0000E+00      -1  -0.100E+01   20.00  0.1022E-14  0.0000E+00
  87   -10.3200       0.000 0.3500   0.3000E+02  0.0000E+00 -0.3000E+02  0.0000E+00      -1  -0.100E+01   20.00  0.1264E-14  0.0000E+00
  88   -10.4400       0.000 0.3500   0.3000E+02  0.0000E+00 -0.3000E+02  0.0000E+00      -1  -0.100E+01   20.00  0.1560E-14  0.0000E+00
  89   -10.5600       0.000 0.3500   0.3000E+02  0.0000E+00 -0.3000E+02  0.0000E+00      -1  -0.100E+01   20.00  0.1919E-14  0.0000E+00
  90   -10.6800       0.000 0.3500   0.3000E+02  0.0000E+00 -0.3000E+02  0.0000E+00      -1  -0.100E+01   20.00  0.2354E-14  0.0000E+00
  91   -10.8000       0.000 0.3500   0.3000E+02  0.0000E+00 -0.3000E+02  0.0000E+00      -1  -0.100E+01   20.00  0.2876E-14  0.0000E+00
  92   -10.9200       0.000 0.3500   0.3000E+02  0.0000E+00 -0.3000E+02  0.0000E+00      -1  -0.100E+01   20.00  0.3498E-14  0.0000E+00
  93   -11.0400       0.000 0.3500   0.3000E+02  0.0000E+00 -0.3000E+02  0.0000E+00      -1  -0.100E+01   20.00  0.4232E-14  0.0000E+00
  94   -11.1600       0.000 0.3500   0.3000E+02  0.0000E+00 -0.3000E+02  0.0000E+00      -1  -0.100E+01   20.00  0.5087E-14  0.0000E+00
  95   -11.2800       0.000 0.3500   0.3000E+02  0.0000E+00 -0.3000E+02  0.0000E+00      -1  -0.100E+01   20.00  0.6064E-14  0.0000E+00
  96   -11.4000       0.000 0.3500   0.3000E+02  0.0000E+00 -0.3000E+02  0.0000E+00      -1  -0.100E+01   20.00  0.7153E-14  0.0000E+00
  97   -11.5200       0.000 0.3500   0.3000E+02  0.0000E+00 -0.3000E+02  0.0000E+00      -1  -0.100E+01   20.00  0.8321E-14  0.0000E+00
  98   -11.6400       0.000 0.3500   0.3000E+02  0.0000E+00 -0.3000E+02  0.0000E+00      -1  -0.100E+01   20.00  0.9500E-14  0.0000E+00
  99   -11.7600       0.000 0.3500   0.3000E+02  0.0000E+00 -0.3000E+02  0.0000E+00      -1  -0.100E+01   20.00  0.1056E-13  0.0000E+00
 100   -11.8800       0.000 0.3500   0.3000E+02  0.0000E+00 -0.3000E+02  0.0000E+00      -1  -0.100E+01   20.00  0.1128E-13  0.0000E+00
 101   -12.0000       0.000 0.3500   0.3000E+02  0.0000E+00 -0.3000E+02  0.0000E+00      -1  -0.100E+01   20.00  0.1128E-13  0.0000E+00
end


 Time:       30.0000


 Node      Depth      Head Moisture       K          C         Flux        Sink         Kappa   v/KsTop   Temp   Conc(1..NS) Sorb(1...NS)   ConcL       ConcS       ConcG       ConcT
           [L]        [L]    [-]        [L/T]      [1/L]      [L/T]        [1/T]         [-]      [-]      [C]      [M/L*3]                [M/L*3]      [M/M]      [M/L*3]     [M/L*3]

   1     0.0000       0.000 0.3500   0.3000E+02  0.0000E+00 -0.3000E+02  0.0000E+00      -1  -0.100E+01   20.00  0.0000E+00  0.0000E+00
   2    -0.1200       0.000 0.3500   0.3000E+02  0.0000E+00 -0.3000E+02  0.0000E+00      -1  -0.100E+01   20.00  0.0000E+00  0.0000E+00
   3    -0.2400       0.000 0.3500   0.3000E+02  0.0000E+00 -0.3000E+02  0.0000E+00      -1  -0.100E+01   20.00  0.0000E+00  0.0000E+00
   4    -0.3600       0.000 0.3500   0.3000E+02  0.0000E+00 -0.3000E+02  0.0000E+00      -1  -0.100E+01   20.00  0.0000E+00  0.0000E+00
   5    -0.4800       0.000 0.3500   0.3000E+02  0.0000E+00 -0.3000E+02  0.0000E+00      -1  -0.100E+01   20.00  0.0000E+00  0.0000E+00
   6    -0.6000       0.000 0.3500   0.3000E+02  0.0000E+00 -0.3000E+02  0.0000E+00      -1  -0.100E+01   20.00  0.0000E+00  0.0000E+00
   7    -0.7200       0.000 0.3500   0.3000E+02  0.0000E+00 -0.3000E+02  0.0000E+00      -1  -0.100E+01   20.00  0.0000E+00  0.0000E+00
   8    -0.8400       0.000 0.3500   0.3000E+02  0.0000E+00 -0.3000E+02  0.0000E+00      -1  -0.100E+01   20.00  0.0000E+00  0.0000E+00
   9    -0.9600       0.000 0.3500   0.3000E+02  0.0000E+00 -0.3000E+02  0.0000E+00      -1  -0.100E+01   20.00  0.0000E+00  0.0000E+00
  10    -1.0800       0.000 0.3500   0.3000E+02  0.0000E+00 -0.3000E+02  0.0000E+00      -1  -0.100E+01   20.00  0.0000E+00  0.0000E+00
  11    -1.2000       0.000 0.3500   0.3000E+02  0.0000E+00 -0.3000E+02  0.0000E+00      -1  -0.100E+01   20.00  0.0000E+00  0.0000E+00
  12    -1.3200       0.000 0.3500   0.3000E+02  0.0000E+00 -0.3000E+02  0.0000E+00      -1  -0.100E+01   20.00  0.0000E+00  0.0000E+00
  13    -1.4400       0.000 0.3500   0.3000E+02  0.0000E+00 -0.3000E+02  0.0000E+00      -1  -0.100E+01   20.00  0.0000E+00  0.0000E+00
  14    -1.5600       0.000 0.3500   0.3000E+02  0.0000E+00 -0.3000E+02  0.0000E+00      -1  -0.100E+01   20.00  0.0000E+00  0.0000E+00
  15    -1.6800       0.000 0.3500   0.3000E+02  0.0000E+00 -0.3000E+02  0.0000E+00      -1  -0.100E+01   20.00  0.0000E+00  0.0000E+00
  16    -1.8000       0.000 0.3500   0.3000E+02  0.0000E+00 -0.3000E+02  0.0000E+00      -1  -0.100E+01   20.00  0.0000E+00  0.0000E+00
  17    -1.9200       0.000 0.3500   0.3000E+02  0.0000E+00 -0.3000E+02  0.0000E+00      -1  -0.100E+01   20.00  0.0000E+00  0.0000E+00
  18    -2.0400       0.000 0.3500   0.3000E+02  0.0000E+00 -0.3000E+02  0.0000E+00      -1  -0.100E+01   20.00  0.0000E+00  0.0000E+00
  19    -2.1600       0.000 0.3500   0.3000E+02  0.0000E+00 -0.3000E+02  0.0000E+00      -1  -0.100E+01   20.00  0.0000E+00  0.0000E+00
  20    -2.2800       0.000 0.3500   0.3000E+02  0.0000E+00 -0.3000E+02  0.0000E+00      -1  -0.100E+01   20.00  0.0000E+00  0.0000E+00
  21    -2.4000       0.000 0.3500   0.3000E+02  0.0000E+00 -0.3000E+02  0.0000E+00      -1  -0.100E+01   20.00  0.0000E+00  0.0000E+00
  22    -2.5200       0.000 0.3500   0.3000E+02  0.0000E+00 -0.3000E+02  0.0000E+00      -1  -0.100E+01   20.00  0.0000E+00  0.0000E+00
  23    -2.6400       0.000 0.3500   0.3000E+02  0.0000E+00 -0.3000E+02  0.0000E+00      -1  -0.100E+01   20.00  0.0000E+00  0.0000E+00
  24    -2.7600       0.000 0.3500   0.3000E+02  0.0000E+00 -0.3000E+02  0.0000E+00      -1  -0.100E+01   20.00  0.0000E+00  0.0000E+00
  25    -2.8800       0.000 0.3500   0.3000E+02  0.0000E+00 -0.3000E+02  0.0000E+00      -1  -0.100E+01   20.00  0.0000E+00  0.0000E+00
  26    -3.0000       0.000 0.3500   0.3000E+02  0.0000E+00 -0.3000E+02  0.0000E+00      -1  -0.100E+01   20.00  0.0000E+00  0.0000E+00
  27    -3.1200       0.000 0.3500   0.3000E+02  0.0000E+00 -0.3000E+02  0.0000E+00      -1  -0.100E+01   20.00  0.0000E+00  0.0000E+00
  28    -3.2400       0.000 0.3500   0.3000E+02  0.0000E+00 -0.3000E+02  0.0000E+00      -1  -0.100E+01   20.00  0.0000E+00  0.0000E+00
  29    -3.3600       0.000 0.3500   0.3000E+02  0.0000E+00 -0.3000E+02  0.0000E+00      -1  -0.100E+01   20.00  0.0000E+00  0.0000E+00
  30    -3.4800       0.000 0.3500   0.3000E+02  0.0000E+00 -0.3000E+02  0.0000E+00      -1  -0.100E+01   20.00  0.0000E+00  0.0000E+00
  31    -3.6000       0.000 0.3500   0.3000E+02  0.0000E+00 -0.3000E+02  0.0000E+00      -1  -0.100E+01   20.00  0.0000E+00  0.0000E+00
  32    -3.7200       0.000 0.3500   0.3000E+02  0.0000E+00 -0.3000E+02  0.0000E+00      -1  -0.100E+01   20.00  0.0000E+00  0.0000E+00
  33    -3.8400       0.000 0.3500   0.3000E+02  0.0000E+00 -0.3000E+02  0.0000E+00      -1  -0.100E+01   20.00  0.0000E+00  0.0000E+00
  34    -3.9600       0.000 0.3500   0.3000E+02  0.0000E+00 -0.3000E+02  0.0000E+00      -1  -0.100E+01   20.00  0.0000E+00  0.0000E+00
  35    -4.0800       0.000 0.3500   0.3000E+02  0.0000E+00 -0.3000E+02  0.0000E+00      -1  -0.100E+01   20.00  0.0000E+00  0.0000E+00
  36    -4.2000       0.000 0.3500   0.3000E+02  0.0000E+00 -0.3000E+02  0.0000E+00      -1  -0.100E+01   20.00  0.0000E+00  0.0000E+00
  37    -4.3200       0.000 0.3500   0.3000E+02  0.0000E+00 -0.3000E+02  0.0000E+00      -1  -0.100E+01   20.00  0.0000E+00  0.0000E+00
  38    -4.4400       0.000 0.3500   0.3000E+02  0.0000E+00 -0.3000E+02  0.0000E+00      -1  -0.100E+01   20.00  0.2198E-29  0.0000E+00
  39    -4.5600       0.000 0.3500   0.3000E+02  0.0000E+00 -0.3000E+02  0.0000E+00      -1  -0.100E+01   20.00  0.3909E-29  0.0000E+00
  40    -4.6800       0.000 0.3500   0.3000E+02  0.0000E+00 -0.3000E+02  0.0000E+00      -1  -0.100E+01   20.00  0.6183E-29  0.0000E+00
  41    -4.8000       0.000 0.3500   0.3000E+02  0.0000E+00 -0.3000E+02  0.0000E+00      -1  -0.100E+01   20.00  0.9212E-29  0.0000E+00
  42    -4.9200       0.000 0.3500   0.3000E+02  0.0000E+00 -0.3000E+02  0.0000E+00      -1  -0.100E+01   20.00  0.1326E-28  0.0000E+00
  43    -5.0400       0.000 0.3500   0.3000E+02  0.0000E+00 -0.3000E+02  0.0000E+00      -1  -0.100E+01   20.00  0.1866E-28  0.0000E+00
  44    -5.1600       0.000 0.3500   0.3000E+02  0.0000E+00 -0.3000E+02  0.0000E+00      -1  -0.100E+01   20.00  0.2587E-28  0.0000E+00
  45    -5.2800       0.000 0.3500   0.3000E+02  0.0000E+00 -0.3000E+02  0.0000E+00      -1  -0.100E+01   20.00  0.3549E-28  0.0000E+00
  46    -5.4000       0.000 0.3500   0.3000E+02  0.0000E+00 -0.3000E+02  0.0000E+00      -1  -0.100E+01   20.00  0.4831E-28  0.0000E+00
  47    -5.5200       0.000 0.3500   0.3000E+02  0.0000E+00 -0.3000E+02  0.0000E+00      -1  -0.100E+01   20.00  0.6536E-28  0.0000E+00
  48    -5.6400       0.000 0.3500   0.3000E+02  0.0000E+00 -0.3000E+02  0.0000E+00      -1  -0.100E+01   20.00  0.8803E-28  0.0000E+00
  49    -5.7600       0.000 0.3500   0.3000E+02  0.0000E+00 -0.3000E+02  0.0000E+00      -1  -0.100E+01   20.00  0.1181E-27  0.0000E+00
  50    -5.8800       0.000 0.3500   0.3000E+02  0.0000E+00 -0.3000E+02  0.0000E+00      -1  -0.100E+01   20.00  0.1581E-27  0.0000E+00
  51    -6.0000       0.000 0.3500   0.3000E+02  0.0000E+00 -0.3000E+02  0.0000E+00      -1  -0.100E+01   20.00  0.2110E-27  0.0000E+00
  52    -6.1200       0.000 0.3500   0.3000E+02  0.0000E+00 -0.3000E+02  0.0000E+00      -1  -0.100E+01   20.00  0.2810E-27  0.0000E+00
  53    -6.2400       0.000 0.3500   0.3000E+02  0.0000E+00 -0.3000E+02  0.0000E+00      -1  -0.100E+01   20.00  0.3736E-27  0.0000E+00
  54    -6.3600       0.000 0.3500   0.3000E+02  0.0000E+00 -0.3000E+02  0.0000E+00      -1  -0.100E+01   20.00  0.4959E-27  0.0000E+00
  55    -6.4800       0.000 0.3500   0.3000E+02  0.0000E+00 -0.3000E+02  0.0000E+00      -1  -0.100E+01   20.00  0.6572E-27  0.0000E+00
  56    -6.6000       0.000 0.3500   0.3000E+02  0.0000E+00 -0.3000E+02  0.0000E+00      -1  -0.100E+01   20.00  0.8699E-27  0.0000E+00
  57    -6.7200       0.000 0.3500   0.3000E+02  0.0000E+00 -0.3000E+02  0.0000E+00      -1  -0.100E+01   20.00  0.1150E-26  0.0000E+00
  58    -6.8400       0.000 0.3500   0.3000E+02  0.0000E+00 -0.3000E+02  0.0000E+00      -1  -0.100E+01   20.00  0.1518E-26  0.0000E+00
  59    -6.9600       0.000 0.3500   0.3000E+02  0.0000E+00 -0.3000E+02  0.0000E+00      -1  -0.100E+01   20.00  0.2002E-26  0.0000E+00
  60    -7.0800       0.000 0.3500   0.3000E+02  0.0000E+00 -0.3000E+02  0.0000E+00      -1  -0.100E+01   20.00  0.2637E-26  0.0000E+00
  61    -7.2000       0.000 0.3500   0.3000E+02  0.0000E+00 -0.3000E+02  0.0000E+00      -1  -0.100E+01   20.00  0.3470E-26  0.0000E+00
  62    -7.3200       0.000 0.3500   0.3000E+02  0.0000E+00 -0.3000E+02  0.0000E+00      -1  -0.100E+01   20.00  0.4561E-26  0.0000E+00
  63    -7.4400       0.000 0.3500   0.3000E+02  0.0000E+00 -0.3000E+02  0.0000E+00      -1  -0.100E+01   20.00  0.5987E-26  0.0000E+00
  64    -7.5600       0.000 0.3500   0.3000E+02  0.0000E+00 -0.3000E+02  0.0000E+00      -1  -0.100E+01   20.00  0.7852E-26  0.0000E+00
  65    -7.6800       0.000 0.3500   0.3000E+02  0.0000E+00 -0.3000E+02  0.0000E+00      -1  -0.100E+01   20.00  0.1029E-25  0.0000E+00
  66    -7.8000       0.000 0.3500   0.3000E+02  0.0000E+00 -0.3000E+02  0.0000E+00      -1  -0.100E+01   20.00  0.1346E-25  0.0000E+00
  67    -7.9200       0.000 0.3500   0.3000E+02  0.0000E+00 -0.3000E+02  0.0000E+00      -1  -0.100E+01   20.00  0.1760E-25  0.0000E+00
  68    -8.0400       0.000 0.3500   0.3000E+02  0.0000E+00 -0.3000E+02  0.0000E+00      -1  -0.100E+01   20.00  0.2298E-25  0.0000E+00
  69    -8.1600       0.000 0.3500   0.3000E+02  0.0000E+00 -0.3000E+02  0.0000E+00      -1  -0.100E+01   20.00  0.2998E-25  0.0000E+00
  70    -8.2800       0.000 0.3500   0.3000E+02  0.0000E+00 -0.3000E+02  0.0000E+00      -1  -0.100E+01   20.00  0.3906E-25  0.0000E+00
  71    -8.4000       0.000 0.3500   0.3000E+02  0.0000E+00 -0.3000E+02  0.0000E+00      -1  -0.100E+01   20.00  0.5084E-25  0.0000E+00
  72    -8.5200       0.000 0.3500   0.3000E+02  0.0000E+00 -0.3000E+02  0.0000E+00      -1  -0.100E+01   20.00  0.6610E-25  0.0000E+00
  73    -8.6400       0.000 0.3500   0.3000E+02  0.0000E+00 -0.3000E+02  0.0000E+00      -1  -0.100E+01   20.00  0.8583E-25  0.0000E+00
  74    -8.7600       0.000 0.3500   0.3000E+02  0.0000E+00 -0.3000E+02  0.0000E+00      -1  -0.100E+01   20.00  0.1113E-24  0.0000E+00
  75    -8.8800       0.000 0.3500   0.3000E+02  0.0000E+00 -0.3000E+02  0.0000E+00      -1  -0.100E+01   20.00  0.1442E-24  0.0000E+00
  76    -9.0000       0.000 0.3500   0.3000E+02  0.0000E+00 -0.3000E+02  0.0000E+00      -1  -0.100E+01   20.00  0.1866E-24  0.0000E+00
  77    -9.1200       0.000 0.3500   0.3000E+02  0.0000E+00 -0.3000E+02  0.0000E+00      -1  -0.100E+01   20.00  0.2411E-24  0.0000E+00
  78    -9.2400       0.000 0.3500   0.3000E+02  0.0000E+00 -0.3000E+02  0.0000E+00      -1  -0.100E+01   20.00  0.3110E-24  0.0000E+00
  79    -9.3600       0.000 0.3500   0.3000E+02  0.0000E+00 -0.3000E+02  0.0000E+00      -1  -0.100E+01   20.00  0.4007E-24  0.0000E+00
  80    -9.4800       0.000 0.3500   0.3000E+02  0.0000E+00 -0.3000E+02  0.0000E+00      -1  -0.100E+01   20.00  0.5155E-24  0.0000E+00
  81    -9.6000       0.000 0.3500   0.3000E+02  0.0000E+00 -0.3000E+02  0.0000E+00      -1  -0.100E+01   20.00  0.6621E-24  0.0000E+00
  82    -9.7200       0.000 0.3500   0.3000E+02  0.0000E+00 -0.3000E+02  0.0000E+00      -1  -0.100E+01   20.00  0.8488E-24  0.0000E+00
  83    -9.8400       0.000 0.3500   0.3000E+02  0.0000E+00 -0.3000E+02  0.0000E+00      -1  -0.100E+01   20.00  0.1086E-23  0.0000E+00
  84    -9.9600       0.000 0.3500   0.3000E+02  0.0000E+00 -0.3000E+02  0.0000E+00      -1  -0.100E+01   20.00  0.1387E-23  0.0000E+00
  85   -10.0800       0.000 0.3500   0.3000E+02  0.0000E+00 -0.3000E+02  0.0000E+00      -1  -0.100E+01   20.00  0.1767E-23  0.0000E+00
  86   -10.2000       0.000 0.3500   0.3000E+02  0.0000E+00 -0.3000E+02  0.0000E+00      -1  -0.100E+01   20.00  0.2246E-23  0.0000E+00
  87   -10.3200       0.000 0.3500   0.3000E+02  0.0000E+00 -0.3000E+02  0.0000E+00      -1  -0.100E+01   20.00  0.2846E-23  0.0000E+00
  88   -10.4400       0.000 0.3500   0.3000E+02  0.0000E+00 -0.3000E+02  0.0000E+00      -1  -0.100E+01   20.00  0.3596E-23  0.0000E+00
  89   -10.5600       0.000 0.3500   0.3000E+02  0.0000E+00 -0.3000E+02  0.0000E+00      -1  -0.100E+01   20.00  0.4527E-23  0.0000E+00
  90   -10.6800       0.000 0.3500   0.3000E+02  0.0000E+00 -0.3000E+02  0.0000E+00      -1  -0.100E+01   20.00  0.5676E-23  0.0000E+00
  91   -10.8000       0.000 0.3500   0.3000E+02  0.0000E+00 -0.3000E+02  0.0000E+00      -1  -0.100E+01   20.00  0.7084E-23  0.0000E+00
  92   -10.9200       0.000 0.3500   0.3000E+02  0.0000E+00 -0.3000E+02  0.0000E+00      -1  -0.100E+01   20.00  0.8791E-23  0.0000E+00
  93   -11.0400       0.000 0.3500   0.3000E+02  0.0000E+00 -0.3000E+02  0.0000E+00      -1  -0.100E+01   20.00  0.1084E-22  0.0000E+00
  94   -11.1600       0.000 0.3500   0.3000E+02  0.0000E+00 -0.3000E+02  0.0000E+00      -1  -0.100E+01   20.00  0.1326E-22  0.0000E+00
  95   -11.2800       0.000 0.3500   0.3000E+02  0.0000E+00 -0.3000E+02  0.0000E+00      -1  -0.100E+01   20.00  0.1606E-22  0.0000E+00
  96   -11.4000       0.000 0.3500   0.3000E+02  0.0000E+00 -0.3000E+02  0.0000E+00      -1  -0.100E+01   20.00  0.1921E-22  0.0000E+00
  97   -11.5200       0.000 0.3500   0.3000E+02  0.0000E+00 -0.3000E+02  0.0000E+00      -1  -0.100E+01   20.00  0.2263E-22  0.0000E+00
  98   -11.6400       0.000 0.3500   0.3000E+02  0.0000E+00 -0.3000E+02  0.0000E+00      -1  -0.100E+01   20.00  0.2610E-22  0.0000E+00
  99   -11.7600       0.000 0.3500   0.3000E+02  0.0000E+00 -0.3000E+02  0.0000E+00      -1  -0.100E+01   20.00  0.2923E-22  0.0000E+00
 100   -11.8800       0.000 0.3500   0.3000E+02  0.0000E+00 -0.3000E+02  0.0000E+00      -1  -0.100E+01   20.00  0.3136E-22  0.0000E+00
 101   -12.0000       0.000 0.3500   0.3000E+02  0.0000E+00 -0.3000E+02  0.0000E+00      -1  -0.100E+01   20.00  0.3136E-22  0.0000E+00
end


 Time:       40.0000


 Node      Depth      Head Moisture       K          C         Flux        Sink         Kappa   v/KsTop   Temp   Conc(1..NS) Sorb(1...NS)   ConcL       ConcS       ConcG       ConcT
           [L]        [L]    [-]        [L/T]      [1/L]      [L/T]        [1/T]         [-]      [-]      [C]      [M/L*3]                [M/L*3]      [M/M]      [M/L*3]     [M/L*3]

   1     0.0000       0.000 0.3500   0.3000E+02  0.0000E+00 -0.3000E+02  0.0000E+00      -1  -0.100E+01   20.00  0.0000E+00  0.0000E+00
   2    -0.1200       0.000 0.3500   0.3000E+02  0.0000E+00 -0.3000E+02  0.0000E+00      -1  -0.100E+01   20.00  0.0000E+00  0.0000E+00
   3    -0.2400       0.000 0.3500   0.3000E+02  0.0000E+00 -0.3000E+02  0.0000E+00      -1  -0.100E+01   20.00  0.0000E+00  0.0000E+00
   4    -0.3600       0.000 0.3500   0.3000E+02  0.0000E+00 -0.3000E+02  0.0000E+00      -1  -0.100E+01   20.00  0.0000E+00  0.0000E+00
   5    -0.4800       0.000 0.3500   0.3000E+02  0.0000E+00 -0.3000E+02  0.0000E+00      -1  -0.100E+01   20.00  0.0000E+00  0.0000E+00
   6    -0.6000       0.000 0.3500   0.3000E+02  0.0000E+00 -0.3000E+02  0.0000E+00      -1  -0.100E+01   20.00  0.0000E+00  0.0000E+00
   7    -0.7200       0.000 0.3500   0.3000E+02  0.0000E+00 -0.3000E+02  0.0000E+00      -1  -0.100E+01   20.00  0.0000E+00  0.0000E+00
   8    -0.8400       0.000 0.3500   0.3000E+02  0.0000E+00 -0.3000E+02  0.0000E+00      -1  -0.100E+01   20.00  0.0000E+00  0.0000E+00
   9    -0.9600       0.000 0.3500   0.3000E+02  0.0000E+00 -0.3000E+02  0.0000E+00      -1  -0.100E+01   20.00  0.0000E+00  0.0000E+00
  10    -1.0800       0.000 0.3500   0.3000E+02  0.0000E+00 -0.3000E+02  0.0000E+00      -1  -0.100E+01   20.00  0.0000E+00  0.0000E+00
  11    -1.2000       0.000 0.3500   0.3000E+02  0.0000E+00 -0.3000E+02  0.0000E+00      -1  -0.100E+01   20.00  0.0000E+00  0.0000E+00
  12    -1.3200       0.000 0.3500   0.3000E+02  0.0000E+00 -0.3000E+02  0.0000E+00      -1  -0.100E+01   20.00  0.0000E+00  0.0000E+00
  13    -1.4400       0.000 0.3500   0.3000E+02  0.0000E+00 -0.3000E+02  0.0000E+00      -1  -0.100E+01   20.00  0.0000E+00  0.0000E+00
  14    -1.5600       0.000 0.3500   0.3000E+02  0.0000E+00 -0.3000E+02  0.0000E+00      -1  -0.100E+01   20.00  0.0000E+00  0.0000E+00
  15    -1.6800       0.000 0.3500   0.3000E+02  0.0000E+00 -0.3000E+02  0.0000E+00      -1  -0.100E+01   20.00  0.0000E+00  0.0000E+00
  16    -1.8000       0.000 0.3500   0.3000E+02  0.0000E+00 -0.3000E+02  0.0000E+00      -1  -0.100E+01   20.00  0.0000E+00  0.0000E+00
  17    -1.9200       0.000 0.3500   0.3000E+02  0.0000E+00 -0.3000E+02  0.0000E+00      -1  -0.100E+01   20.00  0.0000E+00  0.0000E+00
  18    -2.0400       0.000 0.3500   0.3000E+02  0.0000E+00 -0.3000E+02  0.0000E+00      -1  -0.100E+01   20.00  0.0000E+00  0.0000E+00
  19    -2.1600       0.000 0.3500   0.3000E+02  0.0000E+00 -0.3000E+02  0.0000E+00      -1  -0.100E+01   20.00  0.0000E+00  0.0000E+00
  20    -2.2800       0.000 0.3500   0.3000E+02  0.0000E+00 -0.3000E+02  0.0000E+00      -1  -0.100E+01   20.00  0.0000E+00  0.0000E+00
  21    -2.4000       0.000 0.3500   0.3000E+02  0.0000E+00 -0.3000E+02  0.0000E+00      -1  -0.100E+01   20.00  0.0000E+00  0.0000E+00
  22    -2.5200       0.000 0.3500   0.3000E+02  0.0000E+00 -0.3000E+02  0.0000E+00      -1  -0.100E+01   20.00  0.0000E+00  0.0000E+00
  23    -2.6400       0.000 0.3500   0.3000E+02  0.0000E+00 -0.3000E+02  0.0000E+00      -1  -0.100E+01   20.00  0.0000E+00  0.0000E+00
  24    -2.7600       0.000 0.3500   0.3000E+02  0.0000E+00 -0.3000E+02  0.0000E+00      -1  -0.100E+01   20.00  0.0000E+00  0.0000E+00
  25    -2.8800       0.000 0.3500   0.3000E+02  0.0000E+00 -0.3000E+02  0.0000E+00      -1  -0.100E+01   20.00  0.0000E+00  0.0000E+00
  26    -3.0000       0.000 0.3500   0.3000E+02  0.0000E+00 -0.3000E+02  0.0000E+00      -1  -0.100E+01   20.00  0.0000E+00  0.0000E+00
  27    -3.1200       0.000 0.3500   0.3000E+02  0.0000E+00 -0.3000E+02  0.0000E+00      -1  -0.100E+01   20.00  0.0000E+00  0.0000E+00
  28    -3.2400       0.000 0.3500   0.3000E+02  0.0000E+00 -0.3000E+02  0.0000E+00      -1  -0.100E+01   20.00  0.0000E+00  0.0000E+00
  29    -3.3600       0.000 0.3500   0.3000E+02  0.0000E+00 -0.3000E+02  0.0000E+00      -1  -0.100E+01   20.00  0.0000E+00  0.0000E+00
  30    -3.4800       0.000 0.3500   0.3000E+02  0.0000E+00 -0.3000E+02  0.0000E+00      -1  -0.100E+01   20.00  0.0000E+00  0.0000E+00
  31    -3.6000       0.000 0.3500   0.3000E+02  0.0000E+00 -0.3000E+02  0.0000E+00      -1  -0.100E+01   20.00  0.0000E+00  0.0000E+00
  32    -3.7200       0.000 0.3500   0.3000E+02  0.0000E+00 -0.3000E+02  0.0000E+00      -1  -0.100E+01   20.00  0.0000E+00  0.0000E+00
  33    -3.8400       0.000 0.3500   0.3000E+02  0.0000E+00 -0.3000E+02  0.0000E+00      -1  -0.100E+01   20.00  0.0000E+00  0.0000E+00
  34    -3.9600       0.000 0.3500   0.3000E+02  0.0000E+00 -0.3000E+02  0.0000E+00      -1  -0.100E+01   20.00  0.0000E+00  0.0000E+00
  35    -4.0800       0.000 0.3500   0.3000E+02  0.0000E+00 -0.3000E+02  0.0000E+00      -1  -0.100E+01   20.00  0.0000E+00  0.0000E+00
  36    -4.2000       0.000 0.3500   0.3000E+02  0.0000E+00 -0.3000E+02  0.0000E+00      -1  -0.100E+01   20.00  0.0000E+00  0.0000E+00
  37    -4.3200       0.000 0.3500   0.3000E+02  0.0000E+00 -0.3000E+02  0.0000E+00      -1  -0.100E+01   20.00  0.0000E+00  0.0000E+00
  38    -4.4400       0.000 0.3500   0.3000E+02  0.0000E+00 -0.3000E+02  0.0000E+00      -1  -0.100E+01   20.00  0.0000E+00  0.0000E+00
  39    -4.5600       0.000 0.3500   0.3000E+02  0.0000E+00 -0.3000E+02  0.0000E+00      -1  -0.100E+01   20.00  0.0000E+00  0.0000E+00
  40    -4.6800       0.000 0.3500   0.3000E+02  0.0000E+00 -0.3000E+02  0.0000E+00      -1  -0.100E+01   20.00  0.0000E+00  0.0000E+00
  41    -4.8000       0.000 0.3500   0.3000E+02  0.0000E+00 -0.3000E+02  0.0000E+00      -1  -0.100E+01   20.00  0.0000E+00  0.0000E+00
  42    -4.9200       0.000 0.3500   0.3000E+02  0.0000E+00 -0.3000E+02  0.0000E+00      -1  -0.100E+01   20.00  0.0000E+00  0.0000E+00
  43    -5.0400       0.000 0.3500   0.3000E+02  0.0000E+00 -0.3000E+02  0.0000E+00      -1  -0.100E+01   20.00  0.0000E+00  0.0000E+00
  44    -5.1600       0.000 0.3500   0.3000E+02  0.0000E+00 -0.3000E+02  0.0000E+00      -1  -0.100E+01   20.00  0.0000E+00  0.0000E+00
  45    -5.2800       0.000 0.3500   0.3000E+02  0.0000E+00 -0.3000E+02  0.0000E+00      -1  -0.100E+01   20.00  0.0000E+00  0.0000E+00
  46    -5.4000       0.000 0.3500   0.3000E+02  0.0000E+00 -0.3000E+02  0.0000E+00      -1  -0.100E+01   20.00  0.0000E+00  0.0000E+00
  47    -5.5200       0.000 0.3500   0.3000E+02  0.0000E+00 -0.3000E+02  0.0000E+00      -1  -0.100E+01   20.00  0.0000E+00  0.0000E+00
  48    -5.6400       0.000 0.3500   0.3000E+02  0.0000E+00 -0.3000E+02  0.0000E+00      -1  -0.100E+01   20.00  0.0000E+00  0.0000E+00
  49    -5.7600       0.000 0.3500   0.3000E+02  0.0000E+00 -0.3000E+02  0.0000E+00      -1  -0.100E+01   20.00  0.0000E+00  0.0000E+00
  50    -5.8800       0.000 0.3500   0.3000E+02  0.0000E+00 -0.3000E+02  0.0000E+00      -1  -0.100E+01   20.00  0.0000E+00  0.0000E+00
  51    -6.0000       0.000 0.3500   0.3000E+02  0.0000E+00 -0.3000E+02  0.0000E+00      -1  -0.100E+01   20.00  0.0000E+00  0.0000E+00
  52    -6.1200       0.000 0.3500   0.3000E+02  0.0000E+00 -0.3000E+02  0.0000E+00      -1  -0.100E+01   20.00  0.0000E+00  0.0000E+00
  53    -6.2400       0.000 0.3500   0.3000E+02  0.0000E+00 -0.3000E+02  0.0000E+00      -1  -0.100E+01   20.00  0.0000E+00  0.0000E+00
  54    -6.3600       0.000 0.3500   0.3000E+02  0.0000E+00 -0.3000E+02  0.0000E+00      -1  -0.100E+01   20.00  0.0000E+00  0.0000E+00
  55    -6.4800       0.000 0.3500   0.3000E+02  0.0000E+00 -0.3000E+02  0.0000E+00      -1  -0.100E+01   20.00  0.0000E+00  0.0000E+00
  56    -6.6000       0.000 0.3500   0.3000E+02  0.0000E+00 -0.3000E+02  0.0000E+00      -1  -0.100E+01   20.00  0.0000E+00  0.0000E+00
  57    -6.7200       0.000 0.3500   0.3000E+02  0.0000E+00 -0.3000E+02  0.0000E+00      -1  -0.100E+01   20.00  0.0000E+00  0.0000E+00
  58    -6.8400       0.000 0.3500   0.3000E+02  0.0000E+00 -0.3000E+02  0.0000E+00      -1  -0.100E+01   20.00  0.0000E+00  0.0000E+00
  59    -6.9600       0.000 0.3500   0.3000E+02  0.0000E+00 -0.3000E+02  0.0000E+00      -1  -0.100E+01   20.00  0.0000E+00  0.0000E+00
  60    -7.0800       0.000 0.3500   0.3000E+02  0.0000E+00 -0.3000E+02  0.0000E+00      -1  -0.100E+01   20.00  0.0000E+00  0.0000E+00
  61    -7.2000       0.000 0.3500   0.3000E+02  0.0000E+00 -0.3000E+02  0.0000E+00      -1  -0.100E+01   20.00  0.0000E+00  0.0000E+00
  62    -7.3200       0.000 0.3500   0.3000E+02  0.0000E+00 -0.3000E+02  0.0000E+00      -1  -0.100E+01   20.00  0.0000E+00  0.0000E+00
  63    -7.4400       0.000 0.3500   0.3000E+02  0.0000E+00 -0.3000E+02  0.0000E+00      -1  -0.100E+01   20.00  0.0000E+00  0.0000E+00
  64    -7.5600       0.000 0.3500   0.3000E+02  0.0000E+00 -0.3000E+02  0.0000E+00      -1  -0.100E+01   20.00  0.0000E+00  0.0000E+00
  65    -7.6800       0.000 0.3500   0.3000E+02  0.0000E+00 -0.3000E+02  0.0000E+00      -1  -0.100E+01   20.00  0.0000E+00  0.0000E+00
  66    -7.8000       0.000 0.3500   0.3000E+02  0.0000E+00 -0.3000E+02  0.0000E+00      -1  -0.100E+01   20.00  0.0000E+00  0.0000E+00
  67    -7.9200       0.000 0.3500   0.3000E+02  0.0000E+00 -0.3000E+02  0.0000E+00      -1  -0.100E+01   20.00  0.0000E+00  0.0000E+00
  68    -8.0400       0.000 0.3500   0.3000E+02  0.0000E+00 -0.3000E+02  0.0000E+00      -1  -0.100E+01   20.00  0.0000E+00  0.0000E+00
  69    -8.1600       0.000 0.3500   0.3000E+02  0.0000E+00 -0.3000E+02  0.0000E+00      -1  -0.100E+01   20.00  0.0000E+00  0.0000E+00
  70    -8.2800       0.000 0.3500   0.3000E+02  0.0000E+00 -0.3000E+02  0.0000E+00      -1  -0.100E+01   20.00  0.0000E+00  0.0000E+00
  71    -8.4000       0.000 0.3500   0.3000E+02  0.0000E+00 -0.3000E+02  0.0000E+00      -1  -0.100E+01   20.00  0.0000E+00  0.0000E+00
  72    -8.5200       0.000 0.3500   0.3000E+02  0.0000E+00 -0.3000E+02  0.0000E+00      -1  -0.100E+01   20.00  0.0000E+00  0.0000E+00
  73    -8.6400       0.000 0.3500   0.3000E+02  0.0000E+00 -0.3000E+02  0.0000E+00      -1  -0.100E+01   20.00  0.0000E+00  0.0000E+00
  74    -8.7600       0.000 0.3500   0.3000E+02  0.0000E+00 -0.3000E+02  0.0000E+00      -1  -0.100E+01   20.00  0.0000E+00  0.0000E+00
  75    -8.8800       0.000 0.3500   0.3000E+02  0.0000E+00 -0.3000E+02  0.0000E+00      -1  -0.100E+01   20.00  0.0000E+00  0.0000E+00
  76    -9.0000       0.000 0.3500   0.3000E+02  0.0000E+00 -0.3000E+02  0.0000E+00      -1  -0.100E+01   20.00  0.0000E+00  0.0000E+00
  77    -9.1200       0.000 0.3500   0.3000E+02  0.0000E+00 -0.3000E+02  0.0000E+00      -1  -0.100E+01   20.00  0.0000E+00  0.0000E+00
  78    -9.2400       0.000 0.3500   0.3000E+02  0.0000E+00 -0.3000E+02  0.0000E+00      -1  -0.100E+01   20.00  0.0000E+00  0.0000E+00
  79    -9.3600       0.000 0.3500   0.3000E+02  0.0000E+00 -0.3000E+02  0.0000E+00      -1  -0.100E+01   20.00  0.0000E+00  0.0000E+00
  80    -9.4800       0.000 0.3500   0.3000E+02  0.0000E+00 -0.3000E+02  0.0000E+00      -1  -0.100E+01   20.00  0.0000E+00  0.0000E+00
  81    -9.6000       0.000 0.3500   0.3000E+02  0.0000E+00 -0.3000E+02  0.0000E+00      -1  -0.100E+01   20.00  0.0000E+00  0.0000E+00
  82    -9.7200       0.000 0.3500   0.3000E+02  0.0000E+00 -0.3000E+02  0.0000E+00      -1  -0.100E+01   20.00  0.0000E+00  0.0000E+00
  83    -9.8400       0.000 0.3500   0.3000E+02  0.0000E+00 -0.3000E+02  0.0000E+00      -1  -0.100E+01   20.00  0.0000E+00  0.0000E+00
  84    -9.9600       0.000 0.3500   0.3000E+02  0.0000E+00 -0.3000E+02  0.0000E+00      -1  -0.100E+01   20.00  0.0000E+00  0.0000E+00
  85   -10.0800       0.000 0.3500   0.3000E+02  0.0000E+00 -0.3000E+02  0.0000E+00      -1  -0.100E+01   20.00  0.0000E+00  0.0000E+00
  86   -10.2000       0.000 0.3500   0.3000E+02  0.0000E+00 -0.3000E+02  0.0000E+00      -1  -0.100E+01   20.00  0.0000E+00  0.0000E+00
  87   -10.3200       0.000 0.3500   0.3000E+02  0.0000E+00 -0.3000E+02  0.0000E+00      -1  -0.100E+01   20.00  0.0000E+00  0.0000E+00
  88   -10.4400       0.000 0.3500   0.3000E+02  0.0000E+00 -0.3000E+02  0.0000E+00      -1  -0.100E+01   20.00  0.0000E+00  0.0000E+00
  89   -10.5600       0.000 0.3500   0.3000E+02  0.0000E+00 -0.3000E+02  0.0000E+00      -1  -0.100E+01   20.00  0.0000E+00  0.0000E+00
  90   -10.6800       0.000 0.3500   0.3000E+02  0.0000E+00 -0.3000E+02  0.0000E+00      -1  -0.100E+01   20.00  0.0000E+00  0.0000E+00
  91   -10.8000       0.000 0.3500   0.3000E+02  0.0000E+00 -0.3000E+02  0.0000E+00      -1  -0.100E+01   20.00  0.0000E+00  0.0000E+00
  92   -10.9200       0.000 0.3500   0.3000E+02  0.0000E+00 -0.3000E+02  0.0000E+00      -1  -0.100E+01   20.00  0.0000E+00  0.0000E+00
  93   -11.0400       0.000 0.3500   0.3000E+02  0.0000E+00 -0.3000E+02  0.0000E+00      -1  -0.100E+01   20.00  0.0000E+00  0.0000E+00
  94   -11.1600       0.000 0.3500   0.3000E+02  0.0000E+00 -0.3000E+02  0.0000E+00      -1  -0.100E+01   20.00  0.0000E+00  0.0000E+00
  95   -11.2800       0.000 0.3500   0.3000E+02  0.0000E+00 -0.3000E+02  0.0000E+00      -1  -0.100E+01   20.00  0.0000E+00  0.0000E+00
  96   -11.4000       0.000 0.3500   0.3000E+02  0.0000E+00 -0.3000E+02  0.0000E+00      -1  -0.100E+01   20.00  0.0000E+00  0.0000E+00
  97   -11.5200       0.000 0.3500   0.3000E+02  0.0000E+00 -0.3000E+02  0.0000E+00      -1  -0.100E+01   20.00  0.0000E+00  0.0000E+00
  98   -11.6400       0.000 0.3500   0.3000E+02  0.0000E+00 -0.3000E+02  0.0000E+00      -1  -0.100E+01   20.00  0.0000E+00  0.0000E+00
  99   -11.7600       0.000 0.3500   0.3000E+02  0.0000E+00 -0.3000E+02  0.0000E+00      -1  -0.100E+01   20.00  0.0000E+00  0.0000E+00
 100   -11.8800       0.000 0.3500   0.3000E+02  0.0000E+00 -0.3000E+02  0.0000E+00      -1  -0.100E+01   20.00  0.0000E+00  0.0000E+00
 101   -12.0000       0.000 0.3500   0.3000E+02  0.0000E+00 -0.3000E+02  0.0000E+00      -1  -0.100E+01   20.00  0.0000E+00  0.0000E+00
end


 Time:       50.0000


 Node      Depth      Head Moisture       K          C         Flux        Sink         Kappa   v/KsTop   Temp   Conc(1..NS) Sorb(1...NS)   ConcL       ConcS       ConcG       ConcT
           [L]        [L]    [-]        [L/T]      [1/L]      [L/T]        [1/T]         [-]      [-]      [C]      [M/L*3]                [M/L*3]      [M/M]      [M/L*3]     [M/L*3]

   1     0.0000       0.000 0.3500   0.3000E+02  0.0000E+00 -0.3000E+02  0.0000E+00      -1  -0.100E+01   20.00  0.0000E+00  0.0000E+00
   2    -0.1200       0.000 0.3500   0.3000E+02  0.0000E+00 -0.3000E+02  0.0000E+00      -1  -0.100E+01   20.00  0.0000E+00  0.0000E+00
   3    -0.2400       0.000 0.3500   0.3000E+02  0.0000E+00 -0.3000E+02  0.0000E+00      -1  -0.100E+01   20.00  0.0000E+00  0.0000E+00
   4    -0.3600       0.000 0.3500   0.3000E+02  0.0000E+00 -0.3000E+02  0.0000E+00      -1  -0.100E+01   20.00  0.0000E+00  0.0000E+00
   5    -0.4800       0.000 0.3500   0.3000E+02  0.0000E+00 -0.3000E+02  0.0000E+00      -1  -0.100E+01   20.00  0.0000E+00  0.0000E+00
   6    -0.6000       0.000 0.3500   0.3000E+02  0.0000E+00 -0.3000E+02  0.0000E+00      -1  -0.100E+01   20.00  0.0000E+00  0.0000E+00
   7    -0.7200       0.000 0.3500   0.3000E+02  0.0000E+00 -0.3000E+02  0.0000E+00      -1  -0.100E+01   20.00  0.0000E+00  0.0000E+00
   8    -0.8400       0.000 0.3500   0.3000E+02  0.0000E+00 -0.3000E+02  0.0000E+00      -1  -0.100E+01   20.00  0.0000E+00  0.0000E+00
   9    -0.9600       0.000 0.3500   0.3000E+02  0.0000E+00 -0.3000E+02  0.0000E+00      -1  -0.100E+01   20.00  0.0000E+00  0.0000E+00
  10    -1.0800       0.000 0.3500   0.3000E+02  0.0000E+00 -0.3000E+02  0.0000E+00      -1  -0.100E+01   20.00  0.0000E+00  0.0000E+00
  11    -1.2000       0.000 0.3500   0.3000E+02  0.0000E+00 -0.3000E+02  0.0000E+00      -1  -0.100E+01   20.00  0.0000E+00  0.0000E+00
  12    -1.3200       0.000 0.3500   0.3000E+02  0.0000E+00 -0.3000E+02  0.0000E+00      -1  -0.100E+01   20.00  0.0000E+00  0.0000E+00
  13    -1.4400       0.000 0.3500   0.3000E+02  0.0000E+00 -0.3000E+02  0.0000E+00      -1  -0.100E+01   20.00  0.0000E+00  0.0000E+00
  14    -1.5600       0.000 0.3500   0.3000E+02  0.0000E+00 -0.3000E+02  0.0000E+00      -1  -0.100E+01   20.00  0.0000E+00  0.0000E+00
  15    -1.6800       0.000 0.3500   0.3000E+02  0.0000E+00 -0.3000E+02  0.0000E+00      -1  -0.100E+01   20.00  0.0000E+00  0.0000E+00
  16    -1.8000       0.000 0.3500   0.3000E+02  0.0000E+00 -0.3000E+02  0.0000E+00      -1  -0.100E+01   20.00  0.0000E+00  0.0000E+00
  17    -1.9200       0.000 0.3500   0.3000E+02  0.0000E+00 -0.3000E+02  0.0000E+00      -1  -0.100E+01   20.00  0.0000E+00  0.0000E+00
  18    -2.0400       0.000 0.3500   0.3000E+02  0.0000E+00 -0.3000E+02  0.0000E+00      -1  -0.100E+01   20.00  0.0000E+00  0.0000E+00
  19    -2.1600       0.000 0.3500   0.3000E+02  0.0000E+00 -0.3000E+02  0.0000E+00      -1  -0.100E+01   20.00  0.0000E+00  0.0000E+00
  20    -2.2800       0.000 0.3500   0.3000E+02  0.0000E+00 -0.3000E+02  0.0000E+00      -1  -0.100E+01   20.00  0.0000E+00  0.0000E+00
  21    -2.4000       0.000 0.3500   0.3000E+02  0.0000E+00 -0.3000E+02  0.0000E+00      -1  -0.100E+01   20.00  0.0000E+00  0.0000E+00
  22    -2.5200       0.000 0.3500   0.3000E+02  0.0000E+00 -0.3000E+02  0.0000E+00      -1  -0.100E+01   20.00  0.0000E+00  0.0000E+00
  23    -2.6400       0.000 0.3500   0.3000E+02  0.0000E+00 -0.3000E+02  0.0000E+00      -1  -0.100E+01   20.00  0.0000E+00  0.0000E+00
  24    -2.7600       0.000 0.3500   0.3000E+02  0.0000E+00 -0.3000E+02  0.0000E+00      -1  -0.100E+01   20.00  0.0000E+00  0.0000E+00
  25    -2.8800       0.000 0.3500   0.3000E+02  0.0000E+00 -0.3000E+02  0.0000E+00      -1  -0.100E+01   20.00  0.0000E+00  0.0000E+00
  26    -3.0000       0.000 0.3500   0.3000E+02  0.0000E+00 -0.3000E+02  0.0000E+00      -1  -0.100E+01   20.00  0.0000E+00  0.0000E+00
  27    -3.1200       0.000 0.3500   0.3000E+02  0.0000E+00 -0.3000E+02  0.0000E+00      -1  -0.100E+01   20.00  0.0000E+00  0.0000E+00
  28    -3.2400       0.000 0.3500   0.3000E+02  0.0000E+00 -0.3000E+02  0.0000E+00      -1  -0.100E+01   20.00  0.0000E+00  0.0000E+00
  29    -3.3600       0.000 0.3500   0.3000E+02  0.0000E+00 -0.3000E+02  0.0000E+00      -1  -0.100E+01   20.00  0.0000E+00  0.0000E+00
  30    -3.4800       0.000 0.3500   0.3000E+02  0.0000E+00 -0.3000E+02  0.0000E+00      -1  -0.100E+01   20.00  0.0000E+00  0.0000E+00
  31    -3.6000       0.000 0.3500   0.3000E+02  0.0000E+00 -0.3000E+02  0.0000E+00      -1  -0.100E+01   20.00  0.0000E+00  0.0000E+00
  32    -3.7200       0.000 0.3500   0.3000E+02  0.0000E+00 -0.3000E+02  0.0000E+00      -1  -0.100E+01   20.00  0.0000E+00  0.0000E+00
  33    -3.8400       0.000 0.3500   0.3000E+02  0.0000E+00 -0.3000E+02  0.0000E+00      -1  -0.100E+01   20.00  0.0000E+00  0.0000E+00
  34    -3.9600       0.000 0.3500   0.3000E+02  0.0000E+00 -0.3000E+02  0.0000E+00      -1  -0.100E+01   20.00  0.0000E+00  0.0000E+00
  35    -4.0800       0.000 0.3500   0.3000E+02  0.0000E+00 -0.3000E+02  0.0000E+00      -1  -0.100E+01   20.00  0.0000E+00  0.0000E+00
  36    -4.2000       0.000 0.3500   0.3000E+02  0.0000E+00 -0.3000E+02  0.0000E+00      -1  -0.100E+01   20.00  0.0000E+00  0.0000E+00
  37    -4.3200       0.000 0.3500   0.3000E+02  0.0000E+00 -0.3000E+02  0.0000E+00      -1  -0.100E+01   20.00  0.0000E+00  0.0000E+00
  38    -4.4400       0.000 0.3500   0.3000E+02  0.0000E+00 -0.3000E+02  0.0000E+00      -1  -0.100E+01   20.00  0.0000E+00  0.0000E+00
  39    -4.5600       0.000 0.3500   0.3000E+02  0.0000E+00 -0.3000E+02  0.0000E+00      -1  -0.100E+01   20.00  0.0000E+00  0.0000E+00
  40    -4.6800       0.000 0.3500   0.3000E+02  0.0000E+00 -0.3000E+02  0.0000E+00      -1  -0.100E+01   20.00  0.0000E+00  0.0000E+00
  41    -4.8000       0.000 0.3500   0.3000E+02  0.0000E+00 -0.3000E+02  0.0000E+00      -1  -0.100E+01   20.00  0.0000E+00  0.0000E+00
  42    -4.9200       0.000 0.3500   0.3000E+02  0.0000E+00 -0.3000E+02  0.0000E+00      -1  -0.100E+01   20.00  0.0000E+00  0.0000E+00
  43    -5.0400       0.000 0.3500   0.3000E+02  0.0000E+00 -0.3000E+02  0.0000E+00      -1  -0.100E+01   20.00  0.0000E+00  0.0000E+00
  44    -5.1600       0.000 0.3500   0.3000E+02  0.0000E+00 -0.3000E+02  0.0000E+00      -1  -0.100E+01   20.00  0.0000E+00  0.0000E+00
  45    -5.2800       0.000 0.3500   0.3000E+02  0.0000E+00 -0.3000E+02  0.0000E+00      -1  -0.100E+01   20.00  0.0000E+00  0.0000E+00
  46    -5.4000       0.000 0.3500   0.3000E+02  0.0000E+00 -0.3000E+02  0.0000E+00      -1  -0.100E+01   20.00  0.0000E+00  0.0000E+00
  47    -5.5200       0.000 0.3500   0.3000E+02  0.0000E+00 -0.3000E+02  0.0000E+00      -1  -0.100E+01   20.00  0.0000E+00  0.0000E+00
  48    -5.6400       0.000 0.3500   0.3000E+02  0.0000E+00 -0.3000E+02  0.0000E+00      -1  -0.100E+01   20.00  0.0000E+00  0.0000E+00
  49    -5.7600       0.000 0.3500   0.3000E+02  0.0000E+00 -0.3000E+02  0.0000E+00      -1  -0.100E+01   20.00  0.0000E+00  0.0000E+00
  50    -5.8800       0.000 0.3500   0.3000E+02  0.0000E+00 -0.3000E+02  0.0000E+00      -1  -0.100E+01   20.00  0.0000E+00  0.0000E+00
  51    -6.0000       0.000 0.3500   0.3000E+02  0.0000E+00 -0.3000E+02  0.0000E+00      -1  -0.100E+01   20.00  0.0000E+00  0.0000E+00
  52    -6.1200       0.000 0.3500   0.3000E+02  0.0000E+00 -0.3000E+02  0.0000E+00      -1  -0.100E+01   20.00  0.0000E+00  0.0000E+00
  53    -6.2400       0.000 0.3500   0.3000E+02  0.0000E+00 -0.3000E+02  0.0000E+00      -1  -0.100E+01   20.00  0.0000E+00  0.0000E+00
  54    -6.3600       0.000 0.3500   0.3000E+02  0.0000E+00 -0.3000E+02  0.0000E+00      -1  -0.100E+01   20.00  0.0000E+00  0.0000E+00
  55    -6.4800       0.000 0.3500   0.3000E+02  0.0000E+00 -0.3000E+02  0.0000E+00      -1  -0.100E+01   20.00  0.0000E+00  0.0000E+00
  56    -6.6000       0.000 0.3500   0.3000E+02  0.0000E+00 -0.3000E+02  0.0000E+00      -1  -0.100E+01   20.00  0.0000E+00  0.0000E+00
  57    -6.7200       0.000 0.3500   0.3000E+02  0.0000E+00 -0.3000E+02  0.0000E+00      -1  -0.100E+01   20.00  0.0000E+00  0.0000E+00
  58    -6.8400       0.000 0.3500   0.3000E+02  0.0000E+00 -0.3000E+02  0.0000E+00      -1  -0.100E+01   20.00  0.0000E+00  0.0000E+00
  59    -6.9600       0.000 0.3500   0.3000E+02  0.0000E+00 -0.3000E+02  0.0000E+00      -1  -0.100E+01   20.00  0.0000E+00  0.0000E+00
  60    -7.0800       0.000 0.3500   0.3000E+02  0.0000E+00 -0.3000E+02  0.0000E+00      -1  -0.100E+01   20.00  0.0000E+00  0.0000E+00
  61    -7.2000       0.000 0.3500   0.3000E+02  0.0000E+00 -0.3000E+02  0.0000E+00      -1  -0.100E+01   20.00  0.0000E+00  0.0000E+00
  62    -7.3200       0.000 0.3500   0.3000E+02  0.0000E+00 -0.3000E+02  0.0000E+00      -1  -0.100E+01   20.00  0.0000E+00  0.0000E+00
  63    -7.4400       0.000 0.3500   0.3000E+02  0.0000E+00 -0.3000E+02  0.0000E+00      -1  -0.100E+01   20.00  0.0000E+00  0.0000E+00
  64    -7.5600       0.000 0.3500   0.3000E+02  0.0000E+00 -0.3000E+02  0.0000E+00      -1  -0.100E+01   20.00  0.0000E+00  0.0000E+00
  65    -7.6800       0.000 0.3500   0.3000E+02  0.0000E+00 -0.3000E+02  0.0000E+00      -1  -0.100E+01   20.00  0.0000E+00  0.0000E+00
  66    -7.8000       0.000 0.3500   0.3000E+02  0.0000E+00 -0.3000E+02  0.0000E+00      -1  -0.100E+01   20.00  0.0000E+00  0.0000E+00
  67    -7.9200       0.000 0.3500   0.3000E+02  0.0000E+00 -0.3000E+02  0.0000E+00      -1  -0.100E+01   20.00  0.0000E+00  0.0000E+00
  68    -8.0400       0.000 0.3500   0.3000E+02  0.0000E+00 -0.3000E+02  0.0000E+00      -1  -0.100E+01   20.00  0.0000E+00  0.0000E+00
  69    -8.1600       0.000 0.3500   0.3000E+02  0.0000E+00 -0.3000E+02  0.0000E+00      -1  -0.100E+01   20.00  0.0000E+00  0.0000E+00
  70    -8.2800       0.000 0.3500   0.3000E+02  0.0000E+00 -0.3000E+02  0.0000E+00      -1  -0.100E+01   20.00  0.0000E+00  0.0000E+00
  71    -8.4000       0.000 0.3500   0.3000E+02  0.0000E+00 -0.3000E+02  0.0000E+00      -1  -0.100E+01   20.00  0.0000E+00  0.0000E+00
  72    -8.5200       0.000 0.3500   0.3000E+02  0.0000E+00 -0.3000E+02  0.0000E+00      -1  -0.100E+01   20.00  0.0000E+00  0.0000E+00
  73    -8.6400       0.000 0.3500   0.3000E+02  0.0000E+00 -0.3000E+02  0.0000E+00      -1  -0.100E+01   20.00  0.0000E+00  0.0000E+00
  74    -8.7600       0.000 0.3500   0.3000E+02  0.0000E+00 -0.3000E+02  0.0000E+00      -1  -0.100E+01   20.00  0.0000E+00  0.0000E+00
  75    -8.8800       0.000 0.3500   0.3000E+02  0.0000E+00 -0.3000E+02  0.0000E+00      -1  -0.100E+01   20.00  0.0000E+00  0.0000E+00
  76    -9.0000       0.000 0.3500   0.3000E+02  0.0000E+00 -0.3000E+02  0.0000E+00      -1  -0.100E+01   20.00  0.0000E+00  0.0000E+00
  77    -9.1200       0.000 0.3500   0.3000E+02  0.0000E+00 -0.3000E+02  0.0000E+00      -1  -0.100E+01   20.00  0.0000E+00  0.0000E+00
  78    -9.2400       0.000 0.3500   0.3000E+02  0.0000E+00 -0.3000E+02  0.0000E+00      -1  -0.100E+01   20.00  0.0000E+00  0.0000E+00
  79    -9.3600       0.000 0.3500   0.3000E+02  0.0000E+00 -0.3000E+02  0.0000E+00      -1  -0.100E+01   20.00  0.0000E+00  0.0000E+00
  80    -9.4800       0.000 0.3500   0.3000E+02  0.0000E+00 -0.3000E+02  0.0000E+00      -1  -0.100E+01   20.00  0.0000E+00  0.0000E+00
  81    -9.6000       0.000 0.3500   0.3000E+02  0.0000E+00 -0.3000E+02  0.0000E+00      -1  -0.100E+01   20.00  0.0000E+00  0.0000E+00
  82    -9.7200       0.000 0.3500   0.3000E+02  0.0000E+00 -0.3000E+02  0.0000E+00      -1  -0.100E+01   20.00  0.0000E+00  0.0000E+00
  83    -9.8400       0.000 0.3500   0.3000E+02  0.0000E+00 -0.3000E+02  0.0000E+00      -1  -0.100E+01   20.00  0.0000E+00  0.0000E+00
  84    -9.9600       0.000 0.3500   0.3000E+02  0.0000E+00 -0.3000E+02  0.0000E+00      -1  -0.100E+01   20.00  0.0000E+00  0.0000E+00
  85   -10.0800       0.000 0.3500   0.3000E+02  0.0000E+00 -0.3000E+02  0.0000E+00      -1  -0.100E+01   20.00  0.0000E+00  0.0000E+00
  86   -10.2000       0.000 0.3500   0.3000E+02  0.0000E+00 -0.3000E+02  0.0000E+00      -1  -0.100E+01   20.00  0.0000E+00  0.0000E+00
  87   -10.3200       0.000 0.3500   0.3000E+02  0.0000E+00 -0.3000E+02  0.0000E+00      -1  -0.100E+01   20.00  0.0000E+00  0.0000E+00
  88   -10.4400       0.000 0.3500   0.3000E+02  0.0000E+00 -0.3000E+02  0.0000E+00      -1  -0.100E+01   20.00  0.0000E+00  0.0000E+00
  89   -10.5600       0.000 0.3500   0.3000E+02  0.0000E+00 -0.3000E+02  0.0000E+00      -1  -0.100E+01   20.00  0.0000E+00  0.0000E+00
  90   -10.6800       0.000 0.3500   0.3000E+02  0.0000E+00 -0.3000E+02  0.0000E+00      -1  -0.100E+01   20.00  0.0000E+00  0.0000E+00
  91   -10.8000       0.000 0.3500   0.3000E+02  0.0000E+00 -0.3000E+02  0.0000E+00      -1  -0.100E+01   20.00  0.0000E+00  0.0000E+00
  92   -10.9200       0.000 0.3500   0.3000E+02  0.0000E+00 -0.3000E+02  0.0000E+00      -1  -0.100E+01   20.00  0.0000E+00  0.0000E+00
  93   -11.0400       0.000 0.3500   0.3000E+02  0.0000E+00 -0.3000E+02  0.0000E+00      -1  -0.100E+01   20.00  0.0000E+00  0.0000E+00
  94   -11.1600       0.000 0.3500   0.3000E+02  0.0000E+00 -0.3000E+02  0.0000E+00      -1  -0.100E+01   20.00  0.0000E+00  0.0000E+00
  95   -11.2800       0.000 0.3500   0.3000E+02  0.0000E+00 -0.3000E+02  0.0000E+00      -1  -0.100E+01   20.00  0.0000E+00  0.0000E+00
  96   -11.4000       0.000 0.3500   0.3000E+02  0.0000E+00 -0.3000E+02  0.0000E+00      -1  -0.100E+01   20.00  0.0000E+00  0.0000E+00
  97   -11.5200       0.000 0.3500   0.3000E+02  0.0000E+00 -0.3000E+02  0.0000E+00      -1  -0.100E+01   20.00  0.0000E+00  0.0000E+00
  98   -11.6400       0.000 0.3500   0.3000E+02  0.0000E+00 -0.3000E+02  0.0000E+00      -1  -0.100E+01   20.00  0.0000E+00  0.0000E+00
  99   -11.7600       0.000 0.3500   0.3000E+02  0.0000E+00 -0.3000E+02  0.0000E+00      -1  -0.100E+01   20.00  0.0000E+00  0.0000E+00
 100   -11.8800       0.000 0.3500   0.3000E+02  0.0000E+00 -0.3000E+02  0.0000E+00      -1  -0.100E+01   20.00  0.0000E+00  0.0000E+00
 101   -12.0000       0.000 0.3500   0.3000E+02  0.0000E+00 -0.3000E+02  0.0000E+00      -1  -0.100E+01   20.00  0.0000E+00  0.0000E+00
end
