 ******* Program HYDRUS
 ******* 
 Welcome to HYDRUS-1D                                                    
 Date:   3. 5.    Time:  12:21:56
 Units: L = cm   , T = days , M = mg   


    n      depth     THr       THs       hs       Ks        Ks/KsTop     Beta      Ah        AK        ATh

    1      0.00     0.078     0.350       0.0   0.300E+02     1.000     0.000     1.000     1.000     1.000
    2      0.12     0.078     0.350       0.0   0.300E+02     1.000     0.000     1.000     1.000     1.000
    3      0.24     0.078     0.350       0.0   0.300E+02     1.000     0.000     1.000     1.000     1.000
    4      0.36     0.078     0.350       0.0   0.300E+02     1.000     0.000     1.000     1.000     1.000
    5      0.48     0.078     0.350       0.0   0.300E+02     1.000     0.000     1.000     1.000     1.000
    6      0.60     0.078     0.350       0.0   0.300E+02     1.000     0.000     1.000     1.000     1.000
    7      0.72     0.078     0.350       0.0   0.300E+02     1.000     0.000     1.000     1.000     1.000
    8      0.84     0.078     0.350       0.0   0.300E+02     1.000     0.000     1.000     1.000     1.000
    9      0.96     0.078     0.350       0.0   0.300E+02     1.000     0.000     1.000     1.000     1.000
   10      1.08     0.078     0.350       0.0   0.300E+02     1.000     0.000     1.000     1.000     1.000
   11      1.20     0.078     0.350       0.0   0.300E+02     1.000     0.000     1.000     1.000     1.000
   12      1.32     0.078     0.350       0.0   0.300E+02     1.000     0.000     1.000     1.000     1.000
   13      1.44     0.078     0.350       0.0   0.300E+02     1.000     0.000     1.000     1.000     1.000
   14      1.56     0.078     0.350       0.0   0.300E+02     1.000     0.000     1.000     1.000     1.000
   15      1.68     0.078     0.350       0.0   0.300E+02     1.000     0.000     1.000     1.000     1.000
   16      1.80     0.078     0.350       0.0   0.300E+02     1.000     0.000     1.000     1.000     1.000
   17      1.92     0.078     0.350       0.0   0.300E+02     1.000     0.000     1.000     1.000     1.000
   18      2.04     0.078     0.350       0.0   0.300E+02     1.000     0.000     1.000     1.000     1.000
   19      2.16     0.078     0.350       0.0   0.300E+02     1.000     0.000     1.000     1.000     1.000
   20      2.28     0.078     0.350       0.0   0.300E+02     1.000     0.000     1.000     1.000     1.000
   21      2.40     0.078     0.350       0.0   0.300E+02     1.000     0.000     1.000     1.000     1.000
   22      2.52     0.078     0.350       0.0   0.300E+02     1.000     0.000     1.000     1.000     1.000
   23      2.64     0.078     0.350       0.0   0.300E+02     1.000     0.000     1.000     1.000     1.000
   24      2.76     0.078     0.350       0.0   0.300E+02     1.000     0.000     1.000     1.000     1.000
   25      2.88     0.078     0.350       0.0   0.300E+02     1.000     0.000     1.000     1.000     1.000
   26      3.00     0.078     0.350       0.0   0.300E+02     1.000     0.000     1.000     1.000     1.000
   27      3.12     0.078     0.350       0.0   0.300E+02     1.000     0.000     1.000     1.000     1.000
   28      3.24     0.078     0.350       0.0   0.300E+02     1.000     0.000     1.000     1.000     1.000
   29      3.36     0.078     0.350       0.0   0.300E+02     1.000     0.000     1.000     1.000     1.000
   30      3.48     0.078     0.350       0.0   0.300E+02     1.000     0.000     1.000     1.000     1.000
   31      3.60     0.078     0.350       0.0   0.300E+02     1.000     0.000     1.000     1.000     1.000
   32      3.72     0.078     0.350       0.0   0.300E+02     1.000     0.000     1.000     1.000     1.000
   33      3.84     0.078     0.350       0.0   0.300E+02     1.000     0.000     1.000     1.000     1.000
   34      3.96     0.078     0.350       0.0   0.300E+02     1.000     0.000     1.000     1.000     1.000
   35      4.08     0.078     0.350       0.0   0.300E+02     1.000     0.000     1.000     1.000     1.000
   36      4.20     0.078     0.350       0.0   0.300E+02     1.000     0.000     1.000     1.000     1.000
   37      4.32     0.078     0.350       0.0   0.300E+02     1.000     0.000     1.000     1.000     1.000
   38      4.44     0.078     0.350       0.0   0.300E+02     1.000     0.000     1.000     1.000     1.000
   39      4.56     0.078     0.350       0.0   0.300E+02     1.000     0.000     1.000     1.000     1.000
   40      4.68     0.078     0.350       0.0   0.300E+02     1.000     0.000     1.000     1.000     1.000
   41      4.80     0.078     0.350       0.0   0.300E+02     1.000     0.000     1.000     1.000     1.000
   42      4.92     0.078     0.350       0.0   0.300E+02     1.000     0.000     1.000     1.000     1.000
   43      5.04     0.078     0.350       0.0   0.300E+02     1.000     0.000     1.000     1.000     1.000
   44      5.16     0.078     0.350       0.0   0.300E+02     1.000     0.000     1.000     1.000     1.000
   45      5.28     0.078     0.350       0.0   0.300E+02     1.000     0.000     1.000     1.000     1.000
   46      5.40     0.078     0.350       0.0   0.300E+02     1.000     0.000     1.000     1.000     1.000
   47      5.52     0.078     0.350       0.0   0.300E+02     1.000     0.000     1.000     1.000     1.000
   48      5.64     0.078     0.350       0.0   0.300E+02     1.000     0.000     1.000     1.000     1.000
   49      5.76     0.078     0.350       0.0   0.300E+02     1.000     0.000     1.000     1.000     1.000
   50      5.88     0.078     0.350       0.0   0.300E+02     1.000     0.000     1.000     1.000     1.000
   51      6.00     0.078     0.350       0.0   0.300E+02     1.000     0.000     1.000     1.000     1.000
   52      6.12     0.078     0.350       0.0   0.300E+02     1.000     0.000     1.000     1.000     1.000
   53      6.24     0.078     0.350       0.0   0.300E+02     1.000     0.000     1.000     1.000     1.000
   54      6.36     0.078     0.350       0.0   0.300E+02     1.000     0.000     1.000     1.000     1.000
   55      6.48     0.078     0.350       0.0   0.300E+02     1.000     0.000     1.000     1.000     1.000
   56      6.60     0.078     0.350       0.0   0.300E+02     1.000     0.000     1.000     1.000     1.000
   57      6.72     0.078     0.350       0.0   0.300E+02     1.000     0.000     1.000     1.000     1.000
   58      6.84     0.078     0.350       0.0   0.300E+02     1.000     0.000     1.000     1.000     1.000
   59      6.96     0.078     0.350       0.0   0.300E+02     1.000     0.000     1.000     1.000     1.000
   60      7.08     0.078     0.350       0.0   0.300E+02     1.000     0.000     1.000     1.000     1.000
   61      7.20     0.078     0.350       0.0   0.300E+02     1.000     0.000     1.000     1.000     1.000
   62      7.32     0.078     0.350       0.0   0.300E+02     1.000     0.000     1.000     1.000     1.000
   63      7.44     0.078     0.350       0.0   0.300E+02     1.000     0.000     1.000     1.000     1.000
   64      7.56     0.078     0.350       0.0   0.300E+02     1.000     0.000     1.000     1.000     1.000
   65      7.68     0.078     0.350       0.0   0.300E+02     1.000     0.000     1.000     1.000     1.000
   66      7.80     0.078     0.350       0.0   0.300E+02     1.000     0.000     1.000     1.000     1.000
   67      7.92     0.078     0.350       0.0   0.300E+02     1.000     0.000     1.000     1.000     1.000
   68      8.04     0.078     0.350       0.0   0.300E+02     1.000     0.000     1.000     1.000     1.000
   69      8.16     0.078     0.350       0.0   0.300E+02     1.000     0.000     1.000     1.000     1.000
   70      8.28     0.078     0.350       0.0   0.300E+02     1.000     0.000     1.000     1.000     1.000
   71      8.40     0.078     0.350       0.0   0.300E+02     1.000     0.000     1.000     1.000     1.000
   72      8.52     0.078     0.350       0.0   0.300E+02     1.000     0.000     1.000     1.000     1.000
   73      8.64     0.078     0.350       0.0   0.300E+02     1.000     0.000     1.000     1.000     1.000
   74      8.76     0.078     0.350       0.0   0.300E+02     1.000     0.000     1.000     1.000     1.000
   75      8.88     0.078     0.350       0.0   0.300E+02     1.000     0.000     1.000     1.000     1.000
   76      9.00     0.078     0.350       0.0   0.300E+02     1.000     0.000     1.000     1.000     1.000
   77      9.12     0.078     0.350       0.0   0.300E+02     1.000     0.000     1.000     1.000     1.000
   78      9.24     0.078     0.350       0.0   0.300E+02     1.000     0.000     1.000     1.000     1.000
   79      9.36     0.078     0.350       0.0   0.300E+02     1.000     0.000     1.000     1.000     1.000
   80      9.48     0.078     0.350       0.0   0.300E+02     1.000     0.000     1.000     1.000     1.000
   81      9.60     0.078     0.350       0.0   0.300E+02     1.000     0.000     1.000     1.000     1.000
   82      9.72     0.078     0.350       0.0   0.300E+02     1.000     0.000     1.000     1.000     1.000
   83      9.84     0.078     0.350       0.0   0.300E+02     1.000     0.000     1.000     1.000     1.000
   84      9.96     0.078     0.350       0.0   0.300E+02     1.000     0.000     1.000     1.000     1.000
   85     10.08     0.078     0.350       0.0   0.300E+02     1.000     0.000     1.000     1.000     1.000
   86     10.20     0.078     0.350       0.0   0.300E+02     1.000     0.000     1.000     1.000     1.000
   87     10.32     0.078     0.350       0.0   0.300E+02     1.000     0.000     1.000     1.000     1.000
   88     10.44     0.078     0.350       0.0   0.300E+02     1.000     0.000     1.000     1.000     1.000
   89     10.56     0.078     0.350       0.0   0.300E+02     1.000     0.000     1.000     1.000     1.000
   90     10.68     0.078     0.350       0.0   0.300E+02     1.000     0.000     1.000     1.000     1.000
   91     10.80     0.078     0.350       0.0   0.300E+02     1.000     0.000     1.000     1.000     1.000
   92     10.92     0.078     0.350       0.0   0.300E+02     1.000     0.000     1.000     1.000     1.000
   93     11.04     0.078     0.350       0.0   0.300E+02     1.000     0.000     1.000     1.000     1.000
   94     11.16     0.078     0.350       0.0   0.300E+02     1.000     0.000     1.000     1.000     1.000
   95     11.28     0.078     0.350       0.0   0.300E+02     1.000     0.000     1.000     1.000     1.000
   96     11.40     0.078     0.350       0.0   0.300E+02     1.000     0.000     1.000     1.000     1.000
   97     11.52     0.078     0.350       0.0   0.300E+02     1.000     0.000     1.000     1.000     1.000
   98     11.64     0.078     0.350       0.0   0.300E+02     1.000     0.000     1.000     1.000     1.000
   99     11.76     0.078     0.350       0.0   0.300E+02     1.000     0.000     1.000     1.000     1.000
  100     11.88     0.078     0.350       0.0   0.300E+02     1.000     0.000     1.000     1.000     1.000
  101     12.00     0.078     0.350       0.0   0.300E+02     1.000     0.000     1.000     1.000     1.000
end
