 ******* Program HYDRUS
 ******* 
 Welcome to HYDRUS-1D                                                    
 Date:   3. 5.    Time:  12:21:56
 Units: L = cm   , T = days , M = mg   


    TLevel      Time           dt     ItrW ItrC    ItCum  KodT  KodB Converg  Peclet   Courant

        1  0.1000000E-02  0.10000E-02    2    1        2     1     1     T     0.599     0.014
        2  0.2000000E-02  0.10000E-02    2    1        4     1     1     T     0.599     0.014
        3  0.3300000E-02  0.13000E-02    2    1        6     1     1     T     0.599     0.018
        4  0.4990000E-02  0.16900E-02    2    1        8     1     1     T     0.599     0.023
        5  0.7187000E-02  0.21970E-02    2    1       10     1     1     T     0.600     0.030
        6  0.1004310E-01  0.28561E-02    2    1       12     1     1     T     0.600     0.039
        7  0.1375603E-01  0.37129E-02    2    1       14     1     1     T     0.601     0.051
        8  0.1858284E-01  0.48268E-02    2    1       16     1     1     T     0.602     0.066
        9  0.2485769E-01  0.62749E-02    2    1       18     1     1     T     0.603     0.085
       10  0.3301499E-01  0.81573E-02    2    1       20     1     1     T     0.605     0.111
       11  0.4361949E-01  0.10604E-01    2    1       22     1     1     T     0.607     0.144
       12  0.5740534E-01  0.13786E-01    2    1       24     1     1     T     0.609     0.188
       13  0.7532693E-01  0.17922E-01    2    1       26     1     1     T     0.613     0.244
       14  0.9862501E-01  0.23298E-01    2    1       28     1     1     T     0.617     0.317
       15  0.1289125E+00  0.30287E-01    2    1       30     1     1     T     0.624     0.413
       16  0.1682863E+00  0.39374E-01    2    1       32     1     1     T     0.632     0.536
       17  0.2194721E+00  0.51186E-01    2    1       34     1     1     T     0.643     0.697
       18  0.2860138E+00  0.66542E-01    2    1       36     1     1     T     0.657     0.907
       19  0.3594137E+00  0.73400E-01    2    1       38     1     1     T     0.664     1.000
       20  0.4328136E+00  0.73400E-01    2    1       40     1     1     T     0.664     1.000
       21  0.5062135E+00  0.73400E-01    2    1       42     1     1     T     0.664     1.000
       22  0.5796134E+00  0.73400E-01    2    1       44     1     1     T     0.664     1.000
       23  0.6530134E+00  0.73400E-01    2    1       46     1     1     T     0.664     1.000
       24  0.7264133E+00  0.73400E-01    2    1       48     1     1     T     0.664     1.000
       25  0.7998132E+00  0.73400E-01    2    1       50     1     1     T     0.664     1.000
       26  0.8732131E+00  0.73400E-01    2    1       52     1     1     T     0.664     1.000
       27  0.9466131E+00  0.73400E-01    2    1       54     1     1     T     0.664     1.000
       28  0.1020013E+01  0.73400E-01    2    1       56     1     1     T     0.664     1.000
       29  0.1093413E+01  0.73400E-01    2    1       58     1     1     T     0.664     1.000
       30  0.1166813E+01  0.73400E-01    2    1       60     1     1     T     0.664     1.000
       31  0.1240213E+01  0.73400E-01    2    1       62     1     1     T     0.664     1.000
       32  0.1313613E+01  0.73400E-01    2    1       64     1     1     T     0.664     1.000
       33  0.1387013E+01  0.73400E-01    2    1       66     1     1     T     0.664     1.000
       34  0.1460413E+01  0.73400E-01    2    1       68     1     1     T     0.664     1.000
       35  0.1533812E+01  0.73400E-01    2    1       70     1     1     T     0.664     1.000
       36  0.1607212E+01  0.73400E-01    2    1       72     1     1     T     0.664     1.000
       37  0.1680612E+01  0.73400E-01    2    1       74     1     1     T     0.664     1.000
       38  0.1754012E+01  0.73400E-01    2    1       76     1     1     T     0.664     1.000
       39  0.1827412E+01  0.73400E-01    2    1       78     1     1     T     0.664     1.000
       40  0.1900812E+01  0.73400E-01    2    1       80     1     1     T     0.664     1.000
       41  0.1974212E+01  0.73400E-01    2    1       82     1     1     T     0.664     1.000
       42  0.2047612E+01  0.73400E-01    2    1       84     1     1     T     0.664     1.000
       43  0.2121012E+01  0.73400E-01    2    1       86     1     1     T     0.664     1.000
       44  0.2194412E+01  0.73400E-01    2    1       88     1     1     T     0.664     1.000
       45  0.2267812E+01  0.73400E-01    2    1       90     1     1     T     0.664     1.000
       46  0.2341212E+01  0.73400E-01    2    1       92     1     1     T     0.664     1.000
       47  0.2414612E+01  0.73400E-01    2    1       94     1     1     T     0.664     1.000
       48  0.2488011E+01  0.73400E-01    2    1       96     1     1     T     0.664     1.000
       49  0.2561411E+01  0.73400E-01    2    1       98     1     1     T     0.664     1.000
       50  0.2634811E+01  0.73400E-01    2    1      100     1     1     T     0.664     1.000
       51  0.2708211E+01  0.73400E-01    2    1      102     1     1     T     0.664     1.000
       52  0.2781611E+01  0.73400E-01    2    1      104     1     1     T     0.664     1.000
       53  0.2855011E+01  0.73400E-01    2    1      106     1     1     T     0.664     1.000
       54  0.2928411E+01  0.73400E-01    2    1      108     1     1     T     0.664     1.000
       55  0.3001811E+01  0.73400E-01    2    1      110     1     1     T     0.664     1.000
       56  0.3075211E+01  0.73400E-01    2    1      112     1     1     T     0.664     1.000
       57  0.3148611E+01  0.73400E-01    2    1      114     1     1     T     0.664     1.000
       58  0.3222011E+01  0.73400E-01    2    1      116     1     1     T     0.664     1.000
       59  0.3295411E+01  0.73400E-01    2    1      118     1     1     T     0.664     1.000
       60  0.3368811E+01  0.73400E-01    2    1      120     1     1     T     0.664     1.000
       61  0.3442210E+01  0.73400E-01    2    1      122     1     1     T     0.664     1.000
       62  0.3515610E+01  0.73400E-01    2    1      124     1     1     T     0.664     1.000
       63  0.3589010E+01  0.73400E-01    2    1      126     1     1     T     0.664     1.000
       64  0.3662410E+01  0.73400E-01    2    1      128     1     1     T     0.664     1.000
       65  0.3735810E+01  0.73400E-01    2    1      130     1     1     T     0.664     1.000
       66  0.3809210E+01  0.73400E-01    2    1      132     1     1     T     0.664     1.000
       67  0.3882610E+01  0.73400E-01    2    1      134     1     1     T     0.664     1.000
       68  0.3956010E+01  0.73400E-01    2    1      136     1     1     T     0.664     1.000
       69  0.4029410E+01  0.73400E-01    2    1      138     1     1     T     0.664     1.000
       70  0.4102810E+01  0.73400E-01    2    1      140     1     1     T     0.664     1.000
       71  0.4176210E+01  0.73400E-01    2    1      142     1     1     T     0.664     1.000
       72  0.4249610E+01  0.73400E-01    2    1      144     1     1     T     0.664     1.000
       73  0.4323010E+01  0.73400E-01    2    1      146     1     1     T     0.664     1.000
       74  0.4396409E+01  0.73400E-01    2    1      148     1     1     T     0.664     1.000
       75  0.4469809E+01  0.73400E-01    2    1      150     1     1     T     0.664     1.000
       76  0.4543209E+01  0.73400E-01    2    1      152     1     1     T     0.664     1.000
       77  0.4616609E+01  0.73400E-01    2    1      154     1     1     T     0.664     1.000
       78  0.4690009E+01  0.73400E-01    2    1      156     1     1     T     0.664     1.000
       79  0.4763409E+01  0.73400E-01    2    1      158     1     1     T     0.664     1.000
       80  0.4836809E+01  0.73400E-01    2    1      160     1     1     T     0.664     1.000
       81  0.4910209E+01  0.73400E-01    2    1      162     1     1     T     0.664     1.000
       82  0.4983609E+01  0.73400E-01    2    1      164     1     1     T     0.664     1.000
       83  0.5057009E+01  0.73400E-01    2    1      166     1     1     T     0.664     1.000
       84  0.5130409E+01  0.73400E-01    2    1      168     1     1     T     0.664     1.000
       85  0.5203809E+01  0.73400E-01    2    1      170     1     1     T     0.664     1.000
       86  0.5277209E+01  0.73400E-01    2    1      172     1     1     T     0.664     1.000
       87  0.5350608E+01  0.73400E-01    2    1      174     1     1     T     0.664     1.000
       88  0.5424008E+01  0.73400E-01    2    1      176     1     1     T     0.664     1.000
       89  0.5497408E+01  0.73400E-01    2    1      178     1     1     T     0.664     1.000
       90  0.5570808E+01  0.73400E-01    2    1      180     1     1     T     0.664     1.000
       91  0.5644208E+01  0.73400E-01    2    1      182     1     1     T     0.664     1.000
       92  0.5717608E+01  0.73400E-01    2    1      184     1     1     T     0.664     1.000
       93  0.5791008E+01  0.73400E-01    2    1      186     1     1     T     0.664     1.000
       94  0.5864408E+01  0.73400E-01    2    1      188     1     1     T     0.664     1.000
       95  0.5937808E+01  0.73400E-01    2    1      190     1     1     T     0.664     1.000
       96  0.6011208E+01  0.73400E-01    2    1      192     1     1     T     0.664     1.000
       97  0.6084608E+01  0.73400E-01    2    1      194     1     1     T     0.664     1.000
       98  0.6158008E+01  0.73400E-01    2    1      196     1     1     T     0.664     1.000
       99  0.6231408E+01  0.73400E-01    2    1      198     1     1     T     0.664     1.000
      100  0.6304808E+01  0.73400E-01    2    1      200     1     1     T     0.664     1.000
      101  0.6378207E+01  0.73400E-01    2    1      202     1     1     T     0.664     1.000
      102  0.6451607E+01  0.73400E-01    2    1      204     1     1     T     0.664     1.000
      103  0.6525007E+01  0.73400E-01    2    1      206     1     1     T     0.664     1.000
      104  0.6598407E+01  0.73400E-01    2    1      208     1     1     T     0.664     1.000
      105  0.6671807E+01  0.73400E-01    2    1      210     1     1     T     0.664     1.000
      106  0.6745207E+01  0.73400E-01    2    1      212     1     1     T     0.664     1.000
      107  0.6818607E+01  0.73400E-01    2    1      214     1     1     T     0.664     1.000
      108  0.6892007E+01  0.73400E-01    2    1      216     1     1     T     0.664     1.000
      109  0.6965407E+01  0.73400E-01    2    1      218     1     1     T     0.664     1.000
      110  0.7038807E+01  0.73400E-01    2    1      220     1     1     T     0.664     1.000
      111  0.7112207E+01  0.73400E-01    2    1      222     1     1     T     0.664     1.000
      112  0.7185607E+01  0.73400E-01    2    1      224     1     1     T     0.664     1.000
      113  0.7259007E+01  0.73400E-01    2    1      226     1     1     T     0.664     1.000
      114  0.7332406E+01  0.73400E-01    2    1      228     1     1     T     0.664     1.000
      115  0.7405806E+01  0.73400E-01    2    1      230     1     1     T     0.664     1.000
      116  0.7479206E+01  0.73400E-01    2    1      232     1     1     T     0.664     1.000
      117  0.7552606E+01  0.73400E-01    2    1      234     1     1     T     0.664     1.000
      118  0.7626006E+01  0.73400E-01    2    1      236     1     1     T     0.664     1.000
      119  0.7699406E+01  0.73400E-01    2    1      238     1     1     T     0.664     1.000
      120  0.7772806E+01  0.73400E-01    2    1      240     1     1     T     0.664     1.000
      121  0.7846206E+01  0.73400E-01    2    1      242     1     1     T     0.664     1.000
      122  0.7919606E+01  0.73400E-01    2    1      244     1     1     T     0.664     1.000
      123  0.7993006E+01  0.73400E-01    2    1      246     1     1     T     0.664     1.000
      124  0.8066406E+01  0.73400E-01    2    1      248     1     1     T     0.664     1.000
      125  0.8139806E+01  0.73400E-01    2    1      250     1     1     T     0.664     1.000
      126  0.8213206E+01  0.73400E-01    2    1      252     1     1     T     0.664     1.000
      127  0.8286605E+01  0.73400E-01    2    1      254     1     1     T     0.664     1.000
      128  0.8360005E+01  0.73400E-01    2    1      256     1     1     T     0.664     1.000
      129  0.8433405E+01  0.73400E-01    2    1      258     1     1     T     0.664     1.000
      130  0.8506805E+01  0.73400E-01    2    1      260     1     1     T     0.664     1.000
      131  0.8580205E+01  0.73400E-01    2    1      262     1     1     T     0.664     1.000
      132  0.8653605E+01  0.73400E-01    2    1      264     1     1     T     0.664     1.000
      133  0.8727005E+01  0.73400E-01    2    1      266     1     1     T     0.664     1.000
      134  0.8800405E+01  0.73400E-01    2    1      268     1     1     T     0.664     1.000
      135  0.8873805E+01  0.73400E-01    2    1      270     1     1     T     0.664     1.000
      136  0.8947205E+01  0.73400E-01    2    1      272     1     1     T     0.664     1.000
      137  0.9020605E+01  0.73400E-01    2    1      274     1     1     T     0.664     1.000
      138  0.9094005E+01  0.73400E-01    2    1      276     1     1     T     0.664     1.000
      139  0.9167405E+01  0.73400E-01    2    1      278     1     1     T     0.664     1.000
      140  0.9240804E+01  0.73400E-01    2    1      280     1     1     T     0.664     1.000
      141  0.9314204E+01  0.73400E-01    2    1      282     1     1     T     0.664     1.000
      142  0.9387604E+01  0.73400E-01    2    1      284     1     1     T     0.664     1.000
      143  0.9461004E+01  0.73400E-01    2    1      286     1     1     T     0.664     1.000
      144  0.9534404E+01  0.73400E-01    2    1      288     1     1     T     0.664     1.000
      145  0.9607804E+01  0.73400E-01    2    1      290     1     1     T     0.664     1.000
      146  0.9681204E+01  0.73400E-01    2    1      292     1     1     T     0.664     1.000
      147  0.9754604E+01  0.73400E-01    2    1      294     1     1     T     0.664     1.000
      148  0.9828004E+01  0.73400E-01    2    1      296     1     1     T     0.664     1.000
      149  0.9901404E+01  0.73400E-01    2    1      298     1     1     T     0.664     1.000
      150  0.9950702E+01  0.49298E-01    2    1      300     1     1     T     0.641     0.672
      151  0.1000000E+02  0.49298E-01    2    1      302     1     1     T     0.641     0.672
      152  0.1007340E+02  0.73400E-01    2    1      304     1     1     T     0.664     1.000
      153  0.1014680E+02  0.73400E-01    2    1      306     1     1     T     0.664     1.000
      154  0.1022020E+02  0.73400E-01    2    1      308     1     1     T     0.664     1.000
      155  0.1029360E+02  0.73400E-01    2    1      310     1     1     T     0.664     1.000
      156  0.1036700E+02  0.73400E-01    2    1      312     1     1     T     0.664     1.000
      157  0.1044040E+02  0.73400E-01    2    1      314     1     1     T     0.664     1.000
      158  0.1051380E+02  0.73400E-01    2    1      316     1     1     T     0.664     1.000
      159  0.1058720E+02  0.73400E-01    2    1      318     1     1     T     0.664     1.000
      160  0.1066060E+02  0.73400E-01    2    1      320     1     1     T     0.664     1.000
      161  0.1073400E+02  0.73400E-01    2    1      322     1     1     T     0.664     1.000
      162  0.1080740E+02  0.73400E-01    2    1      324     1     1     T     0.664     1.000
      163  0.1088080E+02  0.73400E-01    2    1      326     1     1     T     0.664     1.000
      164  0.1095420E+02  0.73400E-01    2    1      328     1     1     T     0.664     1.000
      165  0.1102760E+02  0.73400E-01    2    1      330     1     1     T     0.664     1.000
      166  0.1110100E+02  0.73400E-01    2    1      332     1     1     T     0.664     1.000
      167  0.1117440E+02  0.73400E-01    2    1      334     1     1     T     0.664     1.000
      168  0.1124780E+02  0.73400E-01    2    1      336     1     1     T     0.664     1.000
      169  0.1132120E+02  0.73400E-01    2    1      338     1     1     T     0.664     1.000
      170  0.1139460E+02  0.73400E-01    2    1      340     1     1     T     0.664     1.000
      171  0.1146800E+02  0.73400E-01    2    1      342     1     1     T     0.664     1.000
      172  0.1154140E+02  0.73400E-01    2    1      344     1     1     T     0.664     1.000
      173  0.1161480E+02  0.73400E-01    2    1      346     1     1     T     0.664     1.000
      174  0.1168820E+02  0.73400E-01    2    1      348     1     1     T     0.664     1.000
      175  0.1176160E+02  0.73400E-01    2    1      350     1     1     T     0.664     1.000
      176  0.1183500E+02  0.73400E-01    2    1      352     1     1     T     0.664     1.000
      177  0.1190840E+02  0.73400E-01    2    1      354     1     1     T     0.664     1.000
      178  0.1198180E+02  0.73400E-01    2    1      356     1     1     T     0.664     1.000
      179  0.1205520E+02  0.73400E-01    2    1      358     1     1     T     0.664     1.000
      180  0.1212860E+02  0.73400E-01    2    1      360     1     1     T     0.664     1.000
      181  0.1220200E+02  0.73400E-01    2    1      362     1     1     T     0.664     1.000
      182  0.1227540E+02  0.73400E-01    2    1      364     1     1     T     0.664     1.000
      183  0.1234880E+02  0.73400E-01    2    1      366     1     1     T     0.664     1.000
      184  0.1242220E+02  0.73400E-01    2    1      368     1     1     T     0.664     1.000
      185  0.1249560E+02  0.73400E-01    2    1      370     1     1     T     0.664     1.000
      186  0.1256900E+02  0.73400E-01    2    1      372     1     1     T     0.664     1.000
      187  0.1264240E+02  0.73400E-01    2    1      374     1     1     T     0.664     1.000
      188  0.1271580E+02  0.73400E-01    2    1      376     1     1     T     0.664     1.000
      189  0.1278920E+02  0.73400E-01    2    1      378     1     1     T     0.664     1.000
      190  0.1286260E+02  0.73400E-01    2    1      380     1     1     T     0.664     1.000
      191  0.1293600E+02  0.73400E-01    2    1      382     1     1     T     0.664     1.000
      192  0.1300940E+02  0.73400E-01    2    1      384     1     1     T     0.664     1.000
      193  0.1308280E+02  0.73400E-01    2    1      386     1     1     T     0.664     1.000
      194  0.1315620E+02  0.73400E-01    2    1      388     1     1     T     0.664     1.000
      195  0.1322960E+02  0.73400E-01    2    1      390     1     1     T     0.664     1.000
      196  0.1330300E+02  0.73400E-01    2    1      392     1     1     T     0.664     1.000
      197  0.1337640E+02  0.73400E-01    2    1      394     1     1     T     0.664     1.000
      198  0.1344980E+02  0.73400E-01    2    1      396     1     1     T     0.664     1.000
      199  0.1352320E+02  0.73400E-01    2    1      398     1     1     T     0.664     1.000
      200  0.1359660E+02  0.73400E-01    2    1      400     1     1     T     0.664     1.000
      201  0.1367000E+02  0.73400E-01    2    1      402     1     1     T     0.664     1.000
      202  0.1374340E+02  0.73400E-01    2    1      404     1     1     T     0.664     1.000
      203  0.1381680E+02  0.73400E-01    2    1      406     1     1     T     0.664     1.000
      204  0.1389020E+02  0.73400E-01    2    1      408     1     1     T     0.664     1.000
      205  0.1396360E+02  0.73400E-01    2    1      410     1     1     T     0.664     1.000
      206  0.1403700E+02  0.73400E-01    2    1      412     1     1     T     0.664     1.000
      207  0.1411040E+02  0.73400E-01    2    1      414     1     1     T     0.664     1.000
      208  0.1418380E+02  0.73400E-01    2    1      416     1     1     T     0.664     1.000
      209  0.1425720E+02  0.73400E-01    2    1      418     1     1     T     0.664     1.000
      210  0.1433060E+02  0.73400E-01    2    1      420     1     1     T     0.664     1.000
      211  0.1440400E+02  0.73400E-01    2    1      422     1     1     T     0.664     1.000
      212  0.1447740E+02  0.73400E-01    2    1      424     1     1     T     0.664     1.000
      213  0.1455080E+02  0.73400E-01    2    1      426     1     1     T     0.664     1.000
      214  0.1462420E+02  0.73400E-01    2    1      428     1     1     T     0.664     1.000
      215  0.1469760E+02  0.73400E-01    2    1      430     1     1     T     0.664     1.000
      216  0.1477100E+02  0.73400E-01    2    1      432     1     1     T     0.664     1.000
      217  0.1484439E+02  0.73400E-01    2    1      434     1     1     T     0.664     1.000
      218  0.1491779E+02  0.73400E-01    2    1      436     1     1     T     0.664     1.000
      219  0.1499119E+02  0.73400E-01    2    1      438     1     1     T     0.664     1.000
      220  0.1506459E+02  0.73400E-01    2    1      440     1     1     T     0.664     1.000
      221  0.1513799E+02  0.73400E-01    2    1      442     1     1     T     0.664     1.000
      222  0.1521139E+02  0.73400E-01    2    1      444     1     1     T     0.664     1.000
      223  0.1528479E+02  0.73400E-01    2    1      446     1     1     T     0.664     1.000
      224  0.1535819E+02  0.73400E-01    2    1      448     1     1     T     0.664     1.000
      225  0.1543159E+02  0.73400E-01    2    1      450     1     1     T     0.664     1.000
      226  0.1550499E+02  0.73400E-01    2    1      452     1     1     T     0.664     1.000
      227  0.1557839E+02  0.73400E-01    2    1      454     1     1     T     0.664     1.000
      228  0.1565179E+02  0.73400E-01    2    1      456     1     1     T     0.664     1.000
      229  0.1572519E+02  0.73400E-01    2    1      458     1     1     T     0.664     1.000
      230  0.1579859E+02  0.73400E-01    2    1      460     1     1     T     0.664     1.000
      231  0.1587199E+02  0.73400E-01    2    1      462     1     1     T     0.664     1.000
      232  0.1594539E+02  0.73400E-01    2    1      464     1     1     T     0.664     1.000
      233  0.1601879E+02  0.73400E-01    2    1      466     1     1     T     0.664     1.000
      234  0.1609219E+02  0.73400E-01    2    1      468     1     1     T     0.664     1.000
      235  0.1616559E+02  0.73400E-01    2    1      470     1     1     T     0.664     1.000
      236  0.1623899E+02  0.73400E-01    2    1      472     1     1     T     0.664     1.000
      237  0.1631239E+02  0.73400E-01    2    1      474     1     1     T     0.664     1.000
      238  0.1638579E+02  0.73400E-01    2    1      476     1     1     T     0.664     1.000
      239  0.1645919E+02  0.73400E-01    2    1      478     1     1     T     0.664     1.000
      240  0.1653259E+02  0.73400E-01    2    1      480     1     1     T     0.664     1.000
      241  0.1660599E+02  0.73400E-01    2    1      482     1     1     T     0.664     1.000
      242  0.1667939E+02  0.73400E-01    2    1      484     1     1     T     0.664     1.000
      243  0.1675279E+02  0.73400E-01    2    1      486     1     1     T     0.664     1.000
      244  0.1682619E+02  0.73400E-01    2    1      488     1     1     T     0.664     1.000
      245  0.1689959E+02  0.73400E-01    2    1      490     1     1     T     0.664     1.000
      246  0.1697299E+02  0.73400E-01    2    1      492     1     1     T     0.664     1.000
      247  0.1704639E+02  0.73400E-01    2    1      494     1     1     T     0.664     1.000
      248  0.1711979E+02  0.73400E-01    2    1      496     1     1     T     0.664     1.000
      249  0.1719319E+02  0.73400E-01    2    1      498     1     1     T     0.664     1.000
      250  0.1726659E+02  0.73400E-01    2    1      500     1     1     T     0.664     1.000
      251  0.1733999E+02  0.73400E-01    2    1      502     1     1     T     0.664     1.000
      252  0.1741339E+02  0.73400E-01    2    1      504     1     1     T     0.664     1.000
      253  0.1748679E+02  0.73400E-01    2    1      506     1     1     T     0.664     1.000
      254  0.1756019E+02  0.73400E-01    2    1      508     1     1     T     0.664     1.000
      255  0.1763359E+02  0.73400E-01    2    1      510     1     1     T     0.664     1.000
      256  0.1770699E+02  0.73400E-01    2    1      512     1     1     T     0.664     1.000
      257  0.1778039E+02  0.73400E-01    2    1      514     1     1     T     0.664     1.000
      258  0.1785379E+02  0.73400E-01    2    1      516     1     1     T     0.664     1.000
      259  0.1792719E+02  0.73400E-01    2    1      518     1     1     T     0.664     1.000
      260  0.1800059E+02  0.73400E-01    2    1      520     1     1     T     0.664     1.000
      261  0.1807399E+02  0.73400E-01    2    1      522     1     1     T     0.664     1.000
      262  0.1814739E+02  0.73400E-01    2    1      524     1     1     T     0.664     1.000
      263  0.1822079E+02  0.73400E-01    2    1      526     1     1     T     0.664     1.000
      264  0.1829419E+02  0.73400E-01    2    1      528     1     1     T     0.664     1.000
      265  0.1836759E+02  0.73400E-01    2    1      530     1     1     T     0.664     1.000
      266  0.1844099E+02  0.73400E-01    2    1      532     1     1     T     0.664     1.000
      267  0.1851439E+02  0.73400E-01    2    1      534     1     1     T     0.664     1.000
      268  0.1858779E+02  0.73400E-01    2    1      536     1     1     T     0.664     1.000
      269  0.1866119E+02  0.73400E-01    2    1      538     1     1     T     0.664     1.000
      270  0.1873459E+02  0.73400E-01    2    1      540     1     1     T     0.664     1.000
      271  0.1880799E+02  0.73400E-01    2    1      542     1     1     T     0.664     1.000
      272  0.1888139E+02  0.73400E-01    2    1      544     1     1     T     0.664     1.000
      273  0.1895479E+02  0.73400E-01    2    1      546     1     1     T     0.664     1.000
      274  0.1902819E+02  0.73400E-01    2    1      548     1     1     T     0.664     1.000
      275  0.1910159E+02  0.73400E-01    2    1      550     1     1     T     0.664     1.000
      276  0.1917499E+02  0.73400E-01    2    1      552     1     1     T     0.664     1.000
      277  0.1924839E+02  0.73400E-01    2    1      554     1     1     T     0.664     1.000
      278  0.1932179E+02  0.73400E-01    2    1      556     1     1     T     0.664     1.000
      279  0.1939519E+02  0.73400E-01    2    1      558     1     1     T     0.664     1.000
      280  0.1946859E+02  0.73400E-01    2    1      560     1     1     T     0.664     1.000
      281  0.1954199E+02  0.73400E-01    2    1      562     1     1     T     0.664     1.000
      282  0.1961539E+02  0.73400E-01    2    1      564     1     1     T     0.664     1.000
      283  0.1968879E+02  0.73400E-01    2    1      566     1     1     T     0.664     1.000
      284  0.1976219E+02  0.73400E-01    2    1      568     1     1     T     0.664     1.000
      285  0.1983559E+02  0.73400E-01    2    1      570     1     1     T     0.664     1.000
      286  0.1990899E+02  0.73400E-01    2    1      572     1     1     T     0.664     1.000
      287  0.1995449E+02  0.45505E-01    2    1      574     1     1     T     0.637     0.620
      288  0.2000000E+02  0.45505E-01    2    1      576     1     1     T     0.637     0.620
      289  0.2007340E+02  0.73400E-01    2    1      578     1     1     T     0.664     1.000
      290  0.2014680E+02  0.73400E-01    2    1      580     1     1     T     0.664     1.000
      291  0.2022020E+02  0.73400E-01    2    1      582     1     1     T     0.664     1.000
      292  0.2029360E+02  0.73400E-01    2    1      584     1     1     T     0.664     1.000
      293  0.2036700E+02  0.73400E-01    2    1      586     1     1     T     0.664     1.000
      294  0.2044040E+02  0.73400E-01    2    1      588     1     1     T     0.664     1.000
      295  0.2051380E+02  0.73400E-01    2    1      590     1     1     T     0.664     1.000
      296  0.2058720E+02  0.73400E-01    2    1      592     1     1     T     0.664     1.000
      297  0.2066060E+02  0.73400E-01    2    1      594     1     1     T     0.664     1.000
      298  0.2073400E+02  0.73400E-01    2    1      596     1     1     T     0.664     1.000
      299  0.2080740E+02  0.73400E-01    2    1      598     1     1     T     0.664     1.000
      300  0.2088080E+02  0.73400E-01    2    1      600     1     1     T     0.664     1.000
      301  0.2095420E+02  0.73400E-01    2    1      602     1     1     T     0.664     1.000
      302  0.2102760E+02  0.73400E-01    2    1      604     1     1     T     0.664     1.000
      303  0.2110100E+02  0.73400E-01    2    1      606     1     1     T     0.664     1.000
      304  0.2117440E+02  0.73400E-01    2    1      608     1     1     T     0.664     1.000
      305  0.2124780E+02  0.73400E-01    2    1      610     1     1     T     0.664     1.000
      306  0.2132120E+02  0.73400E-01    2    1      612     1     1     T     0.664     1.000
      307  0.2139460E+02  0.73400E-01    2    1      614     1     1     T     0.664     1.000
      308  0.2146800E+02  0.73400E-01    2    1      616     1     1     T     0.664     1.000
      309  0.2154140E+02  0.73400E-01    2    1      618     1     1     T     0.664     1.000
      310  0.2161480E+02  0.73400E-01    2    1      620     1     1     T     0.664     1.000
      311  0.2168820E+02  0.73400E-01    2    1      622     1     1     T     0.664     1.000
      312  0.2176160E+02  0.73400E-01    2    1      624     1     1     T     0.664     1.000
      313  0.2183500E+02  0.73400E-01    2    1      626     1     1     T     0.664     1.000
      314  0.2190840E+02  0.73400E-01    2    1      628     1     1     T     0.664     1.000
      315  0.2198180E+02  0.73400E-01    2    1      630     1     1     T     0.664     1.000
      316  0.2205520E+02  0.73400E-01    2    1      632     1     1     T     0.664     1.000
      317  0.2212860E+02  0.73400E-01    2    1      634     1     1     T     0.664     1.000
      318  0.2220200E+02  0.73400E-01    2    1      636     1     1     T     0.664     1.000
      319  0.2227540E+02  0.73400E-01    2    1      638     1     1     T     0.664     1.000
      320  0.2234880E+02  0.73400E-01    2    1      640     1     1     T     0.664     1.000
      321  0.2242220E+02  0.73400E-01    2    1      642     1     1     T     0.664     1.000
      322  0.2249560E+02  0.73400E-01    2    1      644     1     1     T     0.664     1.000
      323  0.2256900E+02  0.73400E-01    2    1      646     1     1     T     0.664     1.000
      324  0.2264240E+02  0.73400E-01    2    1      648     1     1     T     0.664     1.000
      325  0.2271580E+02  0.73400E-01    2    1      650     1     1     T     0.664     1.000
      326  0.2278920E+02  0.73400E-01    2    1      652     1     1     T     0.664     1.000
      327  0.2286260E+02  0.73400E-01    2    1      654     1     1     T     0.664     1.000
      328  0.2293600E+02  0.73400E-01    2    1      656     1     1     T     0.664     1.000
      329  0.2300940E+02  0.73400E-01    2    1      658     1     1     T     0.664     1.000
      330  0.2308280E+02  0.73400E-01    2    1      660     1     1     T     0.664     1.000
      331  0.2315620E+02  0.73400E-01    2    1      662     1     1     T     0.664     1.000
      332  0.2322960E+02  0.73400E-01    2    1      664     1     1     T     0.664     1.000
      333  0.2330300E+02  0.73400E-01    2    1      666     1     1     T     0.664     1.000
      334  0.2337640E+02  0.73400E-01    2    1      668     1     1     T     0.664     1.000
      335  0.2344980E+02  0.73400E-01    2    1      670     1     1     T     0.664     1.000
      336  0.2352320E+02  0.73400E-01    2    1      672     1     1     T     0.664     1.000
      337  0.2359660E+02  0.73400E-01    2    1      674     1     1     T     0.664     1.000
      338  0.2367000E+02  0.73400E-01    2    1      676     1     1     T     0.664     1.000
      339  0.2374340E+02  0.73400E-01    2    1      678     1     1     T     0.664     1.000
      340  0.2381680E+02  0.73400E-01    2    1      680     1     1     T     0.664     1.000
      341  0.2389020E+02  0.73400E-01    2    1      682     1     1     T     0.664     1.000
      342  0.2396360E+02  0.73400E-01    2    1      684     1     1     T     0.664     1.000
      343  0.2403700E+02  0.73400E-01    2    1      686     1     1     T     0.664     1.000
      344  0.2411040E+02  0.73400E-01    2    1      688     1     1     T     0.664     1.000
      345  0.2418380E+02  0.73400E-01    2    1      690     1     1     T     0.664     1.000
      346  0.2425720E+02  0.73400E-01    2    1      692     1     1     T     0.664     1.000
      347  0.2433060E+02  0.73400E-01    2    1      694     1     1     T     0.664     1.000
      348  0.2440400E+02  0.73400E-01    2    1      696     1     1     T     0.664     1.000
      349  0.2447740E+02  0.73400E-01    2    1      698     1     1     T     0.664     1.000
      350  0.2455080E+02  0.73400E-01    2    1      700     1     1     T     0.664     1.000
      351  0.2462420E+02  0.73400E-01    2    1      702     1     1     T     0.664     1.000
      352  0.2469760E+02  0.73400E-01    2    1      704     1     1     T     0.664     1.000
      353  0.2477100E+02  0.73400E-01    2    1      706     1     1     T     0.664     1.000
      354  0.2484439E+02  0.73400E-01    2    1      708     1     1     T     0.664     1.000
      355  0.2491779E+02  0.73400E-01    2    1      710     1     1     T     0.664     1.000
      356  0.2499119E+02  0.73400E-01    2    1      712     1     1     T     0.664     1.000
      357  0.2506459E+02  0.73400E-01    2    1      714     1     1     T     0.664     1.000
      358  0.2513799E+02  0.73400E-01    2    1      716     1     1     T     0.664     1.000
      359  0.2521139E+02  0.73400E-01    2    1      718     1     1     T     0.664     1.000
      360  0.2528479E+02  0.73400E-01    2    1      720     1     1     T     0.664     1.000
      361  0.2535819E+02  0.73400E-01    2    1      722     1     1     T     0.664     1.000
      362  0.2543159E+02  0.73400E-01    2    1      724     1     1     T     0.664     1.000
      363  0.2550499E+02  0.73400E-01    2    1      726     1     1     T     0.664     1.000
      364  0.2557839E+02  0.73400E-01    2    1      728     1     1     T     0.664     1.000
      365  0.2565179E+02  0.73400E-01    2    1      730     1     1     T     0.664     1.000
      366  0.2572519E+02  0.73400E-01    2    1      732     1     1     T     0.664     1.000
      367  0.2579859E+02  0.73400E-01    2    1      734     1     1     T     0.664     1.000
      368  0.2587199E+02  0.73400E-01    2    1      736     1     1     T     0.664     1.000
      369  0.2594539E+02  0.73400E-01    2    1      738     1     1     T     0.664     1.000
      370  0.2601879E+02  0.73400E-01    2    1      740     1     1     T     0.664     1.000
      371  0.2609219E+02  0.73400E-01    2    1      742     1     1     T     0.664     1.000
      372  0.2616559E+02  0.73400E-01    2    1      744     1     1     T     0.664     1.000
      373  0.2623899E+02  0.73400E-01    2    1      746     1     1     T     0.664     1.000
      374  0.2631239E+02  0.73400E-01    2    1      748     1     1     T     0.664     1.000
      375  0.2638579E+02  0.73400E-01    2    1      750     1     1     T     0.664     1.000
      376  0.2645919E+02  0.73400E-01    2    1      752     1     1     T     0.664     1.000
      377  0.2653259E+02  0.73400E-01    2    1      754     1     1     T     0.664     1.000
      378  0.2660599E+02  0.73400E-01    2    1      756     1     1     T     0.664     1.000
      379  0.2667939E+02  0.73400E-01    2    1      758     1     1     T     0.664     1.000
      380  0.2675279E+02  0.73400E-01    2    1      760     1     1     T     0.664     1.000
      381  0.2682619E+02  0.73400E-01    2    1      762     1     1     T     0.664     1.000
      382  0.2689959E+02  0.73400E-01    2    1      764     1     1     T     0.664     1.000
      383  0.2697299E+02  0.73400E-01    2    1      766     1     1     T     0.664     1.000
      384  0.2704639E+02  0.73400E-01    2    1      768     1     1     T     0.664     1.000
      385  0.2711979E+02  0.73400E-01    2    1      770     1     1     T     0.664     1.000
      386  0.2719319E+02  0.73400E-01    2    1      772     1     1     T     0.664     1.000
      387  0.2726659E+02  0.73400E-01    2    1      774     1     1     T     0.664     1.000
      388  0.2733999E+02  0.73400E-01    2    1      776     1     1     T     0.664     1.000
      389  0.2741339E+02  0.73400E-01    2    1      778     1     1     T     0.664     1.000
      390  0.2748679E+02  0.73400E-01    2    1      780     1     1     T     0.664     1.000
      391  0.2756019E+02  0.73400E-01    2    1      782     1     1     T     0.664     1.000
      392  0.2763359E+02  0.73400E-01    2    1      784     1     1     T     0.664     1.000
      393  0.2770699E+02  0.73400E-01    2    1      786     1     1     T     0.664     1.000
      394  0.2778039E+02  0.73400E-01    2    1      788     1     1     T     0.664     1.000
      395  0.2785379E+02  0.73400E-01    2    1      790     1     1     T     0.664     1.000
      396  0.2792719E+02  0.73400E-01    2    1      792     1     1     T     0.664     1.000
      397  0.2800059E+02  0.73400E-01    2    1      794     1     1     T     0.664     1.000
      398  0.2807399E+02  0.73400E-01    2    1      796     1     1     T     0.664     1.000
      399  0.2814739E+02  0.73400E-01    2    1      798     1     1     T     0.664     1.000
      400  0.2822079E+02  0.73400E-01    2    1      800     1     1     T     0.664     1.000
      401  0.2829419E+02  0.73400E-01    2    1      802     1     1     T     0.664     1.000
      402  0.2836759E+02  0.73400E-01    2    1      804     1     1     T     0.664     1.000
      403  0.2844099E+02  0.73400E-01    2    1      806     1     1     T     0.664     1.000
      404  0.2851439E+02  0.73400E-01    2    1      808     1     1     T     0.664     1.000
      405  0.2858779E+02  0.73400E-01    2    1      810     1     1     T     0.664     1.000
      406  0.2866119E+02  0.73400E-01    2    1      812     1     1     T     0.664     1.000
      407  0.2873459E+02  0.73400E-01    2    1      814     1     1     T     0.664     1.000
      408  0.2880799E+02  0.73400E-01    2    1      816     1     1     T     0.664     1.000
      409  0.2888139E+02  0.73400E-01    2    1      818     1     1     T     0.664     1.000
      410  0.2895479E+02  0.73400E-01    2    1      820     1     1     T     0.664     1.000
      411  0.2902819E+02  0.73400E-01    2    1      822     1     1     T     0.664     1.000
      412  0.2910159E+02  0.73400E-01    2    1      824     1     1     T     0.664     1.000
      413  0.2917499E+02  0.73400E-01    2    1      826     1     1     T     0.664     1.000
      414  0.2924839E+02  0.73400E-01    2    1      828     1     1     T     0.664     1.000
      415  0.2932179E+02  0.73400E-01    2    1      830     1     1     T     0.664     1.000
      416  0.2939519E+02  0.73400E-01    2    1      832     1     1     T     0.664     1.000
      417  0.2946859E+02  0.73400E-01    2    1      834     1     1     T     0.664     1.000
      418  0.2954199E+02  0.73400E-01    2    1      836     1     1     T     0.664     1.000
      419  0.2961539E+02  0.73400E-01    2    1      838     1     1     T     0.664     1.000
      420  0.2968879E+02  0.73400E-01    2    1      840     1     1     T     0.664     1.000
      421  0.2976219E+02  0.73400E-01    2    1      842     1     1     T     0.664     1.000
      422  0.2983559E+02  0.73400E-01    2    1      844     1     1     T     0.664     1.000
      423  0.2990899E+02  0.73400E-01    2    1      846     1     1     T     0.664     1.000
      424  0.2995449E+02  0.45505E-01    2    1      848     1     1     T     0.637     0.620
      425  0.3000000E+02  0.45505E-01    2    1      850     1     1     T     0.637     0.620
      426  0.3007340E+02  0.73400E-01    2    1      852     1     1     T     0.664     1.000
      427  0.3014680E+02  0.73400E-01    2    1      854     1     1     T     0.664     1.000
      428  0.3022020E+02  0.73400E-01    2    1      856     1     1     T     0.664     1.000
      429  0.3029360E+02  0.73400E-01    2    1      858     1     1     T     0.664     1.000
      430  0.3036700E+02  0.73400E-01    2    1      860     1     1     T     0.664     1.000
      431  0.3044040E+02  0.73400E-01    2    1      862     1     1     T     0.664     1.000
      432  0.3051380E+02  0.73400E-01    2    1      864     1     1     T     0.664     1.000
      433  0.3058720E+02  0.73400E-01    2    1      866     1     1     T     0.664     1.000
      434  0.3066060E+02  0.73400E-01    2    1      868     1     1     T     0.664     1.000
      435  0.3073400E+02  0.73400E-01    2    1      870     1     1     T     0.664     1.000
      436  0.3080740E+02  0.73400E-01    2    1      872     1     1     T     0.664     1.000
      437  0.3088080E+02  0.73400E-01    2    1      874     1     1     T     0.664     1.000
      438  0.3095420E+02  0.73400E-01    2    1      876     1     1     T     0.664     1.000
      439  0.3102760E+02  0.73400E-01    2    1      878     1     1     T     0.664     1.000
      440  0.3110100E+02  0.73400E-01    2    1      880     1     1     T     0.664     1.000
      441  0.3117440E+02  0.73400E-01    2    1      882     1     1     T     0.664     1.000
      442  0.3124780E+02  0.73400E-01    2    1      884     1     1     T     0.664     1.000
      443  0.3132120E+02  0.73400E-01    2    1      886     1     1     T     0.664     1.000
      444  0.3139460E+02  0.73400E-01    2    1      888     1     1     T     0.664     1.000
      445  0.3146800E+02  0.73400E-01    2    1      890     1     1     T     0.664     1.000
      446  0.3154140E+02  0.73400E-01    2    1      892     1     1     T     0.664     1.000
      447  0.3161480E+02  0.73400E-01    2    1      894     1     1     T     0.664     1.000
      448  0.3168820E+02  0.73400E-01    2    1      896     1     1     T     0.664     1.000
      449  0.3176160E+02  0.73400E-01    2    1      898     1     1     T     0.664     1.000
      450  0.3183500E+02  0.73400E-01    2    1      900     1     1     T     0.664     1.000
      451  0.3190840E+02  0.73400E-01    2    1      902     1     1     T     0.664     1.000
      452  0.3198180E+02  0.73400E-01    2    1      904     1     1     T     0.664     1.000
      453  0.3205520E+02  0.73400E-01    2    1      906     1     1     T     0.664     1.000
      454  0.3212860E+02  0.73400E-01    2    1      908     1     1     T     0.664     1.000
      455  0.3220200E+02  0.73400E-01    2    1      910     1     1     T     0.664     1.000
      456  0.3227540E+02  0.73400E-01    2    1      912     1     1     T     0.664     1.000
      457  0.3234880E+02  0.73400E-01    2    1      914     1     1     T     0.664     1.000
      458  0.3242220E+02  0.73400E-01    2    1      916     1     1     T     0.664     1.000
      459  0.3249560E+02  0.73400E-01    2    1      918     1     1     T     0.664     1.000
      460  0.3256900E+02  0.73400E-01    2    1      920     1     1     T     0.664     1.000
      461  0.3264240E+02  0.73400E-01    2    1      922     1     1     T     0.664     1.000
      462  0.3271580E+02  0.73400E-01    2    1      924     1     1     T     0.664     1.000
      463  0.3278920E+02  0.73400E-01    2    1      926     1     1     T     0.664     1.000
      464  0.3286260E+02  0.73400E-01    2    1      928     1     1     T     0.664     1.000
      465  0.3293600E+02  0.73400E-01    2    1      930     1     1     T     0.664     1.000
      466  0.3300940E+02  0.73400E-01    2    1      932     1     1     T     0.664     1.000
      467  0.3308280E+02  0.73400E-01    2    1      934     1     1     T     0.664     1.000
      468  0.3315620E+02  0.73400E-01    2    1      936     1     1     T     0.664     1.000
      469  0.3322960E+02  0.73400E-01    2    1      938     1     1     T     0.664     1.000
      470  0.3330300E+02  0.73400E-01    2    1      940     1     1     T     0.664     1.000
      471  0.3337640E+02  0.73400E-01    2    1      942     1     1     T     0.664     1.000
      472  0.3344980E+02  0.73400E-01    2    1      944     1     1     T     0.664     1.000
      473  0.3352320E+02  0.73400E-01    2    1      946     1     1     T     0.664     1.000
      474  0.3359660E+02  0.73400E-01    2    1      948     1     1     T     0.664     1.000
      475  0.3367000E+02  0.73400E-01    2    1      950     1     1     T     0.664     1.000
      476  0.3374340E+02  0.73400E-01    2    1      952     1     1     T     0.664     1.000
      477  0.3381680E+02  0.73400E-01    2    1      954     1     1     T     0.664     1.000
      478  0.3389020E+02  0.73400E-01    2    1      956     1     1     T     0.664     1.000
      479  0.3396360E+02  0.73400E-01    2    1      958     1     1     T     0.664     1.000
      480  0.3403700E+02  0.73400E-01    2    1      960     1     1     T     0.664     1.000
      481  0.3411040E+02  0.73400E-01    2    1      962     1     1     T     0.664     1.000
      482  0.3418380E+02  0.73400E-01    2    1      964     1     1     T     0.664     1.000
      483  0.3425720E+02  0.73400E-01    2    1      966     1     1     T     0.664     1.000
      484  0.3433060E+02  0.73400E-01    2    1      968     1     1     T     0.664     1.000
      485  0.3440400E+02  0.73400E-01    2    1      970     1     1     T     0.664     1.000
      486  0.3447740E+02  0.73400E-01    2    1      972     1     1     T     0.664     1.000
      487  0.3455080E+02  0.73400E-01    2    1      974     1     1     T     0.664     1.000
      488  0.3462420E+02  0.73400E-01    2    1      976     1     1     T     0.664     1.000
      489  0.3469760E+02  0.73400E-01    2    1      978     1     1     T     0.664     1.000
      490  0.3477100E+02  0.73400E-01    2    1      980     1     1     T     0.664     1.000
      491  0.3484439E+02  0.73400E-01    2    1      982     1     1     T     0.664     1.000
      492  0.3491779E+02  0.73400E-01    2    1      984     1     1     T     0.664     1.000
      493  0.3499119E+02  0.73400E-01    2    1      986     1     1     T     0.664     1.000
      494  0.3506459E+02  0.73400E-01    2    1      988     1     1     T     0.664     1.000
      495  0.3513799E+02  0.73400E-01    2    1      990     1     1     T     0.664     1.000
      496  0.3521139E+02  0.73400E-01    2    1      992     1     1     T     0.664     1.000
      497  0.3528479E+02  0.73400E-01    2    1      994     1     1     T     0.664     1.000
      498  0.3535819E+02  0.73400E-01    2    1      996     1     1     T     0.664     1.000
      499  0.3543159E+02  0.73400E-01    2    1      998     1     1     T     0.664     1.000
      500  0.3550499E+02  0.73400E-01    2    1     1000     1     1     T     0.664     1.000
      501  0.3557839E+02  0.73400E-01    2    1     1002     1     1     T     0.664     1.000
      502  0.3565179E+02  0.73400E-01    2    1     1004     1     1     T     0.664     1.000
      503  0.3572519E+02  0.73400E-01    2    1     1006     1     1     T     0.664     1.000
      504  0.3579859E+02  0.73400E-01    2    1     1008     1     1     T     0.664     1.000
      505  0.3587199E+02  0.73400E-01    2    1     1010     1     1     T     0.664     1.000
      506  0.3594539E+02  0.73400E-01    2    1     1012     1     1     T     0.664     1.000
      507  0.3601879E+02  0.73400E-01    2    1     1014     1     1     T     0.664     1.000
      508  0.3609219E+02  0.73400E-01    2    1     1016     1     1     T     0.664     1.000
      509  0.3616559E+02  0.73400E-01    2    1     1018     1     1     T     0.664     1.000
      510  0.3623899E+02  0.73400E-01    2    1     1020     1     1     T     0.664     1.000
      511  0.3631239E+02  0.73400E-01    2    1     1022     1     1     T     0.664     1.000
      512  0.3638579E+02  0.73400E-01    2    1     1024     1     1     T     0.664     1.000
      513  0.3645919E+02  0.73400E-01    2    1     1026     1     1     T     0.664     1.000
      514  0.3653259E+02  0.73400E-01    2    1     1028     1     1     T     0.664     1.000
      515  0.3660599E+02  0.73400E-01    2    1     1030     1     1     T     0.664     1.000
      516  0.3667939E+02  0.73400E-01    2    1     1032     1     1     T     0.664     1.000
      517  0.3675279E+02  0.73400E-01    2    1     1034     1     1     T     0.664     1.000
      518  0.3682619E+02  0.73400E-01    2    1     1036     1     1     T     0.664     1.000
      519  0.3689959E+02  0.73400E-01    2    1     1038     1     1     T     0.664     1.000
      520  0.3697299E+02  0.73400E-01    2    1     1040     1     1     T     0.664     1.000
      521  0.3704639E+02  0.73400E-01    2    1     1042     1     1     T     0.664     1.000
      522  0.3711979E+02  0.73400E-01    2    1     1044     1     1     T     0.664     1.000
      523  0.3719319E+02  0.73400E-01    2    1     1046     1     1     T     0.664     1.000
      524  0.3726659E+02  0.73400E-01    2    1     1048     1     1     T     0.664     1.000
      525  0.3733999E+02  0.73400E-01    2    1     1050     1     1     T     0.664     1.000
      526  0.3741339E+02  0.73400E-01    2    1     1052     1     1     T     0.664     1.000
      527  0.3748679E+02  0.73400E-01    2    1     1054     1     1     T     0.664     1.000
      528  0.3756019E+02  0.73400E-01    2    1     1056     1     1     T     0.664     1.000
      529  0.3763359E+02  0.73400E-01    2    1     1058     1     1     T     0.664     1.000
      530  0.3770699E+02  0.73400E-01    2    1     1060     1     1     T     0.664     1.000
      531  0.3778039E+02  0.73400E-01    2    1     1062     1     1     T     0.664     1.000
      532  0.3785379E+02  0.73400E-01    2    1     1064     1     1     T     0.664     1.000
      533  0.3792719E+02  0.73400E-01    2    1     1066     1     1     T     0.664     1.000
      534  0.3800059E+02  0.73400E-01    2    1     1068     1     1     T     0.664     1.000
      535  0.3807399E+02  0.73400E-01    2    1     1070     1     1     T     0.664     1.000
      536  0.3814739E+02  0.73400E-01    2    1     1072     1     1     T     0.664     1.000
      537  0.3822079E+02  0.73400E-01    2    1     1074     1     1     T     0.664     1.000
      538  0.3829419E+02  0.73400E-01    2    1     1076     1     1     T     0.664     1.000
      539  0.3836759E+02  0.73400E-01    2    1     1078     1     1     T     0.664     1.000
      540  0.3844099E+02  0.73400E-01    2    1     1080     1     1     T     0.664     1.000
      541  0.3851439E+02  0.73400E-01    2    1     1082     1     1     T     0.664     1.000
      542  0.3858779E+02  0.73400E-01    2    1     1084     1     1     T     0.664     1.000
      543  0.3866119E+02  0.73400E-01    2    1     1086     1     1     T     0.664     1.000
      544  0.3873459E+02  0.73400E-01    2    1     1088     1     1     T     0.664     1.000
      545  0.3880799E+02  0.73400E-01    2    1     1090     1     1     T     0.664     1.000
      546  0.3888139E+02  0.73400E-01    2    1     1092     1     1     T     0.664     1.000
      547  0.3895479E+02  0.73400E-01    2    1     1094     1     1     T     0.664     1.000
      548  0.3902819E+02  0.73400E-01    2    1     1096     1     1     T     0.664     1.000
      549  0.3910159E+02  0.73400E-01    2    1     1098     1     1     T     0.664     1.000
      550  0.3917499E+02  0.73400E-01    2    1     1100     1     1     T     0.664     1.000
      551  0.3924839E+02  0.73400E-01    2    1     1102     1     1     T     0.664     1.000
      552  0.3932179E+02  0.73400E-01    2    1     1104     1     1     T     0.664     1.000
      553  0.3939519E+02  0.73400E-01    2    1     1106     1     1     T     0.664     1.000
      554  0.3946859E+02  0.73400E-01    2    1     1108     1     1     T     0.664     1.000
      555  0.3954199E+02  0.73400E-01    2    1     1110     1     1     T     0.664     1.000
      556  0.3961539E+02  0.73400E-01    2    1     1112     1     1     T     0.664     1.000
      557  0.3968879E+02  0.73400E-01    2    1     1114     1     1     T     0.664     1.000
      558  0.3976219E+02  0.73400E-01    2    1     1116     1     1     T     0.664     1.000
      559  0.3983559E+02  0.73400E-01    2    1     1118     1     1     T     0.664     1.000
      560  0.3990899E+02  0.73400E-01    2    1     1120     1     1     T     0.664     1.000
      561  0.3995449E+02  0.45505E-01    2    1     1122     1     1     T     0.637     0.620
      562  0.4000000E+02  0.45505E-01    2    1     1124     1     1     T     0.637     0.620
      563  0.4007340E+02  0.73400E-01    2    1     1126     1     1     T     0.664     1.000
      564  0.4014680E+02  0.73400E-01    2    1     1128     1     1     T     0.664     1.000
      565  0.4022020E+02  0.73400E-01    2    1     1130     1     1     T     0.664     1.000
      566  0.4029360E+02  0.73400E-01    2    1     1132     1     1     T     0.664     1.000
      567  0.4036700E+02  0.73400E-01    2    1     1134     1     1     T     0.664     1.000
      568  0.4044040E+02  0.73400E-01    2    1     1136     1     1     T     0.664     1.000
      569  0.4051380E+02  0.73400E-01    2    1     1138     1     1     T     0.664     1.000
      570  0.4058720E+02  0.73400E-01    2    1     1140     1     1     T     0.664     1.000
      571  0.4066060E+02  0.73400E-01    2    1     1142     1     1     T     0.664     1.000
      572  0.4073400E+02  0.73400E-01    2    1     1144     1     1     T     0.664     1.000
      573  0.4080740E+02  0.73400E-01    2    1     1146     1     1     T     0.664     1.000
      574  0.4088080E+02  0.73400E-01    2    1     1148     1     1     T     0.664     1.000
      575  0.4095420E+02  0.73400E-01    2    1     1150     1     1     T     0.664     1.000
      576  0.4102760E+02  0.73400E-01    2    1     1152     1     1     T     0.664     1.000
      577  0.4110100E+02  0.73400E-01    2    1     1154     1     1     T     0.664     1.000
      578  0.4117440E+02  0.73400E-01    2    1     1156     1     1     T     0.664     1.000
      579  0.4124780E+02  0.73400E-01    2    1     1158     1     1     T     0.664     1.000
      580  0.4132120E+02  0.73400E-01    2    1     1160     1     1     T     0.664     1.000
      581  0.4139460E+02  0.73400E-01    2    1     1162     1     1     T     0.664     1.000
      582  0.4146800E+02  0.73400E-01    2    1     1164     1     1     T     0.664     1.000
      583  0.4154140E+02  0.73400E-01    2    1     1166     1     1     T     0.664     1.000
      584  0.4161480E+02  0.73400E-01    2    1     1168     1     1     T     0.664     1.000
      585  0.4168820E+02  0.73400E-01    2    1     1170     1     1     T     0.664     1.000
      586  0.4176160E+02  0.73400E-01    2    1     1172     1     1     T     0.664     1.000
      587  0.4183500E+02  0.73400E-01    2    1     1174     1     1     T     0.664     1.000
      588  0.4190840E+02  0.73400E-01    2    1     1176     1     1     T     0.664     1.000
      589  0.4198180E+02  0.73400E-01    2    1     1178     1     1     T     0.664     1.000
      590  0.4205520E+02  0.73400E-01    2    1     1180     1     1     T     0.664     1.000
      591  0.4212860E+02  0.73400E-01    2    1     1182     1     1     T     0.664     1.000
      592  0.4220200E+02  0.73400E-01    2    1     1184     1     1     T     0.664     1.000
      593  0.4227540E+02  0.73400E-01    2    1     1186     1     1     T     0.664     1.000
      594  0.4234880E+02  0.73400E-01    2    1     1188     1     1     T     0.664     1.000
      595  0.4242220E+02  0.73400E-01    2    1     1190     1     1     T     0.664     1.000
      596  0.4249560E+02  0.73400E-01    2    1     1192     1     1     T     0.664     1.000
      597  0.4256900E+02  0.73400E-01    2    1     1194     1     1     T     0.664     1.000
      598  0.4264240E+02  0.73400E-01    2    1     1196     1     1     T     0.664     1.000
      599  0.4271580E+02  0.73400E-01    2    1     1198     1     1     T     0.664     1.000
      600  0.4278920E+02  0.73400E-01    2    1     1200     1     1     T     0.664     1.000
      601  0.4286260E+02  0.73400E-01    2    1     1202     1     1     T     0.664     1.000
      602  0.4293600E+02  0.73400E-01    2    1     1204     1     1     T     0.664     1.000
      603  0.4300940E+02  0.73400E-01    2    1     1206     1     1     T     0.664     1.000
      604  0.4308280E+02  0.73400E-01    2    1     1208     1     1     T     0.664     1.000
      605  0.4315620E+02  0.73400E-01    2    1     1210     1     1     T     0.664     1.000
      606  0.4322960E+02  0.73400E-01    2    1     1212     1     1     T     0.664     1.000
      607  0.4330300E+02  0.73400E-01    2    1     1214     1     1     T     0.664     1.000
      608  0.4337640E+02  0.73400E-01    2    1     1216     1     1     T     0.664     1.000
      609  0.4344980E+02  0.73400E-01    2    1     1218     1     1     T     0.664     1.000
      610  0.4352320E+02  0.73400E-01    2    1     1220     1     1     T     0.664     1.000
      611  0.4359660E+02  0.73400E-01    2    1     1222     1     1     T     0.664     1.000
      612  0.4367000E+02  0.73400E-01    2    1     1224     1     1     T     0.664     1.000
      613  0.4374340E+02  0.73400E-01    2    1     1226     1     1     T     0.664     1.000
      614  0.4381680E+02  0.73400E-01    2    1     1228     1     1     T     0.664     1.000
      615  0.4389020E+02  0.73400E-01    2    1     1230     1     1     T     0.664     1.000
      616  0.4396360E+02  0.73400E-01    2    1     1232     1     1     T     0.664     1.000
      617  0.4403700E+02  0.73400E-01    2    1     1234     1     1     T     0.664     1.000
      618  0.4411040E+02  0.73400E-01    2    1     1236     1     1     T     0.664     1.000
      619  0.4418380E+02  0.73400E-01    2    1     1238     1     1     T     0.664     1.000
      620  0.4425720E+02  0.73400E-01    2    1     1240     1     1     T     0.664     1.000
      621  0.4433060E+02  0.73400E-01    2    1     1242     1     1     T     0.664     1.000
      622  0.4440400E+02  0.73400E-01    2    1     1244     1     1     T     0.664     1.000
      623  0.4447740E+02  0.73400E-01    2    1     1246     1     1     T     0.664     1.000
      624  0.4455080E+02  0.73400E-01    2    1     1248     1     1     T     0.664     1.000
      625  0.4462420E+02  0.73400E-01    2    1     1250     1     1     T     0.664     1.000
      626  0.4469760E+02  0.73400E-01    2    1     1252     1     1     T     0.664     1.000
      627  0.4477100E+02  0.73400E-01    2    1     1254     1     1     T     0.664     1.000
      628  0.4484439E+02  0.73400E-01    2    1     1256     1     1     T     0.664     1.000
      629  0.4491779E+02  0.73400E-01    2    1     1258     1     1     T     0.664     1.000
      630  0.4499119E+02  0.73400E-01    2    1     1260     1     1     T     0.664     1.000
      631  0.4506459E+02  0.73400E-01    2    1     1262     1     1     T     0.664     1.000
      632  0.4513799E+02  0.73400E-01    2    1     1264     1     1     T     0.664     1.000
      633  0.4521139E+02  0.73400E-01    2    1     1266     1     1     T     0.664     1.000
      634  0.4528479E+02  0.73400E-01    2    1     1268     1     1     T     0.664     1.000
      635  0.4535819E+02  0.73400E-01    2    1     1270     1     1     T     0.664     1.000
      636  0.4543159E+02  0.73400E-01    2    1     1272     1     1     T     0.664     1.000
      637  0.4550499E+02  0.73400E-01    2    1     1274     1     1     T     0.664     1.000
      638  0.4557839E+02  0.73400E-01    2    1     1276     1     1     T     0.664     1.000
      639  0.4565179E+02  0.73400E-01    2    1     1278     1     1     T     0.664     1.000
      640  0.4572519E+02  0.73400E-01    2    1     1280     1     1     T     0.664     1.000
      641  0.4579859E+02  0.73400E-01    2    1     1282     1     1     T     0.664     1.000
      642  0.4587199E+02  0.73400E-01    2    1     1284     1     1     T     0.664     1.000
      643  0.4594539E+02  0.73400E-01    2    1     1286     1     1     T     0.664     1.000
      644  0.4601879E+02  0.73400E-01    2    1     1288     1     1     T     0.664     1.000
      645  0.4609219E+02  0.73400E-01    2    1     1290     1     1     T     0.664     1.000
      646  0.4616559E+02  0.73400E-01    2    1     1292     1     1     T     0.664     1.000
      647  0.4623899E+02  0.73400E-01    2    1     1294     1     1     T     0.664     1.000
      648  0.4631239E+02  0.73400E-01    2    1     1296     1     1     T     0.664     1.000
      649  0.4638579E+02  0.73400E-01    2    1     1298     1     1     T     0.664     1.000
      650  0.4645919E+02  0.73400E-01    2    1     1300     1     1     T     0.664     1.000
      651  0.4653259E+02  0.73400E-01    2    1     1302     1     1     T     0.664     1.000
      652  0.4660599E+02  0.73400E-01    2    1     1304     1     1     T     0.664     1.000
      653  0.4667939E+02  0.73400E-01    2    1     1306     1     1     T     0.664     1.000
      654  0.4675279E+02  0.73400E-01    2    1     1308     1     1     T     0.664     1.000
      655  0.4682619E+02  0.73400E-01    2    1     1310     1     1     T     0.664     1.000
      656  0.4689959E+02  0.73400E-01    2    1     1312     1     1     T     0.664     1.000
      657  0.4697299E+02  0.73400E-01    2    1     1314     1     1     T     0.664     1.000
      658  0.4704639E+02  0.73400E-01    2    1     1316     1     1     T     0.664     1.000
      659  0.4711979E+02  0.73400E-01    2    1     1318     1     1     T     0.664     1.000
      660  0.4719319E+02  0.73400E-01    2    1     1320     1     1     T     0.664     1.000
      661  0.4726659E+02  0.73400E-01    2    1     1322     1     1     T     0.664     1.000
      662  0.4733999E+02  0.73400E-01    2    1     1324     1     1     T     0.664     1.000
      663  0.4741339E+02  0.73400E-01    2    1     1326     1     1     T     0.664     1.000
      664  0.4748679E+02  0.73400E-01    2    1     1328     1     1     T     0.664     1.000
      665  0.4756019E+02  0.73400E-01    2    1     1330     1     1     T     0.664     1.000
      666  0.4763359E+02  0.73400E-01    2    1     1332     1     1     T     0.664     1.000
      667  0.4770699E+02  0.73400E-01    2    1     1334     1     1     T     0.664     1.000
      668  0.4778039E+02  0.73400E-01    2    1     1336     1     1     T     0.664     1.000
      669  0.4785379E+02  0.73400E-01    2    1     1338     1     1     T     0.664     1.000
      670  0.4792719E+02  0.73400E-01    2    1     1340     1     1     T     0.664     1.000
      671  0.4800059E+02  0.73400E-01    2    1     1342     1     1     T     0.664     1.000
      672  0.4807399E+02  0.73400E-01    2    1     1344     1     1     T     0.664     1.000
      673  0.4814739E+02  0.73400E-01    2    1     1346     1     1     T     0.664     1.000
      674  0.4822079E+02  0.73400E-01    2    1     1348     1     1     T     0.664     1.000
      675  0.4829419E+02  0.73400E-01    2    1     1350     1     1     T     0.664     1.000
      676  0.4836759E+02  0.73400E-01    2    1     1352     1     1     T     0.664     1.000
      677  0.4844099E+02  0.73400E-01    2    1     1354     1     1     T     0.664     1.000
      678  0.4851439E+02  0.73400E-01    2    1     1356     1     1     T     0.664     1.000
      679  0.4858779E+02  0.73400E-01    2    1     1358     1     1     T     0.664     1.000
      680  0.4866119E+02  0.73400E-01    2    1     1360     1     1     T     0.664     1.000
      681  0.4873459E+02  0.73400E-01    2    1     1362     1     1     T     0.664     1.000
      682  0.4880799E+02  0.73400E-01    2    1     1364     1     1     T     0.664     1.000
      683  0.4888139E+02  0.73400E-01    2    1     1366     1     1     T     0.664     1.000
      684  0.4895479E+02  0.73400E-01    2    1     1368     1     1     T     0.664     1.000
      685  0.4902819E+02  0.73400E-01    2    1     1370     1     1     T     0.664     1.000
      686  0.4910159E+02  0.73400E-01    2    1     1372     1     1     T     0.664     1.000
      687  0.4917499E+02  0.73400E-01    2    1     1374     1     1     T     0.664     1.000
      688  0.4924839E+02  0.73400E-01    2    1     1376     1     1     T     0.664     1.000
      689  0.4932179E+02  0.73400E-01    2    1     1378     1     1     T     0.664     1.000
      690  0.4939519E+02  0.73400E-01    2    1     1380     1     1     T     0.664     1.000
      691  0.4946859E+02  0.73400E-01    2    1     1382     1     1     T     0.664     1.000
      692  0.4954199E+02  0.73400E-01    2    1     1384     1     1     T     0.664     1.000
      693  0.4961539E+02  0.73400E-01    2    1     1386     1     1     T     0.664     1.000
      694  0.4968879E+02  0.73400E-01    2    1     1388     1     1     T     0.664     1.000
      695  0.4976219E+02  0.73400E-01    2    1     1390     1     1     T     0.664     1.000
      696  0.4983559E+02  0.73400E-01    2    1     1392     1     1     T     0.664     1.000
      697  0.4990899E+02  0.73400E-01    2    1     1394     1     1     T     0.664     1.000
      698  0.4995449E+02  0.45505E-01    2    1     1396     1     1     T     0.637     0.620
      699  0.5000000E+02  0.45505E-01    2    1     1398     1     1     T     0.637     0.620
end
