

   Time         sum(rTop)     sum(rRoot)    sum(vTop)     sum(vRoot)     sum(vBot)    hTop       hRoot      hBot      A-level
    [T]           [L]           [L]           [L]           [L]            [L]        [L]         [L]       [L] 

     1.00000 -0.128000E+00  0.000000E+00 -0.128000E+00  0.000000E+00 -0.354959E-01    -85.794      0.000   -100.000       1
     2.00000 -0.820000E-01  0.000000E+00 -0.819999E-01  0.000000E+00 -0.709918E-01   -109.549      0.000   -100.000       2
     3.00000 -0.360000E-01  0.000000E+00 -0.360000E-01  0.000000E+00 -0.106488E+00   -120.184      0.000   -100.000       3
     4.00000 -0.410000E-01  0.000000E+00 -0.410000E-01  0.000000E+00 -0.141985E+00   -114.179      0.000    -99.998       4
     5.00000 -0.320000E-01  0.000000E+00 -0.320000E-01  0.000000E+00 -0.177484E+00   -118.247      0.000    -99.995       5
     6.00000  0.700001E-02  0.000000E+00  0.699994E-02  0.000000E+00 -0.212987E+00   -130.253      0.000    -99.989       6
     7.00000  0.770000E-01  0.000000E+00  0.769999E-01  0.000000E+00 -0.248496E+00   -151.828      0.000    -99.984       7
     8.00000  0.152000E+00  0.000000E+00  0.152000E+00  0.000000E+00 -0.284002E+00   -172.146      0.000    -99.991       8
     9.00000  0.223000E+00  0.000000E+00  0.223000E+00  0.000000E+00 -0.319491E+00   -189.845      0.000   -100.014       9
    10.00000  0.261000E+00  0.000000E+00  0.261000E+00  0.000000E+00 -0.354938E+00   -180.792      0.000   -100.060      10
    11.00000  0.199000E+00  0.000000E+00  0.199000E+00  0.000000E+00 -0.390359E+00   -129.836      0.000   -100.121      11
    12.00000  0.250000E+00  0.000000E+00  0.250000E+00  0.000000E+00 -0.425711E+00   -165.099      0.000   -100.215      12
    13.00000 -0.393000E+00  0.000000E+00 -0.393000E+00  0.000000E+00 -0.460976E+00    -56.553      0.000   -100.343      13
    14.00000 -0.279000E+00  0.000000E+00 -0.279000E+00  0.000000E+00 -0.496112E+00   -108.573      0.000   -100.513      14
    15.00000 -0.298500E+01  0.000000E+00 -0.298500E+01  0.000000E+00 -0.531105E+00    -20.325      0.000   -100.721      15
    16.00000 -0.404300E+01  0.000000E+00 -0.404300E+01  0.000000E+00 -0.565902E+00    -29.277      0.000   -100.972      16
    17.00000 -0.465100E+01  0.000000E+00 -0.465100E+01  0.000000E+00 -0.600488E+00    -35.680      0.000   -101.221      17
    18.00000 -0.528100E+01  0.000000E+00 -0.528100E+01  0.000000E+00 -0.635275E+00    -35.913      0.000   -100.484      18
    19.00000 -0.729800E+01  0.000000E+00 -0.729800E+01  0.000000E+00 -0.671831E+00    -21.458      0.000    -96.554      19
    20.00000 -0.889800E+01  0.000000E+00 -0.889800E+01  0.000000E+00 -0.720739E+00    -23.067      0.000    -83.883      20
    21.00000 -0.104920E+02  0.000000E+00 -0.104920E+02  0.000000E+00 -0.877315E+00    -23.029      0.000    -50.564      21
    22.00000 -0.106140E+02  0.000000E+00 -0.106140E+02  0.000000E+00 -0.147724E+01    -42.421      0.000    -31.253      22
    23.00000 -0.121020E+02  0.000000E+00 -0.121020E+02  0.000000E+00 -0.243031E+01    -25.088      0.000    -29.299      23
    24.00000 -0.134180E+02  0.000000E+00 -0.134180E+02  0.000000E+00 -0.340278E+01    -25.682      0.000    -28.919      24
    25.00000 -0.135230E+02  0.000000E+00 -0.135230E+02  0.000000E+00 -0.446275E+01    -43.977      0.000    -28.021      25
    26.00000 -0.137140E+02  0.000000E+00 -0.137140E+02  0.000000E+00 -0.547688E+01    -46.692      0.000    -29.628      26
    27.00000 -0.136780E+02  0.000000E+00 -0.136780E+02  0.000000E+00 -0.631679E+01    -58.836      0.000    -32.327      27
    28.00000 -0.136590E+02  0.000000E+00 -0.136590E+02  0.000000E+00 -0.700601E+01    -64.212      0.000    -35.156      28
    29.00000 -0.138620E+02  0.000000E+00 -0.138620E+02  0.000000E+00 -0.758979E+01    -55.495      0.000    -37.714      29
    30.00000 -0.139760E+02  0.000000E+00 -0.139760E+02  0.000000E+00 -0.808834E+01    -58.967      0.000    -40.204      30
    31.00000 -0.158580E+02  0.000000E+00 -0.158580E+02  0.000000E+00 -0.852939E+01    -23.655      0.000    -42.541      31
    32.00000 -0.162620E+02  0.000000E+00 -0.162620E+02  0.000000E+00 -0.892265E+01    -38.198      0.000    -43.845      32
    33.00000 -0.162400E+02  0.000000E+00 -0.162400E+02  0.000000E+00 -0.932648E+01    -53.854      0.000    -42.335      33
    34.00000 -0.162090E+02  0.000000E+00 -0.162090E+02  0.000000E+00 -0.977324E+01    -61.460      0.000    -41.155      34
    35.00000 -0.161760E+02  0.000000E+00 -0.161760E+02  0.000000E+00 -0.102228E+02    -67.633      0.000    -41.316      35
    36.00000 -0.161760E+02  0.000000E+00 -0.161760E+02  0.000000E+00 -0.106376E+02    -70.013      0.000    -42.454      36
    37.00000 -0.161370E+02  0.000000E+00 -0.161370E+02  0.000000E+00 -0.110161E+02    -76.359      0.000    -44.052      37
    38.00000 -0.161070E+02  0.000000E+00 -0.161070E+02  0.000000E+00 -0.113562E+02    -79.917      0.000    -45.623      38
    39.00000 -0.160930E+02  0.000000E+00 -0.160930E+02  0.000000E+00 -0.116599E+02    -81.993      0.000    -47.165      39
    40.00000 -0.160870E+02  0.000000E+00 -0.160870E+02  0.000000E+00 -0.119400E+02    -83.675      0.000    -48.909      40
    41.00000 -0.160800E+02  0.000000E+00 -0.160800E+02  0.000000E+00 -0.122002E+02    -85.907      0.000    -50.644      41
    42.00000 -0.160400E+02  0.000000E+00 -0.160400E+02  0.000000E+00 -0.124413E+02    -92.456      0.000    -52.361      42
    43.00000 -0.160400E+02  0.000000E+00 -0.160400E+02  0.000000E+00 -0.126636E+02    -90.796      0.000    -54.017      43
    44.00000 -0.160170E+02  0.000000E+00 -0.160170E+02  0.000000E+00 -0.128683E+02    -95.667      0.000    -55.599      44
    45.00000 -0.159940E+02  0.000000E+00 -0.159940E+02  0.000000E+00 -0.130563E+02    -98.246      0.000    -57.088      45
    46.00000 -0.159830E+02  0.000000E+00 -0.159830E+02  0.000000E+00 -0.132289E+02    -99.038      0.000    -58.470      46
    47.00000 -0.159710E+02  0.000000E+00 -0.159710E+02  0.000000E+00 -0.133877E+02   -100.884      0.000    -59.730      47
    48.00000 -0.159540E+02  0.000000E+00 -0.159540E+02  0.000000E+00 -0.135380E+02   -103.609      0.000    -61.152      48
    49.00000 -0.159330E+02  0.000000E+00 -0.159330E+02  0.000000E+00 -0.136816E+02   -106.668      0.000    -62.505      49
    50.00000 -0.159150E+02  0.000000E+00 -0.159150E+02  0.000000E+00 -0.138186E+02   -108.550      0.000    -63.844      50
    51.00000 -0.159090E+02  0.000000E+00 -0.159090E+02  0.000000E+00 -0.139493E+02   -108.032      0.000    -65.140      51
    52.00000 -0.158560E+02  0.000000E+00 -0.158560E+02  0.000000E+00 -0.140738E+02   -120.107      0.000    -66.409      52
    53.00000 -0.158040E+02  0.000000E+00 -0.158040E+02  0.000000E+00 -0.141923E+02   -127.466      0.000    -67.635      53
    54.00000 -0.157990E+02  0.000000E+00 -0.157990E+02  0.000000E+00 -0.143050E+02   -119.889      0.000    -68.834      54
    55.00000 -0.157840E+02  0.000000E+00 -0.157840E+02  0.000000E+00 -0.144120E+02   -121.367      0.000    -69.988      55
    56.00000 -0.157470E+02  0.000000E+00 -0.157470E+02  0.000000E+00 -0.145135E+02   -128.892      0.000    -71.115      56
    57.00000 -0.157170E+02  0.000000E+00 -0.157170E+02  0.000000E+00 -0.146098E+02   -131.503      0.000    -72.193      57
    58.00000 -0.161640E+02  0.000000E+00 -0.161640E+02  0.000000E+00 -0.147031E+02    -63.227      0.000    -73.261      58
    59.00000 -0.182040E+02  0.000000E+00 -0.182040E+02  0.000000E+00 -0.147914E+02    -24.442      0.000    -74.290      59
    60.00000 -0.184720E+02  0.000000E+00 -0.184720E+02  0.000000E+00 -0.148747E+02    -44.568      0.000    -75.277      60
    61.00000 -0.199120E+02  0.000000E+00 -0.199120E+02  0.000000E+00 -0.149539E+02    -26.749      0.000    -76.207      61
    62.00000 -0.203550E+02  0.000000E+00 -0.203550E+02  0.000000E+00 -0.150319E+02    -38.110      0.000    -76.184      62
    63.00000 -0.220100E+02  0.000000E+00 -0.220100E+02  0.000000E+00 -0.151153E+02    -23.930      0.000    -73.239      63
    64.00000 -0.220560E+02  0.000000E+00 -0.220560E+02  0.000000E+00 -0.152297E+02    -46.203      0.000    -63.474      64
    65.00000 -0.221960E+02  0.000000E+00 -0.221960E+02  0.000000E+00 -0.154370E+02    -49.490      0.000    -49.932      65
    66.00000 -0.221940E+02  0.000000E+00 -0.221940E+02  0.000000E+00 -0.157892E+02    -59.056      0.000    -43.785      66
    67.00000 -0.221810E+02  0.000000E+00 -0.221810E+02  0.000000E+00 -0.162032E+02    -64.969      0.000    -42.499      67
    68.00000 -0.221590E+02  0.000000E+00 -0.221590E+02  0.000000E+00 -0.166136E+02    -70.333      0.000    -42.976      68
    69.00000 -0.220980E+02  0.000000E+00 -0.220980E+02  0.000000E+00 -0.169857E+02    -78.074      0.000    -44.236      69
    70.00000 -0.220800E+02  0.000000E+00 -0.220800E+02  0.000000E+00 -0.173227E+02    -79.454      0.000    -45.744      70
    71.00000 -0.220540E+02  0.000000E+00 -0.220540E+02  0.000000E+00 -0.176249E+02    -83.238      0.000    -47.223      71
    72.00000 -0.220420E+02  0.000000E+00 -0.220420E+02  0.000000E+00 -0.179047E+02    -84.734      0.000    -48.942      72
    73.00000 -0.220050E+02  0.000000E+00 -0.220050E+02  0.000000E+00 -0.181649E+02    -90.396      0.000    -50.654      73
    74.00000 -0.219750E+02  0.000000E+00 -0.219750E+02  0.000000E+00 -0.184058E+02    -93.309      0.000    -52.371      74
    75.00000 -0.219460E+02  0.000000E+00 -0.219460E+02  0.000000E+00 -0.186280E+02    -96.432      0.000    -54.032      75
    76.00000 -0.219130E+02  0.000000E+00 -0.219130E+02  0.000000E+00 -0.188324E+02   -100.172      0.000    -55.629      76
    77.00000 -0.232820E+02  0.000000E+00 -0.232820E+02  0.000000E+00 -0.190272E+02    -32.013      0.000    -57.194      77
    78.00000 -0.234020E+02  0.000000E+00 -0.234020E+02  0.000000E+00 -0.192048E+02    -53.422      0.000    -58.653      78
    79.00000 -0.233620E+02  0.000000E+00 -0.233620E+02  0.000000E+00 -0.193667E+02    -67.336      0.000    -59.740      79
    80.00000 -0.233170E+02  0.000000E+00 -0.233170E+02  0.000000E+00 -0.195216E+02    -75.300      0.000    -60.256      80
    81.00000 -0.234120E+02  0.000000E+00 -0.234120E+02  0.000000E+00 -0.196757E+02    -68.628      0.000    -60.367      81
    82.00000 -0.237870E+02  0.000000E+00 -0.237870E+02  0.000000E+00 -0.198302E+02    -52.475      0.000    -60.216      82
    83.00000 -0.237380E+02  0.000000E+00 -0.237380E+02  0.000000E+00 -0.199853E+02    -72.615      0.000    -60.123      83
    84.00000 -0.237040E+02  0.000000E+00 -0.237040E+02  0.000000E+00 -0.201405E+02    -79.202      0.000    -60.154      84
    85.00000 -0.237550E+02  0.000000E+00 -0.237550E+02  0.000000E+00 -0.202954E+02    -75.269      0.000    -60.245      85
    86.00000 -0.237430E+02  0.000000E+00 -0.237430E+02  0.000000E+00 -0.204494E+02    -82.689      0.000    -60.441      86
    87.00000 -0.237130E+02  0.000000E+00 -0.237130E+02  0.000000E+00 -0.206020E+02    -88.827      0.000    -60.776      87
    88.00000 -0.236830E+02  0.000000E+00 -0.236830E+02  0.000000E+00 -0.207524E+02    -93.260      0.000    -61.246      88
    89.00000 -0.236230E+02  0.000000E+00 -0.236230E+02  0.000000E+00 -0.208991E+02   -102.328      0.000    -61.874      89
    90.00000 -0.235770E+02  0.000000E+00 -0.235770E+02  0.000000E+00 -0.210421E+02   -106.313      0.000    -62.610      90
    91.00000 -0.235280E+02  0.000000E+00 -0.235280E+02  0.000000E+00 -0.211812E+02   -111.637      0.000    -63.449      91
    92.00000 -0.242760E+02  0.000000E+00 -0.242760E+02  0.000000E+00 -0.213178E+02    -46.210      0.000    -64.321      92
    93.00000 -0.242340E+02  0.000000E+00 -0.242340E+02  0.000000E+00 -0.214496E+02    -74.757      0.000    -65.276      93
    94.00000 -0.241410E+02  0.000000E+00 -0.241410E+02  0.000000E+00 -0.215765E+02    -92.009      0.000    -66.247      94
    95.00000 -0.240890E+02  0.000000E+00 -0.240890E+02  0.000000E+00 -0.216985E+02    -96.843      0.000    -67.138      95
    96.00000 -0.240840E+02  0.000000E+00 -0.240840E+02  0.000000E+00 -0.218157E+02    -94.691      0.000    -67.889      96
    97.00000 -0.240840E+02  0.000000E+00 -0.240840E+02  0.000000E+00 -0.219296E+02    -95.836      0.000    -68.579      97
    98.00000 -0.240840E+02  0.000000E+00 -0.240840E+02  0.000000E+00 -0.220404E+02    -96.960      0.000    -69.230      98
    99.00000 -0.240770E+02  0.000000E+00 -0.240770E+02  0.000000E+00 -0.221480E+02    -99.761      0.000    -69.873      99
   100.00000 -0.240690E+02  0.000000E+00 -0.240690E+02  0.000000E+00 -0.222525E+02   -101.967      0.000    -70.522     100
   101.00000 -0.240350E+02  0.000000E+00 -0.240350E+02  0.000000E+00 -0.223536E+02   -109.381      0.000    -71.186     101
   102.00000 -0.240210E+02  0.000000E+00 -0.240210E+02  0.000000E+00 -0.224515E+02   -109.430      0.000    -71.870     102
   103.00000 -0.239870E+02  0.000000E+00 -0.239870E+02  0.000000E+00 -0.225459E+02   -116.199      0.000    -72.565     103
   104.00000 -0.239730E+02  0.000000E+00 -0.239730E+02  0.000000E+00 -0.226369E+02   -115.280      0.000    -73.274     104
   105.00000 -0.239720E+02  0.000000E+00 -0.239720E+02  0.000000E+00 -0.227244E+02   -113.833      0.000    -73.984     105
   106.00000 -0.239690E+02  0.000000E+00 -0.239690E+02  0.000000E+00 -0.228085E+02   -114.381      0.000    -74.691     106
   107.00000 -0.243560E+02  0.000000E+00 -0.243560E+02  0.000000E+00 -0.228906E+02    -64.655      0.000    -75.405     107
   108.00000 -0.250870E+02  0.000000E+00 -0.250870E+02  0.000000E+00 -0.229697E+02    -44.120      0.000    -76.222     108
   109.00000 -0.252000E+02  0.000000E+00 -0.252000E+02  0.000000E+00 -0.230469E+02    -61.502      0.000    -77.044     109
   110.00000 -0.251640E+02  0.000000E+00 -0.251640E+02  0.000000E+00 -0.231224E+02    -77.093      0.000    -77.831     110
   111.00000 -0.251260E+02  0.000000E+00 -0.251260E+02  0.000000E+00 -0.231963E+02    -85.524      0.000    -78.466     111
   112.00000 -0.250610E+02  0.000000E+00 -0.250610E+02  0.000000E+00 -0.232693E+02    -96.340      0.000    -78.871     112
   113.00000 -0.252080E+02  0.000000E+00 -0.252080E+02  0.000000E+00 -0.233419E+02    -74.565      0.000    -79.077     113
   114.00000 -0.256280E+02  0.000000E+00 -0.256280E+02  0.000000E+00 -0.234143E+02    -54.523      0.000    -79.058     114
   115.00000 -0.266370E+02  0.000000E+00 -0.266370E+02  0.000000E+00 -0.234870E+02    -35.136      0.000    -78.911     115
   116.00000 -0.268320E+02  0.000000E+00 -0.268320E+02  0.000000E+00 -0.235599E+02    -50.489      0.000    -78.709     116
   117.00000 -0.270050E+02  0.000000E+00 -0.270050E+02  0.000000E+00 -0.236336E+02    -54.399      0.000    -78.302     117
   118.00000 -0.272030E+02  0.000000E+00 -0.272030E+02  0.000000E+00 -0.237091E+02    -54.943      0.000    -77.231     118
   119.00000 -0.272730E+02  0.000000E+00 -0.272730E+02  0.000000E+00 -0.237871E+02    -62.180      0.000    -75.553     119
   120.00000 -0.277780E+02  0.000000E+00 -0.277780E+02  0.000000E+00 -0.238727E+02    -45.350      0.000    -73.398     120
   121.00000 -0.277010E+02  0.000000E+00 -0.277010E+02  0.000000E+00 -0.239706E+02    -68.525      0.000    -70.940     121
   122.00000 -0.276360E+02  0.000000E+00 -0.276360E+02  0.000000E+00 -0.240816E+02    -77.375      0.000    -68.646     122
   123.00000 -0.275790E+02  0.000000E+00 -0.275790E+02  0.000000E+00 -0.242027E+02    -84.111      0.000    -66.667     123
   124.00000 -0.275410E+02  0.000000E+00 -0.275410E+02  0.000000E+00 -0.243332E+02    -87.527      0.000    -65.310     124
   125.00000 -0.275020E+02  0.000000E+00 -0.275020E+02  0.000000E+00 -0.244679E+02    -92.044      0.000    -64.433     125
   126.00000 -0.274380E+02  0.000000E+00 -0.274380E+02  0.000000E+00 -0.246042E+02   -100.420      0.000    -63.980     126
   127.00000 -0.274120E+02  0.000000E+00 -0.274120E+02  0.000000E+00 -0.247407E+02    -99.992      0.000    -63.933     127
   128.00000 -0.273810E+02  0.000000E+00 -0.273810E+02  0.000000E+00 -0.248763E+02   -103.292      0.000    -64.209     128
   129.00000 -0.273330E+02  0.000000E+00 -0.273330E+02  0.000000E+00 -0.250094E+02   -109.959      0.000    -64.684     129
   130.00000 -0.272480E+02  0.000000E+00 -0.272480E+02  0.000000E+00 -0.251391E+02   -125.330      0.000    -65.326     130
   131.00000 -0.271730E+02  0.000000E+00 -0.271730E+02  0.000000E+00 -0.252650E+02   -134.193      0.000    -66.113     131
   132.00000 -0.270570E+02  0.000000E+00 -0.270570E+02  0.000000E+00 -0.253867E+02   -165.661      0.000    -66.995     132
   133.00000 -0.268930E+02  0.000000E+00 -0.268930E+02  0.000000E+00 -0.255037E+02   -265.771      0.000    -67.951     133
   134.00000 -0.269530E+02  0.000000E+00 -0.269530E+02  0.000000E+00 -0.256180E+02   -126.845      0.000    -68.938     134
   135.00000 -0.268050E+02  0.000000E+00 -0.268050E+02  0.000000E+00 -0.257270E+02   -241.566      0.000    -69.974     135
   136.00000 -0.267020E+02  0.000000E+00 -0.267020E+02  0.000000E+00 -0.258302E+02   -268.291      0.000    -71.042     136
   137.00000 -0.266510E+02  0.000000E+00 -0.266510E+02  0.000000E+00 -0.259281E+02   -223.387      0.000    -72.124     137
   138.00000 -0.269220E+02  0.000000E+00 -0.269220E+02  0.000000E+00 -0.260217E+02    -88.964      0.000    -73.208     138
   139.00000 -0.268040E+02  0.000000E+00 -0.268040E+02  0.000000E+00 -0.261097E+02   -161.786      0.000    -74.285     139
   140.00000 -0.266610E+02  0.000000E+00 -0.266610E+02  0.000000E+00 -0.261919E+02   -257.601      0.000    -75.337     140
   141.00000 -0.265780E+02  0.000000E+00 -0.265780E+02  0.000000E+00 -0.262701E+02   -255.308      0.000    -76.524     141
   142.00000 -0.265170E+02  0.000000E+00 -0.265170E+02  0.000000E+00 -0.263453E+02   -249.477      0.000    -77.707     142
   143.00000 -0.267890E+02  0.000000E+00 -0.267890E+02  0.000000E+00 -0.264192E+02    -91.366      0.000    -78.876     143
   144.00000 -0.269250E+02  0.000000E+00 -0.269250E+02  0.000000E+00 -0.264907E+02    -92.312      0.000    -80.024     144
   145.00000 -0.283640E+02  0.000000E+00 -0.283640E+02  0.000000E+00 -0.265600E+02    -32.627      0.000    -81.155     145
   146.00000 -0.291660E+02  0.000000E+00 -0.291660E+02  0.000000E+00 -0.266269E+02    -36.536      0.000    -82.268     146
   147.00000 -0.291870E+02  0.000000E+00 -0.291870E+02  0.000000E+00 -0.266916E+02    -58.306      0.000    -83.356     147
   148.00000 -0.297140E+02  0.000000E+00 -0.297140E+02  0.000000E+00 -0.267542E+02    -43.654      0.000    -84.346     148
   149.00000 -0.296020E+02  0.000000E+00 -0.296020E+02  0.000000E+00 -0.268151E+02    -69.557      0.000    -84.890     149
   150.00000 -0.295430E+02  0.000000E+00 -0.295430E+02  0.000000E+00 -0.268763E+02    -76.863      0.000    -84.407     150
   151.00000 -0.295060E+02  0.000000E+00 -0.295060E+02  0.000000E+00 -0.269400E+02    -81.874      0.000    -82.956     151
   152.00000 -0.293590E+02  0.000000E+00 -0.293590E+02  0.000000E+00 -0.270089E+02   -104.363      0.000    -80.837     152
   153.00000 -0.292830E+02  0.000000E+00 -0.292830E+02  0.000000E+00 -0.270822E+02   -106.908      0.000    -78.625     153
   154.00000 -0.300170E+02  0.000000E+00 -0.300170E+02  0.000000E+00 -0.271581E+02    -45.218      0.000    -76.482     154
   155.00000 -0.311700E+02  0.000000E+00 -0.311700E+02  0.000000E+00 -0.272386E+02    -32.031      0.000    -74.845     155
   156.00000 -0.314750E+02  0.000000E+00 -0.314750E+02  0.000000E+00 -0.273253E+02    -44.926      0.000    -73.664     156
   157.00000 -0.313930E+02  0.000000E+00 -0.313930E+02  0.000000E+00 -0.274178E+02    -64.151      0.000    -72.494     157
   158.00000 -0.318760E+02  0.000000E+00 -0.318760E+02  0.000000E+00 -0.275175E+02    -44.864      0.000    -70.584     158
   159.00000 -0.325430E+02  0.000000E+00 -0.325430E+02  0.000000E+00 -0.276291E+02    -38.410      0.000    -67.785     159
   160.00000 -0.325760E+02  0.000000E+00 -0.325760E+02  0.000000E+00 -0.277554E+02    -55.830      0.000    -64.681     160
   161.00000 -0.324420E+02  0.000000E+00 -0.324420E+02  0.000000E+00 -0.278994E+02    -73.730      0.000    -61.305     161
   162.00000 -0.327850E+02  0.000000E+00 -0.327850E+02  0.000000E+00 -0.280616E+02    -51.814      0.000    -58.305     162
   163.00000 -0.326630E+02  0.000000E+00 -0.326630E+02  0.000000E+00 -0.282508E+02    -76.397      0.000    -56.353     163
   164.00000 -0.328320E+02  0.000000E+00 -0.328320E+02  0.000000E+00 -0.284546E+02    -61.775      0.000    -55.318     164
end
