 ******* Program HYDRUS
 ******* 
 Welcome to HYDRUS-1D                                                    
 Date:   3. 5.    Time:  10:58:48
 Units: L = cm   , T = days , M = mmol 

----------------------------------------------------------
 Time       [T]        0.0000
----------------------------------------------------------
 Sub-region num.                     1
----------------------------------------------------------
 Area     [L]        0.90000E+02  0.90000E+02
 W-volume [L]        0.21832E+02  0.21832E+02
 In-flow  [L/T]      0.00000E+00  0.00000E+00
 h Mean   [L]       -0.10000E+03 -0.10000E+03
 Top Flux [L/T]     -0.35496E-01
 Bot Flux [L/T]     -0.35496E-01
----------------------------------------------------------

----------------------------------------------------------
 Time       [T]      164.0000
----------------------------------------------------------
 Sub-region num.                     1
----------------------------------------------------------
 Area     [L]        0.90000E+02  0.90000E+02
 W-volume [L]        0.26209E+02  0.26209E+02
 In-flow  [L/T]     -0.39041E-01 -0.39041E-01
 h Mean   [L]       -0.57019E+02 -0.57019E+02
 Top Flux [L/T]     -0.16687E+00
 Bot Flux [L/T]     -0.20861E+00
 WatBalT  [L]       -0.44823E-04
 WatBalR  [%]              0.000
----------------------------------------------------------
 
 Calculation time [sec]  0.750000000000000     
