 ******* Program HYDRUS
 ******* 
 Welcome to HYDRUS-1D                                                    
 Date:   3. 5.    Time:  10:58:48
 Units: L = cm   , T = days , M = mmol 



                               Node( 91)

         time         h        theta    Temp   
          0.0010     -100.00  0.2426   20.000
          0.0020     -100.00  0.2426   20.000
          0.0033     -100.00  0.2426   20.000
          0.0050     -100.00  0.2426   20.000
          0.0072     -100.00  0.2426   20.000
          0.0100     -100.00  0.2426   20.000
          0.0138     -100.00  0.2426   20.000
          0.0186     -100.00  0.2426   20.000
          0.0249     -100.00  0.2426   20.000
          0.0330     -100.00  0.2426   20.000
          0.0436     -100.00  0.2426   20.000
          0.0574     -100.00  0.2426   20.000
          0.0753     -100.00  0.2426   20.000
          0.0986     -100.00  0.2426   20.000
          0.1289     -100.00  0.2426   20.000
          0.1683     -100.00  0.2426   20.000
          0.2195     -100.00  0.2426   20.000
          0.2860     -100.00  0.2426   20.000
          0.3753     -100.00  0.2426   20.000
          0.4794     -100.00  0.2426   20.000
          0.6095     -100.00  0.2426   20.000
          0.8048     -100.00  0.2426   20.000
          1.0000     -100.00  0.2426   20.000
          1.2500     -100.00  0.2426   20.000
          1.5000     -100.00  0.2426   20.000
          1.7500     -100.00  0.2426   20.000
          2.0000     -100.00  0.2426   20.000
          2.5000     -100.00  0.2426   20.000
          3.0000     -100.00  0.2426   20.000
          3.0010     -100.00  0.2426   20.000
          3.0023     -100.00  0.2426   20.000
          3.0040     -100.00  0.2426   20.000
          3.0062     -100.00  0.2426   20.000
          3.0090     -100.00  0.2426   20.000
          3.0128     -100.00  0.2426   20.000
          3.0176     -100.00  0.2426   20.000
          3.0239     -100.00  0.2426   20.000
          3.0320     -100.00  0.2426   20.000
          3.0426     -100.00  0.2426   20.000
          3.0564     -100.00  0.2426   20.000
          3.0743     -100.00  0.2426   20.000
          3.0976     -100.00  0.2426   20.000
          3.1279     -100.00  0.2426   20.000
          3.1673     -100.00  0.2426   20.000
          3.2185     -100.00  0.2426   20.000
          3.2850     -100.00  0.2426   20.000
          3.3744     -100.00  0.2426   20.000
          3.4787     -100.00  0.2426   20.000
          3.6090     -100.00  0.2426   20.000
          3.8045     -100.00  0.2426   20.000
          4.0000     -100.00  0.2426   20.000
          4.2500     -100.00  0.2426   20.000
          4.6250     -100.00  0.2426   20.000
          5.0000      -99.99  0.2426   20.000
          5.5000      -99.99  0.2426   20.000
          6.0000      -99.99  0.2426   20.000
          6.5000      -99.99  0.2426   20.000
          7.0000      -99.98  0.2426   20.000
          8.0000      -99.99  0.2426   20.000
          9.0000     -100.01  0.2426   20.000
         10.0000     -100.06  0.2425   20.000
         10.0010     -100.06  0.2425   20.000
         10.0023     -100.06  0.2425   20.000
         10.0040     -100.06  0.2425   20.000
         10.0062     -100.06  0.2425   20.000
         10.0090     -100.06  0.2425   20.000
         10.0128     -100.06  0.2425   20.000
         10.0176     -100.06  0.2425   20.000
         10.0239     -100.06  0.2425   20.000
         10.0320     -100.06  0.2425   20.000
         10.0426     -100.06  0.2425   20.000
         10.0564     -100.06  0.2425   20.000
         10.0743     -100.06  0.2425   20.000
         10.0976     -100.06  0.2425   20.000
         10.1279     -100.07  0.2425   20.000
         10.1673     -100.07  0.2425   20.000
         10.2185     -100.07  0.2425   20.000
         10.2850     -100.07  0.2425   20.000
         10.3744     -100.08  0.2425   20.000
         10.4787     -100.09  0.2425   20.000
         10.6090     -100.09  0.2425   20.000
         10.8045     -100.11  0.2425   20.000
         11.0000     -100.12  0.2425   20.000
         11.2500     -100.14  0.2425   20.000
         11.5000     -100.16  0.2425   20.000
         11.7500     -100.19  0.2424   20.000
         12.0000     -100.22  0.2424   20.000
         12.0010     -100.22  0.2424   20.000
         12.0023     -100.22  0.2424   20.000
         12.0040     -100.22  0.2424   20.000
         12.0062     -100.22  0.2424   20.000
         12.0090     -100.22  0.2424   20.000
         12.0128     -100.22  0.2424   20.000
         12.0176     -100.22  0.2424   20.000
         12.0239     -100.22  0.2424   20.000
         12.0320     -100.22  0.2424   20.000
         12.0426     -100.22  0.2424   20.000
         12.0564     -100.22  0.2424   20.000
         12.0743     -100.22  0.2424   20.000
         12.0976     -100.23  0.2424   20.000
         12.1279     -100.23  0.2424   20.000
         12.1673     -100.23  0.2424   20.000
         12.2185     -100.24  0.2424   20.000
         12.2850     -100.25  0.2424   20.000
         12.3516     -100.26  0.2424   20.000
         12.4442     -100.27  0.2424   20.000
         12.5368     -100.28  0.2424   20.000
         12.6526     -100.29  0.2424   20.000
         12.8263     -100.32  0.2423   20.000
         13.0000     -100.34  0.2423   20.000
         13.1429     -100.36  0.2423   20.000
         13.2857     -100.39  0.2423   20.000
         13.4643     -100.42  0.2423   20.000
         13.7321     -100.46  0.2422   20.000
         14.0000     -100.51  0.2422   20.000
         14.0010     -100.51  0.2422   20.000
         14.0020     -100.51  0.2422   20.000
         14.0033     -100.51  0.2422   20.000
         14.0050     -100.51  0.2422   20.000
         14.0072     -100.51  0.2422   20.000
         14.0100     -100.51  0.2422   20.000
         14.0138     -100.52  0.2422   20.000
         14.0186     -100.52  0.2422   20.000
         14.0249     -100.52  0.2422   20.000
         14.0330     -100.52  0.2422   20.000
         14.0412     -100.52  0.2422   20.000
         14.0518     -100.52  0.2422   20.000
         14.0624     -100.52  0.2422   20.000
         14.0762     -100.53  0.2422   20.000
         14.0941     -100.53  0.2422   20.000
         14.1120     -100.53  0.2422   20.000
         14.1299     -100.54  0.2422   20.000
         14.1532     -100.54  0.2422   20.000
         14.1765     -100.55  0.2422   20.000
         14.2068     -100.55  0.2422   20.000
         14.2371     -100.56  0.2422   20.000
         14.2765     -100.57  0.2422   20.000
         14.3159     -100.57  0.2422   20.000
         14.3552     -100.58  0.2421   20.000
         14.4064     -100.59  0.2421   20.000
         14.4576     -100.60  0.2421   20.000
         14.5088     -100.61  0.2421   20.000
         14.5579     -100.62  0.2421   20.000
         14.6211     -100.64  0.2421   20.000
         14.6842     -100.65  0.2421   20.000
         14.7474     -100.66  0.2421   20.000
         14.8316     -100.68  0.2421   20.000
         14.9158     -100.70  0.2421   20.000
         15.0000     -100.72  0.2420   20.000
         15.0010     -100.72  0.2420   20.000
         15.0023     -100.72  0.2420   20.000
         15.0040     -100.72  0.2420   20.000
         15.0062     -100.72  0.2420   20.000
         15.0090     -100.72  0.2420   20.000
         15.0128     -100.72  0.2420   20.000
         15.0176     -100.73  0.2420   20.000
         15.0239     -100.73  0.2420   20.000
         15.0320     -100.73  0.2420   20.000
         15.0426     -100.73  0.2420   20.000
         15.0564     -100.73  0.2420   20.000
         15.0743     -100.74  0.2420   20.000
         15.0976     -100.74  0.2420   20.000
         15.1279     -100.75  0.2420   20.000
         15.1673     -100.76  0.2420   20.000
         15.2185     -100.77  0.2420   20.000
         15.2850     -100.79  0.2420   20.000
         15.3744     -100.81  0.2420   20.000
         15.4787     -100.84  0.2420   20.000
         15.6090     -100.87  0.2419   20.000
         15.7393     -100.90  0.2419   20.000
         16.0000     -100.97  0.2419   20.000
         16.0010     -100.97  0.2419   20.000
         16.0023     -100.97  0.2419   20.000
         16.0040     -100.97  0.2419   20.000
         16.0062     -100.97  0.2419   20.000
         16.0090     -100.97  0.2419   20.000
         16.0128     -100.98  0.2419   20.000
         16.0176     -100.98  0.2419   20.000
         16.0239     -100.98  0.2419   20.000
         16.0320     -100.98  0.2419   20.000
         16.0426     -100.98  0.2419   20.000
         16.0564     -100.99  0.2419   20.000
         16.0743     -100.99  0.2418   20.000
         16.0976     -101.00  0.2418   20.000
         16.1279     -101.01  0.2418   20.000
         16.1673     -101.02  0.2418   20.000
         16.2185     -101.03  0.2418   20.000
         16.2850     -101.05  0.2418   20.000
         16.3744     -101.07  0.2418   20.000
         16.4787     -101.10  0.2418   20.000
         16.6090     -101.14  0.2417   20.000
         16.8045     -101.18  0.2417   20.000
         17.0000     -101.22  0.2417   20.000
         17.2500     -101.23  0.2417   20.000
         17.6250     -101.05  0.2418   20.000
         18.0000     -100.48  0.2422   20.000
         18.0010     -100.49  0.2422   20.000
         18.0023     -100.49  0.2422   20.000
         18.0040     -100.49  0.2422   20.000
         18.0062     -100.48  0.2422   20.000
         18.0090     -100.48  0.2422   20.000
         18.0128     -100.48  0.2422   20.000
         18.0176     -100.47  0.2422   20.000
         18.0239     -100.46  0.2422   20.000
         18.0320     -100.45  0.2422   20.000
         18.0426     -100.43  0.2423   20.000
         18.0564     -100.41  0.2423   20.000
         18.0743     -100.38  0.2423   20.000
         18.0976     -100.34  0.2423   20.000
         18.1279     -100.28  0.2424   20.000
         18.1673     -100.20  0.2424   20.000
         18.2185     -100.09  0.2425   20.000
         18.2850      -99.94  0.2426   20.000
         18.3744      -99.69  0.2428   20.000
         18.4787      -99.36  0.2430   20.000
         18.6090      -98.85  0.2434   20.000
         18.8045      -97.84  0.2442   20.000
         19.0000      -96.55  0.2451   20.000
         19.0010      -96.55  0.2451   20.000
         19.0023      -96.54  0.2451   20.000
         19.0040      -96.53  0.2451   20.000
         19.0062      -96.51  0.2451   20.000
         19.0090      -96.49  0.2452   20.000
         19.0128      -96.47  0.2452   20.000
         19.0176      -96.44  0.2452   20.000
         19.0239      -96.39  0.2452   20.000
         19.0320      -96.34  0.2453   20.000
         19.0426      -96.27  0.2453   20.000
         19.0564      -96.17  0.2454   20.000
         19.0743      -96.05  0.2455   20.000
         19.0976      -95.88  0.2456   20.000
         19.1279      -95.67  0.2458   20.000
         19.1673      -95.41  0.2460   20.000
         19.2185      -95.08  0.2463   20.000
         19.2850      -94.59  0.2468   20.000
         19.3744      -93.82  0.2475   20.000
         19.4787      -92.77  0.2486   20.000
         19.6090      -91.19  0.2501   20.000
         19.8045      -88.07  0.2533   20.000
         20.0000      -83.88  0.2574   20.000
         20.2500      -76.46  0.2648   20.000
         20.5000      -68.25  0.2753   20.000
         20.7500      -58.95  0.2879   20.000
         21.0000      -50.56  0.3020   20.000
         21.0010      -50.51  0.3020   20.000
         21.0023      -50.47  0.3021   20.000
         21.0040      -50.41  0.3022   20.000
         21.0062      -50.34  0.3023   20.000
         21.0090      -50.24  0.3025   20.000
         21.0128      -50.12  0.3027   20.000
         21.0176      -49.96  0.3029   20.000
         21.0239      -49.75  0.3033   20.000
         21.0320      -49.48  0.3037   20.000
         21.0426      -49.13  0.3043   20.000
         21.0564      -48.69  0.3051   20.000
         21.0743      -48.11  0.3061   20.000
         21.0976      -47.40  0.3073   20.000
         21.1279      -46.56  0.3091   20.000
         21.1673      -45.44  0.3114   20.000
         21.2185      -44.03  0.3143   20.000
         21.2850      -42.27  0.3180   20.000
         21.3744      -40.05  0.3226   20.000
         21.4787      -37.65  0.3276   20.000
         21.6090      -35.45  0.3332   20.000
         21.8045      -32.96  0.3393   20.000
         22.0000      -31.25  0.3435   20.000
         22.0010      -31.17  0.3436   20.000
         22.0023      -31.17  0.3436   20.000
         22.0040      -31.15  0.3436   20.000
         22.0062      -31.14  0.3437   20.000
         22.0090      -31.11  0.3437   20.000
         22.0128      -31.08  0.3438   20.000
         22.0176      -31.04  0.3439   20.000
         22.0239      -30.99  0.3440   20.000
         22.0320      -30.93  0.3442   20.000
         22.0426      -30.84  0.3444   20.000
         22.0564      -30.74  0.3446   20.000
         22.0743      -30.61  0.3450   20.000
         22.0976      -30.45  0.3453   20.000
         22.1279      -30.26  0.3458   20.000
         22.1673      -30.03  0.3464   20.000
         22.2185      -29.78  0.3470   20.000
         22.2850      -29.54  0.3477   20.000
         22.3744      -29.30  0.3484   20.000
         22.4787      -29.15  0.3488   20.000
         22.6090      -29.10  0.3489   20.000
         22.8045      -29.17  0.3487   20.000
         23.0000      -29.30  0.3484   20.000
         23.2500      -29.41  0.3481   20.000
         23.5000      -29.38  0.3482   20.000
         23.7500      -29.20  0.3486   20.000
         24.0000      -28.92  0.3494   20.000
         24.0010      -28.93  0.3494   20.000
         24.0023      -28.92  0.3494   20.000
         24.0040      -28.92  0.3494   20.000
         24.0062      -28.92  0.3494   20.000
         24.0090      -28.92  0.3495   20.000
         24.0128      -28.91  0.3495   20.000
         24.0176      -28.91  0.3495   20.000
         24.0239      -28.90  0.3495   20.000
         24.0320      -28.89  0.3495   20.000
         24.0426      -28.88  0.3496   20.000
         24.0564      -28.86  0.3496   20.000
         24.0743      -28.84  0.3497   20.000
         24.0976      -28.81  0.3498   20.000
         24.1279      -28.77  0.3499   20.000
         24.1673      -28.72  0.3500   20.000
         24.2185      -28.64  0.3502   20.000
         24.2850      -28.55  0.3505   20.000
         24.3744      -28.41  0.3509   20.000
         24.4787      -28.26  0.3513   20.000
         24.6090      -28.10  0.3518   20.000
         24.8045      -27.99  0.3521   20.000
         25.0000      -28.02  0.3520   20.000
         25.0010      -28.01  0.3520   20.000
         25.0023      -28.01  0.3520   20.000
         25.0040      -28.01  0.3520   20.000
         25.0062      -28.01  0.3520   20.000
         25.0090      -28.01  0.3520   20.000
         25.0128      -28.01  0.3520   20.000
         25.0176      -28.01  0.3520   20.000
         25.0239      -28.01  0.3520   20.000
         25.0320      -28.01  0.3520   20.000
         25.0426      -28.02  0.3520   20.000
         25.0564      -28.02  0.3520   20.000
         25.0743      -28.03  0.3520   20.000
         25.0976      -28.04  0.3519   20.000
         25.1279      -28.06  0.3519   20.000
         25.1673      -28.09  0.3518   20.000
         25.2185      -28.14  0.3517   20.000
         25.2850      -28.22  0.3514   20.000
         25.3744      -28.35  0.3511   20.000
         25.4787      -28.52  0.3506   20.000
         25.6090      -28.78  0.3499   20.000
         25.8045      -29.20  0.3487   20.000
         26.0000      -29.63  0.3475   20.000
         26.2500      -30.24  0.3459   20.000
         26.6250      -31.26  0.3434   20.000
         27.0000      -32.33  0.3407   20.000
         27.5000      -33.77  0.3372   20.000
         28.0000      -35.16  0.3337   20.000
         28.0010      -35.16  0.3337   20.000
         28.0023      -35.17  0.3337   20.000
         28.0040      -35.17  0.3337   20.000
         28.0062      -35.18  0.3337   20.000
         28.0090      -35.19  0.3336   20.000
         28.0128      -35.20  0.3336   20.000
         28.0176      -35.21  0.3336   20.000
         28.0239      -35.23  0.3335   20.000
         28.0320      -35.25  0.3335   20.000
         28.0426      -35.28  0.3334   20.000
         28.0564      -35.32  0.3333   20.000
         28.0743      -35.37  0.3332   20.000
         28.0976      -35.43  0.3330   20.000
         28.1279      -35.52  0.3328   20.000
         28.1673      -35.63  0.3326   20.000
         28.2185      -35.77  0.3322   20.000
         28.2850      -35.95  0.3318   20.000
         28.3744      -36.19  0.3312   20.000
         28.4787      -36.46  0.3305   20.000
         28.6090      -36.80  0.3297   20.000
         28.8045      -37.27  0.3285   20.000
         29.0000      -37.71  0.3274   20.000
         29.0010      -37.72  0.3274   20.000
         29.0023      -37.72  0.3274   20.000
         29.0040      -37.73  0.3274   20.000
         29.0062      -37.73  0.3274   20.000
         29.0090      -37.74  0.3274   20.000
         29.0128      -37.75  0.3273   20.000
         29.0176      -37.76  0.3273   20.000
         29.0239      -37.78  0.3273   20.000
         29.0320      -37.80  0.3272   20.000
         29.0426      -37.83  0.3272   20.000
         29.0564      -37.86  0.3271   20.000
         29.0743      -37.91  0.3270   20.000
         29.0976      -37.97  0.3269   20.000
         29.1279      -38.04  0.3267   20.000
         29.1673      -38.14  0.3265   20.000
         29.2185      -38.27  0.3263   20.000
         29.2850      -38.43  0.3259   20.000
         29.3744      -38.66  0.3255   20.000
         29.4787      -38.92  0.3249   20.000
         29.6090      -39.24  0.3242   20.000
         29.8045      -39.72  0.3232   20.000
         30.0000      -40.20  0.3222   20.000
         30.0010      -40.21  0.3222   20.000
         30.0023      -40.21  0.3222   20.000
         30.0040      -40.21  0.3222   20.000
         30.0062      -40.22  0.3222   20.000
         30.0090      -40.23  0.3222   20.000
         30.0128      -40.24  0.3222   20.000
         30.0176      -40.25  0.3222   20.000
         30.0239      -40.26  0.3221   20.000
         30.0320      -40.28  0.3221   20.000
         30.0426      -40.31  0.3220   20.000
         30.0564      -40.34  0.3220   20.000
         30.0743      -40.39  0.3219   20.000
         30.0976      -40.44  0.3217   20.000
         30.1279      -40.52  0.3216   20.000
         30.1673      -40.61  0.3214   20.000
         30.2185      -40.74  0.3211   20.000
         30.2850      -40.90  0.3208   20.000
         30.3516      -41.06  0.3205   20.000
         30.4442      -41.28  0.3200   20.000
         30.5368      -41.49  0.3196   20.000
         30.6526      -41.76  0.3190   20.000
         30.7684      -42.03  0.3185   20.000
         30.8842      -42.29  0.3179   20.000
         31.0000      -42.54  0.3174   20.000
         31.0010      -42.54  0.3174   20.000
         31.0023      -42.55  0.3174   20.000
         31.0040      -42.55  0.3174   20.000
         31.0062      -42.55  0.3174   20.000
         31.0090      -42.56  0.3173   20.000
         31.0128      -42.57  0.3173   20.000
         31.0176      -42.58  0.3173   20.000
         31.0239      -42.59  0.3173   20.000
         31.0320      -42.61  0.3172   20.000
         31.0426      -42.63  0.3172   20.000
         31.0564      -42.66  0.3171   20.000
         31.0743      -42.70  0.3170   20.000
         31.0976      -42.75  0.3169   20.000
         31.1279      -42.82  0.3168   20.000
         31.1673      -42.90  0.3166   20.000
         31.2185      -43.00  0.3164   20.000
         31.2850      -43.14  0.3161   20.000
         31.3744      -43.30  0.3158   20.000
         31.4787      -43.48  0.3154   20.000
         31.6090      -43.67  0.3150   20.000
         31.8045      -43.82  0.3147   20.000
         32.0000      -43.84  0.3146   20.000
         32.2500      -43.67  0.3150   20.000
         32.5000      -43.29  0.3158   20.000
         32.7500      -42.84  0.3168   20.000
         33.0000      -42.34  0.3178   20.000
         33.5000      -41.57  0.3194   20.000
         34.0000      -41.16  0.3203   20.000
         34.5000      -41.08  0.3205   20.000
         35.0000      -41.32  0.3200   20.000
         36.0000      -42.45  0.3175   20.000
         37.0000      -44.05  0.3143   20.000
         38.0000      -45.62  0.3110   20.000
         39.0000      -47.17  0.3078   20.000
         40.0000      -48.91  0.3047   20.000
         41.0000      -50.64  0.3018   20.000
         42.0000      -52.36  0.2989   20.000
         43.0000      -54.02  0.2961   20.000
         44.0000      -55.60  0.2935   20.000
         45.0000      -57.09  0.2910   20.000
         46.0000      -58.47  0.2886   20.000
         47.0000      -59.73  0.2865   20.000
         48.0000      -61.15  0.2846   20.000
         49.0000      -62.51  0.2828   20.000
         50.0000      -63.84  0.2811   20.000
         51.0000      -65.14  0.2794   20.000
         52.0000      -66.41  0.2777   20.000
         53.0000      -67.63  0.2761   20.000
         54.0000      -68.83  0.2745   20.000
         55.0000      -69.99  0.2730   20.000
         56.0000      -71.11  0.2715   20.000
         57.0000      -72.19  0.2701   20.000
         57.0010      -72.20  0.2701   20.000
         57.0023      -72.20  0.2701   20.000
         57.0040      -72.20  0.2701   20.000
         57.0062      -72.20  0.2701   20.000
         57.0090      -72.21  0.2701   20.000
         57.0128      -72.21  0.2701   20.000
         57.0176      -72.22  0.2701   20.000
         57.0239      -72.22  0.2701   20.000
         57.0320      -72.23  0.2701   20.000
         57.0426      -72.24  0.2701   20.000
         57.0564      -72.26  0.2700   20.000
         57.0743      -72.28  0.2700   20.000
         57.0976      -72.30  0.2700   20.000
         57.1279      -72.34  0.2699   20.000
         57.1673      -72.38  0.2699   20.000
         57.2185      -72.43  0.2698   20.000
         57.2850      -72.51  0.2697   20.000
         57.3744      -72.60  0.2696   20.000
         57.4787      -72.71  0.2694   20.000
         57.6090      -72.85  0.2693   20.000
         57.8045      -73.06  0.2690   20.000
         58.0000      -73.26  0.2687   20.000
         58.0010      -73.26  0.2687   20.000
         58.0023      -73.26  0.2687   20.000
         58.0040      -73.27  0.2687   20.000
         58.0062      -73.27  0.2687   20.000
         58.0090      -73.27  0.2687   20.000
         58.0128      -73.27  0.2687   20.000
         58.0176      -73.28  0.2687   20.000
         58.0239      -73.29  0.2687   20.000
         58.0320      -73.29  0.2687   20.000
         58.0426      -73.31  0.2687   20.000
         58.0564      -73.32  0.2686   20.000
         58.0743      -73.34  0.2686   20.000
         58.0976      -73.36  0.2686   20.000
         58.1279      -73.40  0.2686   20.000
         58.1673      -73.44  0.2685   20.000
         58.2067      -73.48  0.2684   20.000
         58.2578      -73.53  0.2684   20.000
         58.3090      -73.58  0.2683   20.000
         58.3781      -73.65  0.2682   20.000
         58.4472      -73.73  0.2681   20.000
         58.5163      -73.80  0.2680   20.000
         58.5969      -73.88  0.2679   20.000
         58.6977      -73.98  0.2678   20.000
         58.7985      -74.09  0.2676   20.000
         58.8992      -74.19  0.2675   20.000
         59.0000      -74.29  0.2674   20.000
         59.0010      -74.29  0.2674   20.000
         59.0023      -74.29  0.2674   20.000
         59.0040      -74.29  0.2674   20.000
         59.0062      -74.30  0.2674   20.000
         59.0090      -74.30  0.2674   20.000
         59.0128      -74.30  0.2674   20.000
         59.0176      -74.31  0.2674   20.000
         59.0239      -74.31  0.2673   20.000
         59.0320      -74.32  0.2673   20.000
         59.0426      -74.33  0.2673   20.000
         59.0564      -74.35  0.2673   20.000
         59.0743      -74.37  0.2673   20.000
         59.0976      -74.39  0.2672   20.000
         59.1279      -74.42  0.2672   20.000
         59.1673      -74.46  0.2672   20.000
         59.2185      -74.51  0.2671   20.000
         59.2850      -74.58  0.2670   20.000
         59.3744      -74.67  0.2669   20.000
         59.4787      -74.77  0.2667   20.000
         59.6090      -74.90  0.2666   20.000
         59.8045      -75.09  0.2663   20.000
         60.0000      -75.28  0.2661   20.000
         60.0010      -75.28  0.2661   20.000
         60.0023      -75.28  0.2661   20.000
         60.0040      -75.28  0.2661   20.000
         60.0062      -75.28  0.2661   20.000
         60.0090      -75.29  0.2661   20.000
         60.0128      -75.29  0.2661   20.000
         60.0176      -75.29  0.2661   20.000
         60.0239      -75.30  0.2661   20.000
         60.0320      -75.31  0.2660   20.000
         60.0426      -75.32  0.2660   20.000
         60.0564      -75.33  0.2660   20.000
         60.0743      -75.35  0.2660   20.000
         60.0976      -75.37  0.2660   20.000
         60.1279      -75.40  0.2659   20.000
         60.1673      -75.44  0.2659   20.000
         60.2185      -75.49  0.2658   20.000
         60.2850      -75.55  0.2657   20.000
         60.3744      -75.64  0.2656   20.000
         60.4787      -75.75  0.2655   20.000
         60.6090      -75.89  0.2654   20.000
         60.8045      -76.06  0.2652   20.000
         61.0000      -76.21  0.2650   20.000
         61.0010      -76.21  0.2650   20.000
         61.0023      -76.21  0.2650   20.000
         61.0040      -76.21  0.2650   20.000
         61.0062      -76.21  0.2650   20.000
         61.0090      -76.21  0.2650   20.000
         61.0128      -76.22  0.2650   20.000
         61.0176      -76.22  0.2650   20.000
         61.0239      -76.23  0.2650   20.000
         61.0320      -76.23  0.2650   20.000
         61.0426      -76.24  0.2650   20.000
         61.0564      -76.25  0.2650   20.000
         61.0743      -76.26  0.2650   20.000
         61.0976      -76.28  0.2650   20.000
         61.1279      -76.30  0.2650   20.000
         61.1673      -76.32  0.2649   20.000
         61.2185      -76.35  0.2649   20.000
         61.2850      -76.38  0.2649   20.000
         61.3744      -76.41  0.2648   20.000
         61.4787      -76.44  0.2648   20.000
         61.6090      -76.44  0.2648   20.000
         61.8045      -76.36  0.2649   20.000
         62.0000      -76.18  0.2651   20.000
         62.0010      -76.19  0.2651   20.000
         62.0023      -76.19  0.2651   20.000
         62.0040      -76.19  0.2651   20.000
         62.0062      -76.18  0.2651   20.000
         62.0090      -76.18  0.2651   20.000
         62.0128      -76.18  0.2651   20.000
         62.0176      -76.17  0.2651   20.000
         62.0239      -76.17  0.2651   20.000
         62.0320      -76.16  0.2651   20.000
         62.0426      -76.15  0.2651   20.000
         62.0564      -76.13  0.2651   20.000
         62.0743      -76.11  0.2651   20.000
         62.0976      -76.09  0.2652   20.000
         62.1279      -76.05  0.2652   20.000
         62.1673      -76.00  0.2653   20.000
         62.2185      -75.92  0.2653   20.000
         62.2850      -75.80  0.2654   20.000
         62.3744      -75.63  0.2656   20.000
         62.4787      -75.41  0.2659   20.000
         62.6090      -75.04  0.2664   20.000
         62.8045      -74.27  0.2674   20.000
         63.0000      -73.24  0.2688   20.000
         63.0010      -73.23  0.2688   20.000
         63.0023      -73.23  0.2688   20.000
         63.0040      -73.22  0.2688   20.000
         63.0062      -73.21  0.2688   20.000
         63.0090      -73.19  0.2688   20.000
         63.0128      -73.17  0.2688   20.000
         63.0176      -73.14  0.2689   20.000
         63.0239      -73.11  0.2689   20.000
         63.0320      -73.07  0.2690   20.000
         63.0426      -73.01  0.2691   20.000
         63.0564      -72.93  0.2692   20.000
         63.0743      -72.83  0.2693   20.000
         63.0976      -72.69  0.2695   20.000
         63.1279      -72.50  0.2697   20.000
         63.1673      -72.25  0.2700   20.000
         63.2185      -71.90  0.2705   20.000
         63.2850      -71.42  0.2711   20.000
         63.3744      -70.70  0.2721   20.000
         63.4787      -69.79  0.2733   20.000
         63.6090      -68.48  0.2750   20.000
         63.8045      -66.15  0.2780   20.000
         64.0000      -63.47  0.2815   20.000
         64.0010      -63.49  0.2815   20.000
         64.0023      -63.47  0.2816   20.000
         64.0040      -63.45  0.2816   20.000
         64.0062      -63.42  0.2816   20.000
         64.0090      -63.38  0.2817   20.000
         64.0128      -63.32  0.2817   20.000
         64.0176      -63.26  0.2818   20.000
         64.0239      -63.17  0.2819   20.000
         64.0320      -63.06  0.2821   20.000
         64.0426      -62.91  0.2823   20.000
         64.0564      -62.71  0.2826   20.000
         64.0743      -62.45  0.2829   20.000
         64.0976      -62.11  0.2833   20.000
         64.1279      -61.67  0.2839   20.000
         64.1673      -61.08  0.2847   20.000
         64.2185      -60.30  0.2857   20.000
         64.2850      -59.39  0.2871   20.000
         64.3744      -58.12  0.2892   20.000
         64.4787      -56.63  0.2917   20.000
         64.6090      -54.79  0.2948   20.000
         64.8045      -52.23  0.2991   20.000
         65.0000      -49.93  0.3030   20.000
         65.2500      -47.48  0.3072   20.000
         65.6250      -45.33  0.3119   20.000
         66.0000      -43.79  0.3149   20.000
         66.5000      -42.88  0.3169   20.000
         67.0000      -42.50  0.3176   20.000
         67.5000      -42.60  0.3174   20.000
         68.0000      -42.98  0.3165   20.000
         69.0000      -44.24  0.3138   20.000
         70.0000      -45.74  0.3107   20.000
         71.0000      -47.22  0.3076   20.000
         72.0000      -48.94  0.3047   20.000
         73.0000      -50.65  0.3018   20.000
         74.0000      -52.37  0.2989   20.000
         75.0000      -54.03  0.2961   20.000
         76.0000      -55.63  0.2934   20.000
         76.0010      -55.64  0.2934   20.000
         76.0023      -55.64  0.2934   20.000
         76.0040      -55.64  0.2934   20.000
         76.0062      -55.64  0.2934   20.000
         76.0090      -55.65  0.2934   20.000
         76.0128      -55.66  0.2934   20.000
         76.0176      -55.66  0.2934   20.000
         76.0239      -55.67  0.2933   20.000
         76.0320      -55.69  0.2933   20.000
         76.0426      -55.70  0.2933   20.000
         76.0564      -55.72  0.2933   20.000
         76.0743      -55.75  0.2932   20.000
         76.0976      -55.79  0.2931   20.000
         76.1279      -55.84  0.2931   20.000
         76.1673      -55.90  0.2930   20.000
         76.2067      -55.96  0.2929   20.000
         76.2578      -56.04  0.2927   20.000
         76.3090      -56.13  0.2926   20.000
         76.3781      -56.23  0.2924   20.000
         76.4670      -56.37  0.2922   20.000
         76.5558      -56.51  0.2919   20.000
         76.6446      -56.65  0.2917   20.000
         76.7631      -56.83  0.2914   20.000
         76.8815      -57.01  0.2911   20.000
         77.0000      -57.19  0.2908   20.000
         77.0010      -57.20  0.2908   20.000
         77.0023      -57.20  0.2908   20.000
         77.0040      -57.20  0.2908   20.000
         77.0062      -57.20  0.2908   20.000
         77.0090      -57.21  0.2908   20.000
         77.0128      -57.21  0.2908   20.000
         77.0176      -57.22  0.2907   20.000
         77.0239      -57.23  0.2907   20.000
         77.0320      -57.24  0.2907   20.000
         77.0426      -57.26  0.2907   20.000
         77.0564      -57.28  0.2906   20.000
         77.0743      -57.31  0.2906   20.000
         77.0976      -57.34  0.2905   20.000
         77.1279      -57.39  0.2905   20.000
         77.1673      -57.45  0.2904   20.000
         77.2185      -57.52  0.2902   20.000
         77.2850      -57.62  0.2901   20.000
         77.3744      -57.76  0.2898   20.000
         77.4787      -57.91  0.2896   20.000
         77.6090      -58.10  0.2893   20.000
         77.8045      -58.38  0.2888   20.000
         78.0000      -58.65  0.2883   20.000
         78.2500      -58.98  0.2878   20.000
         78.6250      -59.40  0.2871   20.000
         79.0000      -59.74  0.2865   20.000
         79.5000      -60.06  0.2860   20.000
         80.0000      -60.26  0.2858   20.000
         80.0010      -60.27  0.2858   20.000
         80.0023      -60.26  0.2858   20.000
         80.0040      -60.27  0.2858   20.000
         80.0062      -60.27  0.2858   20.000
         80.0090      -60.27  0.2857   20.000
         80.0128      -60.27  0.2857   20.000
         80.0176      -60.27  0.2857   20.000
         80.0239      -60.27  0.2857   20.000
         80.0320      -60.28  0.2857   20.000
         80.0426      -60.28  0.2857   20.000
         80.0564      -60.29  0.2857   20.000
         80.0743      -60.29  0.2857   20.000
         80.0976      -60.30  0.2857   20.000
         80.1279      -60.31  0.2857   20.000
         80.1673      -60.32  0.2857   20.000
         80.2185      -60.33  0.2857   20.000
         80.2850      -60.35  0.2856   20.000
         80.3744      -60.36  0.2856   20.000
         80.4787      -60.38  0.2856   20.000
         80.6090      -60.38  0.2856   20.000
         80.8045      -60.38  0.2856   20.000
         81.0000      -60.37  0.2856   20.000
         81.0010      -60.37  0.2856   20.000
         81.0023      -60.37  0.2856   20.000
         81.0040      -60.37  0.2856   20.000
         81.0062      -60.37  0.2856   20.000
         81.0090      -60.37  0.2856   20.000
         81.0128      -60.37  0.2856   20.000
         81.0176      -60.37  0.2856   20.000
         81.0239      -60.37  0.2856   20.000
         81.0320      -60.37  0.2856   20.000
         81.0426      -60.36  0.2856   20.000
         81.0564      -60.36  0.2856   20.000
         81.0743      -60.36  0.2856   20.000
         81.0976      -60.36  0.2856   20.000
         81.1279      -60.36  0.2856   20.000
         81.1673      -60.35  0.2856   20.000
         81.2185      -60.34  0.2856   20.000
         81.2850      -60.34  0.2857   20.000
         81.3744      -60.32  0.2857   20.000
         81.4787      -60.31  0.2857   20.000
         81.6090      -60.28  0.2857   20.000
         81.8045      -60.25  0.2858   20.000
         82.0000      -60.22  0.2858   20.000
         82.2500      -60.18  0.2859   20.000
         82.5000      -60.15  0.2859   20.000
         82.7500      -60.13  0.2859   20.000
         83.0000      -60.12  0.2859   20.000
         83.5000      -60.13  0.2859   20.000
         84.0000      -60.15  0.2859   20.000
         84.0010      -60.15  0.2859   20.000
         84.0023      -60.15  0.2859   20.000
         84.0040      -60.15  0.2859   20.000
         84.0062      -60.15  0.2859   20.000
         84.0090      -60.15  0.2859   20.000
         84.0128      -60.15  0.2859   20.000
         84.0176      -60.15  0.2859   20.000
         84.0239      -60.15  0.2859   20.000
         84.0320      -60.15  0.2859   20.000
         84.0426      -60.15  0.2859   20.000
         84.0564      -60.16  0.2859   20.000
         84.0743      -60.16  0.2859   20.000
         84.0976      -60.16  0.2859   20.000
         84.1279      -60.16  0.2859   20.000
         84.1673      -60.16  0.2859   20.000
         84.2185      -60.17  0.2859   20.000
         84.2850      -60.17  0.2859   20.000
         84.3744      -60.18  0.2859   20.000
         84.4787      -60.19  0.2859   20.000
         84.6090      -60.20  0.2858   20.000
         84.8045      -60.22  0.2858   20.000
         85.0000      -60.24  0.2858   20.000
         85.2500      -60.28  0.2857   20.000
         85.6250      -60.35  0.2856   20.000
         86.0000      -60.44  0.2855   20.000
         86.5000      -60.59  0.2853   20.000
         87.0000      -60.78  0.2851   20.000
         87.5000      -60.99  0.2848   20.000
         88.0000      -61.25  0.2845   20.000
         89.0000      -61.87  0.2836   20.000
         90.0000      -62.61  0.2827   20.000
         91.0000      -63.45  0.2816   20.000
         91.0010      -63.44  0.2816   20.000
         91.0023      -63.44  0.2816   20.000
         91.0040      -63.44  0.2816   20.000
         91.0062      -63.45  0.2816   20.000
         91.0090      -63.45  0.2816   20.000
         91.0128      -63.45  0.2816   20.000
         91.0176      -63.46  0.2816   20.000
         91.0239      -63.46  0.2816   20.000
         91.0320      -63.47  0.2816   20.000
         91.0426      -63.48  0.2815   20.000
         91.0564      -63.49  0.2815   20.000
         91.0743      -63.50  0.2815   20.000
         91.0976      -63.52  0.2815   20.000
         91.1279      -63.55  0.2815   20.000
         91.1673      -63.58  0.2814   20.000
         91.2185      -63.63  0.2814   20.000
         91.2850      -63.68  0.2813   20.000
         91.3744      -63.76  0.2812   20.000
         91.4787      -63.85  0.2811   20.000
         91.5829      -63.94  0.2809   20.000
         91.7219      -64.07  0.2808   20.000
         92.0000      -64.32  0.2804   20.000
         92.2000      -64.51  0.2802   20.000
         92.4000      -64.70  0.2799   20.000
         92.7000      -64.98  0.2796   20.000
         93.0000      -65.28  0.2792   20.000
         93.3333      -65.60  0.2788   20.000
         93.6667      -65.93  0.2783   20.000
         94.0000      -66.25  0.2779   20.000
         94.5000      -66.71  0.2773   20.000
         95.0000      -67.14  0.2767   20.000
         96.0000      -67.89  0.2758   20.000
         97.0000      -68.58  0.2749   20.000
         98.0000      -69.23  0.2740   20.000
         99.0000      -69.87  0.2732   20.000
        100.0000      -70.52  0.2723   20.000
        101.0000      -71.19  0.2714   20.000
        102.0000      -71.87  0.2706   20.000
        103.0000      -72.56  0.2696   20.000
        104.0000      -73.27  0.2687   20.000
        105.0000      -73.98  0.2678   20.000
        106.0000      -74.69  0.2669   20.000
        106.0010      -74.69  0.2669   20.000
        106.0023      -74.69  0.2668   20.000
        106.0040      -74.69  0.2668   20.000
        106.0062      -74.70  0.2668   20.000
        106.0090      -74.70  0.2668   20.000
        106.0128      -74.70  0.2668   20.000
        106.0176      -74.70  0.2668   20.000
        106.0239      -74.71  0.2668   20.000
        106.0320      -74.71  0.2668   20.000
        106.0426      -74.72  0.2668   20.000
        106.0564      -74.73  0.2668   20.000
        106.0743      -74.74  0.2668   20.000
        106.0976      -74.76  0.2668   20.000
        106.1279      -74.78  0.2667   20.000
        106.1673      -74.81  0.2667   20.000
        106.2185      -74.85  0.2666   20.000
        106.2850      -74.89  0.2666   20.000
        106.3744      -74.96  0.2665   20.000
        106.4787      -75.03  0.2664   20.000
        106.6090      -75.12  0.2663   20.000
        106.8045      -75.27  0.2661   20.000
        107.0000      -75.41  0.2659   20.000
        107.0010      -75.41  0.2659   20.000
        107.0023      -75.41  0.2659   20.000
        107.0040      -75.41  0.2659   20.000
        107.0062      -75.41  0.2659   20.000
        107.0090      -75.41  0.2659   20.000
        107.0128      -75.41  0.2659   20.000
        107.0176      -75.42  0.2659   20.000
        107.0239      -75.42  0.2659   20.000
        107.0320      -75.43  0.2659   20.000
        107.0426      -75.44  0.2659   20.000
        107.0564      -75.45  0.2659   20.000
        107.0743      -75.46  0.2658   20.000
        107.0976      -75.48  0.2658   20.000
        107.1279      -75.50  0.2658   20.000
        107.1673      -75.53  0.2658   20.000
        107.2185      -75.56  0.2657   20.000
        107.2850      -75.61  0.2656   20.000
        107.3744      -75.69  0.2656   20.000
        107.4787      -75.78  0.2655   20.000
        107.6090      -75.90  0.2654   20.000
        107.8045      -76.06  0.2652   20.000
        108.0000      -76.22  0.2650   20.000
        108.0010      -76.22  0.2650   20.000
        108.0023      -76.22  0.2650   20.000
        108.0040      -76.23  0.2650   20.000
        108.0062      -76.23  0.2650   20.000
        108.0090      -76.23  0.2650   20.000
        108.0128      -76.23  0.2650   20.000
        108.0176      -76.24  0.2650   20.000
        108.0239      -76.24  0.2650   20.000
        108.0320      -76.25  0.2650   20.000
        108.0426      -76.26  0.2650   20.000
        108.0564      -76.27  0.2650   20.000
        108.0743      -76.28  0.2650   20.000
        108.0976      -76.30  0.2649   20.000
        108.1279      -76.33  0.2649   20.000
        108.1673      -76.36  0.2649   20.000
        108.2185      -76.40  0.2648   20.000
        108.2850      -76.46  0.2648   20.000
        108.3744      -76.53  0.2647   20.000
        108.4787      -76.62  0.2646   20.000
        108.6090      -76.72  0.2645   20.000
        108.8045      -76.88  0.2644   20.000
        109.0000      -77.04  0.2642   20.000
        109.2500      -77.25  0.2640   20.000
        109.6250      -77.55  0.2637   20.000
        110.0000      -77.83  0.2634   20.000
        110.5000      -78.17  0.2631   20.000
        111.0000      -78.47  0.2628   20.000
        111.5000      -78.70  0.2626   20.000
        112.0000      -78.87  0.2624   20.000
        112.0010      -78.88  0.2624   20.000
        112.0023      -78.88  0.2624   20.000
        112.0040      -78.88  0.2624   20.000
        112.0062      -78.88  0.2624   20.000
        112.0090      -78.88  0.2624   20.000
        112.0128      -78.88  0.2624   20.000
        112.0176      -78.88  0.2624   20.000
        112.0239      -78.88  0.2624   20.000
        112.0320      -78.89  0.2624   20.000
        112.0426      -78.89  0.2624   20.000
        112.0564      -78.89  0.2624   20.000
        112.0743      -78.90  0.2624   20.000
        112.0976      -78.91  0.2624   20.000
        112.1279      -78.92  0.2624   20.000
        112.1673      -78.93  0.2623   20.000
        112.2185      -78.94  0.2623   20.000
        112.2850      -78.96  0.2623   20.000
        112.3744      -78.98  0.2623   20.000
        112.4787      -79.01  0.2623   20.000
        112.6090      -79.03  0.2622   20.000
        112.8045      -79.06  0.2622   20.000
        113.0000      -79.08  0.2622   20.000
        113.0010      -79.08  0.2622   20.000
        113.0023      -79.08  0.2622   20.000
        113.0040      -79.08  0.2622   20.000
        113.0062      -79.08  0.2622   20.000
        113.0090      -79.08  0.2622   20.000
        113.0128      -79.08  0.2622   20.000
        113.0176      -79.08  0.2622   20.000
        113.0239      -79.08  0.2622   20.000
        113.0320      -79.08  0.2622   20.000
        113.0426      -79.08  0.2622   20.000
        113.0564      -79.08  0.2622   20.000
        113.0743      -79.08  0.2622   20.000
        113.0976      -79.09  0.2622   20.000
        113.1279      -79.09  0.2622   20.000
        113.1673      -79.09  0.2622   20.000
        113.2185      -79.09  0.2622   20.000
        113.2850      -79.09  0.2622   20.000
        113.3744      -79.09  0.2622   20.000
        113.4787      -79.09  0.2622   20.000
        113.6090      -79.09  0.2622   20.000
        113.8045      -79.08  0.2622   20.000
        114.0000      -79.06  0.2622   20.000
        114.0010      -79.06  0.2622   20.000
        114.0023      -79.06  0.2622   20.000
        114.0040      -79.06  0.2622   20.000
        114.0062      -79.06  0.2622   20.000
        114.0090      -79.06  0.2622   20.000
        114.0128      -79.06  0.2622   20.000
        114.0176      -79.06  0.2622   20.000
        114.0239      -79.06  0.2622   20.000
        114.0320      -79.06  0.2622   20.000
        114.0426      -79.05  0.2622   20.000
        114.0564      -79.05  0.2622   20.000
        114.0743      -79.05  0.2622   20.000
        114.0976      -79.05  0.2622   20.000
        114.1279      -79.05  0.2622   20.000
        114.1673      -79.04  0.2622   20.000
        114.2185      -79.03  0.2622   20.000
        114.2850      -79.03  0.2622   20.000
        114.3744      -79.01  0.2623   20.000
        114.4787      -79.00  0.2623   20.000
        114.6090      -78.98  0.2623   20.000
        114.8045      -78.95  0.2623   20.000
        115.0000      -78.91  0.2624   20.000
        115.0010      -78.91  0.2624   20.000
        115.0023      -78.91  0.2624   20.000
        115.0040      -78.91  0.2624   20.000
        115.0062      -78.91  0.2624   20.000
        115.0090      -78.91  0.2624   20.000
        115.0128      -78.91  0.2624   20.000
        115.0176      -78.91  0.2624   20.000
        115.0239      -78.91  0.2624   20.000
        115.0320      -78.90  0.2624   20.000
        115.0426      -78.90  0.2624   20.000
        115.0564      -78.90  0.2624   20.000
        115.0743      -78.90  0.2624   20.000
        115.0976      -78.89  0.2624   20.000
        115.1279      -78.89  0.2624   20.000
        115.1673      -78.88  0.2624   20.000
        115.2185      -78.87  0.2624   20.000
        115.2850      -78.86  0.2624   20.000
        115.3744      -78.84  0.2624   20.000
        115.4787      -78.82  0.2624   20.000
        115.6090      -78.79  0.2625   20.000
        115.8045      -78.75  0.2625   20.000
        116.0000      -78.71  0.2626   20.000
        116.2500      -78.64  0.2626   20.000
        116.6250      -78.50  0.2628   20.000
        117.0000      -78.30  0.2630   20.000
        117.5000      -77.87  0.2634   20.000
        118.0000      -77.23  0.2640   20.000
        118.0010      -77.24  0.2640   20.000
        118.0023      -77.24  0.2640   20.000
        118.0040      -77.24  0.2640   20.000
        118.0062      -77.24  0.2640   20.000
        118.0090      -77.23  0.2640   20.000
        118.0128      -77.23  0.2640   20.000
        118.0176      -77.22  0.2640   20.000
        118.0239      -77.21  0.2640   20.000
        118.0320      -77.20  0.2641   20.000
        118.0426      -77.19  0.2641   20.000
        118.0564      -77.17  0.2641   20.000
        118.0743      -77.15  0.2641   20.000
        118.0976      -77.12  0.2641   20.000
        118.1279      -77.07  0.2642   20.000
        118.1673      -77.02  0.2642   20.000
        118.2185      -76.95  0.2643   20.000
        118.2850      -76.85  0.2644   20.000
        118.3744      -76.71  0.2645   20.000
        118.4787      -76.53  0.2647   20.000
        118.6090      -76.31  0.2649   20.000
        118.8045      -75.93  0.2653   20.000
        119.0000      -75.55  0.2657   20.000
        119.0010      -75.55  0.2657   20.000
        119.0023      -75.55  0.2657   20.000
        119.0040      -75.55  0.2657   20.000
        119.0062      -75.54  0.2657   20.000
        119.0090      -75.54  0.2657   20.000
        119.0128      -75.53  0.2657   20.000
        119.0176      -75.52  0.2658   20.000
        119.0239      -75.51  0.2658   20.000
        119.0320      -75.50  0.2658   20.000
        119.0426      -75.48  0.2658   20.000
        119.0564      -75.46  0.2658   20.000
        119.0743      -75.43  0.2659   20.000
        119.0976      -75.39  0.2659   20.000
        119.1279      -75.33  0.2660   20.000
        119.1673      -75.26  0.2661   20.000
        119.2185      -75.16  0.2662   20.000
        119.2850      -75.03  0.2664   20.000
        119.3744      -74.84  0.2667   20.000
        119.4787      -74.62  0.2669   20.000
        119.6090      -74.32  0.2673   20.000
        119.8045      -73.87  0.2679   20.000
        120.0000      -73.40  0.2685   20.000
        120.2500      -72.78  0.2693   20.000
        120.5000      -72.17  0.2702   20.000
        120.7500      -71.55  0.2710   20.000
        121.0000      -70.94  0.2718   20.000
        121.5000      -69.76  0.2733   20.000
        122.0000      -68.65  0.2748   20.000
        122.5000      -67.61  0.2761   20.000
        123.0000      -66.67  0.2774   20.000
        124.0000      -65.31  0.2792   20.000
        125.0000      -64.43  0.2803   20.000
        126.0000      -63.98  0.2809   20.000
        127.0000      -63.93  0.2810   20.000
        128.0000      -64.21  0.2806   20.000
        129.0000      -64.68  0.2800   20.000
        130.0000      -65.33  0.2791   20.000
        131.0000      -66.11  0.2781   20.000
        132.0000      -67.00  0.2769   20.000
        133.0000      -67.95  0.2757   20.000
        133.0010      -67.95  0.2757   20.000
        133.0023      -67.95  0.2757   20.000
        133.0040      -67.95  0.2757   20.000
        133.0062      -67.96  0.2757   20.000
        133.0090      -67.96  0.2757   20.000
        133.0128      -67.96  0.2757   20.000
        133.0176      -67.97  0.2757   20.000
        133.0239      -67.97  0.2757   20.000
        133.0320      -67.98  0.2756   20.000
        133.0426      -67.99  0.2756   20.000
        133.0564      -68.00  0.2756   20.000
        133.0743      -68.02  0.2756   20.000
        133.0976      -68.04  0.2756   20.000
        133.1279      -68.07  0.2755   20.000
        133.1673      -68.11  0.2755   20.000
        133.2185      -68.16  0.2754   20.000
        133.2850      -68.23  0.2753   20.000
        133.3744      -68.31  0.2752   20.000
        133.4787      -68.42  0.2751   20.000
        133.6090      -68.54  0.2749   20.000
        133.8045      -68.74  0.2746   20.000
        134.0000      -68.94  0.2744   20.000
        134.2500      -69.19  0.2741   20.000
        134.5000      -69.45  0.2737   20.000
        134.7500      -69.71  0.2734   20.000
        135.0000      -69.97  0.2730   20.000
        135.5000      -70.51  0.2723   20.000
        136.0000      -71.04  0.2716   20.000
        136.5000      -71.58  0.2709   20.000
        137.0000      -72.12  0.2702   20.000
        137.0010      -72.13  0.2702   20.000
        137.0023      -72.13  0.2702   20.000
        137.0040      -72.13  0.2702   20.000
        137.0062      -72.13  0.2702   20.000
        137.0090      -72.13  0.2702   20.000
        137.0128      -72.14  0.2702   20.000
        137.0176      -72.14  0.2702   20.000
        137.0239      -72.15  0.2702   20.000
        137.0320      -72.16  0.2702   20.000
        137.0426      -72.17  0.2702   20.000
        137.0564      -72.19  0.2701   20.000
        137.0743      -72.20  0.2701   20.000
        137.0976      -72.23  0.2701   20.000
        137.1279      -72.26  0.2700   20.000
        137.1673      -72.31  0.2700   20.000
        137.2185      -72.36  0.2699   20.000
        137.2850      -72.43  0.2698   20.000
        137.3744      -72.53  0.2697   20.000
        137.4787      -72.64  0.2695   20.000
        137.6090      -72.78  0.2694   20.000
        137.8045      -73.00  0.2691   20.000
        138.0000      -73.21  0.2688   20.000
        138.2500      -73.48  0.2684   20.000
        138.5000      -73.75  0.2681   20.000
        138.7500      -74.02  0.2677   20.000
        139.0000      -74.29  0.2674   20.000
        139.5000      -74.81  0.2667   20.000
        140.0000      -75.34  0.2660   20.000
        140.5000      -75.91  0.2653   20.000
        141.0000      -76.52  0.2647   20.000
        142.0000      -77.71  0.2636   20.000
        142.0010      -77.71  0.2636   20.000
        142.0023      -77.71  0.2636   20.000
        142.0040      -77.71  0.2635   20.000
        142.0062      -77.71  0.2635   20.000
        142.0090      -77.72  0.2635   20.000
        142.0128      -77.72  0.2635   20.000
        142.0176      -77.73  0.2635   20.000
        142.0239      -77.74  0.2635   20.000
        142.0320      -77.74  0.2635   20.000
        142.0426      -77.76  0.2635   20.000
        142.0564      -77.77  0.2635   20.000
        142.0743      -77.79  0.2635   20.000
        142.0976      -77.82  0.2634   20.000
        142.1279      -77.86  0.2634   20.000
        142.1673      -77.90  0.2634   20.000
        142.2185      -77.96  0.2633   20.000
        142.2850      -78.04  0.2632   20.000
        142.3744      -78.15  0.2631   20.000
        142.4787      -78.27  0.2630   20.000
        142.6090      -78.42  0.2628   20.000
        142.8045      -78.65  0.2626   20.000
        143.0000      -78.88  0.2624   20.000
        143.0010      -78.88  0.2624   20.000
        143.0023      -78.88  0.2624   20.000
        143.0040      -78.88  0.2624   20.000
        143.0062      -78.88  0.2624   20.000
        143.0090      -78.89  0.2624   20.000
        143.0128      -78.89  0.2624   20.000
        143.0176      -78.90  0.2624   20.000
        143.0239      -78.90  0.2624   20.000
        143.0320      -78.91  0.2624   20.000
        143.0426      -78.92  0.2623   20.000
        143.0564      -78.94  0.2623   20.000
        143.0743      -78.96  0.2623   20.000
        143.0976      -78.99  0.2623   20.000
        143.1279      -79.02  0.2622   20.000
        143.1673      -79.07  0.2622   20.000
        143.2185      -79.13  0.2621   20.000
        143.2850      -79.21  0.2621   20.000
        143.3744      -79.31  0.2620   20.000
        143.4787      -79.43  0.2618   20.000
        143.6090      -79.58  0.2617   20.000
        143.8045      -79.80  0.2615   20.000
        144.0000      -80.02  0.2613   20.000
        144.0010      -80.03  0.2613   20.000
        144.0023      -80.03  0.2612   20.000
        144.0040      -80.03  0.2612   20.000
        144.0062      -80.03  0.2612   20.000
        144.0090      -80.03  0.2612   20.000
        144.0128      -80.04  0.2612   20.000
        144.0176      -80.04  0.2612   20.000
        144.0239      -80.05  0.2612   20.000
        144.0320      -80.06  0.2612   20.000
        144.0426      -80.07  0.2612   20.000
        144.0564      -80.09  0.2612   20.000
        144.0743      -80.11  0.2612   20.000
        144.0976      -80.14  0.2611   20.000
        144.1279      -80.17  0.2611   20.000
        144.1673      -80.21  0.2611   20.000
        144.2067      -80.26  0.2610   20.000
        144.2578      -80.32  0.2610   20.000
        144.3090      -80.38  0.2609   20.000
        144.3781      -80.45  0.2608   20.000
        144.4472      -80.53  0.2607   20.000
        144.5163      -80.61  0.2607   20.000
        144.5969      -80.70  0.2606   20.000
        144.6977      -80.82  0.2605   20.000
        144.7985      -80.93  0.2604   20.000
        144.8992      -81.04  0.2602   20.000
        145.0000      -81.16  0.2601   20.000
        145.0010      -81.16  0.2601   20.000
        145.0023      -81.16  0.2601   20.000
        145.0040      -81.16  0.2601   20.000
        145.0062      -81.16  0.2601   20.000
        145.0090      -81.17  0.2601   20.000
        145.0128      -81.17  0.2601   20.000
        145.0176      -81.18  0.2601   20.000
        145.0239      -81.18  0.2601   20.000
        145.0320      -81.19  0.2601   20.000
        145.0426      -81.20  0.2601   20.000
        145.0564      -81.22  0.2601   20.000
        145.0743      -81.24  0.2600   20.000
        145.0976      -81.26  0.2600   20.000
        145.1279      -81.30  0.2600   20.000
        145.1673      -81.34  0.2599   20.000
        145.2185      -81.40  0.2599   20.000
        145.2850      -81.47  0.2598   20.000
        145.3744      -81.57  0.2597   20.000
        145.4787      -81.69  0.2596   20.000
        145.6090      -81.84  0.2595   20.000
        145.8045      -82.05  0.2592   20.000
        146.0000      -82.27  0.2590   20.000
        146.0010      -82.27  0.2590   20.000
        146.0023      -82.27  0.2590   20.000
        146.0040      -82.27  0.2590   20.000
        146.0062      -82.27  0.2590   20.000
        146.0090      -82.28  0.2590   20.000
        146.0128      -82.28  0.2590   20.000
        146.0176      -82.29  0.2590   20.000
        146.0239      -82.29  0.2590   20.000
        146.0320      -82.30  0.2590   20.000
        146.0426      -82.32  0.2590   20.000
        146.0564      -82.33  0.2590   20.000
        146.0743      -82.35  0.2589   20.000
        146.0976      -82.38  0.2589   20.000
        146.1279      -82.41  0.2589   20.000
        146.1673      -82.45  0.2588   20.000
        146.2185      -82.51  0.2588   20.000
        146.2850      -82.58  0.2587   20.000
        146.3744      -82.68  0.2586   20.000
        146.4787      -82.79  0.2585   20.000
        146.6090      -82.94  0.2584   20.000
        146.8045      -83.15  0.2581   20.000
        147.0000      -83.36  0.2579   20.000
        147.0010      -83.36  0.2579   20.000
        147.0023      -83.36  0.2579   20.000
        147.0040      -83.36  0.2579   20.000
        147.0062      -83.36  0.2579   20.000
        147.0090      -83.37  0.2579   20.000
        147.0128      -83.37  0.2579   20.000
        147.0176      -83.37  0.2579   20.000
        147.0239      -83.38  0.2579   20.000
        147.0320      -83.39  0.2579   20.000
        147.0426      -83.40  0.2579   20.000
        147.0564      -83.42  0.2579   20.000
        147.0743      -83.44  0.2579   20.000
        147.0976      -83.46  0.2578   20.000
        147.1279      -83.49  0.2578   20.000
        147.1673      -83.53  0.2578   20.000
        147.2185      -83.59  0.2577   20.000
        147.2850      -83.66  0.2576   20.000
        147.3744      -83.75  0.2576   20.000
        147.4787      -83.86  0.2574   20.000
        147.6090      -83.99  0.2573   20.000
        147.8045      -84.17  0.2571   20.000
        148.0000      -84.35  0.2570   20.000
        148.2500      -84.54  0.2568   20.000
        148.5000      -84.70  0.2566   20.000
        148.7500      -84.82  0.2565   20.000
        149.0000      -84.89  0.2564   20.000
        149.5000      -84.79  0.2565   20.000
        150.0000      -84.41  0.2569   20.000
        150.5000      -83.80  0.2575   20.000
        151.0000      -82.96  0.2583   20.000
        152.0000      -80.84  0.2605   20.000
        153.0000      -78.63  0.2626   20.000
        153.0010      -78.62  0.2626   20.000
        153.0023      -78.62  0.2627   20.000
        153.0040      -78.61  0.2627   20.000
        153.0062      -78.61  0.2627   20.000
        153.0090      -78.60  0.2627   20.000
        153.0128      -78.59  0.2627   20.000
        153.0176      -78.58  0.2627   20.000
        153.0239      -78.57  0.2627   20.000
        153.0320      -78.55  0.2627   20.000
        153.0426      -78.53  0.2627   20.000
        153.0564      -78.50  0.2628   20.000
        153.0743      -78.46  0.2628   20.000
        153.0976      -78.40  0.2629   20.000
        153.1279      -78.34  0.2629   20.000
        153.1673      -78.25  0.2630   20.000
        153.2185      -78.14  0.2631   20.000
        153.2850      -77.99  0.2633   20.000
        153.3744      -77.79  0.2635   20.000
        153.4787      -77.57  0.2637   20.000
        153.6090      -77.29  0.2640   20.000
        153.8045      -76.88  0.2644   20.000
        154.0000      -76.48  0.2648   20.000
        154.0010      -76.48  0.2648   20.000
        154.0023      -76.48  0.2648   20.000
        154.0040      -76.47  0.2648   20.000
        154.0062      -76.47  0.2648   20.000
        154.0090      -76.46  0.2648   20.000
        154.0128      -76.46  0.2648   20.000
        154.0176      -76.45  0.2648   20.000
        154.0239      -76.43  0.2648   20.000
        154.0320      -76.42  0.2648   20.000
        154.0426      -76.40  0.2649   20.000
        154.0564      -76.37  0.2649   20.000
        154.0743      -76.33  0.2649   20.000
        154.0976      -76.29  0.2650   20.000
        154.1279      -76.23  0.2650   20.000
        154.1673      -76.15  0.2651   20.000
        154.2185      -76.05  0.2652   20.000
        154.2850      -75.92  0.2653   20.000
        154.3744      -75.76  0.2655   20.000
        154.4787      -75.59  0.2657   20.000
        154.6090      -75.40  0.2659   20.000
        154.8045      -75.12  0.2663   20.000
        155.0000      -74.85  0.2667   20.000
        155.0010      -74.84  0.2667   20.000
        155.0023      -74.84  0.2667   20.000
        155.0040      -74.84  0.2667   20.000
        155.0062      -74.84  0.2667   20.000
        155.0090      -74.83  0.2667   20.000
        155.0128      -74.83  0.2667   20.000
        155.0176      -74.82  0.2667   20.000
        155.0239      -74.81  0.2667   20.000
        155.0320      -74.80  0.2667   20.000
        155.0426      -74.79  0.2667   20.000
        155.0564      -74.77  0.2668   20.000
        155.0743      -74.74  0.2668   20.000
        155.0976      -74.71  0.2668   20.000
        155.1279      -74.67  0.2669   20.000
        155.1673      -74.62  0.2669   20.000
        155.2185      -74.55  0.2670   20.000
        155.2850      -74.47  0.2671   20.000
        155.3744      -74.35  0.2673   20.000
        155.4787      -74.23  0.2675   20.000
        155.6090      -74.08  0.2677   20.000
        155.8045      -73.87  0.2679   20.000
        156.0000      -73.66  0.2682   20.000
        156.2500      -73.41  0.2685   20.000
        156.5000      -73.14  0.2689   20.000
        156.7500      -72.84  0.2693   20.000
        157.0000      -72.49  0.2697   20.000
        157.0010      -72.50  0.2697   20.000
        157.0023      -72.49  0.2697   20.000
        157.0040      -72.49  0.2697   20.000
        157.0062      -72.49  0.2697   20.000
        157.0090      -72.49  0.2697   20.000
        157.0128      -72.48  0.2697   20.000
        157.0176      -72.47  0.2698   20.000
        157.0239      -72.47  0.2698   20.000
        157.0320      -72.45  0.2698   20.000
        157.0426      -72.44  0.2698   20.000
        157.0564      -72.42  0.2698   20.000
        157.0743      -72.39  0.2699   20.000
        157.0976      -72.36  0.2699   20.000
        157.1279      -72.32  0.2700   20.000
        157.1673      -72.26  0.2700   20.000
        157.2185      -72.18  0.2701   20.000
        157.2850      -72.07  0.2703   20.000
        157.3744      -71.92  0.2705   20.000
        157.4787      -71.73  0.2707   20.000
        157.6090      -71.48  0.2711   20.000
        157.8045      -71.05  0.2716   20.000
        158.0000      -70.58  0.2722   20.000
        158.0010      -70.59  0.2722   20.000
        158.0023      -70.58  0.2722   20.000
        158.0040      -70.58  0.2722   20.000
        158.0062      -70.57  0.2722   20.000
        158.0090      -70.57  0.2723   20.000
        158.0128      -70.56  0.2723   20.000
        158.0176      -70.55  0.2723   20.000
        158.0239      -70.53  0.2723   20.000
        158.0320      -70.51  0.2723   20.000
        158.0426      -70.48  0.2724   20.000
        158.0564      -70.45  0.2724   20.000
        158.0743      -70.41  0.2725   20.000
        158.0976      -70.35  0.2725   20.000
        158.1279      -70.27  0.2726   20.000
        158.1673      -70.17  0.2728   20.000
        158.2185      -70.04  0.2729   20.000
        158.2850      -69.86  0.2732   20.000
        158.3744      -69.62  0.2735   20.000
        158.4787      -69.33  0.2739   20.000
        158.6090      -68.95  0.2744   20.000
        158.8045      -68.37  0.2751   20.000
        159.0000      -67.78  0.2759   20.000
        159.0010      -67.78  0.2759   20.000
        159.0023      -67.78  0.2759   20.000
        159.0040      -67.77  0.2759   20.000
        159.0062      -67.77  0.2759   20.000
        159.0090      -67.76  0.2759   20.000
        159.0128      -67.75  0.2759   20.000
        159.0176      -67.73  0.2760   20.000
        159.0239      -67.71  0.2760   20.000
        159.0320      -67.69  0.2760   20.000
        159.0426      -67.66  0.2761   20.000
        159.0564      -67.61  0.2761   20.000
        159.0743      -67.56  0.2762   20.000
        159.0976      -67.49  0.2763   20.000
        159.1279      -67.40  0.2764   20.000
        159.1673      -67.28  0.2766   20.000
        159.2185      -67.12  0.2768   20.000
        159.2850      -66.92  0.2770   20.000
        159.3744      -66.64  0.2774   20.000
        159.4787      -66.32  0.2778   20.000
        159.6090      -65.92  0.2783   20.000
        159.8045      -65.30  0.2792   20.000
        160.0000      -64.68  0.2800   20.000
        160.2500      -63.87  0.2810   20.000
        160.6250      -62.60  0.2827   20.000
        161.0000      -61.31  0.2844   20.000
        161.0010      -61.31  0.2844   20.000
        161.0023      -61.30  0.2844   20.000
        161.0040      -61.30  0.2844   20.000
        161.0062      -61.29  0.2844   20.000
        161.0090      -61.28  0.2844   20.000
        161.0128      -61.27  0.2844   20.000
        161.0176      -61.25  0.2845   20.000
        161.0239      -61.23  0.2845   20.000
        161.0320      -61.20  0.2845   20.000
        161.0426      -61.16  0.2846   20.000
        161.0564      -61.11  0.2846   20.000
        161.0743      -61.05  0.2847   20.000
        161.0976      -60.97  0.2848   20.000
        161.1279      -60.87  0.2850   20.000
        161.1673      -60.73  0.2851   20.000
        161.2185      -60.56  0.2854   20.000
        161.2850      -60.33  0.2857   20.000
        161.3744      -60.03  0.2861   20.000
        161.4787      -59.73  0.2865   20.000
        161.6090      -59.36  0.2872   20.000
        161.8045      -58.82  0.2881   20.000
        162.0000      -58.30  0.2889   20.000
        162.2500      -57.71  0.2899   20.000
        162.5000      -57.19  0.2908   20.000
        162.7500      -56.74  0.2916   20.000
        163.0000      -56.35  0.2922   20.000
        163.0010      -56.35  0.2922   20.000
        163.0023      -56.34  0.2922   20.000
        163.0040      -56.34  0.2922   20.000
        163.0062      -56.34  0.2922   20.000
        163.0090      -56.33  0.2922   20.000
        163.0128      -56.33  0.2922   20.000
        163.0176      -56.32  0.2923   20.000
        163.0239      -56.31  0.2923   20.000
        163.0320      -56.30  0.2923   20.000
        163.0426      -56.28  0.2923   20.000
        163.0564      -56.26  0.2924   20.000
        163.0743      -56.24  0.2924   20.000
        163.0976      -56.20  0.2925   20.000
        163.1279      -56.16  0.2925   20.000
        163.1673      -56.11  0.2926   20.000
        163.2185      -56.04  0.2927   20.000
        163.2850      -55.95  0.2929   20.000
        163.3744      -55.85  0.2931   20.000
        163.4787      -55.74  0.2932   20.000
        163.6090      -55.61  0.2935   20.000
        163.8045      -55.45  0.2937   20.000
        164.0000      -55.32  0.2939   20.000
end
