 ******* Program HYDRUS
 ******* 
 Oefening 1                                                              
 Date:   3. 5.    Time:   9:11:49
 Units: L = cm   , T = days , M = mmol 
 
 CosAlf,MaxIt,TolTh,  TolH
 1.000   10   0.001 1.00000
 
 TopInF,BotInF,AtmBC,SinkF,WLayer,qGWLF,FreeD,SeepF,lWat,lChem,lTemp,lRoot,lWDep
     F     F     F     F     F     F     F     T     T     F     F     F     F

Nodal point information

node      x         hOld    MatN LayN  Beta      Ah       AK      ATh     Temp    Conc(1...NS)         Sorb(1...NS)

   1      0.000     10.000    1    1   0.000    1.000    1.000    1.000
   2     -1.000      9.900    1    1   0.000    1.000    1.000    1.000
   3     -2.000      9.800    1    1   0.000    1.000    1.000    1.000
   4     -3.000      9.700    1    1   0.000    1.000    1.000    1.000
   5     -4.000      9.600    1    1   0.000    1.000    1.000    1.000
   6     -5.000      9.500    1    1   0.000    1.000    1.000    1.000
   7     -6.000      9.400    1    1   0.000    1.000    1.000    1.000
   8     -7.000      9.300    1    1   0.000    1.000    1.000    1.000
   9     -8.000      9.200    1    1   0.000    1.000    1.000    1.000
  10     -9.000      9.100    1    1   0.000    1.000    1.000    1.000
  11    -10.000      9.000    1    1   0.000    1.000    1.000    1.000
  12    -11.000      8.900    1    1   0.000    1.000    1.000    1.000
  13    -12.000      8.800    1    1   0.000    1.000    1.000    1.000
  14    -13.000      8.700    1    1   0.000    1.000    1.000    1.000
  15    -14.000      8.600    1    1   0.000    1.000    1.000    1.000
  16    -15.000      8.500    1    1   0.000    1.000    1.000    1.000
  17    -16.000      8.400    1    1   0.000    1.000    1.000    1.000
  18    -17.000      8.300    1    1   0.000    1.000    1.000    1.000
  19    -18.000      8.200    1    1   0.000    1.000    1.000    1.000
  20    -19.000      8.100    1    1   0.000    1.000    1.000    1.000
  21    -20.000      8.000    1    1   0.000    1.000    1.000    1.000
  22    -21.000      7.900    1    1   0.000    1.000    1.000    1.000
  23    -22.000      7.800    1    1   0.000    1.000    1.000    1.000
  24    -23.000      7.700    1    1   0.000    1.000    1.000    1.000
  25    -24.000      7.600    1    1   0.000    1.000    1.000    1.000
  26    -25.000      7.500    1    1   0.000    1.000    1.000    1.000
  27    -26.000      7.400    1    1   0.000    1.000    1.000    1.000
  28    -27.000      7.300    1    1   0.000    1.000    1.000    1.000
  29    -28.000      7.200    1    1   0.000    1.000    1.000    1.000
  30    -29.000      7.100    1    1   0.000    1.000    1.000    1.000
  31    -30.000      7.000    1    1   0.000    1.000    1.000    1.000
  32    -31.000      6.900    1    1   0.000    1.000    1.000    1.000
  33    -32.000      6.800    1    1   0.000    1.000    1.000    1.000
  34    -33.000      6.700    1    1   0.000    1.000    1.000    1.000
  35    -34.000      6.600    1    1   0.000    1.000    1.000    1.000
  36    -35.000      6.500    1    1   0.000    1.000    1.000    1.000
  37    -36.000      6.400    1    1   0.000    1.000    1.000    1.000
  38    -37.000      6.300    1    1   0.000    1.000    1.000    1.000
  39    -38.000      6.200    1    1   0.000    1.000    1.000    1.000
  40    -39.000      6.100    1    1   0.000    1.000    1.000    1.000
  41    -40.000      6.000    1    1   0.000    1.000    1.000    1.000
  42    -41.000      5.900    1    1   0.000    1.000    1.000    1.000
  43    -42.000      5.800    1    1   0.000    1.000    1.000    1.000
  44    -43.000      5.700    1    1   0.000    1.000    1.000    1.000
  45    -44.000      5.600    1    1   0.000    1.000    1.000    1.000
  46    -45.000      5.500    1    1   0.000    1.000    1.000    1.000
  47    -46.000      5.400    1    1   0.000    1.000    1.000    1.000
  48    -47.000      5.300    1    1   0.000    1.000    1.000    1.000
  49    -48.000      5.200    1    1   0.000    1.000    1.000    1.000
  50    -49.000      5.100    1    1   0.000    1.000    1.000    1.000
  51    -50.000      5.000    1    1   0.000    1.000    1.000    1.000
  52    -51.000      4.900    1    1   0.000    1.000    1.000    1.000
  53    -52.000      4.800    1    1   0.000    1.000    1.000    1.000
  54    -53.000      4.700    1    1   0.000    1.000    1.000    1.000
  55    -54.000      4.600    1    1   0.000    1.000    1.000    1.000
  56    -55.000      4.500    1    1   0.000    1.000    1.000    1.000
  57    -56.000      4.400    1    1   0.000    1.000    1.000    1.000
  58    -57.000      4.300    1    1   0.000    1.000    1.000    1.000
  59    -58.000      4.200    1    1   0.000    1.000    1.000    1.000
  60    -59.000      4.100    1    1   0.000    1.000    1.000    1.000
  61    -60.000      4.000    1    1   0.000    1.000    1.000    1.000
  62    -61.000      3.900    1    1   0.000    1.000    1.000    1.000
  63    -62.000      3.800    1    1   0.000    1.000    1.000    1.000
  64    -63.000      3.700    1    1   0.000    1.000    1.000    1.000
  65    -64.000      3.600    1    1   0.000    1.000    1.000    1.000
  66    -65.000      3.500    1    1   0.000    1.000    1.000    1.000
  67    -66.000      3.400    1    1   0.000    1.000    1.000    1.000
  68    -67.000      3.300    1    1   0.000    1.000    1.000    1.000
  69    -68.000      3.200    1    1   0.000    1.000    1.000    1.000
  70    -69.000      3.100    1    1   0.000    1.000    1.000    1.000
  71    -70.000      3.000    1    1   0.000    1.000    1.000    1.000
  72    -71.000      2.900    1    1   0.000    1.000    1.000    1.000
  73    -72.000      2.800    1    1   0.000    1.000    1.000    1.000
  74    -73.000      2.700    1    1   0.000    1.000    1.000    1.000
  75    -74.000      2.600    1    1   0.000    1.000    1.000    1.000
  76    -75.000      2.500    1    1   0.000    1.000    1.000    1.000
  77    -76.000      2.400    1    1   0.000    1.000    1.000    1.000
  78    -77.000      2.300    1    1   0.000    1.000    1.000    1.000
  79    -78.000      2.200    1    1   0.000    1.000    1.000    1.000
  80    -79.000      2.100    1    1   0.000    1.000    1.000    1.000
  81    -80.000      2.000    1    1   0.000    1.000    1.000    1.000
  82    -81.000      1.900    1    1   0.000    1.000    1.000    1.000
  83    -82.000      1.800    1    1   0.000    1.000    1.000    1.000
  84    -83.000      1.700    1    1   0.000    1.000    1.000    1.000
  85    -84.000      1.600    1    1   0.000    1.000    1.000    1.000
  86    -85.000      1.500    1    1   0.000    1.000    1.000    1.000
  87    -86.000      1.400    1    1   0.000    1.000    1.000    1.000
  88    -87.000      1.300    1    1   0.000    1.000    1.000    1.000
  89    -88.000      1.200    1    1   0.000    1.000    1.000    1.000
  90    -89.000      1.100    1    1   0.000    1.000    1.000    1.000
  91    -90.000      1.000    1    1   0.000    1.000    1.000    1.000
  92    -91.000      0.900    1    1   0.000    1.000    1.000    1.000
  93    -92.000      0.800    1    1   0.000    1.000    1.000    1.000
  94    -93.000      0.700    1    1   0.000    1.000    1.000    1.000
  95    -94.000      0.600    1    1   0.000    1.000    1.000    1.000
  96    -95.000      0.500    1    1   0.000    1.000    1.000    1.000
  97    -96.000      0.400    1    1   0.000    1.000    1.000    1.000
  98    -97.000      0.300    1    1   0.000    1.000    1.000    1.000
  99    -98.000      0.200    1    1   0.000    1.000    1.000    1.000
 100    -99.000      0.100    1    1   0.000    1.000    1.000    1.000
 101   -100.000      0.000    1    1   0.000    1.000    1.000    1.000
end

 Number of species in the chain :   0


MatNum, Param. array:

   Mat     Qr     Qs        Alfa         n          Ks      l

    1    0.078  0.430   0.360E-01   0.156E+01   0.800E+01  0.500

       Table of Hydraulic Properties which are interpolated in simulation
       =================================================================

  theta         h        log h        C             K        log K          S          Kv
 
  0.4300  -0.100E-05 -0.6000E+01  0.4815E-06  0.7999E+01  0.9030E+00    1.0000  0.0000E+00
  0.4300  -0.126E-05 -0.5899E+01  0.5484E-06  0.7999E+01  0.9030E+00    1.0000  0.0000E+00
  0.4300  -0.159E-05 -0.5798E+01  0.6247E-06  0.7999E+01  0.9030E+00    1.0000  0.0000E+00
  0.4300  -0.201E-05 -0.5697E+01  0.7116E-06  0.7998E+01  0.9030E+00    1.0000  0.0000E+00
  0.4300  -0.254E-05 -0.5596E+01  0.8106E-06  0.7998E+01  0.9030E+00    1.0000  0.0000E+00
  0.4300  -0.320E-05 -0.5495E+01  0.9234E-06  0.7998E+01  0.9030E+00    1.0000  0.0000E+00
  0.4300  -0.404E-05 -0.5394E+01  0.1052E-05  0.7998E+01  0.9030E+00    1.0000  0.0000E+00
  0.4300  -0.509E-05 -0.5293E+01  0.1198E-05  0.7997E+01  0.9029E+00    1.0000  0.0000E+00
  0.4300  -0.643E-05 -0.5192E+01  0.1365E-05  0.7997E+01  0.9029E+00    1.0000  0.0000E+00
  0.4300  -0.811E-05 -0.5091E+01  0.1555E-05  0.7996E+01  0.9029E+00    1.0000  0.0000E+00
  0.4300  -0.102E-04 -0.4990E+01  0.1771E-05  0.7996E+01  0.9029E+00    1.0000  0.0000E+00
  0.4300  -0.129E-04 -0.4889E+01  0.2017E-05  0.7995E+01  0.9028E+00    1.0000  0.0000E+00
  0.4300  -0.163E-04 -0.4788E+01  0.2298E-05  0.7995E+01  0.9028E+00    1.0000  0.0000E+00
  0.4300  -0.206E-04 -0.4687E+01  0.2618E-05  0.7994E+01  0.9028E+00    1.0000  0.0000E+00
  0.4300  -0.260E-04 -0.4586E+01  0.2982E-05  0.7993E+01  0.9027E+00    1.0000  0.0000E+00
  0.4300  -0.327E-04 -0.4485E+01  0.3397E-05  0.7992E+01  0.9027E+00    1.0000  0.0000E+00
  0.4300  -0.413E-04 -0.4384E+01  0.3869E-05  0.7991E+01  0.9026E+00    1.0000  0.0000E+00
  0.4300  -0.521E-04 -0.4283E+01  0.4407E-05  0.7990E+01  0.9026E+00    1.0000  0.0000E+00
  0.4300  -0.658E-04 -0.4182E+01  0.5020E-05  0.7989E+01  0.9025E+00    1.0000  0.0000E+00
  0.4300  -0.830E-04 -0.4081E+01  0.5719E-05  0.7987E+01  0.9024E+00    1.0000  0.0000E+00
  0.4300  -0.105E-03 -0.3980E+01  0.6514E-05  0.7985E+01  0.9023E+00    1.0000  0.0000E+00
  0.4300  -0.132E-03 -0.3879E+01  0.7421E-05  0.7983E+01  0.9022E+00    1.0000  0.0000E+00
  0.4300  -0.167E-03 -0.3778E+01  0.8453E-05  0.7981E+01  0.9021E+00    1.0000  0.0000E+00
  0.4300  -0.210E-03 -0.3677E+01  0.9629E-05  0.7978E+01  0.9019E+00    1.0000  0.0000E+00
  0.4300  -0.266E-03 -0.3576E+01  0.1097E-04  0.7975E+01  0.9017E+00    1.0000  0.0000E+00
  0.4300  -0.335E-03 -0.3475E+01  0.1249E-04  0.7972E+01  0.9016E+00    1.0000  0.0000E+00
  0.4300  -0.423E-03 -0.3374E+01  0.1423E-04  0.7968E+01  0.9013E+00    1.0000  0.0000E+00
  0.4300  -0.534E-03 -0.3273E+01  0.1621E-04  0.7963E+01  0.9011E+00    1.0000  0.0000E+00
  0.4300  -0.673E-03 -0.3172E+01  0.1847E-04  0.7958E+01  0.9008E+00    1.0000  0.0000E+00
  0.4300  -0.850E-03 -0.3071E+01  0.2104E-04  0.7953E+01  0.9005E+00    1.0000  0.0000E+00
  0.4300  -0.107E-02 -0.2970E+01  0.2396E-04  0.7946E+01  0.9002E+00    1.0000  0.1176E-30
  0.4300  -0.135E-02 -0.2869E+01  0.2730E-04  0.7939E+01  0.8997E+00    1.0000  0.1176E-30
  0.4300  -0.171E-02 -0.2768E+01  0.3109E-04  0.7930E+01  0.8993E+00    1.0000  0.1176E-30
  0.4300  -0.215E-02 -0.2667E+01  0.3542E-04  0.7920E+01  0.8987E+00    1.0000  0.1185E-29
  0.4300  -0.272E-02 -0.2566E+01  0.4035E-04  0.7909E+01  0.8981E+00    1.0000  0.1185E-29
  0.4300  -0.343E-02 -0.2465E+01  0.4596E-04  0.7897E+01  0.8974E+00    1.0000  0.4579E-29
  0.4300  -0.433E-02 -0.2364E+01  0.5235E-04  0.7882E+01  0.8967E+00    1.0000  0.2513E-28
  0.4300  -0.546E-02 -0.2263E+01  0.5963E-04  0.7866E+01  0.8958E+00    1.0000  0.7715E-28
  0.4300  -0.689E-02 -0.2162E+01  0.6793E-04  0.7848E+01  0.8947E+00    1.0000  0.2533E-27
  0.4300  -0.870E-02 -0.2061E+01  0.7738E-04  0.7826E+01  0.8936E+00    1.0000  0.7776E-27
  0.4300  -0.110E-01 -0.1960E+01  0.8814E-04  0.7802E+01  0.8922E+00    1.0000  0.3004E-26
  0.4300  -0.138E-01 -0.1859E+01  0.1004E-03  0.7775E+01  0.8907E+00    1.0000  0.9864E-26
  0.4300  -0.175E-01 -0.1758E+01  0.1144E-03  0.7744E+01  0.8890E+00    1.0000  0.3275E-25
  0.4300  -0.221E-01 -0.1657E+01  0.1303E-03  0.7709E+01  0.8870E+00    1.0000  0.1109E-24
  0.4300  -0.278E-01 -0.1556E+01  0.1484E-03  0.7669E+01  0.8847E+00    1.0000  0.3701E-24
  0.4300  -0.351E-01 -0.1455E+01  0.1690E-03  0.7623E+01  0.8821E+00    1.0000  0.1243E-23
  0.4300  -0.443E-01 -0.1354E+01  0.1926E-03  0.7572E+01  0.8792E+00    1.0000  0.4166E-23
  0.4300  -0.559E-01 -0.1253E+01  0.2193E-03  0.7513E+01  0.8758E+00    1.0000  0.1388E-22
  0.4300  -0.705E-01 -0.1152E+01  0.2498E-03  0.7446E+01  0.8719E+00    1.0000  0.4632E-22
  0.4300  -0.890E-01 -0.1051E+01  0.2846E-03  0.7371E+01  0.8675E+00    1.0000  0.1555E-21
  0.4300  -0.112E+00 -0.9495E+00  0.3241E-03  0.7285E+01  0.8625E+00    0.9999  0.5202E-21
  0.4300  -0.142E+00 -0.8485E+00  0.3692E-03  0.7189E+01  0.8566E+00    0.9999  0.1746E-20
  0.4300  -0.179E+00 -0.7475E+00  0.4205E-03  0.7079E+01  0.8500E+00    0.9999  0.5847E-20
  0.4299  -0.226E+00 -0.6465E+00  0.4789E-03  0.6955E+01  0.8423E+00    0.9998  0.1960E-19
  0.4299  -0.285E+00 -0.5455E+00  0.5453E-03  0.6816E+01  0.8335E+00    0.9997  0.6562E-19
  0.4299  -0.359E+00 -0.4444E+00  0.6209E-03  0.6659E+01  0.8234E+00    0.9996  0.2198E-18
  0.4298  -0.453E+00 -0.3434E+00  0.7068E-03  0.6482E+01  0.8117E+00    0.9994  0.7360E-18
  0.4297  -0.572E+00 -0.2424E+00  0.8043E-03  0.6283E+01  0.7982E+00    0.9992  0.2463E-17
  0.4296  -0.722E+00 -0.1414E+00  0.9149E-03  0.6060E+01  0.7825E+00    0.9988  0.8235E-17
  0.4294  -0.911E+00 -0.4040E-01  0.1040E-02  0.5812E+01  0.7643E+00    0.9983  0.2751E-16
  0.4291  -0.115E+01  0.6061E-01  0.1181E-02  0.5536E+01  0.7432E+00    0.9975  0.9175E-16
  0.4287  -0.145E+01  0.1616E+00  0.1340E-02  0.5230E+01  0.7185E+00    0.9964  0.3054E-15
  0.4282  -0.183E+01  0.2626E+00  0.1518E-02  0.4893E+01  0.6895E+00    0.9949  0.1014E-14
  0.4274  -0.231E+01  0.3636E+00  0.1714E-02  0.4524E+01  0.6556E+00    0.9927  0.3350E-14
  0.4263  -0.292E+01  0.4646E+00  0.1930E-02  0.4125E+01  0.6155E+00    0.9896  0.1101E-13
  0.4248  -0.368E+01  0.5657E+00  0.2161E-02  0.3698E+01  0.5680E+00    0.9851  0.3585E-13
  0.4226  -0.464E+01  0.6667E+00  0.2403E-02  0.3248E+01  0.5116E+00    0.9789  0.1154E-12
  0.4195  -0.586E+01  0.7677E+00  0.2646E-02  0.2783E+01  0.4444E+00    0.9701  0.3653E-12
  0.4152  -0.739E+01  0.8687E+00  0.2875E-02  0.2314E+01  0.3643E+00    0.9581  0.1131E-11
  0.4095  -0.933E+01  0.9697E+00  0.3068E-02  0.1856E+01  0.2686E+00    0.9417  0.3393E-11
  0.4018  -0.118E+02  0.1071E+01  0.3198E-02  0.1428E+01  0.1546E+00    0.9199  0.9779E-11
  0.3919  -0.148E+02  0.1172E+01  0.3237E-02  0.1046E+01  0.1954E-01    0.8916  0.2676E-10
  0.3794  -0.187E+02  0.1273E+01  0.3162E-02  0.7261E+00 -0.1390E+00    0.8562  0.6874E-10
  0.3643  -0.236E+02  0.1374E+01  0.2967E-02  0.4757E+00 -0.3227E+00    0.8134  0.1638E-09
  0.3469  -0.298E+02  0.1475E+01  0.2664E-02  0.2937E+00 -0.5321E+00    0.7638  0.3592E-09
  0.3276  -0.376E+02  0.1576E+01  0.2288E-02  0.1712E+00 -0.7664E+00    0.7090  0.7208E-09
  0.3071  -0.475E+02  0.1677E+01  0.1884E-02  0.9470E-01 -0.1024E+01    0.6507  0.1324E-08
  0.2862  -0.599E+02  0.1778E+01  0.1494E-02  0.5003E-01 -0.1301E+01    0.5914  0.2234E-08
  0.2656  -0.756E+02  0.1879E+01  0.1148E-02  0.2545E-01 -0.1594E+01    0.5330  0.3487E-08
  0.2459  -0.955E+02  0.1980E+01  0.8598E-03  0.1256E-01 -0.1901E+01    0.4771  0.5083E-08
  0.2275  -0.120E+03  0.2081E+01  0.6311E-03  0.6056E-02 -0.2218E+01    0.4248  0.6983E-08
  0.2106  -0.152E+03  0.2182E+01  0.4564E-03  0.2870E-02 -0.2542E+01    0.3767  0.9124E-08
  0.1953  -0.192E+03  0.2283E+01  0.3264E-03  0.1343E-02 -0.2872E+01    0.3331  0.1143E-07
  0.1815  -0.242E+03  0.2384E+01  0.2315E-03  0.6227E-03 -0.3206E+01    0.2940  0.1382E-07
  0.1692  -0.305E+03  0.2485E+01  0.1633E-03  0.2868E-03 -0.3542E+01    0.2590  0.1624E-07
  0.1582  -0.385E+03  0.2586E+01  0.1147E-03  0.1315E-03 -0.3881E+01    0.2279  0.1862E-07
  0.1486  -0.486E+03  0.2687E+01  0.8034E-04  0.6009E-04 -0.4221E+01    0.2005  0.2092E-07
  0.1400  -0.614E+03  0.2788E+01  0.5616E-04  0.2740E-04 -0.4562E+01    0.1762  0.2311E-07
  0.1325  -0.774E+03  0.2889E+01  0.3920E-04  0.1247E-04 -0.4904E+01    0.1548  0.2517E-07
  0.1259  -0.977E+03  0.2990E+01  0.2733E-04  0.5670E-05 -0.5246E+01    0.1360  0.2708E-07
  0.1200  -0.123E+04  0.3091E+01  0.1905E-04  0.2576E-05 -0.5589E+01    0.1194  0.2885E-07
  0.1149  -0.156E+04  0.3192E+01  0.1326E-04  0.1170E-05 -0.5932E+01    0.1049  0.3046E-07
  0.1104  -0.196E+04  0.3293E+01  0.9236E-05  0.5308E-06 -0.6275E+01    0.0921  0.3193E-07
  0.1065  -0.248E+04  0.3394E+01  0.6429E-05  0.2409E-06 -0.6618E+01    0.0809  0.3325E-07
  0.1030  -0.313E+04  0.3495E+01  0.4474E-05  0.1093E-06 -0.6961E+01    0.0710  0.3444E-07
  0.0999  -0.394E+04  0.3596E+01  0.3113E-05  0.4957E-07 -0.7305E+01    0.0623  0.3550E-07
  0.0973  -0.498E+04  0.3697E+01  0.2166E-05  0.2248E-07 -0.7648E+01    0.0547  0.3644E-07
  0.0949  -0.628E+04  0.3798E+01  0.1507E-05  0.1020E-07 -0.7991E+01    0.0480  0.3727E-07
  0.0928  -0.792E+04  0.3899E+01  0.1049E-05  0.4625E-08 -0.8335E+01    0.0422  0.3800E-07
  0.0910  -0.100E+05  0.4000E+01  0.7297E-06  0.2098E-08 -0.8678E+01    0.0370  0.3862E-07
end
