 ******* Program HYDRUS
 ******* 
 Oefening 1                                                              
 Date:   3. 5.    Time:   9:11:49
 Units: L = cm   , T = days , M = mmol 

       Time          rTop        rRoot        vTop         vRoot        vBot       sum(rTop)   sum(rRoot)    sum(vTop)   sum(vRoot)    sum(vBot)      hTop         hRoot        hBot        RunOff    sum(RunOff)     Volume     sum(Infil)    sum(Evap) TLevel Cum(WTrans)  SnowLayer
        [T]         [L/T]        [L/T]        [L/T]        [L/T]        [L/T]         [L]          [L]          [L]         [L]           [L]         [L]           [L]         [L]          [L/T]         [L]          [L]          [L]          [L]

       0.0010  0.00000E+00  0.00000E+00 -0.88000E+01  0.00000E+00 -0.88000E+01  0.00000E+00  0.00000E+00 -0.88000E-02  0.00000E+00 -0.88000E-02  0.10000E+02  0.00000E+00  0.00000E+00  0.00000E+00  0.00000E+00  0.43000E+02  0.88000E-02  0.00000E+00      1  0.00000E+00      0.000
       0.0020  0.00000E+00  0.00000E+00 -0.88000E+01  0.00000E+00 -0.88000E+01  0.00000E+00  0.00000E+00 -0.17600E-01  0.00000E+00 -0.17600E-01  0.10000E+02  0.00000E+00  0.00000E+00  0.00000E+00  0.00000E+00  0.43000E+02  0.17600E-01  0.00000E+00      2  0.00000E+00      0.000
       0.0033  0.00000E+00  0.00000E+00 -0.88000E+01  0.00000E+00 -0.88000E+01  0.00000E+00  0.00000E+00 -0.29040E-01  0.00000E+00 -0.29040E-01  0.10000E+02  0.00000E+00  0.00000E+00  0.00000E+00  0.00000E+00  0.43000E+02  0.29040E-01  0.00000E+00      3  0.00000E+00      0.000
       0.0050  0.00000E+00  0.00000E+00 -0.88000E+01  0.00000E+00 -0.88000E+01  0.00000E+00  0.00000E+00 -0.43912E-01  0.00000E+00 -0.43912E-01  0.10000E+02  0.00000E+00  0.00000E+00  0.00000E+00  0.00000E+00  0.43000E+02  0.43912E-01  0.00000E+00      4  0.00000E+00      0.000
       0.0072  0.00000E+00  0.00000E+00 -0.88000E+01  0.00000E+00 -0.88000E+01  0.00000E+00  0.00000E+00 -0.63246E-01  0.00000E+00 -0.63246E-01  0.10000E+02  0.00000E+00  0.00000E+00  0.00000E+00  0.00000E+00  0.43000E+02  0.63246E-01  0.00000E+00      5  0.00000E+00      0.000
       0.0100  0.00000E+00  0.00000E+00 -0.88000E+01  0.00000E+00 -0.88000E+01  0.00000E+00  0.00000E+00 -0.88379E-01  0.00000E+00 -0.88379E-01  0.10000E+02  0.00000E+00  0.00000E+00  0.00000E+00  0.00000E+00  0.43000E+02  0.88379E-01  0.00000E+00      6  0.00000E+00      0.000
       0.0138  0.00000E+00  0.00000E+00 -0.88000E+01  0.00000E+00 -0.88000E+01  0.00000E+00  0.00000E+00 -0.12105E+00  0.00000E+00 -0.12105E+00  0.10000E+02  0.00000E+00  0.00000E+00  0.00000E+00  0.00000E+00  0.43000E+02  0.12105E+00  0.00000E+00      7  0.00000E+00      0.000
       0.0186  0.00000E+00  0.00000E+00 -0.88000E+01  0.00000E+00 -0.88000E+01  0.00000E+00  0.00000E+00 -0.16353E+00  0.00000E+00 -0.16353E+00  0.10000E+02  0.00000E+00  0.00000E+00  0.00000E+00  0.00000E+00  0.43000E+02  0.16353E+00  0.00000E+00      8  0.00000E+00      0.000
       0.0249  0.00000E+00  0.00000E+00 -0.88000E+01  0.00000E+00 -0.88000E+01  0.00000E+00  0.00000E+00 -0.21875E+00  0.00000E+00 -0.21875E+00  0.10000E+02  0.00000E+00  0.00000E+00  0.00000E+00  0.00000E+00  0.43000E+02  0.21875E+00  0.00000E+00      9  0.00000E+00      0.000
       0.0330  0.00000E+00  0.00000E+00 -0.88000E+01  0.00000E+00 -0.88000E+01  0.00000E+00  0.00000E+00 -0.29053E+00  0.00000E+00 -0.29053E+00  0.10000E+02  0.00000E+00  0.00000E+00  0.00000E+00  0.00000E+00  0.43000E+02  0.29053E+00  0.00000E+00     10  0.00000E+00      0.000
       0.0436  0.00000E+00  0.00000E+00 -0.88000E+01  0.00000E+00 -0.88000E+01  0.00000E+00  0.00000E+00 -0.38385E+00  0.00000E+00 -0.38385E+00  0.10000E+02  0.00000E+00  0.00000E+00  0.00000E+00  0.00000E+00  0.43000E+02  0.38385E+00  0.00000E+00     11  0.00000E+00      0.000
       0.0574  0.00000E+00  0.00000E+00 -0.88000E+01  0.00000E+00 -0.88000E+01  0.00000E+00  0.00000E+00 -0.50517E+00  0.00000E+00 -0.50517E+00  0.10000E+02  0.00000E+00  0.00000E+00  0.00000E+00  0.00000E+00  0.43000E+02  0.50517E+00  0.00000E+00     12  0.00000E+00      0.000
       0.0753  0.00000E+00  0.00000E+00 -0.88000E+01  0.00000E+00 -0.88000E+01  0.00000E+00  0.00000E+00 -0.66288E+00  0.00000E+00 -0.66288E+00  0.10000E+02  0.00000E+00  0.00000E+00  0.00000E+00  0.00000E+00  0.43000E+02  0.66288E+00  0.00000E+00     13  0.00000E+00      0.000
       0.0986  0.00000E+00  0.00000E+00 -0.88000E+01  0.00000E+00 -0.88000E+01  0.00000E+00  0.00000E+00 -0.86790E+00  0.00000E+00 -0.86790E+00  0.10000E+02  0.00000E+00  0.00000E+00  0.00000E+00  0.00000E+00  0.43000E+02  0.86790E+00  0.00000E+00     14  0.00000E+00      0.000
       0.1289  0.00000E+00  0.00000E+00 -0.88000E+01  0.00000E+00 -0.88000E+01  0.00000E+00  0.00000E+00 -0.11344E+01  0.00000E+00 -0.11344E+01  0.10000E+02  0.00000E+00  0.00000E+00  0.00000E+00  0.00000E+00  0.43000E+02  0.11344E+01  0.00000E+00     15  0.00000E+00      0.000
       0.1683  0.00000E+00  0.00000E+00 -0.88000E+01  0.00000E+00 -0.88000E+01  0.00000E+00  0.00000E+00 -0.14809E+01  0.00000E+00 -0.14809E+01  0.10000E+02  0.00000E+00  0.00000E+00  0.00000E+00  0.00000E+00  0.43000E+02  0.14809E+01  0.00000E+00     16  0.00000E+00      0.000
       0.2195  0.00000E+00  0.00000E+00 -0.88000E+01  0.00000E+00 -0.88000E+01  0.00000E+00  0.00000E+00 -0.19314E+01  0.00000E+00 -0.19314E+01  0.10000E+02  0.00000E+00  0.00000E+00  0.00000E+00  0.00000E+00  0.43000E+02  0.19314E+01  0.00000E+00     17  0.00000E+00      0.000
       0.2860  0.00000E+00  0.00000E+00 -0.88000E+01  0.00000E+00 -0.88000E+01  0.00000E+00  0.00000E+00 -0.25169E+01  0.00000E+00 -0.25169E+01  0.10000E+02  0.00000E+00  0.00000E+00  0.00000E+00  0.00000E+00  0.43000E+02  0.25169E+01  0.00000E+00     18  0.00000E+00      0.000
       0.3725  0.00000E+00  0.00000E+00 -0.88000E+01  0.00000E+00 -0.88000E+01  0.00000E+00  0.00000E+00 -0.32782E+01  0.00000E+00 -0.32782E+01  0.10000E+02  0.00000E+00  0.00000E+00  0.00000E+00  0.00000E+00  0.43000E+02  0.32782E+01  0.00000E+00     19  0.00000E+00      0.000
       0.4850  0.00000E+00  0.00000E+00 -0.88000E+01  0.00000E+00 -0.88000E+01  0.00000E+00  0.00000E+00 -0.42678E+01  0.00000E+00 -0.42678E+01  0.10000E+02  0.00000E+00  0.00000E+00  0.00000E+00  0.00000E+00  0.43000E+02  0.42678E+01  0.00000E+00     20  0.00000E+00      0.000
       0.6312  0.00000E+00  0.00000E+00 -0.88000E+01  0.00000E+00 -0.88000E+01  0.00000E+00  0.00000E+00 -0.55543E+01  0.00000E+00 -0.55543E+01  0.10000E+02  0.00000E+00  0.00000E+00  0.00000E+00  0.00000E+00  0.43000E+02  0.55543E+01  0.00000E+00     21  0.00000E+00      0.000
       0.8212  0.00000E+00  0.00000E+00 -0.88000E+01  0.00000E+00 -0.88000E+01  0.00000E+00  0.00000E+00 -0.72267E+01  0.00000E+00 -0.72267E+01  0.10000E+02  0.00000E+00  0.00000E+00  0.00000E+00  0.00000E+00  0.43000E+02  0.72267E+01  0.00000E+00     22  0.00000E+00      0.000
       1.0683  0.00000E+00  0.00000E+00 -0.88000E+01  0.00000E+00 -0.88000E+01  0.00000E+00  0.00000E+00 -0.94009E+01  0.00000E+00 -0.94009E+01  0.10000E+02  0.00000E+00  0.00000E+00  0.00000E+00  0.00000E+00  0.43000E+02  0.94009E+01  0.00000E+00     23  0.00000E+00      0.000
       1.3895  0.00000E+00  0.00000E+00 -0.88000E+01  0.00000E+00 -0.88000E+01  0.00000E+00  0.00000E+00 -0.12227E+02  0.00000E+00 -0.12227E+02  0.10000E+02  0.00000E+00  0.00000E+00  0.00000E+00  0.00000E+00  0.43000E+02  0.12227E+02  0.00000E+00     24  0.00000E+00      0.000
       1.8070  0.00000E+00  0.00000E+00 -0.88000E+01  0.00000E+00 -0.88000E+01  0.00000E+00  0.00000E+00 -0.15902E+02  0.00000E+00 -0.15902E+02  0.10000E+02  0.00000E+00  0.00000E+00  0.00000E+00  0.00000E+00  0.43000E+02  0.15902E+02  0.00000E+00     25  0.00000E+00      0.000
       2.3498  0.00000E+00  0.00000E+00 -0.88000E+01  0.00000E+00 -0.88000E+01  0.00000E+00  0.00000E+00 -0.20678E+02  0.00000E+00 -0.20678E+02  0.10000E+02  0.00000E+00  0.00000E+00  0.00000E+00  0.00000E+00  0.43000E+02  0.20678E+02  0.00000E+00     26  0.00000E+00      0.000
       3.0554  0.00000E+00  0.00000E+00 -0.88000E+01  0.00000E+00 -0.88000E+01  0.00000E+00  0.00000E+00 -0.26888E+02  0.00000E+00 -0.26888E+02  0.10000E+02  0.00000E+00  0.00000E+00  0.00000E+00  0.00000E+00  0.43000E+02  0.26888E+02  0.00000E+00     27  0.00000E+00      0.000
       3.9728  0.00000E+00  0.00000E+00 -0.88000E+01  0.00000E+00 -0.88000E+01  0.00000E+00  0.00000E+00 -0.34960E+02  0.00000E+00 -0.34960E+02  0.10000E+02  0.00000E+00  0.00000E+00  0.00000E+00  0.00000E+00  0.43000E+02  0.34960E+02  0.00000E+00     28  0.00000E+00      0.000
       5.1653  0.00000E+00  0.00000E+00 -0.88000E+01  0.00000E+00 -0.88000E+01  0.00000E+00  0.00000E+00 -0.45455E+02  0.00000E+00 -0.45455E+02  0.10000E+02  0.00000E+00  0.00000E+00  0.00000E+00  0.00000E+00  0.43000E+02  0.45455E+02  0.00000E+00     29  0.00000E+00      0.000
       6.7156  0.00000E+00  0.00000E+00 -0.88000E+01  0.00000E+00 -0.88000E+01  0.00000E+00  0.00000E+00 -0.59097E+02  0.00000E+00 -0.59097E+02  0.10000E+02  0.00000E+00  0.00000E+00  0.00000E+00  0.00000E+00  0.43000E+02  0.59097E+02  0.00000E+00     30  0.00000E+00      0.000
       8.7310  0.00000E+00  0.00000E+00 -0.88000E+01  0.00000E+00 -0.88000E+01  0.00000E+00  0.00000E+00 -0.76833E+02  0.00000E+00 -0.76833E+02  0.10000E+02  0.00000E+00  0.00000E+00  0.00000E+00  0.00000E+00  0.43000E+02  0.76833E+02  0.00000E+00     31  0.00000E+00      0.000
      11.3510  0.00000E+00  0.00000E+00 -0.88000E+01  0.00000E+00 -0.88000E+01  0.00000E+00  0.00000E+00 -0.99889E+02  0.00000E+00 -0.99889E+02  0.10000E+02  0.00000E+00  0.00000E+00  0.00000E+00  0.00000E+00  0.43000E+02  0.99889E+02  0.00000E+00     32  0.00000E+00      0.000
      14.7570  0.00000E+00  0.00000E+00 -0.88000E+01  0.00000E+00 -0.88000E+01  0.00000E+00  0.00000E+00 -0.12986E+03  0.00000E+00 -0.12986E+03  0.10000E+02  0.00000E+00  0.00000E+00  0.00000E+00  0.00000E+00  0.43000E+02  0.12986E+03  0.00000E+00     33  0.00000E+00      0.000
      19.1847  0.00000E+00  0.00000E+00 -0.88000E+01  0.00000E+00 -0.88000E+01  0.00000E+00  0.00000E+00 -0.16883E+03  0.00000E+00 -0.16883E+03  0.10000E+02  0.00000E+00  0.00000E+00  0.00000E+00  0.00000E+00  0.43000E+02  0.16883E+03  0.00000E+00     34  0.00000E+00      0.000
      24.1847  0.00000E+00  0.00000E+00 -0.88000E+01  0.00000E+00 -0.88000E+01  0.00000E+00  0.00000E+00 -0.21283E+03  0.00000E+00 -0.21283E+03  0.10000E+02  0.00000E+00  0.00000E+00  0.00000E+00  0.00000E+00  0.43000E+02  0.21283E+03  0.00000E+00     35  0.00000E+00      0.000
      29.1847  0.00000E+00  0.00000E+00 -0.88000E+01  0.00000E+00 -0.88000E+01  0.00000E+00  0.00000E+00 -0.25683E+03  0.00000E+00 -0.25683E+03  0.10000E+02  0.00000E+00  0.00000E+00  0.00000E+00  0.00000E+00  0.43000E+02  0.25683E+03  0.00000E+00     36  0.00000E+00      0.000
      34.1847  0.00000E+00  0.00000E+00 -0.88000E+01  0.00000E+00 -0.88000E+01  0.00000E+00  0.00000E+00 -0.30083E+03  0.00000E+00 -0.30083E+03  0.10000E+02  0.00000E+00  0.00000E+00  0.00000E+00  0.00000E+00  0.43000E+02  0.30083E+03  0.00000E+00     37  0.00000E+00      0.000
      39.1847  0.00000E+00  0.00000E+00 -0.88000E+01  0.00000E+00 -0.88000E+01  0.00000E+00  0.00000E+00 -0.34483E+03  0.00000E+00 -0.34483E+03  0.10000E+02  0.00000E+00  0.00000E+00  0.00000E+00  0.00000E+00  0.43000E+02  0.34483E+03  0.00000E+00     38  0.00000E+00      0.000
      44.1847  0.00000E+00  0.00000E+00 -0.88000E+01  0.00000E+00 -0.88000E+01  0.00000E+00  0.00000E+00 -0.38883E+03  0.00000E+00 -0.38883E+03  0.10000E+02  0.00000E+00  0.00000E+00  0.00000E+00  0.00000E+00  0.43000E+02  0.38883E+03  0.00000E+00     39  0.00000E+00      0.000
      49.1847  0.00000E+00  0.00000E+00 -0.88000E+01  0.00000E+00 -0.88000E+01  0.00000E+00  0.00000E+00 -0.43283E+03  0.00000E+00 -0.43283E+03  0.10000E+02  0.00000E+00  0.00000E+00  0.00000E+00  0.00000E+00  0.43000E+02  0.43283E+03  0.00000E+00     40  0.00000E+00      0.000
      54.1847  0.00000E+00  0.00000E+00 -0.88000E+01  0.00000E+00 -0.88000E+01  0.00000E+00  0.00000E+00 -0.47683E+03  0.00000E+00 -0.47683E+03  0.10000E+02  0.00000E+00  0.00000E+00  0.00000E+00  0.00000E+00  0.43000E+02  0.47683E+03  0.00000E+00     41  0.00000E+00      0.000
      59.1847  0.00000E+00  0.00000E+00 -0.88000E+01  0.00000E+00 -0.88000E+01  0.00000E+00  0.00000E+00 -0.52083E+03  0.00000E+00 -0.52083E+03  0.10000E+02  0.00000E+00  0.00000E+00  0.00000E+00  0.00000E+00  0.43000E+02  0.52083E+03  0.00000E+00     42  0.00000E+00      0.000
      64.1847  0.00000E+00  0.00000E+00 -0.88000E+01  0.00000E+00 -0.88000E+01  0.00000E+00  0.00000E+00 -0.56483E+03  0.00000E+00 -0.56483E+03  0.10000E+02  0.00000E+00  0.00000E+00  0.00000E+00  0.00000E+00  0.43000E+02  0.56483E+03  0.00000E+00     43  0.00000E+00      0.000
      69.1847  0.00000E+00  0.00000E+00 -0.88000E+01  0.00000E+00 -0.88000E+01  0.00000E+00  0.00000E+00 -0.60883E+03  0.00000E+00 -0.60883E+03  0.10000E+02  0.00000E+00  0.00000E+00  0.00000E+00  0.00000E+00  0.43000E+02  0.60883E+03  0.00000E+00     44  0.00000E+00      0.000
      74.1847  0.00000E+00  0.00000E+00 -0.88000E+01  0.00000E+00 -0.88000E+01  0.00000E+00  0.00000E+00 -0.65283E+03  0.00000E+00 -0.65283E+03  0.10000E+02  0.00000E+00  0.00000E+00  0.00000E+00  0.00000E+00  0.43000E+02  0.65283E+03  0.00000E+00     45  0.00000E+00      0.000
      79.1847  0.00000E+00  0.00000E+00 -0.88000E+01  0.00000E+00 -0.88000E+01  0.00000E+00  0.00000E+00 -0.69683E+03  0.00000E+00 -0.69683E+03  0.10000E+02  0.00000E+00  0.00000E+00  0.00000E+00  0.00000E+00  0.43000E+02  0.69683E+03  0.00000E+00     46  0.00000E+00      0.000
      84.1847  0.00000E+00  0.00000E+00 -0.88000E+01  0.00000E+00 -0.88000E+01  0.00000E+00  0.00000E+00 -0.74083E+03  0.00000E+00 -0.74083E+03  0.10000E+02  0.00000E+00  0.00000E+00  0.00000E+00  0.00000E+00  0.43000E+02  0.74083E+03  0.00000E+00     47  0.00000E+00      0.000
      89.1847  0.00000E+00  0.00000E+00 -0.88000E+01  0.00000E+00 -0.88000E+01  0.00000E+00  0.00000E+00 -0.78483E+03  0.00000E+00 -0.78483E+03  0.10000E+02  0.00000E+00  0.00000E+00  0.00000E+00  0.00000E+00  0.43000E+02  0.78483E+03  0.00000E+00     48  0.00000E+00      0.000
      94.1847  0.00000E+00  0.00000E+00 -0.88000E+01  0.00000E+00 -0.88000E+01  0.00000E+00  0.00000E+00 -0.82883E+03  0.00000E+00 -0.82883E+03  0.10000E+02  0.00000E+00  0.00000E+00  0.00000E+00  0.00000E+00  0.43000E+02  0.82883E+03  0.00000E+00     49  0.00000E+00      0.000
      97.0924  0.00000E+00  0.00000E+00 -0.88000E+01  0.00000E+00 -0.88000E+01  0.00000E+00  0.00000E+00 -0.85441E+03  0.00000E+00 -0.85441E+03  0.10000E+02  0.00000E+00  0.00000E+00  0.00000E+00  0.00000E+00  0.43000E+02  0.85441E+03  0.00000E+00     50  0.00000E+00      0.000
     100.0000  0.00000E+00  0.00000E+00 -0.88000E+01  0.00000E+00 -0.88000E+01  0.00000E+00  0.00000E+00 -0.88000E+03  0.00000E+00 -0.88000E+03  0.10000E+02  0.00000E+00  0.00000E+00  0.00000E+00  0.00000E+00  0.43000E+02  0.88000E+03  0.00000E+00     51  0.00000E+00      0.000
end
