

   Time         sum(rTop)     sum(rRoot)    sum(vTop)     sum(vRoot)     sum(vBot)    hTop       hRoot      hBot      A-level
    [T]           [L]           [L]           [L]           [L]            [L]        [L]         [L]       [L] 

     1.00000 -0.128000E+00  0.000000E+00 -0.128000E+00  0.000000E+00 -0.354959E-01    -85.792      0.000   -100.000       1
     2.00000 -0.820000E-01  0.000000E+00 -0.820000E-01  0.000000E+00 -0.709918E-01   -109.558      0.000   -100.000       2
     3.00000 -0.360000E-01  0.000000E+00 -0.360000E-01  0.000000E+00 -0.106488E+00   -120.194      0.000   -100.000       3
     4.00000 -0.410000E-01  0.000000E+00 -0.410000E-01  0.000000E+00 -0.141985E+00   -114.178      0.000    -99.998       4
     5.00000 -0.320000E-01  0.000000E+00 -0.320000E-01  0.000000E+00 -0.177483E+00   -118.249      0.000    -99.995       5
     6.00000  0.700001E-02  0.000000E+00  0.700000E-02  0.000000E+00 -0.212987E+00   -130.256      0.000    -99.989       6
     7.00000  0.770000E-01  0.000000E+00  0.770000E-01  0.000000E+00 -0.248495E+00   -151.866      0.000    -99.984       7
     8.00000  0.152000E+00  0.000000E+00  0.152000E+00  0.000000E+00 -0.284002E+00   -172.164      0.000    -99.991       8
     9.00000  0.223000E+00  0.000000E+00  0.223000E+00  0.000000E+00 -0.319490E+00   -189.907      0.000   -100.014       9
    10.00000  0.261000E+00  0.000000E+00  0.261000E+00  0.000000E+00 -0.354937E+00   -180.781      0.000   -100.060      10
    11.00000  0.199000E+00  0.000000E+00  0.199000E+00  0.000000E+00 -0.390358E+00   -129.823      0.000   -100.121      11
    12.00000  0.250000E+00  0.000000E+00  0.250000E+00  0.000000E+00 -0.425710E+00   -165.136      0.000   -100.215      12
    13.00000 -0.393000E+00  0.000000E+00 -0.393000E+00  0.000000E+00 -0.460977E+00    -56.389      0.000   -100.342      13
    14.00000 -0.279000E+00  0.000000E+00 -0.279000E+00  0.000000E+00 -0.496113E+00   -108.441      0.000   -100.512      14
    15.00000 -0.298500E+01  0.000000E+00 -0.298500E+01  0.000000E+00 -0.531107E+00    -20.271      0.000   -100.721      15
    16.00000 -0.404300E+01  0.000000E+00 -0.404300E+01  0.000000E+00 -0.565904E+00    -29.273      0.000   -100.972      16
    17.00000 -0.465100E+01  0.000000E+00 -0.465100E+01  0.000000E+00 -0.600491E+00    -35.679      0.000   -101.221      17
    18.00000 -0.528100E+01  0.000000E+00 -0.528100E+01  0.000000E+00 -0.635275E+00    -35.912      0.000   -100.488      18
    19.00000 -0.729800E+01  0.000000E+00 -0.729800E+01  0.000000E+00 -0.671737E+00    -21.394      0.000    -96.668      19
    20.00000 -0.889800E+01  0.000000E+00 -0.889800E+01  0.000000E+00 -0.720325E+00    -23.063      0.000    -84.086      20
    21.00000 -0.104920E+02  0.000000E+00 -0.104920E+02  0.000000E+00 -0.869910E+00    -23.021      0.000    -50.712      21
    22.00000 -0.106140E+02  0.000000E+00 -0.106140E+02  0.000000E+00 -0.147170E+01    -42.417      0.000    -31.188      22
    23.00000 -0.121020E+02  0.000000E+00 -0.121020E+02  0.000000E+00 -0.242840E+01    -25.091      0.000    -29.280      23
    24.00000 -0.134180E+02  0.000000E+00 -0.134180E+02  0.000000E+00 -0.339796E+01    -25.689      0.000    -28.929      24
    25.00000 -0.135230E+02  0.000000E+00 -0.135230E+02  0.000000E+00 -0.445955E+01    -43.976      0.000    -27.997      25
    26.00000 -0.137140E+02  0.000000E+00 -0.137140E+02  0.000000E+00 -0.547531E+01    -46.690      0.000    -29.616      26
    27.00000 -0.136780E+02  0.000000E+00 -0.136780E+02  0.000000E+00 -0.632153E+01    -58.948      0.000    -32.311      27
    28.00000 -0.136590E+02  0.000000E+00 -0.136590E+02  0.000000E+00 -0.702211E+01    -64.404      0.000    -35.191      28
    29.00000 -0.138620E+02  0.000000E+00 -0.138620E+02  0.000000E+00 -0.760417E+01    -55.588      0.000    -37.761      29
    30.00000 -0.139760E+02  0.000000E+00 -0.139760E+02  0.000000E+00 -0.810151E+01    -59.038      0.000    -40.258      30
    31.00000 -0.158580E+02  0.000000E+00 -0.158580E+02  0.000000E+00 -0.854119E+01    -23.664      0.000    -42.599      31
    32.00000 -0.162620E+02  0.000000E+00 -0.162620E+02  0.000000E+00 -0.893293E+01    -38.207      0.000    -43.913      32
    33.00000 -0.162400E+02  0.000000E+00 -0.162400E+02  0.000000E+00 -0.933494E+01    -53.868      0.000    -42.411      33
    34.00000 -0.162090E+02  0.000000E+00 -0.162090E+02  0.000000E+00 -0.978003E+01    -61.474      0.000    -41.221      34
    35.00000 -0.161760E+02  0.000000E+00 -0.161760E+02  0.000000E+00 -0.102283E+02    -67.649      0.000    -41.368      35
    36.00000 -0.161760E+02  0.000000E+00 -0.161760E+02  0.000000E+00 -0.106543E+02    -70.115      0.000    -42.456      36
    37.00000 -0.161370E+02  0.000000E+00 -0.161370E+02  0.000000E+00 -0.110442E+02    -76.628      0.000    -44.019      37
    38.00000 -0.161070E+02  0.000000E+00 -0.161070E+02  0.000000E+00 -0.113932E+02    -80.591      0.000    -45.719      38
    39.00000 -0.160930E+02  0.000000E+00 -0.160930E+02  0.000000E+00 -0.117024E+02    -82.525      0.000    -47.330      39
    40.00000 -0.160870E+02  0.000000E+00 -0.160870E+02  0.000000E+00 -0.119851E+02    -84.151      0.000    -49.097      40
    41.00000 -0.160800E+02  0.000000E+00 -0.160800E+02  0.000000E+00 -0.122478E+02    -86.370      0.000    -50.873      41
    42.00000 -0.160400E+02  0.000000E+00 -0.160400E+02  0.000000E+00 -0.124862E+02    -92.981      0.000    -52.605      42
    43.00000 -0.160400E+02  0.000000E+00 -0.160400E+02  0.000000E+00 -0.127058E+02    -91.254      0.000    -54.265      43
    44.00000 -0.160170E+02  0.000000E+00 -0.160170E+02  0.000000E+00 -0.129077E+02    -96.142      0.000    -55.846      44
    45.00000 -0.159940E+02  0.000000E+00 -0.159940E+02  0.000000E+00 -0.130930E+02    -98.733      0.000    -57.327      45
    46.00000 -0.159830E+02  0.000000E+00 -0.159830E+02  0.000000E+00 -0.132631E+02    -99.482      0.000    -58.695      46
    47.00000 -0.159710E+02  0.000000E+00 -0.159710E+02  0.000000E+00 -0.134193E+02   -101.312      0.000    -59.924      47
    48.00000 -0.159540E+02  0.000000E+00 -0.159540E+02  0.000000E+00 -0.135685E+02   -104.032      0.000    -61.387      48
    49.00000 -0.159330E+02  0.000000E+00 -0.159330E+02  0.000000E+00 -0.137109E+02   -107.089      0.000    -62.730      49
    50.00000 -0.159150E+02  0.000000E+00 -0.159150E+02  0.000000E+00 -0.138469E+02   -108.959      0.000    -64.074      50
    51.00000 -0.159090E+02  0.000000E+00 -0.159090E+02  0.000000E+00 -0.139764E+02   -108.411      0.000    -65.366      51
    52.00000 -0.158560E+02  0.000000E+00 -0.158560E+02  0.000000E+00 -0.140999E+02   -120.573      0.000    -66.632      52
    53.00000 -0.158040E+02  0.000000E+00 -0.158040E+02  0.000000E+00 -0.142173E+02   -127.982      0.000    -67.853      53
    54.00000 -0.157990E+02  0.000000E+00 -0.157990E+02  0.000000E+00 -0.143289E+02   -120.270      0.000    -69.047      54
    55.00000 -0.157840E+02  0.000000E+00 -0.157840E+02  0.000000E+00 -0.144349E+02   -121.765      0.000    -70.195      55
    56.00000 -0.157470E+02  0.000000E+00 -0.157470E+02  0.000000E+00 -0.145355E+02   -129.362      0.000    -71.316      56
    57.00000 -0.157170E+02  0.000000E+00 -0.157170E+02  0.000000E+00 -0.146308E+02   -131.952      0.000    -72.387      57
    58.00000 -0.161640E+02  0.000000E+00 -0.161640E+02  0.000000E+00 -0.147232E+02    -63.311      0.000    -73.448      58
    59.00000 -0.182040E+02  0.000000E+00 -0.182040E+02  0.000000E+00 -0.148106E+02    -24.446      0.000    -74.469      59
    60.00000 -0.184720E+02  0.000000E+00 -0.184720E+02  0.000000E+00 -0.148930E+02    -44.586      0.000    -75.450      60
    61.00000 -0.199120E+02  0.000000E+00 -0.199120E+02  0.000000E+00 -0.149717E+02    -26.752      0.000    -76.404      61
    62.00000 -0.203550E+02  0.000000E+00 -0.203550E+02  0.000000E+00 -0.150493E+02    -38.117      0.000    -76.397      62
    63.00000 -0.220100E+02  0.000000E+00 -0.220100E+02  0.000000E+00 -0.151318E+02    -23.933      0.000    -73.487      63
    64.00000 -0.220560E+02  0.000000E+00 -0.220560E+02  0.000000E+00 -0.152448E+02    -46.210      0.000    -63.808      64
    65.00000 -0.221960E+02  0.000000E+00 -0.221960E+02  0.000000E+00 -0.154492E+02    -49.495      0.000    -50.192      65
    66.00000 -0.221940E+02  0.000000E+00 -0.221940E+02  0.000000E+00 -0.157977E+02    -59.064      0.000    -43.918      66
    67.00000 -0.221810E+02  0.000000E+00 -0.221810E+02  0.000000E+00 -0.162093E+02    -64.978      0.000    -42.582      67
    68.00000 -0.221590E+02  0.000000E+00 -0.221590E+02  0.000000E+00 -0.166183E+02    -70.343      0.000    -43.033      68
    69.00000 -0.220980E+02  0.000000E+00 -0.220980E+02  0.000000E+00 -0.170004E+02    -78.433      0.000    -44.276      69
    70.00000 -0.220800E+02  0.000000E+00 -0.220800E+02  0.000000E+00 -0.173463E+02    -79.764      0.000    -45.810      70
    71.00000 -0.220540E+02  0.000000E+00 -0.220540E+02  0.000000E+00 -0.176550E+02    -83.594      0.000    -47.334      71
    72.00000 -0.220420E+02  0.000000E+00 -0.220420E+02  0.000000E+00 -0.179381E+02    -85.222      0.000    -49.052      72
    73.00000 -0.220050E+02  0.000000E+00 -0.220050E+02  0.000000E+00 -0.182016E+02    -90.922      0.000    -50.806      73
    74.00000 -0.219750E+02  0.000000E+00 -0.219750E+02  0.000000E+00 -0.184406E+02    -93.877      0.000    -52.533      74
    75.00000 -0.219460E+02  0.000000E+00 -0.219460E+02  0.000000E+00 -0.186609E+02    -96.907      0.000    -54.205      75
    76.00000 -0.219130E+02  0.000000E+00 -0.219130E+02  0.000000E+00 -0.188633E+02   -100.673      0.000    -55.803      76
    77.00000 -0.232820E+02  0.000000E+00 -0.232820E+02  0.000000E+00 -0.190562E+02    -32.058      0.000    -57.369      77
    78.00000 -0.234020E+02  0.000000E+00 -0.234020E+02  0.000000E+00 -0.192318E+02    -53.506      0.000    -58.822      78
    79.00000 -0.233620E+02  0.000000E+00 -0.233620E+02  0.000000E+00 -0.193919E+02    -67.438      0.000    -59.902      79
    80.00000 -0.233170E+02  0.000000E+00 -0.233170E+02  0.000000E+00 -0.195458E+02    -75.410      0.000    -60.455      80
    81.00000 -0.234120E+02  0.000000E+00 -0.234120E+02  0.000000E+00 -0.196989E+02    -68.709      0.000    -60.588      81
    82.00000 -0.237870E+02  0.000000E+00 -0.237870E+02  0.000000E+00 -0.198522E+02    -52.514      0.000    -60.453      82
    83.00000 -0.237380E+02  0.000000E+00 -0.237380E+02  0.000000E+00 -0.200062E+02    -72.693      0.000    -60.368      83
    84.00000 -0.237040E+02  0.000000E+00 -0.237040E+02  0.000000E+00 -0.201602E+02    -79.290      0.000    -60.393      84
    85.00000 -0.237550E+02  0.000000E+00 -0.237550E+02  0.000000E+00 -0.203139E+02    -75.333      0.000    -60.474      85
    86.00000 -0.237430E+02  0.000000E+00 -0.237430E+02  0.000000E+00 -0.204669E+02    -82.774      0.000    -60.657      86
    87.00000 -0.237130E+02  0.000000E+00 -0.237130E+02  0.000000E+00 -0.206184E+02    -88.919      0.000    -60.979      87
    88.00000 -0.236830E+02  0.000000E+00 -0.236830E+02  0.000000E+00 -0.207679E+02    -93.356      0.000    -61.436      88
    89.00000 -0.236230E+02  0.000000E+00 -0.236230E+02  0.000000E+00 -0.209137E+02   -102.448      0.000    -62.052      89
    90.00000 -0.235770E+02  0.000000E+00 -0.235770E+02  0.000000E+00 -0.210559E+02   -106.431      0.000    -62.777      90
    91.00000 -0.235280E+02  0.000000E+00 -0.235280E+02  0.000000E+00 -0.211943E+02   -111.766      0.000    -63.605      91
    92.00000 -0.242760E+02  0.000000E+00 -0.242760E+02  0.000000E+00 -0.213302E+02    -46.040      0.000    -64.466      92
    93.00000 -0.242340E+02  0.000000E+00 -0.242340E+02  0.000000E+00 -0.214613E+02    -74.649      0.000    -65.412      93
    94.00000 -0.241410E+02  0.000000E+00 -0.241410E+02  0.000000E+00 -0.215876E+02    -91.940      0.000    -66.379      94
    95.00000 -0.240890E+02  0.000000E+00 -0.240890E+02  0.000000E+00 -0.217089E+02    -96.801      0.000    -67.268      95
    96.00000 -0.240840E+02  0.000000E+00 -0.240840E+02  0.000000E+00 -0.218255E+02    -94.670      0.000    -68.018      96
    97.00000 -0.240840E+02  0.000000E+00 -0.240840E+02  0.000000E+00 -0.219388E+02    -95.830      0.000    -68.706      97
    98.00000 -0.240840E+02  0.000000E+00 -0.240840E+02  0.000000E+00 -0.220490E+02    -96.962      0.000    -69.352      98
    99.00000 -0.240770E+02  0.000000E+00 -0.240770E+02  0.000000E+00 -0.221560E+02    -99.773      0.000    -69.990      99
   100.00000 -0.240690E+02  0.000000E+00 -0.240690E+02  0.000000E+00 -0.222599E+02   -101.985      0.000    -70.634     100
   101.00000 -0.240350E+02  0.000000E+00 -0.240350E+02  0.000000E+00 -0.223606E+02   -109.407      0.000    -71.291     101
   102.00000 -0.240210E+02  0.000000E+00 -0.240210E+02  0.000000E+00 -0.224580E+02   -109.455      0.000    -71.969     102
   103.00000 -0.239870E+02  0.000000E+00 -0.239870E+02  0.000000E+00 -0.225520E+02   -116.234      0.000    -72.657     103
   104.00000 -0.239730E+02  0.000000E+00 -0.239730E+02  0.000000E+00 -0.226425E+02   -115.310      0.000    -73.359     104
   105.00000 -0.239720E+02  0.000000E+00 -0.239720E+02  0.000000E+00 -0.227297E+02   -113.862      0.000    -74.062     105
   106.00000 -0.239690E+02  0.000000E+00 -0.239690E+02  0.000000E+00 -0.228134E+02   -114.413      0.000    -74.764     106
   107.00000 -0.243560E+02  0.000000E+00 -0.243560E+02  0.000000E+00 -0.228951E+02    -64.671      0.000    -75.472     107
   108.00000 -0.250870E+02  0.000000E+00 -0.250870E+02  0.000000E+00 -0.229740E+02    -44.125      0.000    -76.293     108
   109.00000 -0.252000E+02  0.000000E+00 -0.252000E+02  0.000000E+00 -0.230511E+02    -61.511      0.000    -77.110     109
   110.00000 -0.251640E+02  0.000000E+00 -0.251640E+02  0.000000E+00 -0.231265E+02    -77.107      0.000    -77.894     110
   111.00000 -0.251260E+02  0.000000E+00 -0.251260E+02  0.000000E+00 -0.232003E+02    -85.539      0.000    -78.528     111
   112.00000 -0.250610E+02  0.000000E+00 -0.250610E+02  0.000000E+00 -0.232732E+02    -96.361      0.000    -78.932     112
   113.00000 -0.252080E+02  0.000000E+00 -0.252080E+02  0.000000E+00 -0.233456E+02    -74.570      0.000    -79.137     113
   114.00000 -0.256280E+02  0.000000E+00 -0.256280E+02  0.000000E+00 -0.234179E+02    -54.529      0.000    -79.118     114
   115.00000 -0.266370E+02  0.000000E+00 -0.266370E+02  0.000000E+00 -0.234904E+02    -35.135      0.000    -78.969     115
   116.00000 -0.268320E+02  0.000000E+00 -0.268320E+02  0.000000E+00 -0.235633E+02    -50.493      0.000    -78.766     116
   117.00000 -0.270050E+02  0.000000E+00 -0.270050E+02  0.000000E+00 -0.236368E+02    -54.402      0.000    -78.358     117
   118.00000 -0.272030E+02  0.000000E+00 -0.272030E+02  0.000000E+00 -0.237122E+02    -54.946      0.000    -77.289     118
   119.00000 -0.272730E+02  0.000000E+00 -0.272730E+02  0.000000E+00 -0.237901E+02    -62.184      0.000    -75.598     119
   120.00000 -0.277780E+02  0.000000E+00 -0.277780E+02  0.000000E+00 -0.238754E+02    -45.349      0.000    -73.447     120
   121.00000 -0.277010E+02  0.000000E+00 -0.277010E+02  0.000000E+00 -0.239731E+02    -68.531      0.000    -70.985     121
   122.00000 -0.276360E+02  0.000000E+00 -0.276360E+02  0.000000E+00 -0.240838E+02    -77.382      0.000    -68.687     122
   123.00000 -0.275790E+02  0.000000E+00 -0.275790E+02  0.000000E+00 -0.242048E+02    -84.115      0.000    -66.704     123
   124.00000 -0.275410E+02  0.000000E+00 -0.275410E+02  0.000000E+00 -0.243352E+02    -87.534      0.000    -65.343     124
   125.00000 -0.275020E+02  0.000000E+00 -0.275020E+02  0.000000E+00 -0.244697E+02    -92.051      0.000    -64.462     125
   126.00000 -0.274380E+02  0.000000E+00 -0.274380E+02  0.000000E+00 -0.246059E+02   -100.432      0.000    -64.006     126
   127.00000 -0.274120E+02  0.000000E+00 -0.274120E+02  0.000000E+00 -0.247423E+02    -99.995      0.000    -63.957     127
   128.00000 -0.273810E+02  0.000000E+00 -0.273810E+02  0.000000E+00 -0.248777E+02   -103.301      0.000    -64.230     128
   129.00000 -0.273330E+02  0.000000E+00 -0.273330E+02  0.000000E+00 -0.250107E+02   -109.974      0.000    -64.703     129
   130.00000 -0.272480E+02  0.000000E+00 -0.272480E+02  0.000000E+00 -0.251404E+02   -125.372      0.000    -65.344     130
   131.00000 -0.271730E+02  0.000000E+00 -0.271730E+02  0.000000E+00 -0.252662E+02   -134.239      0.000    -66.129     131
   132.00000 -0.270570E+02  0.000000E+00 -0.270570E+02  0.000000E+00 -0.253878E+02   -165.793      0.000    -67.010     132
   133.00000 -0.268930E+02  0.000000E+00 -0.268930E+02  0.000000E+00 -0.255047E+02   -267.597      0.000    -67.964     133
   134.00000 -0.269530E+02  0.000000E+00 -0.269530E+02  0.000000E+00 -0.256190E+02   -126.892      0.000    -68.951     134
   135.00000 -0.268050E+02  0.000000E+00 -0.268050E+02  0.000000E+00 -0.257279E+02   -242.312      0.000    -69.986     135
   136.00000 -0.267020E+02  0.000000E+00 -0.267020E+02  0.000000E+00 -0.258311E+02   -269.246      0.000    -71.053     136
   137.00000 -0.266510E+02  0.000000E+00 -0.266510E+02  0.000000E+00 -0.259289E+02   -223.447      0.000    -72.134     137
   138.00000 -0.269220E+02  0.000000E+00 -0.269220E+02  0.000000E+00 -0.260225E+02    -88.959      0.000    -73.218     138
   139.00000 -0.268040E+02  0.000000E+00 -0.268040E+02  0.000000E+00 -0.261105E+02   -161.939      0.000    -74.294     139
   140.00000 -0.266610E+02  0.000000E+00 -0.266610E+02  0.000000E+00 -0.261926E+02   -258.813      0.000    -75.345     140
   141.00000 -0.265780E+02  0.000000E+00 -0.265780E+02  0.000000E+00 -0.262708E+02   -255.932      0.000    -76.532     141
   142.00000 -0.265170E+02  0.000000E+00 -0.265170E+02  0.000000E+00 -0.263460E+02   -249.965      0.000    -77.716     142
   143.00000 -0.267890E+02  0.000000E+00 -0.267890E+02  0.000000E+00 -0.264199E+02    -91.312      0.000    -78.883     143
   144.00000 -0.269250E+02  0.000000E+00 -0.269250E+02  0.000000E+00 -0.264914E+02    -92.314      0.000    -80.032     144
   145.00000 -0.283640E+02  0.000000E+00 -0.283640E+02  0.000000E+00 -0.265606E+02    -32.614      0.000    -81.163     145
   146.00000 -0.291660E+02  0.000000E+00 -0.291660E+02  0.000000E+00 -0.266275E+02    -36.533      0.000    -82.275     146
   147.00000 -0.291870E+02  0.000000E+00 -0.291870E+02  0.000000E+00 -0.266922E+02    -58.307      0.000    -83.363     147
   148.00000 -0.297140E+02  0.000000E+00 -0.297140E+02  0.000000E+00 -0.267548E+02    -43.654      0.000    -84.353     148
   149.00000 -0.296020E+02  0.000000E+00 -0.296020E+02  0.000000E+00 -0.268157E+02    -69.561      0.000    -84.898     149
   150.00000 -0.295430E+02  0.000000E+00 -0.295430E+02  0.000000E+00 -0.268769E+02    -76.865      0.000    -84.416     150
   151.00000 -0.295060E+02  0.000000E+00 -0.295060E+02  0.000000E+00 -0.269405E+02    -81.876      0.000    -82.966     151
   152.00000 -0.293590E+02  0.000000E+00 -0.293590E+02  0.000000E+00 -0.270094E+02   -104.379      0.000    -80.848     152
   153.00000 -0.292830E+02  0.000000E+00 -0.292830E+02  0.000000E+00 -0.270827E+02   -106.908      0.000    -78.635     153
   154.00000 -0.300170E+02  0.000000E+00 -0.300170E+02  0.000000E+00 -0.271585E+02    -45.241      0.000    -76.493     154
   155.00000 -0.311700E+02  0.000000E+00 -0.311700E+02  0.000000E+00 -0.272391E+02    -32.038      0.000    -74.854     155
   156.00000 -0.314750E+02  0.000000E+00 -0.314750E+02  0.000000E+00 -0.273257E+02    -44.929      0.000    -73.671     156
   157.00000 -0.313930E+02  0.000000E+00 -0.313930E+02  0.000000E+00 -0.274182E+02    -64.160      0.000    -72.499     157
   158.00000 -0.318760E+02  0.000000E+00 -0.318760E+02  0.000000E+00 -0.275178E+02    -44.864      0.000    -70.587     158
   159.00000 -0.325430E+02  0.000000E+00 -0.325430E+02  0.000000E+00 -0.276294E+02    -38.411      0.000    -67.787     159
   160.00000 -0.325760E+02  0.000000E+00 -0.325760E+02  0.000000E+00 -0.277557E+02    -55.832      0.000    -64.683     160
   161.00000 -0.324420E+02  0.000000E+00 -0.324420E+02  0.000000E+00 -0.278997E+02    -73.737      0.000    -61.308     161
   162.00000 -0.327850E+02  0.000000E+00 -0.327850E+02  0.000000E+00 -0.280619E+02    -51.814      0.000    -58.306     162
   163.00000 -0.326630E+02  0.000000E+00 -0.326630E+02  0.000000E+00 -0.282511E+02    -76.404      0.000    -56.354     163
   164.00000 -0.328320E+02  0.000000E+00 -0.328320E+02  0.000000E+00 -0.284548E+02    -61.775      0.000    -55.319     164
end
