 ******* Program HYDRUS
 ******* 
 Welcome to HYDRUS-1D                                                    
 Date:   3. 5.    Time:  11:34:41
 Units: L = cm   , T = days , M = ug   

----------------------------------------------------------
 Time       [T]        0.0000
----------------------------------------------------------
 Sub-region num.                     1
----------------------------------------------------------
 Area     [L]        0.90000E+02  0.90000E+02
 W-volume [L]        0.21832E+02  0.21832E+02
 In-flow  [L/T]      0.00000E+00  0.00000E+00
 h Mean   [L]       -0.10000E+03 -0.10000E+03
 ConcVol  [M/L2] 1   0.11200E+03  0.11200E+03
 cMean    [M/L3] 1   0.51300E+01  0.51300E+01
 Top Flux [L/T]     -0.35496E-01
 Bot Flux [L/T]     -0.35496E-01
----------------------------------------------------------

----------------------------------------------------------
 Time       [T]      164.0000
----------------------------------------------------------
 Sub-region num.                     1
----------------------------------------------------------
 Area     [L]        0.90000E+02  0.90000E+02
 W-volume [L]        0.26209E+02  0.26209E+02
 In-flow  [L/T]     -0.39023E-01 -0.39023E-01
 h Mean   [L]       -0.57020E+02 -0.57020E+02
 ConcVol  [M/L2] 1   0.24953E+02  0.24953E+02
 cMean    [M/L3] 1   0.94327E+00  0.94327E+00
 Top Flux [L/T]     -0.16708E+00
 Bot Flux [L/T]     -0.20853E+00
 WatBalT  [L]        0.15259E-04
 WatBalR  [%]              0.000
 CncBalT  [M]    1   0.39896E+00
 CncBalR  [%]    1         0.296
----------------------------------------------------------
 
 Calculation time [sec]  0.750000000000000     
