 ******* Program HYDRUS
 ******* 
 Welcome to HYDRUS-1D                                                    
 Date:   3. 5.    Time:  11:34:41
 Units: L = cm   , T = days , M = ug   


 Time:        0.0000


 Node      Depth      Head Moisture       K          C         Flux        Sink         Kappa   v/KsTop   Temp   Conc(1..NS) Sorb(1...NS)   ConcL       ConcS       ConcG       ConcT
           [L]        [L]    [-]        [L/T]      [1/L]      [L/T]        [1/T]         [-]      [-]      [C]      [M/L*3]                [M/L*3]      [M/M]      [M/L*3]     [M/L*3]

   1     0.0000    -100.000 0.2426   0.3550E-01  0.8182E-03 -0.3550E-01  0.0000E+00      -1  -0.142E-02   20.00  0.1800E+02  0.0000E+00
   2    -0.9000    -100.000 0.2426   0.3550E-01  0.8182E-03 -0.3550E-01  0.0000E+00      -1  -0.142E-02   20.00  0.1800E+02  0.0000E+00
   3    -1.8000    -100.000 0.2426   0.3550E-01  0.8182E-03 -0.3550E-01  0.0000E+00      -1  -0.142E-02   20.00  0.1800E+02  0.0000E+00
   4    -2.7000    -100.000 0.2426   0.3550E-01  0.8182E-03 -0.3550E-01  0.0000E+00      -1  -0.142E-02   20.00  0.1800E+02  0.0000E+00
   5    -3.6000    -100.000 0.2426   0.3550E-01  0.8182E-03 -0.3550E-01  0.0000E+00      -1  -0.142E-02   20.00  0.1800E+02  0.0000E+00
   6    -4.5000    -100.000 0.2426   0.3550E-01  0.8182E-03 -0.3550E-01  0.0000E+00      -1  -0.142E-02   20.00  0.1800E+02  0.0000E+00
   7    -5.4000    -100.000 0.2426   0.3550E-01  0.8182E-03 -0.3550E-01  0.0000E+00      -1  -0.142E-02   20.00  0.1800E+02  0.0000E+00
   8    -6.3000    -100.000 0.2426   0.3550E-01  0.8182E-03 -0.3550E-01  0.0000E+00      -1  -0.142E-02   20.00  0.1800E+02  0.0000E+00
   9    -7.2000    -100.000 0.2426   0.3550E-01  0.8182E-03 -0.3550E-01  0.0000E+00      -1  -0.142E-02   20.00  0.1800E+02  0.0000E+00
  10    -8.1000    -100.000 0.2426   0.3550E-01  0.8182E-03 -0.3550E-01  0.0000E+00      -1  -0.142E-02   20.00  0.1800E+02  0.0000E+00
  11    -9.0000    -100.000 0.2426   0.3550E-01  0.8182E-03 -0.3550E-01  0.0000E+00      -1  -0.142E-02   20.00  0.1800E+02  0.0000E+00
  12    -9.9000    -100.000 0.2426   0.3550E-01  0.8182E-03 -0.3550E-01  0.0000E+00      -1  -0.142E-02   20.00  0.1800E+02  0.0000E+00
  13   -10.8000    -100.000 0.2426   0.3550E-01  0.8182E-03 -0.3550E-01  0.0000E+00      -1  -0.142E-02   20.00  0.1800E+02  0.0000E+00
  14   -11.7000    -100.000 0.2426   0.3550E-01  0.8182E-03 -0.3550E-01  0.0000E+00      -1  -0.142E-02   20.00  0.1800E+02  0.0000E+00
  15   -12.6000    -100.000 0.2426   0.3550E-01  0.8182E-03 -0.3550E-01  0.0000E+00      -1  -0.142E-02   20.00  0.1800E+02  0.0000E+00
  16   -13.5000    -100.000 0.2426   0.3550E-01  0.8182E-03 -0.3550E-01  0.0000E+00      -1  -0.142E-02   20.00  0.1800E+02  0.0000E+00
  17   -14.4000    -100.000 0.2426   0.3550E-01  0.8182E-03 -0.3550E-01  0.0000E+00      -1  -0.142E-02   20.00  0.1800E+02  0.0000E+00
  18   -15.3000    -100.000 0.2426   0.3550E-01  0.8182E-03 -0.3550E-01  0.0000E+00      -1  -0.142E-02   20.00  0.1800E+02  0.0000E+00
  19   -16.2000    -100.000 0.2426   0.3550E-01  0.8182E-03 -0.3550E-01  0.0000E+00      -1  -0.142E-02   20.00  0.1800E+02  0.0000E+00
  20   -17.1000    -100.000 0.2426   0.3550E-01  0.8182E-03 -0.3550E-01  0.0000E+00      -1  -0.142E-02   20.00  0.1800E+02  0.0000E+00
  21   -18.0000    -100.000 0.2426   0.3550E-01  0.8182E-03 -0.3550E-01  0.0000E+00      -1  -0.142E-02   20.00  0.1800E+02  0.0000E+00
  22   -18.9000    -100.000 0.2426   0.3550E-01  0.8182E-03 -0.3550E-01  0.0000E+00      -1  -0.142E-02   20.00  0.1800E+02  0.0000E+00
  23   -19.8000    -100.000 0.2426   0.3550E-01  0.8182E-03 -0.3550E-01  0.0000E+00      -1  -0.142E-02   20.00  0.1800E+02  0.0000E+00
  24   -20.7000    -100.000 0.2426   0.3550E-01  0.8182E-03 -0.3550E-01  0.0000E+00      -1  -0.142E-02   20.00  0.1800E+02  0.0000E+00
  25   -21.6000    -100.000 0.2426   0.3550E-01  0.8182E-03 -0.3550E-01  0.0000E+00      -1  -0.142E-02   20.00  0.1800E+02  0.0000E+00
  26   -22.5000    -100.000 0.2426   0.3550E-01  0.8182E-03 -0.3550E-01  0.0000E+00      -1  -0.142E-02   20.00  0.1800E+02  0.0000E+00
  27   -23.4000    -100.000 0.2426   0.3550E-01  0.8182E-03 -0.3550E-01  0.0000E+00      -1  -0.142E-02   20.00  0.1800E+02  0.0000E+00
  28   -24.3000    -100.000 0.2426   0.3550E-01  0.8182E-03 -0.3550E-01  0.0000E+00      -1  -0.142E-02   20.00  0.1800E+02  0.0000E+00
  29   -25.2000    -100.000 0.2426   0.3550E-01  0.8182E-03 -0.3550E-01  0.0000E+00      -1  -0.142E-02   20.00  0.1800E+02  0.0000E+00
  30   -26.1000    -100.000 0.2426   0.3550E-01  0.8182E-03 -0.3550E-01  0.0000E+00      -1  -0.142E-02   20.00  0.0000E+00  0.0000E+00
  31   -27.0000    -100.000 0.2426   0.3550E-01  0.8182E-03 -0.3550E-01  0.0000E+00      -1  -0.142E-02   20.00  0.0000E+00  0.0000E+00
  32   -27.9000    -100.000 0.2426   0.3550E-01  0.8182E-03 -0.3550E-01  0.0000E+00      -1  -0.142E-02   20.00  0.0000E+00  0.0000E+00
  33   -28.8000    -100.000 0.2426   0.3550E-01  0.8182E-03 -0.3550E-01  0.0000E+00      -1  -0.142E-02   20.00  0.0000E+00  0.0000E+00
  34   -29.7000    -100.000 0.2426   0.3550E-01  0.8182E-03 -0.3550E-01  0.0000E+00      -1  -0.142E-02   20.00  0.0000E+00  0.0000E+00
  35   -30.6000    -100.000 0.2426   0.3550E-01  0.8182E-03 -0.3550E-01  0.0000E+00      -1  -0.142E-02   20.00  0.0000E+00  0.0000E+00
  36   -31.5000    -100.000 0.2426   0.3550E-01  0.8182E-03 -0.3550E-01  0.0000E+00      -1  -0.142E-02   20.00  0.0000E+00  0.0000E+00
  37   -32.4000    -100.000 0.2426   0.3550E-01  0.8182E-03 -0.3550E-01  0.0000E+00      -1  -0.142E-02   20.00  0.0000E+00  0.0000E+00
  38   -33.3000    -100.000 0.2426   0.3550E-01  0.8182E-03 -0.3550E-01  0.0000E+00      -1  -0.142E-02   20.00  0.0000E+00  0.0000E+00
  39   -34.2000    -100.000 0.2426   0.3550E-01  0.8182E-03 -0.3550E-01  0.0000E+00      -1  -0.142E-02   20.00  0.0000E+00  0.0000E+00
  40   -35.1000    -100.000 0.2426   0.3550E-01  0.8182E-03 -0.3550E-01  0.0000E+00      -1  -0.142E-02   20.00  0.0000E+00  0.0000E+00
  41   -36.0000    -100.000 0.2426   0.3550E-01  0.8182E-03 -0.3550E-01  0.0000E+00      -1  -0.142E-02   20.00  0.0000E+00  0.0000E+00
  42   -36.9000    -100.000 0.2426   0.3550E-01  0.8182E-03 -0.3550E-01  0.0000E+00      -1  -0.142E-02   20.00  0.0000E+00  0.0000E+00
  43   -37.8000    -100.000 0.2426   0.3550E-01  0.8182E-03 -0.3550E-01  0.0000E+00      -1  -0.142E-02   20.00  0.0000E+00  0.0000E+00
  44   -38.7000    -100.000 0.2426   0.3550E-01  0.8182E-03 -0.3550E-01  0.0000E+00      -1  -0.142E-02   20.00  0.0000E+00  0.0000E+00
  45   -39.6000    -100.000 0.2426   0.3550E-01  0.8182E-03 -0.3550E-01  0.0000E+00      -1  -0.142E-02   20.00  0.0000E+00  0.0000E+00
  46   -40.5000    -100.000 0.2426   0.3550E-01  0.8182E-03 -0.3550E-01  0.0000E+00      -1  -0.142E-02   20.00  0.0000E+00  0.0000E+00
  47   -41.4000    -100.000 0.2426   0.3550E-01  0.8182E-03 -0.3550E-01  0.0000E+00      -1  -0.142E-02   20.00  0.0000E+00  0.0000E+00
  48   -42.3000    -100.000 0.2426   0.3550E-01  0.8182E-03 -0.3550E-01  0.0000E+00      -1  -0.142E-02   20.00  0.0000E+00  0.0000E+00
  49   -43.2000    -100.000 0.2426   0.3550E-01  0.8182E-03 -0.3550E-01  0.0000E+00      -1  -0.142E-02   20.00  0.0000E+00  0.0000E+00
  50   -44.1000    -100.000 0.2426   0.3550E-01  0.8182E-03 -0.3550E-01  0.0000E+00      -1  -0.142E-02   20.00  0.0000E+00  0.0000E+00
  51   -45.0000    -100.000 0.2426   0.3550E-01  0.8182E-03 -0.3550E-01  0.0000E+00      -1  -0.142E-02   20.00  0.0000E+00  0.0000E+00
  52   -45.9000    -100.000 0.2426   0.3550E-01  0.8182E-03 -0.3550E-01  0.0000E+00      -1  -0.142E-02   20.00  0.0000E+00  0.0000E+00
  53   -46.8000    -100.000 0.2426   0.3550E-01  0.8182E-03 -0.3550E-01  0.0000E+00      -1  -0.142E-02   20.00  0.0000E+00  0.0000E+00
  54   -47.7000    -100.000 0.2426   0.3550E-01  0.8182E-03 -0.3550E-01  0.0000E+00      -1  -0.142E-02   20.00  0.0000E+00  0.0000E+00
  55   -48.6000    -100.000 0.2426   0.3550E-01  0.8182E-03 -0.3550E-01  0.0000E+00      -1  -0.142E-02   20.00  0.0000E+00  0.0000E+00
  56   -49.5000    -100.000 0.2426   0.3550E-01  0.8182E-03 -0.3550E-01  0.0000E+00      -1  -0.142E-02   20.00  0.0000E+00  0.0000E+00
  57   -50.4000    -100.000 0.2426   0.3550E-01  0.8182E-03 -0.3550E-01  0.0000E+00      -1  -0.142E-02   20.00  0.0000E+00  0.0000E+00
  58   -51.3000    -100.000 0.2426   0.3550E-01  0.8182E-03 -0.3550E-01  0.0000E+00      -1  -0.142E-02   20.00  0.0000E+00  0.0000E+00
  59   -52.2000    -100.000 0.2426   0.3550E-01  0.8182E-03 -0.3550E-01  0.0000E+00      -1  -0.142E-02   20.00  0.0000E+00  0.0000E+00
  60   -53.1000    -100.000 0.2426   0.3550E-01  0.8182E-03 -0.3550E-01  0.0000E+00      -1  -0.142E-02   20.00  0.0000E+00  0.0000E+00
  61   -54.0000    -100.000 0.2426   0.3550E-01  0.8182E-03 -0.3550E-01  0.0000E+00      -1  -0.142E-02   20.00  0.0000E+00  0.0000E+00
  62   -54.9000    -100.000 0.2426   0.3550E-01  0.8182E-03 -0.3550E-01  0.0000E+00      -1  -0.142E-02   20.00  0.0000E+00  0.0000E+00
  63   -55.8000    -100.000 0.2426   0.3550E-01  0.8182E-03 -0.3550E-01  0.0000E+00      -1  -0.142E-02   20.00  0.0000E+00  0.0000E+00
  64   -56.7000    -100.000 0.2426   0.3550E-01  0.8182E-03 -0.3550E-01  0.0000E+00      -1  -0.142E-02   20.00  0.0000E+00  0.0000E+00
  65   -57.6000    -100.000 0.2426   0.3550E-01  0.8182E-03 -0.3550E-01  0.0000E+00      -1  -0.142E-02   20.00  0.0000E+00  0.0000E+00
  66   -58.5000    -100.000 0.2426   0.3550E-01  0.8182E-03 -0.3550E-01  0.0000E+00      -1  -0.142E-02   20.00  0.0000E+00  0.0000E+00
  67   -59.4000    -100.000 0.2426   0.3550E-01  0.8182E-03 -0.3550E-01  0.0000E+00      -1  -0.142E-02   20.00  0.0000E+00  0.0000E+00
  68   -60.3000    -100.000 0.2426   0.3550E-01  0.8182E-03 -0.3550E-01  0.0000E+00      -1  -0.142E-02   20.00  0.0000E+00  0.0000E+00
  69   -61.2000    -100.000 0.2426   0.3550E-01  0.8182E-03 -0.3550E-01  0.0000E+00      -1  -0.142E-02   20.00  0.0000E+00  0.0000E+00
  70   -62.1000    -100.000 0.2426   0.3550E-01  0.8182E-03 -0.3550E-01  0.0000E+00      -1  -0.142E-02   20.00  0.0000E+00  0.0000E+00
  71   -63.0000    -100.000 0.2426   0.3550E-01  0.8182E-03 -0.3550E-01  0.0000E+00      -1  -0.142E-02   20.00  0.0000E+00  0.0000E+00
  72   -63.9000    -100.000 0.2426   0.3550E-01  0.8182E-03 -0.3550E-01  0.0000E+00      -1  -0.142E-02   20.00  0.0000E+00  0.0000E+00
  73   -64.8000    -100.000 0.2426   0.3550E-01  0.8182E-03 -0.3550E-01  0.0000E+00      -1  -0.142E-02   20.00  0.0000E+00  0.0000E+00
  74   -65.7000    -100.000 0.2426   0.3550E-01  0.8182E-03 -0.3550E-01  0.0000E+00      -1  -0.142E-02   20.00  0.0000E+00  0.0000E+00
  75   -66.6000    -100.000 0.2426   0.3550E-01  0.8182E-03 -0.3550E-01  0.0000E+00      -1  -0.142E-02   20.00  0.0000E+00  0.0000E+00
  76   -67.5000    -100.000 0.2426   0.3550E-01  0.8182E-03 -0.3550E-01  0.0000E+00      -1  -0.142E-02   20.00  0.0000E+00  0.0000E+00
  77   -68.4000    -100.000 0.2426   0.3550E-01  0.8182E-03 -0.3550E-01  0.0000E+00      -1  -0.142E-02   20.00  0.0000E+00  0.0000E+00
  78   -69.3000    -100.000 0.2426   0.3550E-01  0.8182E-03 -0.3550E-01  0.0000E+00      -1  -0.142E-02   20.00  0.0000E+00  0.0000E+00
  79   -70.2000    -100.000 0.2426   0.3550E-01  0.8182E-03 -0.3550E-01  0.0000E+00      -1  -0.142E-02   20.00  0.0000E+00  0.0000E+00
  80   -71.1000    -100.000 0.2426   0.3550E-01  0.8182E-03 -0.3550E-01  0.0000E+00      -1  -0.142E-02   20.00  0.0000E+00  0.0000E+00
  81   -72.0000    -100.000 0.2426   0.3550E-01  0.8182E-03 -0.3550E-01  0.0000E+00      -1  -0.142E-02   20.00  0.0000E+00  0.0000E+00
  82   -72.9000    -100.000 0.2426   0.3550E-01  0.8182E-03 -0.3550E-01  0.0000E+00      -1  -0.142E-02   20.00  0.0000E+00  0.0000E+00
  83   -73.8000    -100.000 0.2426   0.3550E-01  0.8182E-03 -0.3550E-01  0.0000E+00      -1  -0.142E-02   20.00  0.0000E+00  0.0000E+00
  84   -74.7000    -100.000 0.2426   0.3550E-01  0.8182E-03 -0.3550E-01  0.0000E+00      -1  -0.142E-02   20.00  0.0000E+00  0.0000E+00
  85   -75.6000    -100.000 0.2426   0.3550E-01  0.8182E-03 -0.3550E-01  0.0000E+00      -1  -0.142E-02   20.00  0.0000E+00  0.0000E+00
  86   -76.5000    -100.000 0.2426   0.3550E-01  0.8182E-03 -0.3550E-01  0.0000E+00      -1  -0.142E-02   20.00  0.0000E+00  0.0000E+00
  87   -77.4000    -100.000 0.2426   0.3550E-01  0.8182E-03 -0.3550E-01  0.0000E+00      -1  -0.142E-02   20.00  0.0000E+00  0.0000E+00
  88   -78.3000    -100.000 0.2426   0.3550E-01  0.8182E-03 -0.3550E-01  0.0000E+00      -1  -0.142E-02   20.00  0.0000E+00  0.0000E+00
  89   -79.2000    -100.000 0.2426   0.3550E-01  0.8182E-03 -0.3550E-01  0.0000E+00      -1  -0.142E-02   20.00  0.0000E+00  0.0000E+00
  90   -80.1000    -100.000 0.2426   0.3550E-01  0.8182E-03 -0.3550E-01  0.0000E+00      -1  -0.142E-02   20.00  0.0000E+00  0.0000E+00
  91   -81.0000    -100.000 0.2426   0.3550E-01  0.8182E-03 -0.3550E-01  0.0000E+00      -1  -0.142E-02   20.00  0.0000E+00  0.0000E+00
  92   -81.9000    -100.000 0.2426   0.3550E-01  0.8182E-03 -0.3550E-01  0.0000E+00      -1  -0.142E-02   20.00  0.0000E+00  0.0000E+00
  93   -82.8000    -100.000 0.2426   0.3550E-01  0.8182E-03 -0.3550E-01  0.0000E+00      -1  -0.142E-02   20.00  0.0000E+00  0.0000E+00
  94   -83.7000    -100.000 0.2426   0.3550E-01  0.8182E-03 -0.3550E-01  0.0000E+00      -1  -0.142E-02   20.00  0.0000E+00  0.0000E+00
  95   -84.6000    -100.000 0.2426   0.3550E-01  0.8182E-03 -0.3550E-01  0.0000E+00      -1  -0.142E-02   20.00  0.0000E+00  0.0000E+00
  96   -85.5000    -100.000 0.2426   0.3550E-01  0.8182E-03 -0.3550E-01  0.0000E+00      -1  -0.142E-02   20.00  0.0000E+00  0.0000E+00
  97   -86.4000    -100.000 0.2426   0.3550E-01  0.8182E-03 -0.3550E-01  0.0000E+00      -1  -0.142E-02   20.00  0.0000E+00  0.0000E+00
  98   -87.3000    -100.000 0.2426   0.3550E-01  0.8182E-03 -0.3550E-01  0.0000E+00      -1  -0.142E-02   20.00  0.0000E+00  0.0000E+00
  99   -88.2000    -100.000 0.2426   0.3550E-01  0.8182E-03 -0.3550E-01  0.0000E+00      -1  -0.142E-02   20.00  0.0000E+00  0.0000E+00
 100   -89.1000    -100.000 0.2426   0.3550E-01  0.8182E-03 -0.3550E-01  0.0000E+00      -1  -0.142E-02   20.00  0.0000E+00  0.0000E+00
 101   -90.0000    -100.000 0.2426   0.3550E-01  0.8182E-03 -0.3550E-01  0.0000E+00      -1  -0.142E-02   20.00  0.0000E+00  0.0000E+00
end


 Time:      164.0000


 Node      Depth      Head Moisture       K          C         Flux        Sink         Kappa   v/KsTop   Temp   Conc(1..NS) Sorb(1...NS)   ConcL       ConcS       ConcG       ConcT
           [L]        [L]    [-]        [L/T]      [1/L]      [L/T]        [1/T]         [-]      [-]      [C]      [M/L*3]                [M/L*3]      [M/M]      [M/L*3]     [M/L*3]

   1     0.0000     -61.775 0.2838   0.1473E+00  0.1455E-02 -0.1690E+00  0.0000E+00      -1  -0.677E-02   20.00  0.4682E-01  0.0000E+00
   2    -0.9000     -61.898 0.2836   0.1467E+00  0.1452E-02 -0.1651E+00  0.0000E+00      -1  -0.661E-02   20.00  0.5143E-01  0.0000E+00
   3    -1.8000     -62.000 0.2835   0.1462E+00  0.1450E-02 -0.1611E+00  0.0000E+00      -1  -0.646E-02   20.00  0.5584E-01  0.0000E+00
   4    -2.7000     -62.081 0.2834   0.1459E+00  0.1448E-02 -0.1571E+00  0.0000E+00      -1  -0.629E-02   20.00  0.6011E-01  0.0000E+00
   5    -3.6000     -62.138 0.2833   0.1456E+00  0.1447E-02 -0.1531E+00  0.0000E+00      -1  -0.613E-02   20.00  0.6439E-01  0.0000E+00
   6    -4.5000     -62.173 0.2833   0.1454E+00  0.1446E-02 -0.1491E+00  0.0000E+00      -1  -0.597E-02   20.00  0.6886E-01  0.0000E+00
   7    -5.4000     -62.184 0.2833   0.1453E+00  0.1446E-02 -0.1452E+00  0.0000E+00      -1  -0.582E-02   20.00  0.7372E-01  0.0000E+00
   8    -6.3000     -62.171 0.2833   0.1454E+00  0.1446E-02 -0.1415E+00  0.0000E+00      -1  -0.567E-02   20.00  0.7907E-01  0.0000E+00
   9    -7.2000     -62.135 0.2833   0.1456E+00  0.1447E-02 -0.1379E+00  0.0000E+00      -1  -0.553E-02   20.00  0.8494E-01  0.0000E+00
  10    -8.1000     -62.076 0.2834   0.1458E+00  0.1448E-02 -0.1346E+00  0.0000E+00      -1  -0.539E-02   20.00  0.9124E-01  0.0000E+00
  11    -9.0000     -61.996 0.2835   0.1462E+00  0.1450E-02 -0.1316E+00  0.0000E+00      -1  -0.527E-02   20.00  0.9791E-01  0.0000E+00
  12    -9.9000     -61.896 0.2836   0.1467E+00  0.1452E-02 -0.1288E+00  0.0000E+00      -1  -0.516E-02   20.00  0.1049E+00  0.0000E+00
  13   -10.8000     -61.776 0.2838   0.1472E+00  0.1454E-02 -0.1263E+00  0.0000E+00      -1  -0.506E-02   20.00  0.1121E+00  0.0000E+00
  14   -11.7000     -61.640 0.2839   0.1479E+00  0.1457E-02 -0.1242E+00  0.0000E+00      -1  -0.498E-02   20.00  0.1196E+00  0.0000E+00
  15   -12.6000     -61.488 0.2841   0.1486E+00  0.1461E-02 -0.1224E+00  0.0000E+00      -1  -0.490E-02   20.00  0.1274E+00  0.0000E+00
  16   -13.5000     -61.322 0.2844   0.1494E+00  0.1464E-02 -0.1209E+00  0.0000E+00      -1  -0.484E-02   20.00  0.1354E+00  0.0000E+00
  17   -14.4000     -61.145 0.2846   0.1502E+00  0.1468E-02 -0.1198E+00  0.0000E+00      -1  -0.480E-02   20.00  0.1438E+00  0.0000E+00
  18   -15.3000     -60.957 0.2848   0.1511E+00  0.1472E-02 -0.1190E+00  0.0000E+00      -1  -0.477E-02   20.00  0.1526E+00  0.0000E+00
  19   -16.2000     -60.762 0.2851   0.1521E+00  0.1476E-02 -0.1185E+00  0.0000E+00      -1  -0.475E-02   20.00  0.1617E+00  0.0000E+00
  20   -17.1000     -60.560 0.2854   0.1531E+00  0.1481E-02 -0.1184E+00  0.0000E+00      -1  -0.474E-02   20.00  0.1711E+00  0.0000E+00
  21   -18.0000     -60.354 0.2856   0.1541E+00  0.1485E-02 -0.1185E+00  0.0000E+00      -1  -0.475E-02   20.00  0.1809E+00  0.0000E+00
  22   -18.9000     -60.144 0.2859   0.1551E+00  0.1490E-02 -0.1189E+00  0.0000E+00      -1  -0.476E-02   20.00  0.1911E+00  0.0000E+00
  23   -19.8000     -59.934 0.2862   0.1561E+00  0.1495E-02 -0.1197E+00  0.0000E+00      -1  -0.479E-02   20.00  0.2018E+00  0.0000E+00
  24   -20.7000     -59.721 0.2865   0.1585E+00  0.1501E-02 -0.1208E+00  0.0000E+00      -1  -0.484E-02   20.00  0.2128E+00  0.0000E+00
  25   -21.6000     -59.505 0.2869   0.1609E+00  0.1508E-02 -0.1222E+00  0.0000E+00      -1  -0.490E-02   20.00  0.2243E+00  0.0000E+00
  26   -22.5000     -59.288 0.2873   0.1634E+00  0.1515E-02 -0.1239E+00  0.0000E+00      -1  -0.497E-02   20.00  0.2362E+00  0.0000E+00
  27   -23.4000     -59.071 0.2876   0.1658E+00  0.1522E-02 -0.1259E+00  0.0000E+00      -1  -0.504E-02   20.00  0.2486E+00  0.0000E+00
  28   -24.3000     -58.855 0.2880   0.1682E+00  0.1528E-02 -0.1280E+00  0.0000E+00      -1  -0.513E-02   20.00  0.2614E+00  0.0000E+00
  29   -25.2000     -58.640 0.2883   0.1706E+00  0.1535E-02 -0.1303E+00  0.0000E+00      -1  -0.522E-02   20.00  0.2748E+00  0.0000E+00
  30   -26.1000     -58.429 0.2887   0.1730E+00  0.1542E-02 -0.1327E+00  0.0000E+00      -1  -0.532E-02   20.00  0.2887E+00  0.0000E+00
  31   -27.0000     -58.221 0.2891   0.1753E+00  0.1548E-02 -0.1353E+00  0.0000E+00      -1  -0.542E-02   20.00  0.3031E+00  0.0000E+00
  32   -27.9000     -58.018 0.2894   0.1776E+00  0.1555E-02 -0.1379E+00  0.0000E+00      -1  -0.553E-02   20.00  0.3180E+00  0.0000E+00
  33   -28.8000     -57.819 0.2897   0.1798E+00  0.1561E-02 -0.1407E+00  0.0000E+00      -1  -0.564E-02   20.00  0.3335E+00  0.0000E+00
  34   -29.7000     -57.626 0.2901   0.1820E+00  0.1567E-02 -0.1434E+00  0.0000E+00      -1  -0.575E-02   20.00  0.3496E+00  0.0000E+00
  35   -30.6000     -57.438 0.2904   0.1841E+00  0.1573E-02 -0.1463E+00  0.0000E+00      -1  -0.586E-02   20.00  0.3663E+00  0.0000E+00
  36   -31.5000     -57.256 0.2907   0.1862E+00  0.1579E-02 -0.1491E+00  0.0000E+00      -1  -0.597E-02   20.00  0.3835E+00  0.0000E+00
  37   -32.4000     -57.080 0.2910   0.1881E+00  0.1584E-02 -0.1520E+00  0.0000E+00      -1  -0.609E-02   20.00  0.4014E+00  0.0000E+00
  38   -33.3000     -56.911 0.2913   0.1900E+00  0.1589E-02 -0.1549E+00  0.0000E+00      -1  -0.620E-02   20.00  0.4199E+00  0.0000E+00
  39   -34.2000     -56.747 0.2915   0.1919E+00  0.1595E-02 -0.1577E+00  0.0000E+00      -1  -0.632E-02   20.00  0.4391E+00  0.0000E+00
  40   -35.1000     -56.590 0.2918   0.1936E+00  0.1599E-02 -0.1606E+00  0.0000E+00      -1  -0.643E-02   20.00  0.4589E+00  0.0000E+00
  41   -36.0000     -56.440 0.2921   0.1953E+00  0.1604E-02 -0.1634E+00  0.0000E+00      -1  -0.655E-02   20.00  0.4793E+00  0.0000E+00
  42   -36.9000     -56.296 0.2923   0.1970E+00  0.1609E-02 -0.1661E+00  0.0000E+00      -1  -0.666E-02   20.00  0.5004E+00  0.0000E+00
  43   -37.8000     -56.158 0.2925   0.1985E+00  0.1613E-02 -0.1689E+00  0.0000E+00      -1  -0.677E-02   20.00  0.5222E+00  0.0000E+00
  44   -38.7000     -56.027 0.2927   0.2000E+00  0.1617E-02 -0.1716E+00  0.0000E+00      -1  -0.687E-02   20.00  0.5447E+00  0.0000E+00
  45   -39.6000     -55.903 0.2930   0.2014E+00  0.1621E-02 -0.1742E+00  0.0000E+00      -1  -0.698E-02   20.00  0.5679E+00  0.0000E+00
  46   -40.5000     -55.784 0.2932   0.2027E+00  0.1625E-02 -0.1767E+00  0.0000E+00      -1  -0.708E-02   20.00  0.5918E+00  0.0000E+00
  47   -41.4000     -55.672 0.2933   0.2040E+00  0.1628E-02 -0.1793E+00  0.0000E+00      -1  -0.718E-02   20.00  0.6163E+00  0.0000E+00
  48   -42.3000     -55.566 0.2935   0.2052E+00  0.1632E-02 -0.1817E+00  0.0000E+00      -1  -0.728E-02   20.00  0.6416E+00  0.0000E+00
  49   -43.2000     -55.467 0.2937   0.2063E+00  0.1635E-02 -0.1841E+00  0.0000E+00      -1  -0.738E-02   20.00  0.6676E+00  0.0000E+00
  50   -44.1000     -55.373 0.2939   0.2073E+00  0.1638E-02 -0.1864E+00  0.0000E+00      -1  -0.747E-02   20.00  0.6943E+00  0.0000E+00
  51   -45.0000     -55.285 0.2940   0.2083E+00  0.1641E-02 -0.1886E+00  0.0000E+00      -1  -0.756E-02   20.00  0.7217E+00  0.0000E+00
  52   -45.9000     -55.203 0.2941   0.2093E+00  0.1643E-02 -0.1908E+00  0.0000E+00      -1  -0.764E-02   20.00  0.7498E+00  0.0000E+00
  53   -46.8000     -55.126 0.2943   0.2101E+00  0.1646E-02 -0.1929E+00  0.0000E+00      -1  -0.773E-02   20.00  0.7786E+00  0.0000E+00
  54   -47.7000     -55.055 0.2944   0.2109E+00  0.1648E-02 -0.1949E+00  0.0000E+00      -1  -0.781E-02   20.00  0.8081E+00  0.0000E+00
  55   -48.6000     -54.990 0.2945   0.2117E+00  0.1650E-02 -0.1969E+00  0.0000E+00      -1  -0.789E-02   20.00  0.8384E+00  0.0000E+00
  56   -49.5000     -54.930 0.2946   0.2123E+00  0.1652E-02 -0.1988E+00  0.0000E+00      -1  -0.796E-02   20.00  0.8693E+00  0.0000E+00
  57   -50.4000     -54.875 0.2947   0.2129E+00  0.1653E-02 -0.2006E+00  0.0000E+00      -1  -0.804E-02   20.00  0.9009E+00  0.0000E+00
  58   -51.3000     -54.826 0.2948   0.2135E+00  0.1655E-02 -0.2023E+00  0.0000E+00      -1  -0.811E-02   20.00  0.9331E+00  0.0000E+00
  59   -52.2000     -54.781 0.2948   0.2140E+00  0.1656E-02 -0.2040E+00  0.0000E+00      -1  -0.817E-02   20.00  0.9660E+00  0.0000E+00
  60   -53.1000     -54.741 0.2949   0.2144E+00  0.1658E-02 -0.2055E+00  0.0000E+00      -1  -0.824E-02   20.00  0.9996E+00  0.0000E+00
  61   -54.0000     -54.706 0.2950   0.2148E+00  0.1659E-02 -0.2071E+00  0.0000E+00      -1  -0.830E-02   20.00  0.1034E+01  0.0000E+00
  62   -54.9000     -54.676 0.2950   0.2152E+00  0.1660E-02 -0.2085E+00  0.0000E+00      -1  -0.835E-02   20.00  0.1069E+01  0.0000E+00
  63   -55.8000     -54.651 0.2951   0.2155E+00  0.1661E-02 -0.2098E+00  0.0000E+00      -1  -0.841E-02   20.00  0.1104E+01  0.0000E+00
  64   -56.7000     -54.629 0.2951   0.2157E+00  0.1661E-02 -0.2111E+00  0.0000E+00      -1  -0.846E-02   20.00  0.1140E+01  0.0000E+00
  65   -57.6000     -54.612 0.2951   0.2159E+00  0.1662E-02 -0.2123E+00  0.0000E+00      -1  -0.851E-02   20.00  0.1177E+01  0.0000E+00
  66   -58.5000     -54.600 0.2952   0.2160E+00  0.1662E-02 -0.2134E+00  0.0000E+00      -1  -0.855E-02   20.00  0.1214E+01  0.0000E+00
  67   -59.4000     -54.591 0.2952   0.2161E+00  0.1662E-02 -0.2145E+00  0.0000E+00      -1  -0.859E-02   20.00  0.1251E+01  0.0000E+00
  68   -60.3000     -54.586 0.2952   0.2162E+00  0.1663E-02 -0.2155E+00  0.0000E+00      -1  -0.863E-02   20.00  0.1289E+01  0.0000E+00
  69   -61.2000     -54.585 0.2952   0.2162E+00  0.1663E-02 -0.2164E+00  0.0000E+00      -1  -0.867E-02   20.00  0.1328E+01  0.0000E+00
  70   -62.1000     -54.587 0.2952   0.2162E+00  0.1662E-02 -0.2172E+00  0.0000E+00      -1  -0.870E-02   20.00  0.1367E+01  0.0000E+00
  71   -63.0000     -54.593 0.2952   0.2161E+00  0.1662E-02 -0.2179E+00  0.0000E+00      -1  -0.873E-02   20.00  0.1406E+01  0.0000E+00
  72   -63.9000     -54.603 0.2951   0.2160E+00  0.1662E-02 -0.2186E+00  0.0000E+00      -1  -0.876E-02   20.00  0.1446E+01  0.0000E+00
  73   -64.8000     -54.615 0.2951   0.2159E+00  0.1662E-02 -0.2192E+00  0.0000E+00      -1  -0.878E-02   20.00  0.1486E+01  0.0000E+00
  74   -65.7000     -54.630 0.2951   0.2157E+00  0.1661E-02 -0.2197E+00  0.0000E+00      -1  -0.880E-02   20.00  0.1526E+01  0.0000E+00
  75   -66.6000     -54.649 0.2951   0.2155E+00  0.1661E-02 -0.2202E+00  0.0000E+00      -1  -0.882E-02   20.00  0.1566E+01  0.0000E+00
  76   -67.5000     -54.669 0.2950   0.2153E+00  0.1660E-02 -0.2205E+00  0.0000E+00      -1  -0.883E-02   20.00  0.1607E+01  0.0000E+00
  77   -68.4000     -54.693 0.2950   0.2150E+00  0.1659E-02 -0.2208E+00  0.0000E+00      -1  -0.885E-02   20.00  0.1648E+01  0.0000E+00
  78   -69.3000     -54.718 0.2950   0.2147E+00  0.1658E-02 -0.2210E+00  0.0000E+00      -1  -0.885E-02   20.00  0.1688E+01  0.0000E+00
  79   -70.2000     -54.745 0.2949   0.2144E+00  0.1658E-02 -0.2212E+00  0.0000E+00      -1  -0.886E-02   20.00  0.1729E+01  0.0000E+00
  80   -71.1000     -54.775 0.2949   0.2141E+00  0.1657E-02 -0.2212E+00  0.0000E+00      -1  -0.886E-02   20.00  0.1770E+01  0.0000E+00
  81   -72.0000     -54.805 0.2948   0.2137E+00  0.1656E-02 -0.2212E+00  0.0000E+00      -1  -0.886E-02   20.00  0.1810E+01  0.0000E+00
  82   -72.9000     -54.837 0.2948   0.2134E+00  0.1655E-02 -0.2211E+00  0.0000E+00      -1  -0.886E-02   20.00  0.1851E+01  0.0000E+00
  83   -73.8000     -54.870 0.2947   0.2130E+00  0.1654E-02 -0.2209E+00  0.0000E+00      -1  -0.885E-02   20.00  0.1891E+01  0.0000E+00
  84   -74.7000     -54.904 0.2946   0.2126E+00  0.1653E-02 -0.2207E+00  0.0000E+00      -1  -0.884E-02   20.00  0.1930E+01  0.0000E+00
  85   -75.6000     -54.939 0.2946   0.2123E+00  0.1652E-02 -0.2204E+00  0.0000E+00      -1  -0.883E-02   20.00  0.1969E+01  0.0000E+00
  86   -76.5000     -54.973 0.2945   0.2119E+00  0.1650E-02 -0.2200E+00  0.0000E+00      -1  -0.882E-02   20.00  0.2008E+01  0.0000E+00
  87   -77.4000     -55.008 0.2945   0.2115E+00  0.1649E-02 -0.2196E+00  0.0000E+00      -1  -0.880E-02   20.00  0.2046E+01  0.0000E+00
  88   -78.3000     -55.042 0.2944   0.2111E+00  0.1648E-02 -0.2191E+00  0.0000E+00      -1  -0.878E-02   20.00  0.2082E+01  0.0000E+00
  89   -79.2000     -55.076 0.2944   0.2107E+00  0.1647E-02 -0.2185E+00  0.0000E+00      -1  -0.875E-02   20.00  0.2118E+01  0.0000E+00
  90   -80.1000     -55.109 0.2943   0.2104E+00  0.1646E-02 -0.2179E+00  0.0000E+00      -1  -0.873E-02   20.00  0.2153E+01  0.0000E+00
  91   -81.0000     -55.140 0.2942   0.2100E+00  0.1645E-02 -0.2172E+00  0.0000E+00      -1  -0.870E-02   20.00  0.2186E+01  0.0000E+00
  92   -81.9000     -55.170 0.2942   0.2097E+00  0.1644E-02 -0.2164E+00  0.0000E+00      -1  -0.867E-02   20.00  0.2218E+01  0.0000E+00
  93   -82.8000     -55.199 0.2941   0.2094E+00  0.1643E-02 -0.2156E+00  0.0000E+00      -1  -0.864E-02   20.00  0.2247E+01  0.0000E+00
  94   -83.7000     -55.225 0.2941   0.2091E+00  0.1643E-02 -0.2148E+00  0.0000E+00      -1  -0.861E-02   20.00  0.2274E+01  0.0000E+00
  95   -84.6000     -55.248 0.2941   0.2088E+00  0.1642E-02 -0.2139E+00  0.0000E+00      -1  -0.857E-02   20.00  0.2299E+01  0.0000E+00
  96   -85.5000     -55.269 0.2940   0.2086E+00  0.1641E-02 -0.2130E+00  0.0000E+00      -1  -0.853E-02   20.00  0.2321E+01  0.0000E+00
  97   -86.4000     -55.286 0.2940   0.2084E+00  0.1641E-02 -0.2120E+00  0.0000E+00      -1  -0.850E-02   20.00  0.2340E+01  0.0000E+00
  98   -87.3000     -55.300 0.2940   0.2082E+00  0.1640E-02 -0.2111E+00  0.0000E+00      -1  -0.846E-02   20.00  0.2354E+01  0.0000E+00
  99   -88.2000     -55.311 0.2940   0.2081E+00  0.1640E-02 -0.2101E+00  0.0000E+00      -1  -0.842E-02   20.00  0.2365E+01  0.0000E+00
 100   -89.1000     -55.317 0.2939   0.2080E+00  0.1640E-02 -0.2090E+00  0.0000E+00      -1  -0.838E-02   20.00  0.2370E+01  0.0000E+00
 101   -90.0000     -55.319 0.2939   0.2080E+00  0.1640E-02 -0.2085E+00  0.0000E+00      -1  -0.835E-02   20.00  0.2370E+01  0.0000E+00
end
