 ******* Program HYDRUS
 ******* 
 Oefening 2                                                              
 Date:   3. 5.    Time:  10:32:41
 Units: L = cm   , T = hours, M = mmol 
 
 CosAlf,MaxIt,TolTh,  TolH
 0.000   10   0.001 1.00000
 
 TopInF,BotInF,AtmBC,SinkF,WLayer,qGWLF,FreeD,SeepF,lWat,lChem,lTemp,lRoot,lWDep
     F     F     F     F     F     F     T     F     T     F     F     F     F

Nodal point information

node      x         hOld    MatN LayN  Beta      Ah       AK      ATh     Temp    Conc(1...NS)         Sorb(1...NS)

   1      0.000   -150.000    1    1   0.000    1.000    1.000    1.000
   2     -1.000   -150.000    1    1   0.000    1.000    1.000    1.000
   3     -2.000   -150.000    1    1   0.000    1.000    1.000    1.000
   4     -3.000   -150.000    1    1   0.000    1.000    1.000    1.000
   5     -4.000   -150.000    1    1   0.000    1.000    1.000    1.000
   6     -5.000   -150.000    1    1   0.000    1.000    1.000    1.000
   7     -6.000   -150.000    1    1   0.000    1.000    1.000    1.000
   8     -7.000   -150.000    1    1   0.000    1.000    1.000    1.000
   9     -8.000   -150.000    1    1   0.000    1.000    1.000    1.000
  10     -9.000   -150.000    1    1   0.000    1.000    1.000    1.000
  11    -10.000   -150.000    1    1   0.000    1.000    1.000    1.000
  12    -11.000   -150.000    1    1   0.000    1.000    1.000    1.000
  13    -12.000   -150.000    1    1   0.000    1.000    1.000    1.000
  14    -13.000   -150.000    1    1   0.000    1.000    1.000    1.000
  15    -14.000   -150.000    1    1   0.000    1.000    1.000    1.000
  16    -15.000   -150.000    1    1   0.000    1.000    1.000    1.000
  17    -16.000   -150.000    1    1   0.000    1.000    1.000    1.000
  18    -17.000   -150.000    1    1   0.000    1.000    1.000    1.000
  19    -18.000   -150.000    1    1   0.000    1.000    1.000    1.000
  20    -19.000   -150.000    1    1   0.000    1.000    1.000    1.000
  21    -20.000   -150.000    1    1   0.000    1.000    1.000    1.000
  22    -21.000   -150.000    1    1   0.000    1.000    1.000    1.000
  23    -22.000   -150.000    1    1   0.000    1.000    1.000    1.000
  24    -23.000   -150.000    1    1   0.000    1.000    1.000    1.000
  25    -24.000   -150.000    1    1   0.000    1.000    1.000    1.000
  26    -25.000   -150.000    1    1   0.000    1.000    1.000    1.000
  27    -26.000   -150.000    1    1   0.000    1.000    1.000    1.000
  28    -27.000   -150.000    1    1   0.000    1.000    1.000    1.000
  29    -28.000   -150.000    1    1   0.000    1.000    1.000    1.000
  30    -29.000   -150.000    1    1   0.000    1.000    1.000    1.000
  31    -30.000   -150.000    1    1   0.000    1.000    1.000    1.000
  32    -31.000   -150.000    1    1   0.000    1.000    1.000    1.000
  33    -32.000   -150.000    1    1   0.000    1.000    1.000    1.000
  34    -33.000   -150.000    1    1   0.000    1.000    1.000    1.000
  35    -34.000   -150.000    1    1   0.000    1.000    1.000    1.000
  36    -35.000   -150.000    1    1   0.000    1.000    1.000    1.000
  37    -36.000   -150.000    1    1   0.000    1.000    1.000    1.000
  38    -37.000   -150.000    1    1   0.000    1.000    1.000    1.000
  39    -38.000   -150.000    1    1   0.000    1.000    1.000    1.000
  40    -39.000   -150.000    1    1   0.000    1.000    1.000    1.000
  41    -40.000   -150.000    1    1   0.000    1.000    1.000    1.000
  42    -41.000   -150.000    1    1   0.000    1.000    1.000    1.000
  43    -42.000   -150.000    1    1   0.000    1.000    1.000    1.000
  44    -43.000   -150.000    1    1   0.000    1.000    1.000    1.000
  45    -44.000   -150.000    1    1   0.000    1.000    1.000    1.000
  46    -45.000   -150.000    1    1   0.000    1.000    1.000    1.000
  47    -46.000   -150.000    1    1   0.000    1.000    1.000    1.000
  48    -47.000   -150.000    1    1   0.000    1.000    1.000    1.000
  49    -48.000   -150.000    1    1   0.000    1.000    1.000    1.000
  50    -49.000   -150.000    1    1   0.000    1.000    1.000    1.000
  51    -50.000   -150.000    1    1   0.000    1.000    1.000    1.000
  52    -51.000   -150.000    1    1   0.000    1.000    1.000    1.000
  53    -52.000   -150.000    1    1   0.000    1.000    1.000    1.000
  54    -53.000   -150.000    1    1   0.000    1.000    1.000    1.000
  55    -54.000   -150.000    1    1   0.000    1.000    1.000    1.000
  56    -55.000   -150.000    1    1   0.000    1.000    1.000    1.000
  57    -56.000   -150.000    1    1   0.000    1.000    1.000    1.000
  58    -57.000   -150.000    1    1   0.000    1.000    1.000    1.000
  59    -58.000   -150.000    1    1   0.000    1.000    1.000    1.000
  60    -59.000   -150.000    1    1   0.000    1.000    1.000    1.000
  61    -60.000   -150.000    1    1   0.000    1.000    1.000    1.000
  62    -61.000   -150.000    1    1   0.000    1.000    1.000    1.000
  63    -62.000   -150.000    1    1   0.000    1.000    1.000    1.000
  64    -63.000   -150.000    1    1   0.000    1.000    1.000    1.000
  65    -64.000   -150.000    1    1   0.000    1.000    1.000    1.000
  66    -65.000   -150.000    1    1   0.000    1.000    1.000    1.000
  67    -66.000   -150.000    1    1   0.000    1.000    1.000    1.000
  68    -67.000   -150.000    1    1   0.000    1.000    1.000    1.000
  69    -68.000   -150.000    1    1   0.000    1.000    1.000    1.000
  70    -69.000   -150.000    1    1   0.000    1.000    1.000    1.000
  71    -70.000   -150.000    1    1   0.000    1.000    1.000    1.000
  72    -71.000   -150.000    1    1   0.000    1.000    1.000    1.000
  73    -72.000   -150.000    1    1   0.000    1.000    1.000    1.000
  74    -73.000   -150.000    1    1   0.000    1.000    1.000    1.000
  75    -74.000   -150.000    1    1   0.000    1.000    1.000    1.000
  76    -75.000   -150.000    1    1   0.000    1.000    1.000    1.000
  77    -76.000   -150.000    1    1   0.000    1.000    1.000    1.000
  78    -77.000   -150.000    1    1   0.000    1.000    1.000    1.000
  79    -78.000   -150.000    1    1   0.000    1.000    1.000    1.000
  80    -79.000   -150.000    1    1   0.000    1.000    1.000    1.000
  81    -80.000   -150.000    1    1   0.000    1.000    1.000    1.000
end

 Number of species in the chain :   0


MatNum, Param. array:

   Mat     Qr     Qs        Alfa         n          Ks      l

    1    0.046  0.389   0.378E-01   0.194E+01   0.644E+01  0.500

       Table of Hydraulic Properties which are interpolated in simulation
       =================================================================

  theta         h        log h        C             K        log K          S          Kv
 
  0.3887  -0.100E-05 -0.6000E+01  0.1339E-08  0.6438E+01  0.8088E+00    1.0000  0.0000E+00
  0.3887  -0.126E-05 -0.5899E+01  0.1665E-08  0.6438E+01  0.8088E+00    1.0000  0.0000E+00
  0.3887  -0.159E-05 -0.5798E+01  0.2071E-08  0.6438E+01  0.8088E+00    1.0000  0.0000E+00
  0.3887  -0.201E-05 -0.5697E+01  0.2575E-08  0.6438E+01  0.8088E+00    1.0000  0.0000E+00
  0.3887  -0.254E-05 -0.5596E+01  0.3202E-08  0.6438E+01  0.8088E+00    1.0000  0.0000E+00
  0.3887  -0.320E-05 -0.5495E+01  0.3983E-08  0.6438E+01  0.8088E+00    1.0000  0.0000E+00
  0.3887  -0.404E-05 -0.5394E+01  0.4953E-08  0.6438E+01  0.8088E+00    1.0000  0.0000E+00
  0.3887  -0.509E-05 -0.5293E+01  0.6159E-08  0.6438E+01  0.8088E+00    1.0000  0.0000E+00
  0.3887  -0.643E-05 -0.5192E+01  0.7660E-08  0.6438E+01  0.8088E+00    1.0000  0.0000E+00
  0.3887  -0.811E-05 -0.5091E+01  0.9526E-08  0.6438E+01  0.8088E+00    1.0000  0.0000E+00
  0.3887  -0.102E-04 -0.4990E+01  0.1185E-07  0.6438E+01  0.8088E+00    1.0000  0.0000E+00
  0.3887  -0.129E-04 -0.4889E+01  0.1473E-07  0.6438E+01  0.8088E+00    1.0000  0.0000E+00
  0.3887  -0.163E-04 -0.4788E+01  0.1832E-07  0.6438E+01  0.8088E+00    1.0000  0.0000E+00
  0.3887  -0.206E-04 -0.4687E+01  0.2279E-07  0.6438E+01  0.8088E+00    1.0000  0.0000E+00
  0.3887  -0.260E-04 -0.4586E+01  0.2834E-07  0.6438E+01  0.8088E+00    1.0000  0.0000E+00
  0.3887  -0.327E-04 -0.4485E+01  0.3524E-07  0.6438E+01  0.8088E+00    1.0000  0.0000E+00
  0.3887  -0.413E-04 -0.4384E+01  0.4382E-07  0.6438E+01  0.8088E+00    1.0000  0.0000E+00
  0.3887  -0.521E-04 -0.4283E+01  0.5450E-07  0.6438E+01  0.8088E+00    1.0000  0.0000E+00
  0.3887  -0.658E-04 -0.4182E+01  0.6778E-07  0.6438E+01  0.8088E+00    1.0000  0.0000E+00
  0.3887  -0.830E-04 -0.4081E+01  0.8429E-07  0.6438E+01  0.8088E+00    1.0000  0.0000E+00
  0.3887  -0.105E-03 -0.3980E+01  0.1048E-06  0.6438E+01  0.8088E+00    1.0000  0.0000E+00
  0.3887  -0.132E-03 -0.3879E+01  0.1304E-06  0.6438E+01  0.8088E+00    1.0000  0.0000E+00
  0.3887  -0.167E-03 -0.3778E+01  0.1621E-06  0.6438E+01  0.8088E+00    1.0000  0.0000E+00
  0.3887  -0.210E-03 -0.3677E+01  0.2016E-06  0.6438E+01  0.8088E+00    1.0000  0.0000E+00
  0.3887  -0.266E-03 -0.3576E+01  0.2507E-06  0.6438E+01  0.8088E+00    1.0000  0.0000E+00
  0.3887  -0.335E-03 -0.3475E+01  0.3118E-06  0.6438E+01  0.8088E+00    1.0000  0.0000E+00
  0.3887  -0.423E-03 -0.3374E+01  0.3878E-06  0.6438E+01  0.8087E+00    1.0000  0.0000E+00
  0.3887  -0.534E-03 -0.3273E+01  0.4822E-06  0.6438E+01  0.8087E+00    1.0000  0.0000E+00
  0.3887  -0.673E-03 -0.3172E+01  0.5997E-06  0.6438E+01  0.8087E+00    1.0000  0.0000E+00
  0.3887  -0.850E-03 -0.3071E+01  0.7458E-06  0.6438E+01  0.8087E+00    1.0000  0.0000E+00
  0.3887  -0.107E-02 -0.2970E+01  0.9275E-06  0.6437E+01  0.8087E+00    1.0000  0.0000E+00
  0.3887  -0.135E-02 -0.2869E+01  0.1154E-05  0.6437E+01  0.8087E+00    1.0000  0.0000E+00
  0.3887  -0.171E-02 -0.2768E+01  0.1435E-05  0.6437E+01  0.8087E+00    1.0000  0.0000E+00
  0.3887  -0.215E-02 -0.2667E+01  0.1784E-05  0.6436E+01  0.8086E+00    1.0000  0.0000E+00
  0.3887  -0.272E-02 -0.2566E+01  0.2219E-05  0.6436E+01  0.8086E+00    1.0000  0.0000E+00
  0.3887  -0.343E-02 -0.2465E+01  0.2759E-05  0.6435E+01  0.8086E+00    1.0000  0.0000E+00
  0.3887  -0.433E-02 -0.2364E+01  0.3431E-05  0.6435E+01  0.8085E+00    1.0000  0.0000E+00
  0.3887  -0.546E-02 -0.2263E+01  0.4267E-05  0.6434E+01  0.8085E+00    1.0000  0.0000E+00
  0.3887  -0.689E-02 -0.2162E+01  0.5307E-05  0.6433E+01  0.8084E+00    1.0000  0.5995E-32
  0.3887  -0.870E-02 -0.2061E+01  0.6600E-05  0.6431E+01  0.8083E+00    1.0000  0.5995E-32
  0.3887  -0.110E-01 -0.1960E+01  0.8207E-05  0.6430E+01  0.8082E+00    1.0000  0.6043E-31
  0.3887  -0.138E-01 -0.1859E+01  0.1021E-04  0.6428E+01  0.8080E+00    1.0000  0.6043E-31
  0.3887  -0.175E-01 -0.1758E+01  0.1269E-04  0.6425E+01  0.8079E+00    1.0000  0.6091E-30
  0.3887  -0.221E-01 -0.1657E+01  0.1579E-04  0.6422E+01  0.8076E+00    1.0000  0.2353E-29
  0.3887  -0.278E-01 -0.1556E+01  0.1963E-04  0.6418E+01  0.8074E+00    1.0000  0.9091E-29
  0.3887  -0.351E-01 -0.1455E+01  0.2441E-04  0.6412E+01  0.8070E+00    1.0000  0.4990E-28
  0.3887  -0.443E-01 -0.1354E+01  0.3036E-04  0.6406E+01  0.8066E+00    1.0000  0.2074E-27
  0.3887  -0.559E-01 -0.1253E+01  0.3776E-04  0.6398E+01  0.8061E+00    1.0000  0.1012E-26
  0.3887  -0.705E-01 -0.1152E+01  0.4696E-04  0.6389E+01  0.8054E+00    1.0000  0.4273E-26
  0.3887  -0.890E-01 -0.1051E+01  0.5839E-04  0.6377E+01  0.8046E+00    1.0000  0.1959E-25
  0.3887  -0.112E+00 -0.9495E+00  0.7262E-04  0.6362E+01  0.8036E+00    1.0000  0.8747E-25
  0.3887  -0.142E+00 -0.8485E+00  0.9031E-04  0.6343E+01  0.8023E+00    1.0000  0.3972E-24
  0.3887  -0.179E+00 -0.7475E+00  0.1123E-03  0.6320E+01  0.8007E+00    1.0000  0.1777E-23
  0.3887  -0.226E+00 -0.6465E+00  0.1397E-03  0.6291E+01  0.7987E+00    1.0000  0.7976E-23
  0.3887  -0.285E+00 -0.5455E+00  0.1737E-03  0.6255E+01  0.7963E+00    0.9999  0.3584E-22
  0.3887  -0.359E+00 -0.4444E+00  0.2159E-03  0.6211E+01  0.7932E+00    0.9999  0.1606E-21
  0.3886  -0.453E+00 -0.3434E+00  0.2685E-03  0.6156E+01  0.7893E+00    0.9998  0.7212E-21
  0.3886  -0.572E+00 -0.2424E+00  0.3338E-03  0.6088E+01  0.7845E+00    0.9997  0.3240E-20
  0.3885  -0.722E+00 -0.1414E+00  0.4149E-03  0.6004E+01  0.7785E+00    0.9995  0.1454E-19
  0.3885  -0.911E+00 -0.4040E-01  0.5156E-03  0.5901E+01  0.7709E+00    0.9993  0.6518E-19
  0.3883  -0.115E+01  0.6061E-01  0.6404E-03  0.5773E+01  0.7614E+00    0.9989  0.2921E-18
  0.3881  -0.145E+01  0.1616E+00  0.7949E-03  0.5616E+01  0.7494E+00    0.9983  0.1308E-17
  0.3878  -0.183E+01  0.2626E+00  0.9855E-03  0.5423E+01  0.7343E+00    0.9973  0.5843E-17
  0.3872  -0.231E+01  0.3636E+00  0.1220E-02  0.5189E+01  0.7151E+00    0.9957  0.2603E-16
  0.3864  -0.292E+01  0.4646E+00  0.1506E-02  0.4905E+01  0.6907E+00    0.9933  0.1155E-15
  0.3851  -0.368E+01  0.5657E+00  0.1851E-02  0.4566E+01  0.6595E+00    0.9896  0.5086E-15
  0.3831  -0.464E+01  0.6667E+00  0.2261E-02  0.4164E+01  0.6195E+00    0.9838  0.2217E-14
  0.3801  -0.586E+01  0.7677E+00  0.2735E-02  0.3699E+01  0.5681E+00    0.9749  0.9503E-14
  0.3755  -0.739E+01  0.8687E+00  0.3259E-02  0.3174E+01  0.5016E+00    0.9615  0.3974E-13
  0.3686  -0.933E+01  0.9697E+00  0.3801E-02  0.2605E+01  0.4158E+00    0.9415  0.1601E-12
  0.3587  -0.118E+02  0.1071E+01  0.4295E-02  0.2019E+01  0.3051E+00    0.9126  0.6117E-12
  0.3449  -0.148E+02  0.1172E+01  0.4649E-02  0.1458E+01  0.1637E+00    0.8722  0.2169E-11
  0.3265  -0.187E+02  0.1273E+01  0.4759E-02  0.9676E+00 -0.1429E-01    0.8185  0.6975E-11
  0.3035  -0.236E+02  0.1374E+01  0.4555E-02  0.5842E+00 -0.2334E+00    0.7516  0.1987E-10
  0.2768  -0.298E+02  0.1475E+01  0.4050E-02  0.3196E+00 -0.4954E+00    0.6737  0.4933E-10
  0.2479  -0.376E+02  0.1576E+01  0.3345E-02  0.1591E+00 -0.7983E+00    0.5895  0.1060E-09
  0.2189  -0.475E+02  0.1677E+01  0.2584E-02  0.7288E-01 -0.1137E+01    0.5047  0.1982E-09
  0.1913  -0.599E+02  0.1778E+01  0.1889E-02  0.3121E-01 -0.1506E+01    0.4244  0.3270E-09
  0.1665  -0.756E+02  0.1879E+01  0.1323E-02  0.1270E-01 -0.1896E+01    0.3520  0.4855E-09
  0.1449  -0.955E+02  0.1980E+01  0.8982E-03  0.4983E-02 -0.2303E+01    0.2889  0.6615E-09
  0.1266  -0.120E+03  0.2081E+01  0.5969E-03  0.1906E-02 -0.2720E+01    0.2355  0.8421E-09
  0.1113  -0.152E+03  0.2182E+01  0.3909E-03  0.7164E-03 -0.3145E+01    0.1911  0.1017E-08
  0.0988  -0.192E+03  0.2283E+01  0.2536E-03  0.2663E-03 -0.3575E+01    0.1545  0.1178E-08
  0.0886  -0.242E+03  0.2384E+01  0.1634E-03  0.9827E-04 -0.4008E+01    0.1247  0.1322E-08
  0.0803  -0.305E+03  0.2485E+01  0.1049E-03  0.3609E-04 -0.4443E+01    0.1005  0.1448E-08
  0.0736  -0.385E+03  0.2586E+01  0.6716E-04  0.1321E-04 -0.4879E+01    0.0810  0.1555E-08
  0.0681  -0.486E+03  0.2687E+01  0.4293E-04  0.4828E-05 -0.5316E+01    0.0652  0.1646E-08
  0.0638  -0.614E+03  0.2788E+01  0.2741E-04  0.1762E-05 -0.5754E+01    0.0524  0.1722E-08
  0.0603  -0.774E+03  0.2889E+01  0.1749E-04  0.6425E-06 -0.6192E+01    0.0422  0.1785E-08
  0.0574  -0.977E+03  0.2990E+01  0.1115E-04  0.2342E-06 -0.6630E+01    0.0339  0.1836E-08
  0.0552  -0.123E+04  0.3091E+01  0.7110E-05  0.8532E-07 -0.7069E+01    0.0273  0.1878E-08
  0.0533  -0.156E+04  0.3192E+01  0.4532E-05  0.3108E-07 -0.7508E+01    0.0219  0.1912E-08
  0.0519  -0.196E+04  0.3293E+01  0.2889E-05  0.1132E-07 -0.7946E+01    0.0176  0.1940E-08
  0.0507  -0.248E+04  0.3394E+01  0.1841E-05  0.4123E-08 -0.8385E+01    0.0142  0.1962E-08
  0.0497  -0.313E+04  0.3495E+01  0.1173E-05  0.1501E-08 -0.8824E+01    0.0114  0.1980E-08
  0.0489  -0.394E+04  0.3596E+01  0.7477E-06  0.5467E-09 -0.9262E+01    0.0092  0.1994E-08
  0.0483  -0.498E+04  0.3697E+01  0.4764E-06  0.1991E-09 -0.9701E+01    0.0074  0.2004E-08
  0.0478  -0.628E+04  0.3798E+01  0.3036E-06  0.7249E-10 -0.1014E+02    0.0059  0.2012E-08
  0.0474  -0.792E+04  0.3899E+01  0.1935E-06  0.2640E-10 -0.1058E+02    0.0048  0.2017E-08
  0.0471  -0.100E+05  0.4000E+01  0.1233E-06  0.9613E-11 -0.1102E+02    0.0038  0.2021E-08
end
