 ******* Program HYDRUS
 ******* 
 Oefening 2                                                              
 Date:   3. 5.    Time:  10:32:41
 Units: L = cm   , T = hours, M = mmol 

       Time          rTop        rRoot        vTop         vRoot        vBot       sum(rTop)   sum(rRoot)    sum(vTop)   sum(vRoot)    sum(vBot)      hTop         hRoot        hBot        RunOff    sum(RunOff)     Volume     sum(Infil)    sum(Evap) TLevel Cum(WTrans)  SnowLayer
        [T]         [L/T]        [L/T]        [L/T]        [L/T]        [L/T]         [L]          [L]          [L]         [L]           [L]         [L]           [L]         [L]          [L/T]         [L]          [L]          [L]          [L]

       0.1000 -0.12000E+01  0.00000E+00 -0.12000E+01  0.00000E+00  0.00000E+00 -0.12000E+00  0.00000E+00 -0.12000E+00  0.00000E+00  0.00000E+00 -0.54540E+02  0.00000E+00 -0.15000E+03  0.00000E+00  0.00000E+00  0.91029E+01  0.00000E+00  0.00000E+00      1  0.00000E+00      0.000
       0.1700 -0.12000E+01  0.00000E+00 -0.12000E+01  0.00000E+00  0.00000E+00 -0.20400E+00  0.00000E+00 -0.20400E+00  0.00000E+00  0.00000E+00 -0.44064E+02  0.00000E+00 -0.15000E+03  0.00000E+00  0.00000E+00  0.91869E+01  0.00000E+00  0.00000E+00      2  0.00000E+00      0.000
       0.2190 -0.12000E+01  0.00000E+00 -0.12000E+01  0.00000E+00  0.00000E+00 -0.26280E+00  0.00000E+00 -0.26280E+00  0.00000E+00  0.00000E+00 -0.40242E+02  0.00000E+00 -0.15000E+03  0.00000E+00  0.00000E+00  0.92457E+01  0.00000E+00  0.00000E+00      3  0.00000E+00      0.000
       0.2680 -0.12000E+01  0.00000E+00 -0.12000E+01  0.00000E+00  0.00000E+00 -0.32160E+00  0.00000E+00 -0.32160E+00  0.00000E+00  0.00000E+00 -0.37168E+02  0.00000E+00 -0.15000E+03  0.00000E+00  0.00000E+00  0.93045E+01  0.00000E+00  0.00000E+00      4  0.00000E+00      0.000
       0.3170 -0.12000E+01  0.00000E+00 -0.12000E+01  0.00000E+00  0.00000E+00 -0.38040E+00  0.00000E+00 -0.38040E+00  0.00000E+00  0.00000E+00 -0.35439E+02  0.00000E+00 -0.15000E+03  0.00000E+00  0.00000E+00  0.93633E+01  0.00000E+00  0.00000E+00      5  0.00000E+00      0.000
       0.3660 -0.12000E+01  0.00000E+00 -0.12000E+01  0.00000E+00  0.00000E+00 -0.43920E+00  0.00000E+00 -0.43920E+00  0.00000E+00  0.00000E+00 -0.33610E+02  0.00000E+00 -0.15000E+03  0.00000E+00  0.00000E+00  0.94221E+01  0.00000E+00  0.00000E+00      6  0.00000E+00      0.000
       0.4150 -0.12000E+01  0.00000E+00 -0.12000E+01  0.00000E+00  0.00000E+00 -0.49800E+00  0.00000E+00 -0.49800E+00  0.00000E+00  0.00000E+00 -0.32119E+02  0.00000E+00 -0.15000E+03  0.00000E+00  0.00000E+00  0.94809E+01  0.00000E+00  0.00000E+00      7  0.00000E+00      0.000
       0.4640 -0.12000E+01  0.00000E+00 -0.12000E+01  0.00000E+00  0.00000E+00 -0.55680E+00  0.00000E+00 -0.55680E+00  0.00000E+00  0.00000E+00 -0.30984E+02  0.00000E+00 -0.15000E+03  0.00000E+00  0.00000E+00  0.95397E+01  0.00000E+00  0.00000E+00      8  0.00000E+00      0.000
       0.5130 -0.12000E+01  0.00000E+00 -0.12000E+01  0.00000E+00  0.00000E+00 -0.61560E+00  0.00000E+00 -0.61560E+00  0.00000E+00  0.00000E+00 -0.29812E+02  0.00000E+00 -0.15000E+03  0.00000E+00  0.00000E+00  0.95985E+01  0.00000E+00  0.00000E+00      9  0.00000E+00      0.000
       0.5617 -0.12000E+01  0.00000E+00 -0.12000E+01  0.00000E+00  0.00000E+00 -0.67404E+00  0.00000E+00 -0.67404E+00  0.00000E+00  0.00000E+00 -0.28877E+02  0.00000E+00 -0.15000E+03  0.00000E+00  0.00000E+00  0.96570E+01  0.00000E+00  0.00000E+00     10  0.00000E+00      0.000
       0.6104 -0.12000E+01  0.00000E+00 -0.12000E+01  0.00000E+00  0.00000E+00 -0.73248E+00  0.00000E+00 -0.73248E+00  0.00000E+00  0.00000E+00 -0.28021E+02  0.00000E+00 -0.15000E+03  0.00000E+00  0.00000E+00  0.97154E+01  0.00000E+00  0.00000E+00     11  0.00000E+00      0.000
       0.6753 -0.12000E+01  0.00000E+00 -0.12000E+01  0.00000E+00  0.00000E+00 -0.81040E+00  0.00000E+00 -0.81040E+00  0.00000E+00  0.00000E+00 -0.26996E+02  0.00000E+00 -0.15000E+03  0.00000E+00  0.00000E+00  0.97933E+01  0.00000E+00  0.00000E+00     12  0.00000E+00      0.000
       0.7403 -0.12000E+01  0.00000E+00 -0.12000E+01  0.00000E+00  0.00000E+00 -0.88832E+00  0.00000E+00 -0.88832E+00  0.00000E+00  0.00000E+00 -0.26136E+02  0.00000E+00 -0.15000E+03  0.00000E+00  0.00000E+00  0.98713E+01  0.00000E+00  0.00000E+00     13  0.00000E+00      0.000
       0.8052 -0.12000E+01  0.00000E+00 -0.12000E+01  0.00000E+00  0.00000E+00 -0.96624E+00  0.00000E+00 -0.96624E+00  0.00000E+00  0.00000E+00 -0.25315E+02  0.00000E+00 -0.15000E+03  0.00000E+00  0.00000E+00  0.99492E+01  0.00000E+00  0.00000E+00     14  0.00000E+00      0.000
       0.8701 -0.12000E+01  0.00000E+00 -0.12000E+01  0.00000E+00  0.00000E+00 -0.10442E+01  0.00000E+00 -0.10442E+01  0.00000E+00  0.00000E+00 -0.24527E+02  0.00000E+00 -0.15000E+03  0.00000E+00  0.00000E+00  0.10027E+02  0.00000E+00  0.00000E+00     15  0.00000E+00      0.000
       0.9351 -0.12000E+01  0.00000E+00 -0.12000E+01  0.00000E+00  0.00000E+00 -0.11221E+01  0.00000E+00 -0.11221E+01  0.00000E+00  0.00000E+00 -0.23834E+02  0.00000E+00 -0.15000E+03  0.00000E+00  0.00000E+00  0.10105E+02  0.00000E+00  0.00000E+00     16  0.00000E+00      0.000
       1.0000 -0.12000E+01  0.00000E+00 -0.12000E+01  0.00000E+00  0.00000E+00 -0.12000E+01  0.00000E+00 -0.12000E+01  0.00000E+00  0.00000E+00 -0.23213E+02  0.00000E+00 -0.15000E+03  0.00000E+00  0.00000E+00  0.10183E+02  0.00000E+00  0.00000E+00     17  0.00000E+00      0.000
       1.0637 -0.12000E+01  0.00000E+00 -0.12000E+01  0.00000E+00  0.00000E+00 -0.12764E+01  0.00000E+00 -0.12764E+01  0.00000E+00  0.00000E+00 -0.22614E+02  0.00000E+00 -0.15000E+03  0.00000E+00  0.00000E+00  0.10259E+02  0.00000E+00  0.00000E+00     18  0.00000E+00      0.000
       1.1274 -0.12000E+01  0.00000E+00 -0.12000E+01  0.00000E+00  0.00000E+00 -0.13529E+01  0.00000E+00 -0.13529E+01  0.00000E+00  0.00000E+00 -0.22061E+02  0.00000E+00 -0.15000E+03  0.00000E+00  0.00000E+00  0.10336E+02  0.00000E+00  0.00000E+00     19  0.00000E+00      0.000
       1.1911 -0.12000E+01  0.00000E+00 -0.12000E+01  0.00000E+00  0.00000E+00 -0.14293E+01  0.00000E+00 -0.14293E+01  0.00000E+00  0.00000E+00 -0.21554E+02  0.00000E+00 -0.15000E+03  0.00000E+00  0.00000E+00  0.10412E+02  0.00000E+00  0.00000E+00     20  0.00000E+00      0.000
       1.2548 -0.12000E+01  0.00000E+00 -0.12000E+01  0.00000E+00  0.00000E+00 -0.15058E+01  0.00000E+00 -0.15058E+01  0.00000E+00  0.00000E+00 -0.21066E+02  0.00000E+00 -0.15000E+03  0.00000E+00  0.00000E+00  0.10489E+02  0.00000E+00  0.00000E+00     21  0.00000E+00      0.000
       1.3376 -0.12000E+01  0.00000E+00 -0.12000E+01  0.00000E+00  0.00000E+00 -0.16051E+01  0.00000E+00 -0.16051E+01  0.00000E+00  0.00000E+00 -0.20498E+02  0.00000E+00 -0.15000E+03  0.00000E+00  0.00000E+00  0.10588E+02  0.00000E+00  0.00000E+00     22  0.00000E+00      0.000
       1.4204 -0.12000E+01  0.00000E+00 -0.12000E+01  0.00000E+00  0.00000E+00 -0.17045E+01  0.00000E+00 -0.17045E+01  0.00000E+00  0.00000E+00 -0.19951E+02  0.00000E+00 -0.15000E+03  0.00000E+00  0.00000E+00  0.10687E+02  0.00000E+00  0.00000E+00     23  0.00000E+00      0.000
       1.5032 -0.12000E+01  0.00000E+00 -0.12000E+01  0.00000E+00  0.00000E+00 -0.18038E+01  0.00000E+00 -0.18038E+01  0.00000E+00  0.00000E+00 -0.19445E+02  0.00000E+00 -0.15000E+03  0.00000E+00  0.00000E+00  0.10787E+02  0.00000E+00  0.00000E+00     24  0.00000E+00      0.000
       1.5860 -0.12000E+01  0.00000E+00 -0.12000E+01  0.00000E+00  0.00000E+00 -0.19032E+01  0.00000E+00 -0.19032E+01  0.00000E+00  0.00000E+00 -0.18947E+02  0.00000E+00 -0.15000E+03  0.00000E+00  0.00000E+00  0.10886E+02  0.00000E+00  0.00000E+00     25  0.00000E+00      0.000
       1.6688 -0.12000E+01  0.00000E+00 -0.12000E+01  0.00000E+00  0.00000E+00 -0.20026E+01  0.00000E+00 -0.20026E+01  0.00000E+00  0.00000E+00 -0.18495E+02  0.00000E+00 -0.15000E+03  0.00000E+00  0.00000E+00  0.10985E+02  0.00000E+00  0.00000E+00     26  0.00000E+00      0.000
       1.7516 -0.12000E+01  0.00000E+00 -0.12000E+01  0.00000E+00  0.00000E+00 -0.21019E+01  0.00000E+00 -0.21019E+01  0.00000E+00  0.00000E+00 -0.18051E+02  0.00000E+00 -0.15000E+03  0.00000E+00  0.00000E+00  0.11085E+02  0.00000E+00  0.00000E+00     27  0.00000E+00      0.000
       1.8344 -0.12000E+01  0.00000E+00 -0.12000E+01  0.00000E+00  0.00000E+00 -0.22013E+01  0.00000E+00 -0.22013E+01  0.00000E+00  0.00000E+00 -0.17637E+02  0.00000E+00 -0.15000E+03  0.00000E+00  0.00000E+00  0.11184E+02  0.00000E+00  0.00000E+00     28  0.00000E+00      0.000
       1.9172 -0.12000E+01  0.00000E+00 -0.12000E+01  0.00000E+00  0.00000E+00 -0.23006E+01  0.00000E+00 -0.23006E+01  0.00000E+00  0.00000E+00 -0.17240E+02  0.00000E+00 -0.15000E+03  0.00000E+00  0.00000E+00  0.11284E+02  0.00000E+00  0.00000E+00     29  0.00000E+00      0.000
       2.0000 -0.12000E+01  0.00000E+00 -0.12000E+01  0.00000E+00  0.00000E+00 -0.24000E+01  0.00000E+00 -0.24000E+01  0.00000E+00  0.00000E+00 -0.16869E+02  0.00000E+00 -0.15000E+03  0.00000E+00  0.00000E+00  0.11383E+02  0.00000E+00  0.00000E+00     30  0.00000E+00      0.000
       2.0828 -0.12000E+01  0.00000E+00 -0.12000E+01  0.00000E+00  0.00000E+00 -0.24994E+01  0.00000E+00 -0.24994E+01  0.00000E+00  0.00000E+00 -0.16501E+02  0.00000E+00 -0.15000E+03  0.00000E+00  0.00000E+00  0.11482E+02  0.00000E+00  0.00000E+00     31  0.00000E+00      0.000
       2.1847 -0.12000E+01  0.00000E+00 -0.12000E+01  0.00000E+00  0.00000E+00 -0.26217E+01  0.00000E+00 -0.26217E+01  0.00000E+00  0.00000E+00 -0.16090E+02  0.00000E+00 -0.15000E+03  0.00000E+00  0.00000E+00  0.11605E+02  0.00000E+00  0.00000E+00     32  0.00000E+00      0.000
       2.2866 -0.12000E+01  0.00000E+00 -0.12000E+01  0.00000E+00  0.00000E+00 -0.27440E+01  0.00000E+00 -0.27440E+01  0.00000E+00  0.00000E+00 -0.15690E+02  0.00000E+00 -0.15000E+03  0.00000E+00  0.00000E+00  0.11727E+02  0.00000E+00  0.00000E+00     33  0.00000E+00      0.000
       2.3885 -0.12000E+01  0.00000E+00 -0.12000E+01  0.00000E+00  0.00000E+00 -0.28662E+01  0.00000E+00 -0.28662E+01  0.00000E+00  0.00000E+00 -0.15309E+02  0.00000E+00 -0.15000E+03  0.00000E+00  0.00000E+00  0.11849E+02  0.00000E+00  0.00000E+00     34  0.00000E+00      0.000
       2.4904 -0.12000E+01  0.00000E+00 -0.12000E+01  0.00000E+00  0.00000E+00 -0.29885E+01  0.00000E+00 -0.29885E+01  0.00000E+00  0.00000E+00 -0.14939E+02  0.00000E+00 -0.15000E+03  0.00000E+00  0.00000E+00  0.11971E+02  0.00000E+00  0.00000E+00     35  0.00000E+00      0.000
       2.5924 -0.12000E+01  0.00000E+00 -0.12000E+01  0.00000E+00  0.00000E+00 -0.31108E+01  0.00000E+00 -0.31108E+01  0.00000E+00  0.00000E+00 -0.14588E+02  0.00000E+00 -0.15000E+03  0.00000E+00  0.00000E+00  0.12094E+02  0.00000E+00  0.00000E+00     36  0.00000E+00      0.000
       2.6943 -0.12000E+01  0.00000E+00 -0.12000E+01  0.00000E+00  0.00000E+00 -0.32331E+01  0.00000E+00 -0.32331E+01  0.00000E+00  0.00000E+00 -0.14247E+02  0.00000E+00 -0.15000E+03  0.00000E+00  0.00000E+00  0.12216E+02  0.00000E+00  0.00000E+00     37  0.00000E+00      0.000
       2.7962 -0.12000E+01  0.00000E+00 -0.12000E+01  0.00000E+00  0.00000E+00 -0.33554E+01  0.00000E+00 -0.33554E+01  0.00000E+00  0.00000E+00 -0.13922E+02  0.00000E+00 -0.15000E+03  0.00000E+00  0.00000E+00  0.12338E+02  0.00000E+00  0.00000E+00     38  0.00000E+00      0.000
       2.8981 -0.12000E+01  0.00000E+00 -0.12000E+01  0.00000E+00  0.00000E+00 -0.34777E+01  0.00000E+00 -0.34777E+01  0.00000E+00  0.00000E+00 -0.13609E+02  0.00000E+00 -0.15000E+03  0.00000E+00  0.00000E+00  0.12461E+02  0.00000E+00  0.00000E+00     39  0.00000E+00      0.000
       3.0000 -0.12000E+01  0.00000E+00 -0.12000E+01  0.00000E+00  0.00000E+00 -0.36000E+01  0.00000E+00 -0.36000E+01  0.00000E+00  0.00000E+00 -0.13306E+02  0.00000E+00 -0.15000E+03  0.00000E+00  0.00000E+00  0.12583E+02  0.00000E+00  0.00000E+00     40  0.00000E+00      0.000
       3.1111 -0.12000E+01  0.00000E+00 -0.12000E+01  0.00000E+00  0.00000E+00 -0.37333E+01  0.00000E+00 -0.37333E+01  0.00000E+00  0.00000E+00 -0.12991E+02  0.00000E+00 -0.15000E+03  0.00000E+00  0.00000E+00  0.12716E+02  0.00000E+00  0.00000E+00     41  0.00000E+00      0.000
       3.2222 -0.12000E+01  0.00000E+00 -0.12000E+01  0.00000E+00  0.00000E+00 -0.38667E+01  0.00000E+00 -0.38667E+01  0.00000E+00  0.00000E+00 -0.12685E+02  0.00000E+00 -0.15000E+03  0.00000E+00  0.00000E+00  0.12850E+02  0.00000E+00  0.00000E+00     42  0.00000E+00      0.000
       3.3333 -0.12000E+01  0.00000E+00 -0.12000E+01  0.00000E+00  0.00000E+00 -0.40000E+01  0.00000E+00 -0.40000E+01  0.00000E+00  0.00000E+00 -0.12391E+02  0.00000E+00 -0.15000E+03  0.00000E+00  0.00000E+00  0.12983E+02  0.00000E+00  0.00000E+00     43  0.00000E+00      0.000
       3.4444 -0.12000E+01  0.00000E+00 -0.12000E+01  0.00000E+00  0.00000E+00 -0.41333E+01  0.00000E+00 -0.41333E+01  0.00000E+00  0.00000E+00 -0.12103E+02  0.00000E+00 -0.15000E+03  0.00000E+00  0.00000E+00  0.13116E+02  0.00000E+00  0.00000E+00     44  0.00000E+00      0.000
       3.5556 -0.12000E+01  0.00000E+00 -0.12000E+01  0.00000E+00  0.00000E+00 -0.42667E+01  0.00000E+00 -0.42667E+01  0.00000E+00  0.00000E+00 -0.11827E+02  0.00000E+00 -0.15000E+03  0.00000E+00  0.00000E+00  0.13250E+02  0.00000E+00  0.00000E+00     45  0.00000E+00      0.000
       3.6667 -0.12000E+01  0.00000E+00 -0.12000E+01  0.00000E+00  0.00000E+00 -0.44000E+01  0.00000E+00 -0.44000E+01  0.00000E+00  0.00000E+00 -0.11557E+02  0.00000E+00 -0.15000E+03  0.00000E+00  0.00000E+00  0.13383E+02  0.00000E+00  0.00000E+00     46  0.00000E+00      0.000
       3.7778 -0.12000E+01  0.00000E+00 -0.12000E+01  0.00000E+00  0.00000E+00 -0.45333E+01  0.00000E+00 -0.45333E+01  0.00000E+00  0.00000E+00 -0.11296E+02  0.00000E+00 -0.15000E+03  0.00000E+00  0.00000E+00  0.13516E+02  0.00000E+00  0.00000E+00     47  0.00000E+00      0.000
       3.8889 -0.12000E+01  0.00000E+00 -0.12000E+01  0.00000E+00  0.00000E+00 -0.46667E+01  0.00000E+00 -0.46667E+01  0.00000E+00  0.00000E+00 -0.11041E+02  0.00000E+00 -0.15000E+03  0.00000E+00  0.00000E+00  0.13650E+02  0.00000E+00  0.00000E+00     48  0.00000E+00      0.000
       4.0000 -0.12000E+01  0.00000E+00 -0.12000E+01  0.00000E+00  0.00000E+00 -0.48000E+01  0.00000E+00 -0.48000E+01  0.00000E+00  0.00000E+00 -0.10791E+02  0.00000E+00 -0.15000E+03  0.00000E+00  0.00000E+00  0.13783E+02  0.00000E+00  0.00000E+00     49  0.00000E+00      0.000
       4.1429 -0.12000E+01  0.00000E+00 -0.12000E+01  0.00000E+00  0.00000E+00 -0.49714E+01  0.00000E+00 -0.49714E+01  0.00000E+00  0.00000E+00 -0.10489E+02  0.00000E+00 -0.15000E+03  0.00000E+00  0.00000E+00  0.13954E+02  0.00000E+00  0.00000E+00     50  0.00000E+00      0.000
       4.2857 -0.12000E+01  0.00000E+00 -0.12000E+01  0.00000E+00  0.00000E+00 -0.51429E+01  0.00000E+00 -0.51429E+01  0.00000E+00  0.00000E+00 -0.10194E+02  0.00000E+00 -0.15000E+03  0.00000E+00  0.00000E+00  0.14126E+02  0.00000E+00  0.00000E+00     51  0.00000E+00      0.000
       4.4286 -0.12000E+01  0.00000E+00 -0.12000E+01  0.00000E+00  0.00000E+00 -0.53143E+01  0.00000E+00 -0.53143E+01  0.00000E+00  0.00000E+00 -0.99078E+01  0.00000E+00 -0.15000E+03  0.00000E+00  0.00000E+00  0.14297E+02  0.00000E+00  0.00000E+00     52  0.00000E+00      0.000
       4.5714 -0.12000E+01  0.00000E+00 -0.12000E+01  0.00000E+00  0.00000E+00 -0.54857E+01  0.00000E+00 -0.54857E+01  0.00000E+00  0.00000E+00 -0.96325E+01  0.00000E+00 -0.15000E+03  0.00000E+00  0.00000E+00  0.14469E+02  0.00000E+00  0.00000E+00     53  0.00000E+00      0.000
       4.7143 -0.12000E+01  0.00000E+00 -0.12000E+01  0.00000E+00  0.00000E+00 -0.56571E+01  0.00000E+00 -0.56571E+01  0.00000E+00  0.00000E+00 -0.93633E+01  0.00000E+00 -0.15000E+03  0.00000E+00  0.00000E+00  0.14640E+02  0.00000E+00  0.00000E+00     54  0.00000E+00      0.000
       4.8571 -0.12000E+01  0.00000E+00 -0.12000E+01  0.00000E+00  0.00000E+00 -0.58286E+01  0.00000E+00 -0.58286E+01  0.00000E+00  0.00000E+00 -0.91012E+01  0.00000E+00 -0.15000E+03  0.00000E+00  0.00000E+00  0.14812E+02  0.00000E+00  0.00000E+00     55  0.00000E+00      0.000
       5.0000 -0.12000E+01  0.00000E+00 -0.12000E+01  0.00000E+00  0.00000E+00 -0.60000E+01  0.00000E+00 -0.60000E+01  0.00000E+00  0.00000E+00 -0.88460E+01  0.00000E+00 -0.15000E+03  0.00000E+00  0.00000E+00  0.14983E+02  0.00000E+00  0.00000E+00     56  0.00000E+00      0.000
       5.1429 -0.12000E+01  0.00000E+00 -0.12000E+01  0.00000E+00  0.00000E+00 -0.61714E+01  0.00000E+00 -0.61714E+01  0.00000E+00  0.00000E+00 -0.85970E+01  0.00000E+00 -0.15000E+03  0.00000E+00  0.00000E+00  0.15154E+02  0.00000E+00  0.00000E+00     57  0.00000E+00      0.000
       5.2857 -0.12000E+01  0.00000E+00 -0.12000E+01  0.00000E+00  0.00000E+00 -0.63429E+01  0.00000E+00 -0.63429E+01  0.00000E+00  0.00000E+00 -0.83547E+01  0.00000E+00 -0.15000E+03  0.00000E+00  0.00000E+00  0.15326E+02  0.00000E+00  0.00000E+00     58  0.00000E+00      0.000
       5.4286 -0.12000E+01  0.00000E+00 -0.12000E+01  0.00000E+00  0.00000E+00 -0.65143E+01  0.00000E+00 -0.65143E+01  0.00000E+00  0.00000E+00 -0.81182E+01  0.00000E+00 -0.15000E+03  0.00000E+00  0.00000E+00  0.15497E+02  0.00000E+00  0.00000E+00     59  0.00000E+00      0.000
       5.5714 -0.12000E+01  0.00000E+00 -0.12000E+01  0.00000E+00  0.00000E+00 -0.66857E+01  0.00000E+00 -0.66857E+01  0.00000E+00  0.00000E+00 -0.78874E+01  0.00000E+00 -0.15000E+03  0.00000E+00  0.00000E+00  0.15669E+02  0.00000E+00  0.00000E+00     60  0.00000E+00      0.000
       5.7143 -0.12000E+01  0.00000E+00 -0.12000E+01  0.00000E+00  0.00000E+00 -0.68571E+01  0.00000E+00 -0.68571E+01  0.00000E+00  0.00000E+00 -0.76622E+01  0.00000E+00 -0.15000E+03  0.00000E+00  0.00000E+00  0.15840E+02  0.00000E+00  0.00000E+00     61  0.00000E+00      0.000
       5.8571 -0.12000E+01  0.00000E+00 -0.12000E+01  0.00000E+00  0.00000E+00 -0.70286E+01  0.00000E+00 -0.70286E+01  0.00000E+00  0.00000E+00 -0.74417E+01  0.00000E+00 -0.15000E+03  0.00000E+00  0.00000E+00  0.16012E+02  0.00000E+00  0.00000E+00     62  0.00000E+00      0.000
       6.0000 -0.12000E+01  0.00000E+00 -0.12000E+01  0.00000E+00  0.00000E+00 -0.72000E+01  0.00000E+00 -0.72000E+01  0.00000E+00  0.00000E+00 -0.72258E+01  0.00000E+00 -0.15000E+03  0.00000E+00  0.00000E+00  0.16183E+02  0.00000E+00  0.00000E+00     63  0.00000E+00      0.000
       6.1429 -0.12000E+01  0.00000E+00 -0.12000E+01  0.00000E+00  0.00000E+00 -0.73714E+01  0.00000E+00 -0.73714E+01  0.00000E+00  0.00000E+00 -0.70148E+01  0.00000E+00 -0.15000E+03  0.00000E+00  0.00000E+00  0.16354E+02  0.00000E+00  0.00000E+00     64  0.00000E+00      0.000
       6.2857 -0.12000E+01  0.00000E+00 -0.12000E+01  0.00000E+00  0.00000E+00 -0.75429E+01  0.00000E+00 -0.75429E+01  0.00000E+00  0.00000E+00 -0.68073E+01  0.00000E+00 -0.15000E+03  0.00000E+00  0.00000E+00  0.16526E+02  0.00000E+00  0.00000E+00     65  0.00000E+00      0.000
       6.4286 -0.12000E+01  0.00000E+00 -0.12000E+01  0.00000E+00  0.00000E+00 -0.77143E+01  0.00000E+00 -0.77143E+01  0.00000E+00  0.00000E+00 -0.66048E+01  0.00000E+00 -0.15000E+03  0.00000E+00  0.00000E+00  0.16697E+02  0.00000E+00  0.00000E+00     66  0.00000E+00      0.000
       6.5714 -0.12000E+01  0.00000E+00 -0.12000E+01  0.00000E+00  0.00000E+00 -0.78857E+01  0.00000E+00 -0.78857E+01  0.00000E+00  0.00000E+00 -0.64059E+01  0.00000E+00 -0.15000E+03  0.00000E+00  0.00000E+00  0.16869E+02  0.00000E+00  0.00000E+00     67  0.00000E+00      0.000
       6.7143 -0.12000E+01  0.00000E+00 -0.12000E+01  0.00000E+00  0.00000E+00 -0.80571E+01  0.00000E+00 -0.80571E+01  0.00000E+00  0.00000E+00 -0.62112E+01  0.00000E+00 -0.15000E+03  0.00000E+00  0.00000E+00  0.17040E+02  0.00000E+00  0.00000E+00     68  0.00000E+00      0.000
       6.8571 -0.12000E+01  0.00000E+00 -0.12000E+01  0.00000E+00  0.00000E+00 -0.82286E+01  0.00000E+00 -0.82286E+01  0.00000E+00  0.00000E+00 -0.60203E+01  0.00000E+00 -0.15000E+03  0.00000E+00  0.00000E+00  0.17212E+02  0.00000E+00  0.00000E+00     69  0.00000E+00      0.000
       7.0000 -0.12000E+01  0.00000E+00 -0.12000E+01  0.00000E+00  0.00000E+00 -0.84000E+01  0.00000E+00 -0.84000E+01  0.00000E+00  0.00000E+00 -0.58326E+01  0.00000E+00 -0.15000E+03  0.00000E+00  0.00000E+00  0.17383E+02  0.00000E+00  0.00000E+00     70  0.00000E+00      0.000
       7.1429 -0.12000E+01  0.00000E+00 -0.12000E+01  0.00000E+00  0.00000E+00 -0.85714E+01  0.00000E+00 -0.85714E+01  0.00000E+00  0.00000E+00 -0.56482E+01  0.00000E+00 -0.15000E+03  0.00000E+00  0.00000E+00  0.17554E+02  0.00000E+00  0.00000E+00     71  0.00000E+00      0.000
       7.2857 -0.12000E+01  0.00000E+00 -0.12000E+01  0.00000E+00  0.00000E+00 -0.87429E+01  0.00000E+00 -0.87429E+01  0.00000E+00  0.00000E+00 -0.54667E+01  0.00000E+00 -0.15000E+03  0.00000E+00  0.00000E+00  0.17726E+02  0.00000E+00  0.00000E+00     72  0.00000E+00      0.000
       7.4286 -0.12000E+01  0.00000E+00 -0.12000E+01  0.00000E+00  0.00000E+00 -0.89143E+01  0.00000E+00 -0.89143E+01  0.00000E+00  0.00000E+00 -0.52882E+01  0.00000E+00 -0.15000E+03  0.00000E+00  0.00000E+00  0.17897E+02  0.00000E+00  0.00000E+00     73  0.00000E+00      0.000
       7.5714 -0.12000E+01  0.00000E+00 -0.12000E+01  0.00000E+00  0.00000E+00 -0.90857E+01  0.00000E+00 -0.90857E+01  0.00000E+00  0.00000E+00 -0.51127E+01  0.00000E+00 -0.15000E+03  0.00000E+00  0.00000E+00  0.18069E+02  0.00000E+00  0.00000E+00     74  0.00000E+00      0.000
       7.7143 -0.12000E+01  0.00000E+00 -0.12000E+01  0.00000E+00  0.00000E+00 -0.92571E+01  0.00000E+00 -0.92571E+01  0.00000E+00  0.00000E+00 -0.49404E+01  0.00000E+00 -0.15000E+03  0.00000E+00  0.00000E+00  0.18240E+02  0.00000E+00  0.00000E+00     75  0.00000E+00      0.000
       7.8571 -0.12000E+01  0.00000E+00 -0.12000E+01  0.00000E+00  0.00000E+00 -0.94286E+01  0.00000E+00 -0.94286E+01  0.00000E+00  0.00000E+00 -0.47705E+01  0.00000E+00 -0.15000E+03  0.00000E+00  0.00000E+00  0.18412E+02  0.00000E+00  0.00000E+00     76  0.00000E+00      0.000
       8.0000 -0.12000E+01  0.00000E+00 -0.12000E+01  0.00000E+00  0.00000E+00 -0.96000E+01  0.00000E+00 -0.96000E+01  0.00000E+00  0.00000E+00 -0.46034E+01  0.00000E+00 -0.15000E+03  0.00000E+00  0.00000E+00  0.18583E+02  0.00000E+00  0.00000E+00     77  0.00000E+00      0.000
       8.1429 -0.12000E+01  0.00000E+00 -0.12000E+01  0.00000E+00  0.00000E+00 -0.97714E+01  0.00000E+00 -0.97714E+01  0.00000E+00  0.00000E+00 -0.44388E+01  0.00000E+00 -0.15000E+03  0.00000E+00  0.00000E+00  0.18754E+02  0.00000E+00  0.00000E+00     78  0.00000E+00      0.000
       8.2857 -0.12000E+01  0.00000E+00 -0.12000E+01  0.00000E+00  0.00000E+00 -0.99429E+01  0.00000E+00 -0.99429E+01  0.00000E+00  0.00000E+00 -0.42763E+01  0.00000E+00 -0.15000E+03  0.00000E+00  0.00000E+00  0.18926E+02  0.00000E+00  0.00000E+00     79  0.00000E+00      0.000
       8.4286 -0.12000E+01  0.00000E+00 -0.12000E+01  0.00000E+00  0.00000E+00 -0.10114E+02  0.00000E+00 -0.10114E+02  0.00000E+00  0.00000E+00 -0.41164E+01  0.00000E+00 -0.15000E+03  0.00000E+00  0.00000E+00  0.19097E+02  0.00000E+00  0.00000E+00     80  0.00000E+00      0.000
       8.5714 -0.12000E+01  0.00000E+00 -0.12000E+01  0.00000E+00  0.00000E+00 -0.10286E+02  0.00000E+00 -0.10286E+02  0.00000E+00  0.00000E+00 -0.39585E+01  0.00000E+00 -0.15000E+03  0.00000E+00  0.00000E+00  0.19269E+02  0.00000E+00  0.00000E+00     81  0.00000E+00      0.000
       8.7143 -0.12000E+01  0.00000E+00 -0.12000E+01  0.00000E+00  0.00000E+00 -0.10457E+02  0.00000E+00 -0.10457E+02  0.00000E+00  0.00000E+00 -0.38033E+01  0.00000E+00 -0.15000E+03  0.00000E+00  0.00000E+00  0.19440E+02  0.00000E+00  0.00000E+00     82  0.00000E+00      0.000
       8.8571 -0.12000E+01  0.00000E+00 -0.12000E+01  0.00000E+00  0.00000E+00 -0.10629E+02  0.00000E+00 -0.10629E+02  0.00000E+00  0.00000E+00 -0.36497E+01  0.00000E+00 -0.15000E+03  0.00000E+00  0.00000E+00  0.19612E+02  0.00000E+00  0.00000E+00     83  0.00000E+00      0.000
       9.0000 -0.12000E+01  0.00000E+00 -0.12000E+01  0.00000E+00  0.00000E+00 -0.10800E+02  0.00000E+00 -0.10800E+02  0.00000E+00  0.00000E+00 -0.34984E+01  0.00000E+00 -0.15000E+03  0.00000E+00  0.00000E+00  0.19783E+02  0.00000E+00  0.00000E+00     84  0.00000E+00      0.000
       9.1429 -0.12000E+01  0.00000E+00 -0.12000E+01  0.00000E+00  0.00000E+00 -0.10971E+02  0.00000E+00 -0.10971E+02  0.00000E+00  0.00000E+00 -0.33490E+01  0.00000E+00 -0.15000E+03  0.00000E+00  0.00000E+00  0.19954E+02  0.00000E+00  0.00000E+00     85  0.00000E+00      0.000
       9.2857 -0.12000E+01  0.00000E+00 -0.12000E+01  0.00000E+00  0.00000E+00 -0.11143E+02  0.00000E+00 -0.11143E+02  0.00000E+00  0.00000E+00 -0.32014E+01  0.00000E+00 -0.15000E+03  0.00000E+00  0.00000E+00  0.20126E+02  0.00000E+00  0.00000E+00     86  0.00000E+00      0.000
       9.4286 -0.12000E+01  0.00000E+00 -0.12000E+01  0.00000E+00  0.00000E+00 -0.11314E+02  0.00000E+00 -0.11314E+02  0.00000E+00  0.00000E+00 -0.30558E+01  0.00000E+00 -0.15000E+03  0.00000E+00  0.00000E+00  0.20297E+02  0.00000E+00  0.00000E+00     87  0.00000E+00      0.000
       9.5714 -0.12000E+01  0.00000E+00 -0.12000E+01  0.00000E+00  0.00000E+00 -0.11486E+02  0.00000E+00 -0.11486E+02  0.00000E+00  0.00000E+00 -0.29118E+01  0.00000E+00 -0.15000E+03  0.00000E+00  0.00000E+00  0.20469E+02  0.00000E+00  0.00000E+00     88  0.00000E+00      0.000
       9.7143 -0.12000E+01  0.00000E+00 -0.12000E+01  0.00000E+00  0.00000E+00 -0.11657E+02  0.00000E+00 -0.11657E+02  0.00000E+00  0.00000E+00 -0.27693E+01  0.00000E+00 -0.15000E+03  0.00000E+00  0.00000E+00  0.20640E+02  0.00000E+00  0.00000E+00     89  0.00000E+00      0.000
       9.8571 -0.12000E+01  0.00000E+00 -0.12000E+01  0.00000E+00  0.00000E+00 -0.11829E+02  0.00000E+00 -0.11829E+02  0.00000E+00  0.00000E+00 -0.26288E+01  0.00000E+00 -0.15000E+03  0.00000E+00  0.00000E+00  0.20812E+02  0.00000E+00  0.00000E+00     90  0.00000E+00      0.000
      10.0000 -0.12000E+01  0.00000E+00 -0.12000E+01  0.00000E+00  0.00000E+00 -0.12000E+02  0.00000E+00 -0.12000E+02  0.00000E+00  0.00000E+00 -0.24897E+01  0.00000E+00 -0.15000E+03  0.00000E+00  0.00000E+00  0.20983E+02  0.00000E+00  0.00000E+00     91  0.00000E+00      0.000
end
