 ******* Program HYDRUS
 ******* 
 Oefening 2                                                              
 Date:   3. 5.    Time:  10:32:41
 Units: L = cm   , T = hours, M = mmol 

----------------------------------------------------------
 Time       [T]        0.0000
----------------------------------------------------------
 Sub-region num.                     1
----------------------------------------------------------
 Area     [L]        0.80000E+02  0.80000E+02
 W-volume [L]        0.89829E+01  0.89829E+01
 In-flow  [L/T]      0.00000E+00  0.00000E+00
 h Mean   [L]       -0.15000E+03 -0.15000E+03
 Top Flux [L/T]      0.00000E+00
 Bot Flux [L/T]      0.00000E+00
----------------------------------------------------------

----------------------------------------------------------
 Time       [T]        1.0000
----------------------------------------------------------
 Sub-region num.                     1
----------------------------------------------------------
 Area     [L]        0.80000E+02  0.80000E+02
 W-volume [L]        0.10183E+02  0.10183E+02
 In-flow  [L/T]      0.12000E+01  0.12000E+01
 h Mean   [L]       -0.13731E+03 -0.13731E+03
 Top Flux [L/T]     -0.11779E+01
 Bot Flux [L/T]      0.00000E+00
 WatBalT  [L]       -0.29802E-05
 WatBalR  [%]              0.000
----------------------------------------------------------

----------------------------------------------------------
 Time       [T]        2.0000
----------------------------------------------------------
 Sub-region num.                     1
----------------------------------------------------------
 Area     [L]        0.80000E+02  0.80000E+02
 W-volume [L]        0.11383E+02  0.11383E+02
 In-flow  [L/T]      0.12000E+01  0.12000E+01
 h Mean   [L]       -0.12749E+03 -0.12749E+03
 Top Flux [L/T]     -0.11893E+01
 Bot Flux [L/T]      0.00000E+00
 WatBalT  [L]       -0.40531E-05
 WatBalR  [%]              0.000
----------------------------------------------------------

----------------------------------------------------------
 Time       [T]        3.0000
----------------------------------------------------------
 Sub-region num.                     1
----------------------------------------------------------
 Area     [L]        0.80000E+02  0.80000E+02
 W-volume [L]        0.12583E+02  0.12583E+02
 In-flow  [L/T]      0.12000E+01  0.12000E+01
 h Mean   [L]       -0.11837E+03 -0.11837E+03
 Top Flux [L/T]     -0.11933E+01
 Bot Flux [L/T]      0.00000E+00
 WatBalT  [L]       -0.26226E-05
 WatBalR  [%]              0.000
----------------------------------------------------------

----------------------------------------------------------
 Time       [T]        4.0000
----------------------------------------------------------
 Sub-region num.                     1
----------------------------------------------------------
 Area     [L]        0.80000E+02  0.80000E+02
 W-volume [L]        0.13783E+02  0.13783E+02
 In-flow  [L/T]      0.12000E+01  0.12000E+01
 h Mean   [L]       -0.10961E+03 -0.10961E+03
 Top Flux [L/T]     -0.11954E+01
 Bot Flux [L/T]      0.00000E+00
 WatBalT  [L]       -0.47684E-06
 WatBalR  [%]              0.000
----------------------------------------------------------

----------------------------------------------------------
 Time       [T]        5.0000
----------------------------------------------------------
 Sub-region num.                     1
----------------------------------------------------------
 Area     [L]        0.80000E+02  0.80000E+02
 W-volume [L]        0.14983E+02  0.14983E+02
 In-flow  [L/T]      0.12000E+01  0.12000E+01
 h Mean   [L]       -0.10105E+03 -0.10105E+03
 Top Flux [L/T]     -0.11968E+01
 Bot Flux [L/T]      0.00000E+00
 WatBalT  [L]        0.00000E+00
 WatBalR  [%]              0.000
----------------------------------------------------------

----------------------------------------------------------
 Time       [T]        6.0000
----------------------------------------------------------
 Sub-region num.                     1
----------------------------------------------------------
 Area     [L]        0.80000E+02  0.80000E+02
 W-volume [L]        0.16183E+02  0.16183E+02
 In-flow  [L/T]      0.12000E+01  0.12000E+01
 h Mean   [L]       -0.92701E+02 -0.92701E+02
 Top Flux [L/T]     -0.11976E+01
 Bot Flux [L/T]      0.00000E+00
 WatBalT  [L]        0.52452E-05
 WatBalR  [%]              0.000
----------------------------------------------------------

----------------------------------------------------------
 Time       [T]        7.0000
----------------------------------------------------------
 Sub-region num.                     1
----------------------------------------------------------
 Area     [L]        0.80000E+02  0.80000E+02
 W-volume [L]        0.17383E+02  0.17383E+02
 In-flow  [L/T]      0.12000E+01  0.12000E+01
 h Mean   [L]       -0.84450E+02 -0.84450E+02
 Top Flux [L/T]     -0.11981E+01
 Bot Flux [L/T]      0.00000E+00
 WatBalT  [L]        0.15259E-04
 WatBalR  [%]              0.000
----------------------------------------------------------

----------------------------------------------------------
 Time       [T]        8.0000
----------------------------------------------------------
 Sub-region num.                     1
----------------------------------------------------------
 Area     [L]        0.80000E+02  0.80000E+02
 W-volume [L]        0.18583E+02  0.18583E+02
 In-flow  [L/T]      0.12000E+01  0.12000E+01
 h Mean   [L]       -0.76253E+02 -0.76253E+02
 Top Flux [L/T]     -0.11986E+01
 Bot Flux [L/T]      0.00000E+00
 WatBalT  [L]        0.30518E-04
 WatBalR  [%]              0.000
----------------------------------------------------------

----------------------------------------------------------
 Time       [T]        9.0000
----------------------------------------------------------
 Sub-region num.                     1
----------------------------------------------------------
 Area     [L]        0.80000E+02  0.80000E+02
 W-volume [L]        0.19783E+02  0.19783E+02
 In-flow  [L/T]      0.12000E+01  0.12000E+01
 h Mean   [L]       -0.68120E+02 -0.68120E+02
 Top Flux [L/T]     -0.11991E+01
 Bot Flux [L/T]      0.00000E+00
 WatBalT  [L]        0.26703E-04
 WatBalR  [%]              0.000
----------------------------------------------------------

----------------------------------------------------------
 Time       [T]       10.0000
----------------------------------------------------------
 Sub-region num.                     1
----------------------------------------------------------
 Area     [L]        0.80000E+02  0.80000E+02
 W-volume [L]        0.20983E+02  0.20983E+02
 In-flow  [L/T]      0.12000E+01  0.12000E+01
 h Mean   [L]       -0.59983E+02 -0.59983E+02
 Top Flux [L/T]     -0.11993E+01
 Bot Flux [L/T]      0.00000E+00
 WatBalT  [L]        0.24796E-04
 WatBalR  [%]              0.000
----------------------------------------------------------
 
 Calculation time [sec]  0.000000000000000E+000
