 ******* Program HYDRUS
 ******* 
 Oefening 2                                                              
 Date:   3. 5.    Time:  10:32:41
 Units: L = cm   , T = hours, M = mmol 



                               Node( 11)                      Node( 21)                      Node( 31)                      Node( 41)                      Node( 51)

         time         h        theta    Temp         h        theta    Temp         h        theta    Temp         h        theta    Temp         h        theta    Temp   
          0.1000     -150.00  0.1123   20.000       -150.00  0.1123   20.000       -150.00  0.1123   20.000       -150.00  0.1123   20.000       -150.00  0.1123   20.000
          0.1700     -150.00  0.1123   20.000       -150.00  0.1123   20.000       -150.00  0.1123   20.000       -150.00  0.1123   20.000       -150.00  0.1123   20.000
          0.2190     -150.00  0.1123   20.000       -150.00  0.1123   20.000       -150.00  0.1123   20.000       -150.00  0.1123   20.000       -150.00  0.1123   20.000
          0.2680     -150.00  0.1123   20.000       -150.00  0.1123   20.000       -150.00  0.1123   20.000       -150.00  0.1123   20.000       -150.00  0.1123   20.000
          0.3170     -150.00  0.1123   20.000       -150.00  0.1123   20.000       -150.00  0.1123   20.000       -150.00  0.1123   20.000       -150.00  0.1123   20.000
          0.3660     -150.00  0.1123   20.000       -150.00  0.1123   20.000       -150.00  0.1123   20.000       -150.00  0.1123   20.000       -150.00  0.1123   20.000
          0.4150     -150.00  0.1123   20.000       -150.00  0.1123   20.000       -150.00  0.1123   20.000       -150.00  0.1123   20.000       -150.00  0.1123   20.000
          0.4640     -150.00  0.1123   20.000       -150.00  0.1123   20.000       -150.00  0.1123   20.000       -150.00  0.1123   20.000       -150.00  0.1123   20.000
          0.5130     -149.99  0.1123   20.000       -150.00  0.1123   20.000       -150.00  0.1123   20.000       -150.00  0.1123   20.000       -150.00  0.1123   20.000
          0.5617     -149.97  0.1123   20.000       -150.00  0.1123   20.000       -150.00  0.1123   20.000       -150.00  0.1123   20.000       -150.00  0.1123   20.000
          0.6104     -149.94  0.1123   20.000       -150.00  0.1123   20.000       -150.00  0.1123   20.000       -150.00  0.1123   20.000       -150.00  0.1123   20.000
          0.6753     -149.76  0.1124   20.000       -150.00  0.1123   20.000       -150.00  0.1123   20.000       -150.00  0.1123   20.000       -150.00  0.1123   20.000
          0.7403     -149.24  0.1127   20.000       -150.00  0.1123   20.000       -150.00  0.1123   20.000       -150.00  0.1123   20.000       -150.00  0.1123   20.000
          0.8052     -147.88  0.1133   20.000       -150.00  0.1123   20.000       -150.00  0.1123   20.000       -150.00  0.1123   20.000       -150.00  0.1123   20.000
          0.8701     -144.65  0.1149   20.000       -150.00  0.1123   20.000       -150.00  0.1123   20.000       -150.00  0.1123   20.000       -150.00  0.1123   20.000
          0.9351     -138.04  0.1181   20.000       -150.00  0.1123   20.000       -150.00  0.1123   20.000       -150.00  0.1123   20.000       -150.00  0.1123   20.000
          1.0000     -127.17  0.1233   20.000       -150.00  0.1123   20.000       -150.00  0.1123   20.000       -150.00  0.1123   20.000       -150.00  0.1123   20.000
          1.0637     -114.10  0.1313   20.000       -150.00  0.1123   20.000       -150.00  0.1123   20.000       -150.00  0.1123   20.000       -150.00  0.1123   20.000
          1.1274     -100.98  0.1409   20.000       -150.00  0.1123   20.000       -150.00  0.1123   20.000       -150.00  0.1123   20.000       -150.00  0.1123   20.000
          1.1911      -88.89  0.1521   20.000       -150.00  0.1123   20.000       -150.00  0.1123   20.000       -150.00  0.1123   20.000       -150.00  0.1123   20.000
          1.2548      -79.04  0.1628   20.000       -150.00  0.1123   20.000       -150.00  0.1123   20.000       -150.00  0.1123   20.000       -150.00  0.1123   20.000
          1.3376      -68.81  0.1773   20.000       -150.00  0.1123   20.000       -150.00  0.1123   20.000       -150.00  0.1123   20.000       -150.00  0.1123   20.000
          1.4204      -60.79  0.1900   20.000       -150.00  0.1123   20.000       -150.00  0.1123   20.000       -150.00  0.1123   20.000       -150.00  0.1123   20.000
          1.5032      -55.21  0.2018   20.000       -150.00  0.1123   20.000       -150.00  0.1123   20.000       -150.00  0.1123   20.000       -150.00  0.1123   20.000
          1.5860      -50.24  0.2128   20.000       -150.00  0.1123   20.000       -150.00  0.1123   20.000       -150.00  0.1123   20.000       -150.00  0.1123   20.000
          1.6688      -46.52  0.2218   20.000       -150.00  0.1123   20.000       -150.00  0.1123   20.000       -150.00  0.1123   20.000       -150.00  0.1123   20.000
          1.7516      -43.47  0.2307   20.000       -150.00  0.1123   20.000       -150.00  0.1123   20.000       -150.00  0.1123   20.000       -150.00  0.1123   20.000
          1.8344      -40.71  0.2389   20.000       -149.99  0.1123   20.000       -150.00  0.1123   20.000       -150.00  0.1123   20.000       -150.00  0.1123   20.000
          1.9172      -38.49  0.2455   20.000       -149.98  0.1123   20.000       -150.00  0.1123   20.000       -150.00  0.1123   20.000       -150.00  0.1123   20.000
          2.0000      -36.50  0.2522   20.000       -149.95  0.1123   20.000       -150.00  0.1123   20.000       -150.00  0.1123   20.000       -150.00  0.1123   20.000
          2.0828      -34.82  0.2584   20.000       -149.87  0.1123   20.000       -150.00  0.1123   20.000       -150.00  0.1123   20.000       -150.00  0.1123   20.000
          2.1847      -32.97  0.2652   20.000       -149.57  0.1125   20.000       -150.00  0.1123   20.000       -150.00  0.1123   20.000       -150.00  0.1123   20.000
          2.2866      -31.34  0.2712   20.000       -148.75  0.1129   20.000       -150.00  0.1123   20.000       -150.00  0.1123   20.000       -150.00  0.1123   20.000
          2.3885      -29.90  0.2766   20.000       -146.55  0.1140   20.000       -150.00  0.1123   20.000       -150.00  0.1123   20.000       -150.00  0.1123   20.000
          2.4904      -28.62  0.2821   20.000       -141.82  0.1163   20.000       -150.00  0.1123   20.000       -150.00  0.1123   20.000       -150.00  0.1123   20.000
          2.5924      -27.45  0.2871   20.000       -132.47  0.1208   20.000       -150.00  0.1123   20.000       -150.00  0.1123   20.000       -150.00  0.1123   20.000
          2.6943      -26.42  0.2915   20.000       -118.89  0.1278   20.000       -150.00  0.1123   20.000       -150.00  0.1123   20.000       -150.00  0.1123   20.000
          2.7962      -25.46  0.2957   20.000       -104.74  0.1381   20.000       -150.00  0.1123   20.000       -150.00  0.1123   20.000       -150.00  0.1123   20.000
          2.8981      -24.57  0.2995   20.000        -90.86  0.1499   20.000       -150.00  0.1123   20.000       -150.00  0.1123   20.000       -150.00  0.1123   20.000
          3.0000      -23.74  0.3031   20.000        -79.39  0.1624   20.000       -150.00  0.1123   20.000       -150.00  0.1123   20.000       -150.00  0.1123   20.000
          3.1111      -22.92  0.3069   20.000        -69.70  0.1759   20.000       -150.00  0.1123   20.000       -150.00  0.1123   20.000       -150.00  0.1123   20.000
          3.2222      -22.14  0.3105   20.000        -61.46  0.1889   20.000       -150.00  0.1123   20.000       -150.00  0.1123   20.000       -150.00  0.1123   20.000
          3.3333      -21.45  0.3138   20.000        -55.93  0.2002   20.000       -150.00  0.1123   20.000       -150.00  0.1123   20.000       -150.00  0.1123   20.000
          3.4444      -20.78  0.3169   20.000        -50.72  0.2118   20.000       -150.00  0.1123   20.000       -150.00  0.1123   20.000       -150.00  0.1123   20.000
          3.5556      -20.17  0.3198   20.000        -46.88  0.2207   20.000       -149.99  0.1123   20.000       -150.00  0.1123   20.000       -150.00  0.1123   20.000
          3.6667      -19.57  0.3226   20.000        -43.64  0.2302   20.000       -149.97  0.1123   20.000       -150.00  0.1123   20.000       -150.00  0.1123   20.000
          3.7778      -19.01  0.3252   20.000        -40.83  0.2385   20.000       -149.93  0.1123   20.000       -150.00  0.1123   20.000       -150.00  0.1123   20.000
          3.8889      -18.48  0.3277   20.000        -38.42  0.2456   20.000       -149.82  0.1124   20.000       -150.00  0.1123   20.000       -150.00  0.1123   20.000
          4.0000      -17.97  0.3301   20.000        -36.37  0.2526   20.000       -149.54  0.1125   20.000       -150.00  0.1123   20.000       -150.00  0.1123   20.000
          4.1429      -17.37  0.3329   20.000        -34.02  0.2614   20.000       -148.35  0.1131   20.000       -150.00  0.1123   20.000       -150.00  0.1123   20.000
          4.2857      -16.80  0.3356   20.000        -32.09  0.2685   20.000       -144.88  0.1148   20.000       -150.00  0.1123   20.000       -150.00  0.1123   20.000
          4.4286      -16.27  0.3381   20.000        -30.34  0.2749   20.000       -136.94  0.1186   20.000       -150.00  0.1123   20.000       -150.00  0.1123   20.000
          4.5714      -15.76  0.3405   20.000        -28.78  0.2814   20.000       -122.91  0.1254   20.000       -150.00  0.1123   20.000       -150.00  0.1123   20.000
          4.7143      -15.27  0.3429   20.000        -27.38  0.2873   20.000       -106.57  0.1368   20.000       -150.00  0.1123   20.000       -150.00  0.1123   20.000
          4.8571      -14.81  0.3450   20.000        -26.17  0.2926   20.000        -90.66  0.1501   20.000       -150.00  0.1123   20.000       -150.00  0.1123   20.000
          5.0000      -14.37  0.3470   20.000        -25.05  0.2975   20.000        -77.16  0.1649   20.000       -150.00  0.1123   20.000       -150.00  0.1123   20.000
          5.1429      -13.94  0.3489   20.000        -23.99  0.3020   20.000        -67.63  0.1792   20.000       -150.00  0.1123   20.000       -150.00  0.1123   20.000
          5.2857      -13.54  0.3508   20.000        -23.04  0.3064   20.000        -59.49  0.1923   20.000       -150.00  0.1123   20.000       -150.00  0.1123   20.000
          5.4286      -13.15  0.3525   20.000        -22.16  0.3105   20.000        -53.50  0.2056   20.000       -149.99  0.1123   20.000       -150.00  0.1123   20.000
          5.5714      -12.77  0.3542   20.000        -21.34  0.3143   20.000        -48.62  0.2164   20.000       -149.98  0.1123   20.000       -150.00  0.1123   20.000
          5.7143      -12.41  0.3558   20.000        -20.59  0.3178   20.000        -44.71  0.2271   20.000       -149.93  0.1123   20.000       -150.00  0.1123   20.000
          5.8571      -12.06  0.3574   20.000        -19.88  0.3211   20.000        -41.42  0.2368   20.000       -149.80  0.1124   20.000       -150.00  0.1123   20.000
          6.0000      -11.72  0.3589   20.000        -19.20  0.3243   20.000        -38.63  0.2450   20.000       -149.44  0.1126   20.000       -150.00  0.1123   20.000
          6.1429      -11.40  0.3602   20.000        -18.57  0.3273   20.000        -36.26  0.2530   20.000       -148.46  0.1130   20.000       -150.00  0.1123   20.000
          6.2857      -11.08  0.3615   20.000        -17.97  0.3301   20.000        -34.17  0.2608   20.000       -146.03  0.1142   20.000       -150.00  0.1123   20.000
          6.4286      -10.78  0.3627   20.000        -17.40  0.3328   20.000        -32.39  0.2674   20.000       -140.63  0.1168   20.000       -150.00  0.1123   20.000
          6.5714      -10.48  0.3640   20.000        -16.86  0.3353   20.000        -30.75  0.2734   20.000       -130.26  0.1218   20.000       -150.00  0.1123   20.000
          6.7143      -10.19  0.3651   20.000        -16.36  0.3377   20.000        -29.27  0.2792   20.000       -116.54  0.1295   20.000       -150.00  0.1123   20.000
          6.8571       -9.91  0.3663   20.000        -15.87  0.3400   20.000        -27.94  0.2850   20.000       -101.21  0.1407   20.000       -150.00  0.1123   20.000
          7.0000       -9.64  0.3674   20.000        -15.40  0.3423   20.000        -26.77  0.2900   20.000        -87.76  0.1533   20.000       -150.00  0.1123   20.000
          7.1429       -9.37  0.3684   20.000        -14.95  0.3444   20.000        -25.67  0.2948   20.000        -75.77  0.1664   20.000       -150.00  0.1123   20.000
          7.2857       -9.12  0.3694   20.000        -14.52  0.3464   20.000        -24.66  0.2991   20.000        -67.27  0.1798   20.000       -150.00  0.1123   20.000
          7.4286       -8.86  0.3703   20.000        -14.10  0.3482   20.000        -23.71  0.3032   20.000        -59.77  0.1917   20.000       -150.00  0.1123   20.000
          7.5714       -8.62  0.3712   20.000        -13.71  0.3500   20.000        -22.83  0.3073   20.000        -54.33  0.2038   20.000       -149.99  0.1123   20.000
          7.7143       -8.38  0.3720   20.000        -13.33  0.3517   20.000        -22.01  0.3111   20.000        -49.57  0.2143   20.000       -149.97  0.1123   20.000
          7.8571       -8.14  0.3728   20.000        -12.96  0.3534   20.000        -21.26  0.3147   20.000        -45.73  0.2241   20.000       -149.92  0.1123   20.000
          8.0000       -7.91  0.3737   20.000        -12.60  0.3550   20.000        -20.55  0.3180   20.000        -42.50  0.2336   20.000       -149.79  0.1124   20.000
          8.1429       -7.69  0.3744   20.000        -12.26  0.3565   20.000        -19.87  0.3211   20.000        -39.80  0.2416   20.000       -149.45  0.1126   20.000
          8.2857       -7.47  0.3752   20.000        -11.92  0.3580   20.000        -19.23  0.3242   20.000        -37.36  0.2490   20.000       -148.58  0.1130   20.000
          8.4286       -7.25  0.3759   20.000        -11.59  0.3594   20.000        -18.62  0.3270   20.000        -35.30  0.2566   20.000       -146.50  0.1140   20.000
          8.5714       -7.04  0.3766   20.000        -11.28  0.3607   20.000        -18.04  0.3298   20.000        -33.48  0.2633   20.000       -141.93  0.1162   20.000
          8.7143       -6.83  0.3772   20.000        -10.97  0.3619   20.000        -17.49  0.3324   20.000        -31.82  0.2695   20.000       -133.27  0.1204   20.000
          8.8571       -6.63  0.3778   20.000        -10.68  0.3632   20.000        -16.97  0.3348   20.000        -30.33  0.2750   20.000       -120.37  0.1267   20.000
          9.0000       -6.43  0.3784   20.000        -10.39  0.3643   20.000        -16.48  0.3372   20.000        -28.98  0.2805   20.000       -106.69  0.1367   20.000
          9.1429       -6.23  0.3790   20.000        -10.11  0.3655   20.000        -16.00  0.3394   20.000        -27.73  0.2859   20.000        -92.90  0.1477   20.000
          9.2857       -6.04  0.3796   20.000         -9.83  0.3666   20.000        -15.54  0.3416   20.000        -26.63  0.2906   20.000        -80.98  0.1607   20.000
          9.4286       -5.85  0.3801   20.000         -9.57  0.3677   20.000        -15.10  0.3437   20.000        -25.59  0.2951   20.000        -71.66  0.1728   20.000
          9.5714       -5.66  0.3806   20.000         -9.30  0.3687   20.000        -14.67  0.3457   20.000        -24.62  0.2993   20.000        -63.59  0.1856   20.000
          9.7143       -5.48  0.3810   20.000         -9.05  0.3696   20.000        -14.26  0.3475   20.000        -23.71  0.3032   20.000        -57.60  0.1965   20.000
          9.8571       -5.30  0.3815   20.000         -8.80  0.3705   20.000        -13.86  0.3493   20.000        -22.86  0.3072   20.000        -52.50  0.2078   20.000
         10.0000       -5.12  0.3819   20.000         -8.55  0.3714   20.000        -13.48  0.3510   20.000        -22.07  0.3109   20.000        -48.34  0.2170   20.000
end
